[25-01-2024 23:20:23.324 INFO com.nopcommerce.common.Common_01_Register_Cookies] - Pre-Condition - Step 01: Navigate to 'Register' page
[25-01-2024 23:20:23.795 INFO com.nopcommerce.common.Common_01_Register_Cookies] - Pre-Condition - Step 02: Enter to Firstname textbox with value is 'Carylon'
[25-01-2024 23:20:23.922 INFO com.nopcommerce.common.Common_01_Register_Cookies] - Pre-Condition - Step 03: Enter to Lastname textbox with value is 'Conn'
[25-01-2024 23:20:24.033 INFO com.nopcommerce.common.Common_01_Register_Cookies] - Pre-Condition - Step 04: Enter to Email textbox with value is 'travis.greenfelder@gmail.com'
[25-01-2024 23:20:24.153 INFO com.nopcommerce.common.Common_01_Register_Cookies] - Pre-Condition - Step 05: Enter to Password textbox with value is 'r9@gW&c@&$'
[25-01-2024 23:20:24.286 INFO com.nopcommerce.common.Common_01_Register_Cookies] - Pre-Condition - Step 06: Enter to Confirm password textbox with value is 'r9@gW&c@&$'
[25-01-2024 23:20:24.414 INFO com.nopcommerce.common.Common_01_Register_Cookies] - Pre-Condition - Step 07: Enter to 'Register' button
[25-01-2024 23:20:25.069 INFO com.nopcommerce.common.Common_01_Register_Cookies] - Pre-Condition - Step 08: Verify success message is displayed
[25-01-2024 23:20:25.133 INFO com.nopcommerce.common.Common_01_Register_Cookies] -  -------------------------- PASSED -------------------------- 
[25-01-2024 23:20:25.133 INFO com.nopcommerce.common.Common_01_Register_Cookies] - Pre-Condition - Step 09: Click to Logout link
[25-01-2024 23:20:25.496 INFO com.nopcommerce.common.Common_01_Register_Cookies] - Pre-Condition - Step 10: Navigate to Login page
[25-01-2024 23:20:26.239 INFO com.nopcommerce.common.Common_01_Register_Cookies] - Pre-Condition - Step 11: Enter to Email textbox with value is 'travis.greenfelder@gmail.com'
[25-01-2024 23:20:26.346 INFO com.nopcommerce.common.Common_01_Register_Cookies] - Pre-Condition - Step 12: Enter to Password textbox with value is 'r9@gW&c@&$'
[25-01-2024 23:20:26.438 INFO com.nopcommerce.common.Common_01_Register_Cookies] - Pre-Condition - Step 13: Click to Login button
[25-01-2024 23:20:27.206 INFO com.nopcommerce.user.User_07_Order] - Pre-Condition - Step 01: Open browser 'CHROME'
[25-01-2024 23:20:29.014 INFO com.nopcommerce.user.User_07_Order] - Pre-condition - Step 02: Navigate to Login page
[25-01-2024 23:20:29.957 INFO com.nopcommerce.user.User_07_Order] - Pre-condition - Step 03: Set cookie and reload page
[25-01-2024 23:20:33.388 INFO com.nopcommerce.user.User_07_Order] - Pre-Condition - Step 04: Verify Home page Displayed
[25-01-2024 23:20:33.468 INFO com.nopcommerce.user.User_07_Order] - Order_01: Step 01: Click To Product Catelogies on Top Menu: Computers/Desktops
[25-01-2024 23:20:36.082 INFO com.nopcommerce.user.User_07_Order] - Order_01: Step 02: Click to product name with value is 'Build your own computer'
[25-01-2024 23:20:36.574 INFO com.nopcommerce.user.User_07_Order] - Order_01: Step 03: Select item in 'Processor' dropdown is '2.5 GHz Intel Pentium Dual-Core E2200 [+$15.00]'
[25-01-2024 23:20:36.659 INFO com.nopcommerce.user.User_07_Order] - Order_01: Step 04: Select item in 'RAM' dropdown is '8GB [+$60.00]'
[25-01-2024 23:20:36.769 INFO com.nopcommerce.user.User_07_Order] - Order_01: Step 05: Select item in 'HDD' radio button is '400 GB [+$100.00]'
[25-01-2024 23:20:36.856 INFO com.nopcommerce.user.User_07_Order] - Order_01: Step 06: Select item in 'OS' radio button is 'Vista Premium [+$60.00]'
[25-01-2024 23:20:36.929 INFO com.nopcommerce.user.User_07_Order] - Order_01: Step 07: Select item all value at 'Software' checkbox
[25-01-2024 23:20:37.166 INFO com.nopcommerce.user.User_07_Order] - Order_01: Step 08: Get value of price is null
[25-01-2024 23:20:40.296 INFO com.nopcommerce.user.User_07_Order] - Order_01: Step 09: Click to 'Add to cart' button
[25-01-2024 23:20:40.440 INFO com.nopcommerce.user.User_07_Order] - Order_01: Step 10: Verify add to cart success message displayed
[25-01-2024 23:20:40.820 INFO com.nopcommerce.user.User_07_Order] -  -------------------------- PASSED -------------------------- 
[25-01-2024 23:20:40.820 INFO com.nopcommerce.user.User_07_Order] - Order_01: Step 11: Close success message
[25-01-2024 23:20:43.970 INFO com.nopcommerce.user.User_07_Order] - Order_01: Step 12: Verify Shopping cart quantity is updated (1)
[25-01-2024 23:20:44.016 INFO com.nopcommerce.user.User_07_Order] -  -------------------------- PASSED -------------------------- 
[25-01-2024 23:20:44.113 INFO com.nopcommerce.user.User_07_Order] -  -------------------------- PASSED -------------------------- 
[25-01-2024 23:20:44.114 INFO com.nopcommerce.user.User_07_Order] - Order_01: Step 13: Verify the product is displayed in mini shopping cart
[25-01-2024 23:20:47.449 INFO com.nopcommerce.user.User_07_Order] -  -------------------------- PASSED -------------------------- 
[25-01-2024 23:20:47.517 INFO com.nopcommerce.user.User_07_Order] -  -------------------------- PASSED -------------------------- 
[25-01-2024 23:20:47.566 INFO com.nopcommerce.user.User_07_Order] -  -------------------------- PASSED -------------------------- 
[25-01-2024 23:20:47.619 INFO com.nopcommerce.user.User_07_Order] -  -------------------------- PASSED -------------------------- 
[25-01-2024 23:20:47.665 INFO com.nopcommerce.user.User_07_Order] -  -------------------------- PASSED -------------------------- 
[25-01-2024 23:20:47.729 INFO com.nopcommerce.user.User_07_Order] -  -------------------------- PASSED -------------------------- 
[25-01-2024 23:20:47.885 INFO com.nopcommerce.user.User_07_Order] - Order_02: Step 01: Open Shopping cart at header
[25-01-2024 23:20:48.379 INFO com.nopcommerce.user.User_07_Order] - Order_02: Step 02: Verify Shopping cart page is displayed
[25-01-2024 23:20:48.461 INFO com.nopcommerce.user.User_07_Order] -  -------------------------- PASSED -------------------------- 
[25-01-2024 23:20:48.461 INFO com.nopcommerce.user.User_07_Order] - Order_02: Step 03: Click to 'Edit' link
[25-01-2024 23:20:48.882 INFO com.nopcommerce.user.User_07_Order] - Order_02: Step 04: Select item in 'Processor' dropdown is '2.2 GHz Intel Pentium Dual-Core E2200'
[25-01-2024 23:20:48.988 INFO com.nopcommerce.user.User_07_Order] - Order_02: Step 05: Select item in 'RAM' dropdown is '4GB [+$20.00]'
[25-01-2024 23:20:49.119 INFO com.nopcommerce.user.User_07_Order] - Order_02: Step 06: Select item in 'HDD' radio button is '320 GB'
[25-01-2024 23:20:49.267 INFO com.nopcommerce.user.User_07_Order] - Order_02: Step 07: Select item in 'OS' radio button is 'Vista Home [+$50.00]'
[25-01-2024 23:20:49.356 INFO com.nopcommerce.user.User_07_Order] - Order_02: Step 08: Select item all value at 'Software' checkbox
[25-01-2024 23:20:49.687 INFO com.nopcommerce.user.User_07_Order] - Order_02: Step 09: Verify product price is updated with value '$1,320.00'
[25-01-2024 23:20:52.832 INFO com.nopcommerce.user.User_07_Order] -  -------------------------- PASSED -------------------------- 
[25-01-2024 23:20:52.834 INFO com.nopcommerce.user.User_07_Order] - Order_02: Step 10: Get value of price is $1,500.00
[25-01-2024 23:20:52.966 INFO com.nopcommerce.user.User_07_Order] - Order_02: Step 11: Edit product quantiny is 2
[25-01-2024 23:20:53.174 INFO com.nopcommerce.user.User_07_Order] - Order_02: Step 12: Click to 'Update' button
[25-01-2024 23:20:53.252 INFO com.nopcommerce.user.User_07_Order] - Order_02: Step 13: Verify add to cart success message displayed
[25-01-2024 23:20:54.906 INFO com.nopcommerce.user.User_07_Order] -  -------------------------- PASSED -------------------------- 
[25-01-2024 23:20:54.906 INFO com.nopcommerce.user.User_07_Order] - Order_02: Step 14: Close success message
[25-01-2024 23:20:57.997 INFO com.nopcommerce.user.User_07_Order] - Order_02: Step 15: Verify Shopping cart quantity is updated (2)
[25-01-2024 23:20:58.028 INFO com.nopcommerce.user.User_07_Order] -  -------------------------- PASSED -------------------------- 
[25-01-2024 23:20:58.136 INFO com.nopcommerce.user.User_07_Order] -  -------------------------- PASSED -------------------------- 
[25-01-2024 23:20: