[13-01-2024 20:25:29.503 INFO com.nopcommerce.common.Common_01_Register_Cookies] - Pre-Condition - Step 01: Navigate to 'Register' page
[13-01-2024 20:25:29.998 INFO com.nopcommerce.common.Common_01_Register_Cookies] - Pre-Condition - Step 02: Enter to Firstname textbox with value is 'Jordan'
[13-01-2024 20:25:30.117 INFO com.nopcommerce.common.Common_01_Register_Cookies] - Pre-Condition - Step 03: Enter to Lastname textbox with value is 'Corwin'
[13-01-2024 20:25:30.224 INFO com.nopcommerce.common.Common_01_Register_Cookies] - Pre-Condition - Step 04: Enter to Email textbox with value is 'miguel.cole@gmail.com'
[13-01-2024 20:25:30.356 INFO com.nopcommerce.common.Common_01_Register_Cookies] - Pre-Condition - Step 05: Enter to Password textbox with value is '&0g*T!1CO@'
[13-01-2024 20:25:30.456 INFO com.nopcommerce.common.Common_01_Register_Cookies] - Pre-Condition - Step 06: Enter to Confirm password textbox with value is '&0g*T!1CO@'
[13-01-2024 20:25:30.589 INFO com.nopcommerce.common.Common_01_Register_Cookies] - Pre-Condition - Step 07: Enter to 'Register' button
[13-01-2024 20:25:31.238 INFO com.nopcommerce.common.Common_01_Register_Cookies] - Pre-Condition - Step 08: Verify success message is displayed
[13-01-2024 20:25:31.287 INFO com.nopcommerce.common.Common_01_Register_Cookies] -  -------------------------- PASSED -------------------------- 
[13-01-2024 20:25:31.288 INFO com.nopcommerce.common.Common_01_Register_Cookies] - Pre-Condition - Step 09: Click to Logout link
[13-01-2024 20:25:32.073 INFO com.nopcommerce.common.Common_01_Register_Cookies] - Pre-Condition - Step 10: Navigate to Login page
[13-01-2024 20:25:32.773 INFO com.nopcommerce.common.Common_01_Register_Cookies] - Pre-Condition - Step 11: Enter to Email textbox with value is 'miguel.cole@gmail.com'
[13-01-2024 20:25:32.898 INFO com.nopcommerce.common.Common_01_Register_Cookies] - Pre-Condition - Step 12: Enter to Password textbox with value is '&0g*T!1CO@'
[13-01-2024 20:25:33.021 INFO com.nopcommerce.common.Common_01_Register_Cookies] - Pre-Condition - Step 13: Click to Login button
[13-01-2024 20:25:33.769 INFO com.nopcommerce.user.User_06_Wishlist_Compare_Recently_Viewed_Product] - Pre-Condition - Step 01: Open browser 'CHROME'
[13-01-2024 20:25:36.881 INFO com.nopcommerce.user.User_06_Wishlist_Compare_Recently_Viewed_Product] - Pre-condition - Step 02: Navigate to Login page
[13-01-2024 20:25:37.897 INFO com.nopcommerce.user.User_06_Wishlist_Compare_Recently_Viewed_Product] - Pre-condition - Step 03: Set cookie and reload page
[13-01-2024 20:25:41.332 INFO com.nopcommerce.user.User_06_Wishlist_Compare_Recently_Viewed_Product] - Pre-Condition - Step 04: Verify Home page Displayed
[13-01-2024 20:25:41.480 INFO com.nopcommerce.user.User_06_Wishlist_Compare_Recently_Viewed_Product] - Wishlist_Compare_View_01_ - Step 01: Click To Product Catelogies on Top Menu: Computers/Notebooks
[13-01-2024 20:25:44.116 INFO com.nopcommerce.user.User_06_Wishlist_Compare_Recently_Viewed_Product] - Wishlist_Compare_View_01_: Step 02: Click to product name with value is 'Apple MacBook Pro 13-inch'
[13-01-2024 20:25:44.694 INFO com.nopcommerce.user.User_06_Wishlist_Compare_Recently_Viewed_Product] - Wishlist_Compare_View_01_: Step 03: Click To 'Add to wishlist' button
[13-01-2024 20:25:44.818 INFO com.nopcommerce.user.User_06_Wishlist_Compare_Recently_Viewed_Product] - Wishlist_Compare_View_01_: Step 04: Verify add to wishlist success message displayed
[13-01-2024 20:25:45.234 INFO com.nopcommerce.user.User_06_Wishlist_Compare_Recently_Viewed_Product] -  -------------------------- PASSED -------------------------- 
[13-01-2024 20:25:45.234 INFO com.nopcommerce.user.User_06_Wishlist_Compare_Recently_Viewed_Product] - Wishlist_Compare_View_01_: Step 05: Close success message
[13-01-2024 20:25:48.405 INFO com.nopcommerce.user.User_06_Wishlist_Compare_Recently_Viewed_Product] - Wishlist_Compare_View_01_: Step 06: Navigate to 'Wishlist' page
[13-01-2024 20:25:48.907 INFO com.nopcommerce.user.User_06_Wishlist_Compare_Recently_Viewed_Product] - Wishlist_Compare_View_01_: Step 07: Verify Wishlist page Displayed
[13-01-2024 20:25:48.942 INFO com.nopcommerce.user.User_06_Wishlist_Compare_Recently_Viewed_Product] -  -------------------------- PASSED -------------------------- 
[13-01-2024 20:25:49.073 INFO com.nopcommerce.user.User_06_Wishlist_Compare_Recently_Viewed_Product] -  -------------------------- PASSED -------------------------- 
[13-01-2024 20:25:49.074 INFO com.nopcommerce.user.User_06_Wishlist_Compare_Recently_Viewed_Product] - Wishlist_Compare_View_01_: Step 08: Click to link 'Your wishlist URL for sharing'
[13-01-2024 20:25:49.937 INFO com.nopcommerce.user.User_06_Wishlist_Compare_Recently_Viewed_Product] - Wishlist_Compare_View_01_: Step 09: Verify Wishlist share page is displayed
[13-01-2024 20:25:49.961 INFO com.nopcommerce.user.User_06_Wishlist_Compare_Recently_Viewed_Product] -  -------------------------- PASSED -------------------------- 
[13-01-2024 20:25:50.089 INFO com.nopcommerce.user.User_06_Wishlist_Compare_Recently_Viewed_Product] -  -------------------------- PASSED -------------------------- 
[13-01-2024 20:25:50.213 INFO com.nopcommerce.user.User_06_Wishlist_Compare_Recently_Viewed_Product] - Wishlist_Compare_View_02: Step 01: Click To HomePage icon
[13-01-2024 20:25:50.639 INFO com.nopcommerce.user.User_06_Wishlist_Compare_Recently_Viewed_Product] - Wishlist_Compare_View_02: Step 02: Navigate to 'Wishlist' page
[13-01-2024 20:25:51.008 INFO com.nopcommerce.user.User_06_Wishlist_Compare_Recently_Viewed_Product] - Wishlist_Compare_View_02: Step 03: Click to 'Add to cart' checkbox
[13-01-2024 20:25:51.106 INFO com.nopcommerce.user.User_06_Wishlist_Compare_Recently_Viewed_Product] - Wishlist_Compare_View_02: Step 04: Click to 'Add to cart' button
[13-01-2024 20:25:52.432 INFO com.nopcommerce.user.User_06_Wishlist_Compare_Recently_Viewed_Product] - Wishlist_Compare_View_02: Step 05: Verify Shopping cart page is displayed
[13-01-2024 20:25:52.501 INFO com.nopcommerce.user.User_06_Wishlist_Compare_Recently_Viewed_Product] -  -------------------------- PASSED -------------------------- 
[13-01-2024 20:25:52.502 INFO com.nopcommerce.user.User_06_Wishlist_Compare_Recently_Viewed_Product] - Wishlist_Compare_View_02: Step 06: Verify Wishlist quantity is updated (0)
[13-01-2024 20:25:52.548 INFO com.nopcommerce.user.User_06_Wishlist_Compare_Recently_Viewed_Product] -  -------------------------- PASSED -------------------------- 
[13-01-2024 20:25:52.548 INFO com.nopcommerce.user.User_06_Wishlist_Compare_Recently_Viewed_Product] - Wishlist_Compare_View_02: Step 07: Verify Shopping cart quantity is updated (2)
[13-01-2024 20:25:53.631 INFO com.nopcommerce.user.User_06_Wishlist_Compare_Recently_Viewed_Product] -  -------------------------- PASSED -------------------------- 
[13-01-2024 20:25:53.704 INFO com.nopcommerce.user.User_06_Wishlist_Compare_Recently_Viewed_Product] -  -------------------------- PASSED -------------------------- 
[13-01-2024 20:25:53.709 INFO com.nopcommerce.user.User_06_Wishlist_Compare_Recently_Viewed_Product] - Wishlist_Compare_View_03: Step 01: Click To HomePage icon
[13-01-2024 20:25:54.126 INFO com.nopcommerce.user.User_06_Wishlist_Compare_Recently_Viewed_Product] - Wishlist_Compare_View_03: Step 02: Click To Product Catelogies on Top Menu: Computers/Notebooks
[13-01-2024 20:25:56.941 INFO com.nopcommerce.user.User_06_Wishlist_Compare_Recently_Viewed_Product] - Wishlist_Compare_View_03: Step 03: Click to product name with value is 'Apple MacBook Pro 13-inch'
[13-01-2024 20:25:57.717 INFO com.nopcommerce.user.User_06_Wishlist_Compare_Recently_Viewed_Product] - Wishlist_Compare_View_03: Step 04: Click To 'Add to wishlist' button
[13-01-2024 20:25:57.797 INFO com.nopcommerce.user.User_06_Wishlist_Compare_Recently_Viewed_Product] - Wishlist_Compare_View_03: Step 05: Verify add to wishlist success message displayed
[13-01-2024 20:25:58.095 INFO com.nopcommerce.user.User_06_Wishlist_Compare_Recently_Viewed_Product] -  -------------------------- PASSED -------------------------- 
[13-01-2024 20:25:58.095 INFO com.nopcommerce.user.User_06_Wishlist_Compare_Recently_Viewed_Product] - Wishlist_Compare_View_03: Step 06: Close success message
[13-01-2024 20:26:01.168 INFO com.nopcommerce.user.User_06_Wishlist_Compare_Recently_Viewed_Product] - Wishlist_Compare_View_03: Step 07: Navigate to 'Wishlist' page
[13-01-2024 20:26:01.682 INFO com.nopcommerce.user.User_06_Wishlist_Compare_Recently_Viewed_Product] - Wishlist_Compare_View_03: Step 08: Verify Wishlist page Displayed
[13-01-2024 20:26:01.813 INFO com.nopcommerce.user.User_06_Wishlist_Compare_Recently_Viewed_Product] -  -------------------------- PASSED -------------------------- 
[13-01-2024 20:26:01.814 INFO com.nopcommerce.user.User_06_Wishlist_Compare_Recently_Viewed_Product] - Wishlist_Compare_View_03: Step 09: Verify Added Product is displayed
[13-01-2024 20:26:01.934 INFO com.nopcommerce.user.User_06_Wishlist_Compare_Recently_Viewed_Product] -  -------------------------- PASSED -------------------------- 
[13-01-2024 20:26:01.936 INFO com.nopcommerce.user.User_06_Wishlist_Compare_Recently_Viewed_Product] - Wishlist_Compare_View_03: Step 10: Click to remove button of 'Apple MacBook Pro 13-inch'
[13-01-2024 20:26:02.363 INFO com.nopcommerce.user.User_06_Wishlist_Compare_Recently_Viewed_Product] - Wishlist_Compare_View_03: Step 11: Verify message displayed
[13-01-2024 20:26:02.416 INFO com.nopcommerce.user.User_06_Wishlist_Compare_Recently_Viewed_Product] -  -------------------------- PASSED -------------------------- 
[13-01-2024 20:26:02.416 INFO com.nopcommerce.user.User_06_Wishlist_Compare_Recently_Viewed_Product] - Wishlist_Compare_View_03: Step 12: Verify Product List is empty
[13-01-2024 20:26:37.594 INFO com.nopcommerce.user.User_06_Wishlist_Compare_Recently_Viewed_Product] -  -------------------------- PASSED -------------------------- 
[13-01-2024 20:26:37.607 INFO com.nopcommerce.user.User_06_Wishlist_Compare_Recently_Viewed_Product] - Wishlist_Compare_View_04: Step 01: Click To HomePage icon
[13-01-2024 20:26:38.587 INFO com.nopcommerce.user.User_06_Wishlist_Compare_Recently_Viewed_Product] - Wishlist_Compare_View_04 - Step 02: Click To Product Catelogies on Top Menu: Computers/Notebooks
[13-01-2024 20:26:41.162 INFO com.nopcommerce.user.User_06_Wishlist_Compare_Recently_Viewed_Product] - Wishlist_Compare_View_04: Step 03: Click to product name with value is 'Apple MacBook Pro 13-inch'
[13-01-2024 20:26:41.871 INFO com.nopcommerce.user.User_06_Wishlist_Compare_Recently_Viewed_Product] - Wishlist_Compare_View_04: Step 04: Click to 'Add to compare list' button
[13-01-2024 20:26:41.948 INFO com.nopcommerce.user.User_06_Wishlist_Compare_Recently_Viewed_Product] - Wishlist_Compare_View_04: Step 05: Verify add to product comparison success message displayed
[13-01-2024 20:26:42.509 INFO com.nopcommerce.user.User_06_Wishlist_Compare_Recently_Viewed_Product] -  -------------------------- PASSED -------------------------- 
[13-01-2024 20:26:42.510 INFO com.nopcommerce.user.User_06_Wishlist_Compare_Recently_Viewed_Product] - Wishlist_Compare_View_04: Step 06: Close success message
[13-01-2024 20:26:45.604 INFO com.nopcommerce.user.User_06_Wishlist_Compare_Recently_Viewed_Product] - Wishlist_Compare_View_04 - Step 07: Click To Product Catelogies on Top Menu: Computers/Desktops
[13-01-2024 20:26:49.259 INFO com.nopcommerce.user.User_06_Wishlist_Compare_Recently_Viewed_Product] - Wishlist_Compare_View_04: Step 08: Click to product name with value is 'Lenovo IdeaCentre 600 All-in-One PC'
[13-01-2024 20:26:50.734 INFO com.nopcommerce.user.User_06_Wishlist_Compare_Recently_Viewed_Product] - Wishlist_Compare_View_04: Step 09: Click to 'Add to compare list' button
[13-01-2024 20:26:50.834 INFO com.nopcommerce.user.User_06_Wishlist_Compare_Recently_Viewed_Product] - Wishlist_Compare_View_04: Step 10: Verify add to product comparison success message displayed
[13-01-2024 20:26:51.138 INFO com.nopcommerce.user.User_06_Wishlist_Compare_Recently_Viewed_Product] -  -------------------------- PASSED -------------------------- 
[13-01-2024 20:26:51.138 INFO com.nopcommerce.user.User_06_Wishlist_Compare_Recently_Viewed_Product] - Wishlist_Compare_View_04: Step 11: Close success message
[13-01-2024 20:26:54.236 INFO com.nopcommerce.user.User_06_Wishlist_Compare_Recently_Viewed_Product] - Wishlist_Compare_View_04: Step 12: Open 'Compare products list' page
[13-01-2024 20:26:54.974 INFO com.nopcommerce.user.User_06_Wishlist_Compare_Recently_Viewed_Product] - Wishlist_Compare_View_04: Step 13: Verify information on compare list displayed
[13-01-2024 20:26:55.080 INFO com.nopcommerce.user.User_06_Wishlist_Compare_Recently_Viewed_Product] -  -------------------------- PASSED -------------------------- 
[13-01-2024 20:26:55.221 INFO com.nopcommerce.user.User_06_Wishlist_Compare_Recently_Viewed_Product] -  -------------------------- PASSED -------------------------- 
[13-01-2024 20:26:55.358 INFO com.nopcommerce.user.User_06_Wishlist_Compare_Recently_Viewed_Product] -  -------------------------- PASSED -------------------------- 
[13-01-2024 20:26:55.455 INFO com.nopcommerce.user.User_06_Wishlist_Compare_Recently_Viewed_Product] -  -------------------------- PASSED -------------------------- 
[13-01-2024 20:26:55.612 INFO com.nopcommerce.user.User_06_Wishlist_Compare_Recently_Viewed_Product] -  -------------------------- PASSED -------------------------- 
[13-01-2024 20:26:55.768 INFO com.nopcommerce.user.User_06_Wishlist_Compare_Recently_Viewed_Product] -  -------------------------- PASSED -------------------------- 
[13-01-2024 20:26:55.769 INFO com.nopcommerce.user.User_06_Wishlist_Compare_Recently_Viewed_Product] - Wishlist_Compare_View_04: Step 14: Click to 'Clear list' button
[13-01-2024 20:26:56.434 INFO com.nopcommerce.user.User_06_Wishlist_Compare_Recently_Viewed_Product] - Wishlist_Compare_View_04: Step 15: Verify cleared list successful message displayed
[13-01-2024 20:26:56.534 INFO com.nopcommerce.user.User_06_Wishlist_Compare_Recently_Viewed_Product] -  -------------------------- PASSED -------------------------- 
[13-01-2024 20:26:56.534 INFO com.nopcommerce.user.User_06_Wishlist_Compare_Recently_Viewed_Product] - Wishlist_Compare_View_04: Step 16: Verify information on compare list undisplayed
[13-01-2024 20:27:31.687 INFO com.nopcommerce.user.User_06_Wishlist_Compare_Recently_Viewed_Product] -  -------------------------- PASSED -------------------------- 
[13-01-2024 20:28:06.775 INFO com.nopcommerce.user.User_06_Wishlist_Compare_Recently_Viewed_Product] -  -------------------------- PASSED -------------------------- 
[13-01-2024 20:28:06.790 INFO com.nopcommerce.user.User_06_Wishlist_Compare_Recently_Viewed_Product] - Wishlist_Compare_View_05: Step 01: Click To HomePage icon
[13-01-2024 20:28:07.949 INFO com.nopcommerce.user.User_06_Wishlist_Compare_Recently_Viewed_Product] - Wishlist_Compare_View_05: Step 02: Click To Product Catelogies on Top Menu: Computers/Notebooks
[13-01-2024 20:28:10.550 INFO com.nopcommerce.user.User_06_Wishlist_Compare_Recently_Viewed_Product] - Wishlist_Compare_View_05: Step 03: Click to see information of first product
[13-01-2024 20:28:10.941 INFO com.nopcommerce.user.User_06_Wishlist_Compare_Recently_Viewed_Product] - Wishlist_Compare_View_05: Step 04: Click to see information of second product
[13-01-2024 20:28:11.756 INFO com.nopcommerce.user.User_06_Wishlist_Compare_Recently_Viewed_Product] - Wishlist_Compare_View_05: Step 05: Click to see information of third product
[13-01-2024 20:28:13.146 INFO com.nopcommerce.user.User_06_Wishlist_Compare_Recently_Viewed_Product] - Wishlist_Compare_View_05: Step 06: Click to see information of 4th product
[13-01-2024 20:28:15.990 INFO com.nopcommerce.user.User_06_Wishlist_Compare_Recently_Viewed_Product] - Wishlist_Compare_View_05: Step 07: Click to see information of 5rh product
[13-01-2024 20:28:17.722 INFO com.nopcommerce.user.User_06_Wishlist_Compare_Recently_Viewed_Product] - Wishlist_Compare_View_05: Step 08: Navigate to 'Recently viewed products' page at footer
[13-01-2024 20:28:18.195 INFO com.nopcommerce.user.User_06_Wishlist_Compare_Recently_Viewed_Product] - Wishlis