[06-01-2024 18:48:31.619 INFO com.nopcommerce.common.Common_01_Register_Cookies] - Pre-Condition - Step 01: Navigate to 'Register' page
[06-01-2024 18:48:32.167 INFO com.nopcommerce.common.Common_01_Register_Cookies] - Pre-Condition - Step 02: Enter to Firstname textbox with value is 'Alma'
[06-01-2024 18:48:32.297 INFO com.nopcommerce.common.Common_01_Register_Cookies] - Pre-Condition - Step 03: Enter to Lastname textbox with value is 'Leuschke'
[06-01-2024 18:48:32.432 INFO com.nopcommerce.common.Common_01_Register_Cookies] - Pre-Condition - Step 04: Enter to Email textbox with value is 'adolfo.schimmel@yahoo.com'
[06-01-2024 18:48:32.581 INFO com.nopcommerce.common.Common_01_Register_Cookies] - Pre-Condition - Step 05: Enter to Password textbox with value is '8^@tJJXw'
[06-01-2024 18:48:32.706 INFO com.nopcommerce.common.Common_01_Register_Cookies] - Pre-Condition - Step 06: Enter to Confirm password textbox with value is '8^@tJJXw'
[06-01-2024 18:48:32.806 INFO com.nopcommerce.common.Common_01_Register_Cookies] - Pre-Condition - Step 07: Enter to 'Register' button
[06-01-2024 18:48:33.431 INFO com.nopcommerce.common.Common_01_Register_Cookies] - Pre-Condition - Step 08: Verify success message is displayed
[06-01-2024 18:48:33.482 INFO com.nopcommerce.common.Common_01_Register_Cookies] -  -------------------------- PASSED -------------------------- 
[06-01-2024 18:48:33.482 INFO com.nopcommerce.common.Common_01_Register_Cookies] - Pre-Condition - Step 09: Click to Logout link
[06-01-2024 18:48:33.860 INFO com.nopcommerce.common.Common_01_Register_Cookies] - Pre-Condition - Step 10: Navigate to Login page
[06-01-2024 18:48:34.576 INFO com.nopcommerce.common.Common_01_Register_Cookies] - Pre-Condition - Step 11: Enter to Email textbox with value is 'adolfo.schimmel@yahoo.com'
[06-01-2024 18:48:34.734 INFO com.nopcommerce.common.Common_01_Register_Cookies] - Pre-Condition - Step 12: Enter to Password textbox with value is '8^@tJJXw'
[06-01-2024 18:48:34.869 INFO com.nopcommerce.common.Common_01_Register_Cookies] - Pre-Condition - Step 13: Click to Login button
[06-01-2024 18:48:35.519 INFO com.nopcommerce.user.User_05_Sort_Display_Paging] - Pre-Condition - Step 01: Open browser 'CHROME'
[06-01-2024 18:48:38.395 INFO com.nopcommerce.user.User_05_Sort_Display_Paging] - Pre-condition - Step 02: Navigate to Login page
[06-01-2024 18:48:39.457 INFO com.nopcommerce.user.User_05_Sort_Display_Paging] - Pre-condition - Step 03: Set cookie and reload page
[06-01-2024 18:48:42.860 INFO com.nopcommerce.user.User_05_Sort_Display_Paging] - Pre-Condition - Step 04: Verify Home page Displayed
[06-01-2024 18:48:43.018 INFO com.nopcommerce.user.User_05_Sort_Display_Paging] - Sort_Display_01 - Step 01: Click To Product Catelogies on Top Menu: Computers/Notebooks
[06-01-2024 18:48:45.711 INFO com.nopcommerce.user.User_05_Sort_Display_Paging] - Sort_Display_01: Step 02: Click To 'Sort by' dropdown
[06-01-2024 18:48:45.855 INFO com.nopcommerce.user.User_05_Sort_Display_Paging] - Sort_Display_01: Step 03: Click To 'Display per page' dropdown
[06-01-2024 18:48:45.958 INFO com.nopcommerce.user.User_05_Sort_Display_Paging] - Sort_Display_01: Step 04: Products names are sorted in ascending Order
[06-01-2024 18:48:46.007 INFO com.nopcommerce.user.User_05_Sort_Display_Paging] -  -------------------------- PASSED -------------------------- 
[06-01-2024 18:48:46.017 INFO com.nopcommerce.user.User_05_Sort_Display_Paging] - Sort_Display_02 - Step 01: Click To Product Catelogies on Top Menu: Computers/Notebooks
[06-01-2024 18:48:48.575 INFO com.nopcommerce.user.User_05_Sort_Display_Paging] - Sort_Display_02: Step 02: Click To 'Sort by' dropdown
[06-01-2024 18:48:48.700 INFO com.nopcommerce.user.User_05_Sort_Display_Paging] - Sort_Display_02: Step 03: Click To 'Display per page' dropdown
[06-01-2024 18:48:48.799 INFO com.nopcommerce.user.User_05_Sort_Display_Paging] - Sort_Display_02: Step 04: Products names are sorted in ascending Order
[06-01-2024 18:48:49.876 INFO com.nopcommerce.user.User_05_Sort_Display_Paging] -  -------------------------- FAILED -------------------------- 
[06-01-2024 18:48:50.122 INFO com.nopcommerce.user.User_05_Sort_Display_Paging] - Sort_Display_03 - Step 01: Click To Product Catelogies on Top Menu: Computers/Notebooks
[06-01-2024 18:48:52.861 INFO com.nopcommerce.user.User_05_Sort_Display_Paging] - Sort_Display_03: Step 02: Click To 'Sort by' dropdown
[06-01-2024 18:48:52.953 INFO com.nopcommerce.user.User_05_Sort_Display_Paging] - Sort_Display_03: Step 03: Click To 'Display per page' dropdown
[06-01-2024 18:48:53.053 INFO com.nopcommerce.user.User_05_Sort_Display_Paging] - Sort_Display_03: Step 04: Products price is sorted in ascending Order
[06-01-2024 18:48:54.125 INFO com.nopcommerce.user.User_05_Sort_Display_Paging] -  -------------------------- PASSED -------------------------- 
[06-01-2024 18:48:54.129 INFO com.nopcommerce.user.User_05_Sort_Display_Paging] - Sort_Display_04 - Step 01: Click To Product Catelogies on Top Menu: Computers/Notebooks
[06-01-2024 18:48:56.742 INFO com.nopcommerce.user.User_05_Sort_Display_Paging] - Sort_Display_04: Step 02: Click To 'Sort by' dropdown
[06-01-2024 18:48:56.837 INFO com.nopcommerce.user.User_05_Sort_Display_Paging] - Sort_Display_04: Step 03: Click To 'Display per page' dropdown
[06-01-2024 18:48:56.934 INFO com.nopcommerce.user.User_05_Sort_Display_Paging] - Sort_Display_04: Step 04: Products price is sorted in descending Order
[06-01-2024 18:48:57.996 INFO com.nopcommerce.user.User_05_Sort_Display_Paging] -  -------------------------- FAILED -------------------------- 
[06-01-2024 18:48:58.207 INFO com.nopcommerce.user.User_05_Sort_Display_Paging] - Sort_Display_05 - Step 01: Click To Product Catelogies on Top Menu: Computers/Notebooks
[06-01-2024 18:49:00.830 INFO com.nopcommerce.user.User_05_Sort_Display_Paging] - Sort_Display_05: Step 02: Click To 'Display per page' dropdown
[06-01-2024 18:49:00.952 INFO com.nopcommerce.user.User_05_Sort_Display_Paging] - Sort_Display_05: Step 03: Verify Product page size is correct
[06-01-2024 18:49:02.132 INFO com.nopcommerce.user.User_05_Sort_Display_Paging] -  -------------------------- FAILED -------------------------- 
[06-01-2024 18:49:02.132 INFO com.nopcommerce.user.User_05_Sort_Display_Paging] - Sort_Display_05: Step 04: Verify pagination is dispalyed
[06-01-2024 18:49:32.830 INFO com.nopcommerce.user.User_05_Sort_Display_Paging] - Sort_Display_06 - Step 01: Click To Product Catelogies on Top Menu: Computers/Notebooks
[06-01-2024 18:49:36.836 INFO com.nopcommerce.user.User_05_Sort_Display_Paging] - Sort_Display_06: Step 02: Click To 'Display per page' dropdown
[06-01-2024 18:49:36.952 INFO com.nopcommerce.user.User_05_Sort_Display_Paging] - Sort_Display_06: Step 03: Verify product number displayed is correct
[06-01-2024 18:49:38.095 INFO com.nopcommerce.user.User_05_Sort_Display_Paging] -  -------------------------- PASSED -------------------------- 
[06-01-2024 18:49:38.096 INFO com.nopcommerce.user.User_05_Sort_Display_Paging] - Sort_Display_06: Step 04: Verify pagination is undispalyed
[06-01-2024 18:50:13.180 INFO com.nopcommerce.user.User_05_Sort_Display_Paging] -  -------------------------- PASSED -------------------------- 
[06-01-2024 18:50:13.183 INFO com.nopcommerce.user.User_05_Sort_Display_Paging] - Post-Condition: Close browser
[06-01-2024 18:50:13.184 INFO com.nopcommerce.user.User_05_Sort_Display_Paging] - OS name = windows 11
[06-01-2024 18:50:13.184 INFO com.nopcommerce.user.User_05_Sort_Display_Paging] - Driver instance name = chromedriver: chrome on windows (3dde07b54c76fdf094aa9bbab207b5ed)
[06-01-2024 18:50:13.634 INFO com.nopcommerce.common.Common_01_Register_Cookies] - OS name = windows 11
[06-01-2024 18:50:13.634 INFO com.nopcommerce.common.Common_01_Register_Cookies] - Driver instance name = chromedriver: chrome on windows (f66d25daa0c4756a9476d2164303c9a0)
[06-01-2024 18:50:13.636 INFO com.nopcommerce.common.Common_01_Register_Cookies] - java.net.ConnectException: Failed to connect to localhost/0:0:0:0:0:0:0:1:30244
Build info: version: '3.141.59', revision: 'e82be7d3