[01-02-2024 22:55:50.126 INFO com.nopcommerce.common.Common_01_Register_Cookies] - Pre-Condition - Step 01: Navigate to 'Register' page
[01-02-2024 22:55:50.599 INFO com.nopcommerce.common.Common_01_Register_Cookies] - Pre-Condition - Step 02: Enter to Firstname textbox with value is 'Yuonne'
[01-02-2024 22:55:50.720 INFO com.nopcommerce.common.Common_01_Register_Cookies] - Pre-Condition - Step 03: Enter to Lastname textbox with value is 'Mann'
[01-02-2024 22:55:50.844 INFO com.nopcommerce.common.Common_01_Register_Cookies] - Pre-Condition - Step 04: Enter to Email textbox with value is 'latasha.renner@gmail.com'
[01-02-2024 22:55:50.962 INFO com.nopcommerce.common.Common_01_Register_Cookies] - Pre-Condition - Step 05: Enter to Password textbox with value is 'bR8WKW0YdlM'
[01-02-2024 22:55:51.080 INFO com.nopcommerce.common.Common_01_Register_Cookies] - Pre-Condition - Step 06: Enter to Confirm password textbox with value is 'bR8WKW0YdlM'
[01-02-2024 22:55:51.208 INFO com.nopcommerce.common.Common_01_Register_Cookies] - Pre-Condition - Step 07: Enter to 'Register' button
[01-02-2024 22:55:51.865 INFO com.nopcommerce.common.Common_01_Register_Cookies] - Pre-Condition - Step 08: Verify success message is displayed
[01-02-2024 22:55:51.931 INFO com.nopcommerce.common.Common_01_Register_Cookies] -  -------------------------- PASSED -------------------------- 
[01-02-2024 22:55:51.931 INFO com.nopcommerce.common.Common_01_Register_Cookies] - Pre-Condition - Step 09: Click to Logout link
[01-02-2024 22:55:52.356 INFO com.nopcommerce.common.Common_01_Register_Cookies] - Pre-Condition - Step 10: Navigate to Login page
[01-02-2024 22:55:53.088 INFO com.nopcommerce.common.Common_01_Register_Cookies] - Pre-Condition - Step 11: Enter to Email textbox with value is 'latasha.renner@gmail.com'
[01-02-2024 22:55:53.231 INFO com.nopcommerce.common.Common_01_Register_Cookies] - Pre-Condition - Step 12: Enter to Password textbox with value is 'bR8WKW0YdlM'
[01-02-2024 22:55:53.351 INFO com.nopcommerce.common.Common_01_Register_Cookies] - Pre-Condition - Step 13: Click to Login button
[01-02-2024 22:55:54.099 INFO com.nopcommerce.user.User_05_Sort_Display_Paging] - Pre-Condition - Step 01: Open browser 'chrome'
[01-02-2024 22:55:56.152 INFO com.nopcommerce.user.User_05_Sort_Display_Paging] - Pre-condition - Step 02: Navigate to Login page
[01-02-2024 22:55:57.127 INFO com.nopcommerce.user.User_05_Sort_Display_Paging] - Pre-condition - Step 03: Set cookie and reload page
[01-02-2024 22:56:00.546 INFO com.nopcommerce.user.User_05_Sort_Display_Paging] - Pre-Condition - Step 04: Verify Home page Displayed
[01-02-2024 22:56:00.623 INFO com.nopcommerce.user.User_05_Sort_Display_Paging] - Sort_Display_01 - Step 01: Click To Product Catelogies on Top Menu: Computers/Notebooks
[01-02-2024 22:56:03.937 INFO com.nopcommerce.user.User_05_Sort_Display_Paging] - Sort_Display_01: Step 02: Click To 'Sort by' dropdown
[01-02-2024 22:56:04.045 INFO com.nopcommerce.user.User_05_Sort_Display_Paging] - Sort_Display_01: Step 03: Click To 'Display per page' dropdown
[01-02-2024 22:56:04.179 INFO com.nopcommerce.user.User_05_Sort_Display_Paging] - Sort_Display_01: Step 04: Products names are sorted in ascending Order
[01-02-2024 22:56:04.226 INFO com.nopcommerce.user.User_05_Sort_Display_Paging] -  -------------------------- PASSED -------------------------- 
[01-02-2024 22:56:04.273 INFO com.nopcommerce.user.User_05_Sort_Display_Paging] - Sort_Display_02 - Step 01: Click To Product Catelogies on Top Menu: Computers/Notebooks
[01-02-2024 22:56:06.862 INFO com.nopcommerce.user.User_05_Sort_Display_Paging] - Sort_Display_02: Step 02: Click To 'Sort by' dropdown
[01-02-2024 22:56:06.965 INFO com.nopcommerce.user.User_05_Sort_Display_Paging] - Sort_Display_02: Step 03: Click To 'Display per page' dropdown
[01-02-2024 22:56:07.060 INFO com.nopcommerce.user.User_05_Sort_Display_Paging] - Sort_Display_02: Step 04: Products names are sorted in ascending Order
[01-02-2024 22:56:07.612 INFO com.nopcommerce.user.User_05_Sort_Display_Paging] -  -------------------------- PASSED -------------------------- 
[01-02-2024 22:56:07.669 INFO com.nopcommerce.user.User_05_Sort_Display_Paging] -  -------------------------- PASSED -------------------------- 
[01-02-2024 22:56:07.677 INFO com.nopcommerce.user.User_05_Sort_Display_Paging] - Sort_Display_03 - Step 01: Click To Product Catelogies on Top Menu: Computers/Notebooks
[01-02-2024 22:56:10.231 INFO com.nopcommerce.user.User_05_Sort_Display_Paging] - Sort_Display_03: Step 02: Click To 'Sort by' dropdown
[01-02-2024 22:56:10.338 INFO com.nopcommerce.user.User_05_Sort_Display_Paging] - Sort_Display_03: Step 03: Click To 'Display per page' dropdown
[01-02-2024 22:56:10.432 INFO com.nopcommerce.user.User_05_Sort_Display_Paging] - Sort_Display_03: Step 04: Products price is sorted in ascending Order
[01-02-2024 22:56:10.982 INFO com.nopcommerce.user.User_05_Sort_Display_Paging] -  -------------------------- PASSED -------------------------- 
[01-02-2024 22:56:11.052 INFO com.nopcommerce.user.User_05_Sort_Display_Paging] -  -------------------------- PASSED -------------------------- 
[01-02-2024 22:56:11.055 INFO com.nopcommerce.user.User_05_Sort_Display_Paging] - Sort_Display_04 - Step 01: Click To Product Catelogies on Top Menu: Computers/Notebooks
[01-02-2024 22:56:13.661 INFO com.nopcommerce.user.User_05_Sort_Display_Paging] - Sort_Display_04: Step 02: Click To 'Sort by' dropdown
[01-02-2024 22:56:13.843 INFO com.nopcommerce.user.User_05_Sort_Display_Paging] - Sort_Display_04: Step 03: Click To 'Display per page' dropdown
[01-02-2024 22:56:13.964 INFO com.nopcommerce.user.User_05_Sort_Display_Paging] - Sort_Display_04: Step 04: Products price is sorted in descending Order
[01-02-2024 22:56:14.524 INFO com.nopcommerce.user.User_05_Sort_Display_Paging] -  -------------------------- PASSED -------------------------- 
[01-02-2024 22:56:14.606 INFO com.nopcommerce.user.User_05_Sort_Display_Paging] -  -------------------------- PASSED -------------------------- 
[01-02-2024 22:56:14.621 INFO com.nopcommerce.user.User_05_Sort_Display_Paging] - Sort_Display_05 - Step 01: Click To Product Catelogies on Top Menu: Computers/Notebooks
[01-02-2024 22:56:17.240 INFO com.nopcommerce.user.User_05_Sort_Display_Paging] - Sort_Display_05: Step 02: Click To 'Display per page' dropdown
[01-02-2024 22:56:17.354 INFO com.nopcommerce.user.User_05_Sort_Display_Paging] - Sort_Display_05: Step 03: Verify Product page size is correct
[01-02-2024 22:56:17.914 INFO com.nopcommerce.user.User_05_Sort_Display_Paging] -  -------------------------- PASSED -------------------------- 
[01-02-2024 22:56:18.020 INFO com.nopcommerce.user.User_05_Sort_Display_Paging] -  -------------------------- PASSED -------------------------- 
[01-02-2024 22:56:18.021 INFO com.nopcommerce.user.User_05_Sort_Display_Paging] - Sort_Display_05: Step 04: Verify pagination is dispalyed
[01-02-2024 22:56:18.156 INFO com.nopcommerce.user.User_05_Sort_Display_Paging] -  -------------------------- PASSED -------------------------- 
[01-02-2024 22:56:18.157 INFO com.nopcommerce.user.User_05_Sort_Display_Paging] - Sort_Display_05: Step 05: Verify pagination next icon is dispalyed
[01-02-2024 22:56:18.260 INFO com.nopcommerce.user.User_05_Sort_Display_Paging] -  -------------------------- PASSED -------------------------- 
[01-02-2024 22:56:18.260 INFO com.nopcommerce.user.User_05_Sort_Display_Paging] - TC_05_Display: Step 06: Click To Page 2 link
[01-02-2024 22:56:18.391 INFO com.nopcommerce.user.User_05_Sort_Display_Paging] - TC_05_Display: Step 07: Verify pagination Previous icon is dispalyed
[01-02-2024 22:56:18.949 INFO com.nopcommerce.user.User_05_Sort_Display_Paging] -  -------------------------- PASSED -------------------------- 
[01-02-2024 22:56:19.099 INFO com.nopcommerce.user.User_05_Sort_Display_Paging] -  -------------------------- PASSED -------------------------- 
[01-02-2024 22:56:19.108 INFO com.nopcommerce.user.User_05_Sort_Display_Paging] - Sort_Display_06 - Step 01: Click To Product Catelogies on Top Menu: Computers/Notebooks
[01-02-2024 2