[06-01-2024 18:37:49.480 INFO com.nopcommerce.common.Common_01_Register_Cookies] - Pre-Condition - Step 01: Navigate to 'Register' page
[06-01-2024 18:37:50.535 INFO com.nopcommerce.common.Common_01_Register_Cookies] - Pre-Condition - Step 02: Enter to Firstname textbox with value is 'Janna'
[06-01-2024 18:37:50.656 INFO com.nopcommerce.common.Common_01_Register_Cookies] - Pre-Condition - Step 03: Enter to Lastname textbox with value is 'Reilly'
[06-01-2024 18:37:50.783 INFO com.nopcommerce.common.Common_01_Register_Cookies] - Pre-Condition - Step 04: Enter to Email textbox with value is 'johanne.padberg@hotmail.com'
[06-01-2024 18:37:50.909 INFO com.nopcommerce.common.Common_01_Register_Cookies] - Pre-Condition - Step 05: Enter to Password textbox with value is '*sU1*e9!'
[06-01-2024 18:37:51.023 INFO com.nopcommerce.common.Common_01_Register_Cookies] - Pre-Condition - Step 06: Enter to Confirm password textbox with value is '*sU1*e9!'
[06-01-2024 18:37:51.138 INFO com.nopcommerce.common.Common_01_Register_Cookies] - Pre-Condition - Step 07: Enter to 'Register' button
[06-01-2024 18:37:51.821 INFO com.nopcommerce.common.Common_01_Register_Cookies] - Pre-Condition - Step 08: Verify success message is displayed
[06-01-2024 18:37:51.878 INFO com.nopcommerce.common.Common_01_Register_Cookies] -  -------------------------- PASSED -------------------------- 
[06-01-2024 18:37:51.879 INFO com.nopcommerce.common.Common_01_Register_Cookies] - Pre-Condition - Step 09: Click to Logout link
[06-01-2024 18:37:52.280 INFO com.nopcommerce.common.Common_01_Register_Cookies] - Pre-Condition - Step 10: Navigate to Login page
[06-01-2024 18:37:53.048 INFO com.nopcommerce.common.Common_01_Register_Cookies] - Pre-Condition - Step 11: Enter to Email textbox with value is 'johanne.padberg@hotmail.com'
[06-01-2024 18:37:53.210 INFO com.nopcommerce.common.Common_01_Register_Cookies] - Pre-Condition - Step 12: Enter to Password textbox with value is '*sU1*e9!'
[06-01-2024 18:37:53.347 INFO com.nopcommerce.common.Common_01_Register_Cookies] - Pre-Condition - Step 13: Click to Login button
[06-01-2024 18:37:54.652 INFO com.nopcommerce.user.User_05_Sort_Display_Paging] - Pre-Condition - Step 01: Open browser 'CHROME'
[06-01-2024 18:37:55.933 INFO com.nopcommerce.user.User_05_Sort_Display_Paging] - Pre-condition - Step 02: Navigate to Login page
[06-01-2024 18:37:56.750 INFO com.nopcommerce.user.User_05_Sort_Display_Paging] - Pre-condition - Step 03: Set cookie and reload page
[06-01-2024 18:38:00.244 INFO com.nopcommerce.user.User_05_Sort_Display_Paging] - Pre-Condition - Step 04: Verify Home page Displayed
[06-01-2024 18:38:00.412 INFO com.nopcommerce.user.User_05_Sort_Display_Paging] - Sort_Display_01 - Step 01: Click To Product Catelogies on Top Menu: Computers/Notebooks
[06-01-2024 18:38:03.029 INFO com.nopcommerce.user.User_05_Sort_Display_Paging] - Sort_Display_01: Step 02: Click To 'Sort by' dropdown
[06-01-2024 18:38:03.186 INFO com.nopcommerce.user.User_05_Sort_Display_Paging] - Sort_Display_01: Step 03: Click To 'Display per page' dropdown
[06-01-2024 18:38:03.356 INFO com.nopcommerce.user.User_05_Sort_Display_Paging] - Sort_Display_01: Step 04: Products names are sorted in ascending Order
[06-01-2024 18:38:03.410 INFO com.nopcommerce.user.User_05_Sort_Display_Paging] -  -------------------------- PASSED -------------------------- 
[06-01-2024 18:38:03.414 INFO com.nopcommerce.user.User_05_Sort_Display_Paging] - Sort_Display_02 - Step 01: Click To Product Catelogies on Top Menu: Computers/Notebooks
[06-01-2024 18:38:06.006 INFO com.nopcommerce.user.User_05_Sort_Display_Paging] - Sort_Display_02: Step 02: Click To 'Sort by' dropdown
[06-01-2024 18:38:06.173 INFO com.nopcommerce.user.User_05_Sort_Display_Paging] - Sort_Display_02: Step 03: Click To 'Display per page' dropdown
[06-01-2024 18:38:06.287 INFO com.nopcommerce.user.User_05_Sort_Display_Paging] - Sort_Display_02: Step 04: Products names are sorted in ascending Order
[06-01-2024 18:38:07.358 INFO com.nopcommerce.user.User_05_Sort_Display_Paging] -  -------------------------- PASSED -------------------------- 
[06-01-2024 18:38:07.371 INFO com.nopcommerce.user.User_05_Sort_Display_Paging] - Sort_Display_03 - Step 01: Click To Product Catelogies on Top Menu: Computers/Notebooks
[06-01-2024 18:38:09.930 INFO com.nopcommerce.user.User_05_Sort_Display_Paging] - Sort_Display_03: Step 02: Click To 'Sort by' dropdown
[06-01-2024 18:38:10.033 INFO com.nopcommerce.user.User_05_Sort_Display_Paging] - Sort_Display_03: Step 03: Click To 'Display per page' dropdown
[06-01-2024 18:38:10.125 INFO com.nopcommerce.user.User_05_Sort_Display_Paging] - Sort_Display_03: Step 04: Products price is sorted in ascending Order
[06-01-2024 18:38:11.193 INFO com.nopcommerce.user.User_05_Sort_Display_Paging] -  -------------------------- PASSED -------------------------- 
[06-01-2024 18:38:11.197 INFO com.nopcommerce.user.User_05_Sort_Display_Paging] - Sort_Display_04 - Step 01: Click To Product Catelogies on Top Menu: Computers/Notebooks
[06-01-2024 18:38:13.823 INFO com.nopcommerce.user.User_05_Sort_Display_Paging] - Sort_Display_04: Step 02: Click To 'Sort by' dropdown
[06-01-2024 18:38:13.941 INFO com.nopcommerce.user.User_05_Sort_Display_Paging] - Sort_Display_04: Step 03: Click To 'Display per page' dropdown
[06-01-2024 18:38:14.035 INFO com.nopcommerce.user.User_05_Sort_Display_Paging] - Sort_Display_04: Step 04: Products price is sorted in descending Order
[06-01-2024 18:38:15.101 INFO com.nopcommerce.user.User_05_Sort_Display_Paging] -  -------------------------- PASSED -------------------------- 
[06-01-2024 18:38:15.105 INFO com.nopcommerce.user.User_05_Sort_Display_Paging] - Sort_Display_05 - Step 01: Click To Product Catelogies on Top Menu: Computers/Notebooks
[06-01-2024 18:38:17.683 INFO com.nopcommerce.user.User_05_Sort_Display_Paging] - Sort_Display_05: Step 02: Click To 'Display per page' dropdown
[06-01-2024 18:38:17.795 INFO com.nopcommerce.user.User_05_Sort_Display_Paging] - Sort_Display_05: Step 03: Verify Product page size is correct
[06-01-2024 18:38:17.956 INFO com.nopcommerce.user.User_05_Sort_Display_Paging] -  -------------------------- FAILED -------------------------- 
[06-01-2024 18:38:17.957 INFO com.nopcommerce.user.User_05_Sort_Display_Paging] - Sort_Display_05: Step 04: Verify pagination is dispalyed
[06-01-2024 18:38:19.054 INFO com.nopcommerce.user.User_05_Sort_Display_Paging] -  -------------------------- PASSED -------------------------- 
[06-01-2024 18:38:19.055 INFO com.nopcommerce.user.User_05_Sort_Display_Paging] - Sort_Display_05: Step 05: Verify pagination next icon is dispalyed
[06-01-2024 18:38:19.130 INFO com.nopcommerce.user.User_05_Sort_Display_Paging] -  -------------------------- PASSED -------------------------- 
[06-01-2024 18:38:19.131 INFO com.nopcommerce.user.User_05_Sort_Display_Paging] - TC_05_Display: Step 06: Click To Page 2 link
[06-01-2024 18:38:19.222 INFO com.nopcommerce.user.User_05_Sort_Display_Paging] - TC_05_Display: Step 07: Verify pagination Previous icon is dispalyed
[06-01-2024 18:38:21.357 INFO com.nopcommerce.user.User_05_Sort_Display_Paging] -  -------------------------- PASSED -------------------------- 
[06-01-2024 18:38:21.438 INFO com.nopcommerce.user.User_05_Sort_Display_Paging] -  -------------------------- PASSED -------------------------- 
[06-01-2024 18:38:21.685 INFO com.nopcommerce.user.User_05_Sort_Display_Paging] - Post-Condition: Close browser
[06-01-2024 18:38:21.685 INFO com.nopcommerce.user.User_05_Sort_Display_Paging] - OS name = windows 11
[06-01-2024 18:38:21.686 INFO com.nopcommerce.user.User_05_Sort_Display_Paging] - Driver instance name = chromedriver: chrome on windows (9d01146c39a871143e22e00a7ed7fc04)
[06-01-2024 18:38:22.070 INFO com.nopcommerce.common.Common_01_Register_Cookies] - OS name = windows 11
[06-01-2024 18:38:22.071 INFO com.nopcommerce.common.Common_01_Register_Cookies] - Driver instance name = chromedriver: chrome on windows (1c09b49110af38d3062c99c82cf7f675)
[06-01-2024 18:38:22.089 INFO com.nopcommerce.common.Common_01_Register_Cookies] - java.net.ConnectEx