[20-02-2024 22:31:13.533 INFO com.nopcommerce.common.Common_01_Register_Cookies] - Pre-Condition - Step 01: Navigate to 'Register' page
[20-02-2024 22:31:15.309 INFO com.nopcommerce.common.Common_01_Register_Cookies] - Pre-Condition - Step 02: Enter to Firstname textbox with value is 'Tabetha'
[20-02-2024 22:31:15.425 INFO com.nopcommerce.common.Common_01_Register_Cookies] - Pre-Condition - Step 03: Enter to Lastname textbox with value is 'Hodkiewicz'
[20-02-2024 22:31:15.514 INFO com.nopcommerce.common.Common_01_Register_Cookies] - Pre-Condition - Step 04: Enter to Email textbox with value is 'georgina.erdman@yahoo.com'
[20-02-2024 22:31:15.607 INFO com.nopcommerce.common.Common_01_Register_Cookies] - Pre-Condition - Step 05: Enter to Password textbox with value is 'LE8&ixZ0^I'
[20-02-2024 22:31:15.696 INFO com.nopcommerce.common.Common_01_Register_Cookies] - Pre-Condition - Step 06: Enter to Confirm password textbox with value is 'LE8&ixZ0^I'
[20-02-2024 22:31:15.790 INFO com.nopcommerce.common.Common_01_Register_Cookies] - Pre-Condition - Step 07: Enter to 'Register' button
[20-02-2024 22:31:16.396 INFO com.nopcommerce.common.Common_01_Register_Cookies] - Pre-Condition - Step 08: Verify success message is displayed
[20-02-2024 22:31:16.475 INFO com.nopcommerce.common.Common_01_Register_Cookies] -  -------------------------- PASSED -------------------------- 
[20-02-2024 22:31:16.476 INFO com.nopcommerce.common.Common_01_Register_Cookies] - Pre-Condition - Step 09: Click to Logout link
[20-02-2024 22:31:16.835 INFO com.nopcommerce.common.Common_01_Register_Cookies] - Pre-Condition - Step 10: Navigate to Login page
[20-02-2024 22:31:17.615 INFO com.nopcommerce.common.Common_01_Register_Cookies] - Pre-Condition - Step 11: Enter to Email textbox with value is 'georgina.erdman@yahoo.com'
[20-02-2024 22:31:17.721 INFO com.nopcommerce.common.Common_01_Register_Cookies] - Pre-Condition - Step 12: Enter to Password textbox with value is 'LE8&ixZ0^I'
[20-02-2024 22:31:17.805 INFO com.nopcommerce.common.Common_01_Register_Cookies] - Pre-Condition - Step 13: Click to Login button
[20-02-2024 22:31:19.058 INFO com.nopcommerce.user.User_07_Order] - Pre-Condition - Step 01: Open browser 'FIREFOX'
[20-02-2024 22:31:21.682 INFO com.nopcommerce.user.User_07_Order] - Pre-condition - Step 02: Navigate to Login page
[20-02-2024 22:31:22.624 INFO com.nopcommerce.user.User_07_Order] - Pre-condition - Step 03: Set cookie and reload page
[20-02-2024 22:31:26.692 INFO com.nopcommerce.user.User_07_Order] - Pre-Condition - Step 04: Verify Home page Displayed
[20-02-2024 22:31:26.780 INFO com.nopcommerce.user.User_07_Order] - Order_01: Step 01: Click To Product Catelogies on Top Menu: Computers/Desktops
[20-02-2024 22:31:29.058 INFO com.nopcommerce.user.User_07_Order] - Order_01: Step 02: Click to product name with value is 'Build your own computer'
[20-02-2024 22:31:30.292 INFO com.nopcommerce.user.User_07_Order] - Order_01: Step 03: Select item in 'Processor' dropdown is '2.5 GHz Intel Pentium Dual-Core E2200 [+$15.00]'
[20-02-2024 22:31:30.397 INFO com.nopcommerce.user.User_07_Order] - Order_01: Step 04: Select item in 'RAM' dropdown is '8GB [+$60.00]'
[20-02-2024 22:31:30.752 INFO com.nopcommerce.user.User_07_Order] - Order_01: Step 05: Select item in 'HDD' radio button is '400 GB [+$100.00]'
[20-02-2024 22:31:31.035 INFO com.nopcommerce.user.User_07_Order] - Order_01: Step 06: Select item in 'OS' radio button is 'Vista Premium [+$60.00]'
[20-02-2024 22:31:31.322 INFO com.nopcommerce.user.User_07_Order] - Order_01: Step 07: Select item all value at 'Software' checkbox
[20-02-2024 22:31:31.942 INFO com.nopcommerce.user.User_07_Order] - Order_01: Step 08: Get value of price is null
[20-02-2024 22:31:35.015 INFO com.nopcommerce.user.User_07_Order] - Order_01: Step 09: Click to 'Add to cart' button
[20-02-2024 22:31:35.308 INFO com.nopcommerce.user.User_07_Order] - Order_01: Step 10: Verify add to cart success message displayed
[20-02-2024 22:31:35.399 INFO com.nopcommerce.user.User_07_Order] -  -------------------------- PASSED -------------------------- 
[20-02-2024 22:31:35.399 INFO com.nopcommerce.user.User_07_Order] - Order_01: Step 11: Close success message
[20-02-2024 22:31:38.665 INFO com.nopcommerce.user.User_07_Order] - Order_01: Step 12: Verify Shopping cart quantity is updated (1)
[20-02-2024 22:31:38.703 INFO com.nopcommerce.user.User_07_Order] -  -------------------------- PASSED -------------------------- 
[20-02-2024 22:31:38.751 INFO com.nopcommerce.user.User_07_Order] -  -------------------------- PASSED -------------------------- 
[20-02-2024 22:31:38.752 INFO com.nopcommerce.user.User_07_Order] - Order_01: Step 13: Verify the product is displayed in mini shopping cart
[20-02-2024 22:31:45.067 INFO com.nopcommerce.user.User_07_Order] -  -------------------------- PASSED -------------------------- 
[20-02-2024 22:31:45.117 INFO com.nopcommerce.user.User_07_Order] -  -------------------------- PASSED -------------------------- 
[20-02-2024 22:31:45.161 INFO com.nopcommerce.user.User_07_Order] -  -------------------------- PASSED -------------------------- 
[20-02-2024 22:31:45.207 INFO com.nopcommerce.user.User_07_Order] -  -------------------------- PASSED -------------------------- 
[20-02-2024 22:31:45.253 INFO com.nopcommerce.user.User_07_Order] -  -------------------------- PASSED -------------------------- 
[20-02-2024 22:31:45.305 INFO com.nopcommerce.user.User_07_Order] -  -------------------------- PASSED -------------------------- 
[20-02-2024 22:31:45.341 INFO com.nopcommerce.user.User_07_Order] - Order_02: Step 01: Open Shopping cart at header
[20-02-2024 22:31:46.362 INFO com.nopcommerce.user.User_07_Order] - Order_02: Step 02: Verify Shopping cart page is displayed
[20-02-2024 22:31:46.448 INFO com.nopcommerce.user.User_07_Order] -  -------------------------- PASSED -------------------------- 
[20-02-2024 22:31:46.448 INFO com.nopcommerce.user.User_07_Order] - Order_02: Step 03: Click to 'Edit' link
[20-02-2024 22:31:47.308 INFO com.nopcommerce.user.User_07_Order] - Order_02: Step 04: Select item in 'Processor' dropdown is '2.2 GHz Intel Pentium Dual-Core E2200'
[20-02-2024 22:31:47.659 INFO com.nopcommerce.user.User_07_Order] - Order_02: Step 05: Select item in 'RAM' dropdown is '4GB [+$20.00]'
[20-02-2024 22:31:47.988 INFO com.nopcommerce.user.User_07_Order] - Order_02: Step 06: Select item in 'HDD' radio button is '320 GB'
[20-02-2024 22:31:48.256 INFO com.nopcommerce.user.User_07_Order] - Order_02: Step 07: Select item in 'OS' radio button is 'Vista Home [+$50.00]'
[20-02-2024 22:31:48.535 INFO com.nopcommerce.user.User_07_Order] - Order_02: Step 08: Select item all value at 'Software' checkbox
[20-02-2024 22:31:49.150 INFO com.nopcommerce.user.User_07_Order] - Order_02: Step 09: Verify product price is updated with value '$1,320.00'
[20-02-2024 22:31:59.229 INFO com.nopcommerce.user.User_07_Order] -  -------------------------- PASSED -------------------------- 
[20-02-2024 22:31:59.229 INFO com.nopcommerce.user.User_07_Order] - Order_02: Step 10: Get value of price is $1,500.00
[20-02-2024 22:31:59.289 INFO com.nopcommerce.user.User_07_Order] - Order_02: Step 11: Edit product quantiny is 2
[20-02-2024 22:31:59.407 INFO com.nopcommerce.user.User_07_Order] - Order_02: Step 12: Click to 'Update' button
[20-02-2024 22:31:59.683 INFO com.nopcommerce.user.User_07_Order] - Order_02: Step 13: Verify add to cart success message displayed
[20-02-2024 22:31:59.800 INFO com.nopcommerce.user.User_07_Order] -  -------------------------- PASSED -------------------------- 
[20-02-2024 22:31:59.800 INFO com.nopcommerce.user.User_07_Order] - Order_02: Step 14: Close success message
[20-02-2024 22:32:03.060 INFO com.nopcommerce.user.User_07_Order] - Order_02: Step 15: Verify Shopping cart quantity is updated (2)
[20-02-2024 22:32:03.098 INFO com.nopcommerce.user.User_07_Order] -  -------------------------- PASSED -------------------------- 
[20-02-2024 22:32:03.171 INFO com.nopcommerce.user.User_07_Order] -  -------------------------- PASSED -------------------------- 
[20-02-2024 22:32