[05-02-2024 22:00:58.267 INFO com.nopcommerce.common.Common_01_Register_Cookies] - Pre-Condition - Step 01: Navigate to 'Register' page
[05-02-2024 22:00:59.242 INFO com.nopcommerce.common.Common_01_Register_Cookies] - Pre-Condition - Step 02: Enter to Firstname textbox with value is 'Mauricio'
[05-02-2024 22:00:59.362 INFO com.nopcommerce.common.Common_01_Register_Cookies] - Pre-Condition - Step 03: Enter to Lastname textbox with value is 'Murazik'
[05-02-2024 22:00:59.472 INFO com.nopcommerce.common.Common_01_Register_Cookies] - Pre-Condition - Step 04: Enter to Email textbox with value is 'jesica.wiegand@hotmail.com'
[05-02-2024 22:00:59.610 INFO com.nopcommerce.common.Common_01_Register_Cookies] - Pre-Condition - Step 05: Enter to Password textbox with value is '9SUU93%XjG$'
[05-02-2024 22:00:59.730 INFO com.nopcommerce.common.Common_01_Register_Cookies] - Pre-Condition - Step 06: Enter to Confirm password textbox with value is '9SUU93%XjG$'
[05-02-2024 22:00:59.852 INFO com.nopcommerce.common.Common_01_Register_Cookies] - Pre-Condition - Step 07: Enter to 'Register' button
[05-02-2024 22:01:00.491 INFO com.nopcommerce.common.Common_01_Register_Cookies] - Pre-Condition - Step 08: Verify success message is displayed
[05-02-2024 22:01:00.550 INFO com.nopcommerce.common.Common_01_Register_Cookies] -  -------------------------- PASSED -------------------------- 
[05-02-2024 22:01:00.550 INFO com.nopcommerce.common.Common_01_Register_Cookies] - Pre-Condition - Step 09: Click to Logout link
[05-02-2024 22:01:00.915 INFO com.nopcommerce.common.Common_01_Register_Cookies] - Pre-Condition - Step 10: Navigate to Login page
[05-02-2024 22:01:01.608 INFO com.nopcommerce.common.Common_01_Register_Cookies] - Pre-Condition - Step 11: Enter to Email textbox with value is 'jesica.wiegand@hotmail.com'
[05-02-2024 22:01:01.731 INFO com.nopcommerce.common.Common_01_Register_Cookies] - Pre-Condition - Step 12: Enter to Password textbox with value is '9SUU93%XjG$'
[05-02-2024 22:01:01.848 INFO com.nopcommerce.common.Common_01_Register_Cookies] - Pre-Condition - Step 13: Click to Login button
[05-02-2024 22:01:02.547 INFO com.nopcommerce.user.User_07_Order2] - Pre-Condition - Step 01: Open browser 'chrome'
[05-02-2024 22:01:04.538 INFO com.nopcommerce.user.User_07_Order2] - Pre-condition - Step 02: Navigate to Login page
[05-02-2024 22:01:05.499 INFO com.nopcommerce.user.User_07_Order2] - Pre-condition - Step 03: Set cookie and reload page
[05-02-2024 22:01:08.897 INFO com.nopcommerce.user.User_07_Order2] - Pre-Condition - Step 04: Verify Home page Displayed
[05-02-2024 22:01:08.984 INFO com.nopcommerce.user.User_07_Order2] - Order_01: Step 01: Click To Product Catelogies on Top Menu: Computers/Desktops
[05-02-2024 22:01:11.611 INFO com.nopcommerce.user.User_07_Order2] - Order_01: Step 02: Click to product name with value is 'Build your own computer'
[05-02-2024 22:01:12.186 INFO com.nopcommerce.user.User_07_Order2] - Order_01: Step 03: Select item in 'Processor' dropdown is '2.5 GHz Intel Pentium Dual-Core E2200 [+$15.00]'
[05-02-2024 22:01:12.310 INFO com.nopcommerce.user.User_07_Order2] - Order_01: Step 04: Select item in 'RAM' dropdown is '8GB [+$60.00]'
[05-02-2024 22:01:12.505 INFO com.nopcommerce.user.User_07_Order2] - Order_01: Step 05: Select item in 'HDD' radio button is '400 GB [+$100.00]'
[05-02-2024 22:01:12.714 INFO com.nopcommerce.user.User_07_Order2] - Order_01: Step 06: Select item in 'OS' radio button is 'Vista Premium [+$60.00]'
[05-02-2024 22:01:12.876 INFO com.nopcommerce.user.User_07_Order2] - Order_01: Step 07: Select item all value at 'Software' checkbox
[05-02-2024 22:01:13.302 INFO com.nopcommerce.user.User_07_Order2] - Order_01: Step 08: Get value of price is null
[05-02-2024 22:01:16.372 INFO com.nopcommerce.user.User_07_Order2] - Order_01: Step 09: Click to 'Add to cart' button
[05-02-2024 22:01:16.453 INFO com.nopcommerce.user.User_07_Order2] - Order_01: Step 10: Verify add to cart success message displayed
[05-02-2024 22:01:16.838 INFO com.nopcommerce.user.User_07_Order2] -  -------------------------- PASSED -------------------------- 
[05-02-2024 22:01:16.838 INFO com.nopcommerce.user.User_07_Order2] - Order_01: Step 11: Close success message
[05-02-2024 22:01:19.929 INFO com.nopcommerce.user.User_07_Order2] - Order_01: Step 12: Verify Shopping cart quantity is updated (1)
[05-02-2024 22:01:19.965 INFO com.nopcommerce.user.User_07_Order2] -  -------------------------- PASSED -------------------------- 
[05-02-2024 22:01:20.069 INFO com.nopcommerce.user.User_07_Order2] -  -------------------------- PASSED -------------------------- 
[05-02-2024 22:01:20.069 INFO com.nopcommerce.user.User_07_Order2] - Order_01: Step 13: Verify the product is displayed in mini shopping cart
[05-02-2024 22:01:26.374 INFO com.nopcommerce.user.User_07_Order2] -  -------------------------- PASSED -------------------------- 
[05-02-2024 22:01:26.483 INFO com.nopcommerce.user.User_07_Order2] -  -------------------------- PASSED -------------------------- 
[05-02-2024 22:01:26.593 INFO com.nopcommerce.user.User_07_Order2] -  -------------------------- PASSED -------------------------- 
[05-02-2024 22:01:26.719 INFO com.nopcommerce.user.User_07_Order2] -  -------------------------- PASSED -------------------------- 
[05-02-2024 22:01:26.798 INFO com.nopcommerce.user.User_07_Order2] -  -------------------------- PASSED -------------------------- 
[05-02-2024 22:01:26.845 INFO com.nopcommerce.user.User_07_Order2] -  -------------------------- PASSED -------------------------- 
[05-02-2024 22:01:26.925 INFO com.nopcommerce.user.User_07_Order2] - Order_02: Step 01: Open Shopping cart at header
[05-02-2024 22:01:27.546 INFO com.nopcommerce.user.User_07_Order2] - Order_02: Step 02: Verify Shopping cart page is displayed
[05-02-2024 22:01:27.614 INFO com.nopcommerce.user.User_07_Order2] -  -------------------------- PASSED -------------------------- 
[05-02-2024 22:01:27.614 INFO com.nopcommerce.user.User_07_Order2] - Order_02: Step 03: Click to 'Edit' link
[05-02-2024 22:01:28.028 INFO com.nopcommerce.user.User_07_Order2] - Order_02: Step 04: Select item in 'Processor' dropdown is '2.2 GHz Intel Pentium Dual-Core E2200'
[05-02-2024 22:01:28.140 INFO com.nopcommerce.user.User_07_Order2] - Order_02: Step 05: Select item in 'RAM' dropdown is '4GB [+$20.00]'
[05-02-2024 22:01:28.293 INFO com.nopcommerce.user.User_07_Order2] - Order_02: Step 06: Select item in 'HDD' radio button is '320 GB'
[05-02-2024 22:01:28.381 INFO com.nopcommerce.user.User_07_Order2] - Order_02: Step 07: Select item in 'OS' radio button is 'Vista Home [+$50.00]'
[05-02-2024 22:01:28.514 INFO com.nopcommerce.user.User_07_Order2] - Order_02: Step 08: Select item all value at 'Software' checkbox
[05-02-2024 22:01:28.968 INFO com.nopcommerce.user.User_07_Order2] - Order_02: Step 09: Verify product price is updated with value '$1,320.00'
[05-02-2024 22:01:39.092 INFO com.nopcommerce.user.User_07_Order2] -  -------------------------- PASSED -------------------------- 
[05-02-2024 22:01:39.092 INFO com.nopcommerce.user.User_07_Order2] - Order_02: Step 10: Get value of price is $1,500.00
[05-02-2024 22:01:39.202 INFO com.nopcommerce.user.User_07_Order2] - Order_02: Step 11: Edit product quantiny is 2
[05-02-2024 22:01:39.390 INFO com.nopcommerce.user.User_07_Order2] - Order_02: Step 12: Click to 'Update' button
[05-02-2024 22:01:39.501 INFO com.nopcommerce.user.User_07_Order2] - Order_02: Step 13: Verify add to cart success message displayed
[05-02-2024 22:01:39.851 INFO com.nopcommerce.user.User_07_Order2] -  -------------------------- PASSED -------------------------- 
[05-02-2024 22:01:39.851 INFO com.nopcommerce.user.User_07_Order2] - Order_02: Step 14: Close success message
[05-02-2024 22:01:42.986 INFO com.nopcommerce.user.User_07_Order2] - Order_02: Step 15: Verify Shopping cart quantity is updated (2)
[05-02-2024 22:01:43.019 INFO com.nopcommerce.user.User_07_Order2] -  -------------------------- PASSED -------------------------- 
[05-02-2024 22:01:43.127 INFO com.nopcommerce.user.User_07_Order2] -  -------------------------- PASSED -------------------------- 
[05-02-2024 22:01:43.127 INFO com.nopcommerce.user.User_07_Order2] - Order_02: Step 16: Verify the product is displayed in mini shopping cart
[05-02-2024 22:01:46.493 INFO com.nopcommerce.user.User_07_Order2] -  -------------------------- PASSED -------------------------- 
[05-02-2024 22:01:46.572 INFO com.nopcommerce.user.User_07_Order2] -  -------------------------- PASSED -------------------------- 
[05-02-2024 22:01:46.663 INFO com.nopcommerce.user.User_07_Order2] -  -------------------------- PASSED -------------------------- 
[05-02-2024 22:01:46.774 INFO com.nopcommerce.user.User_07_Order2] -  -------------------------- PASSED -------------------------- 
[05-02-2024 22:01:46.895 INFO com.nopcommerce.user.User_07_Order2] -  -------------------------- PASSED -------------------------- 
[05-02-2024 22:01:47.002 INFO com.nopcommerce.user.User_07_Order2] -  -------------------------- PASSED -------------------------- 
[05-02-2024 22:01:47.013 INFO com.nopcommerce.user.User_07_Order2] - Order_03: Step 01: Open Shopping cart at header
[05-02-2024 22:01:47.393 INFO com.nopcommerce.user.User_07_Order2] - Order_03: Step 02: Verify Shopping cart page is displayed
[05-02-2024 22:01:47.472 INFO com.nopcommerce.user.User_07_Order2] -  -------------------------- PASSED -------------------------- 
[05-02-2024 22:01:47.473 INFO com.nopcommerce.user.User_07_Order2] - Order_03: Step 03: Click to 'Remove' button
[05-02-2024 22:01:47.903 INFO com.nopcommerce.user.User_07_Order2] - Order_03: Step 04: Verify message is 'Your Shopping Cart is empty!' displayed
[05-02-2024 22:01:47.975 INFO com.nopcommerce.user.User_07_Order2] -  -------------------------- PASSED -------------------------- 
[05-02-2024 22:01:47.975 INFO com.nopcommerce.user.User_07_Order2] - Order_03: Step 05: Verify product is not exist in Shopping cart
[05-02-2024 22:02:08.090 INFO com.nopcommerce.user.User_07_Order2] -  -------------------------- PASSED -------------------------- 
[05-02-2024 22:02:08.106 INFO com.nopcommerce.user.User_07_Order2] - Order_04: Step 01: Click To Product Catelogies on Top Menu: Computers/Desktops
[05-02-2024 22:02:10.774 INFO com.nopcommerce.user.User_07_Order2] - Order_04: Step 02: Click to 'Add to cart' button at Lenovo IdeaCentre 600 All-in-One PC
[05-02-2024 22:02:10.855 INFO com.nopcommerce.user.User_07_Order2] - Order_04: Step 03: Verify add to cart success message displayed
[05-02-2024 22:02:11.261 INFO com.nopcommerce.user.User_07_Order2] -  -------------------------- PASSED -------------------------- 
[05-02-2024 22:02:11.261 INFO com.nopcommerce.user.User_07_Order2] - Order_04: Step 04: Close success message
[05-02-2024 22:02:14.383 INFO com.nopcommerce.user.User_07_Order2] - Order_04: Step 05: Verify Shopping cart quantity is updated (1)
[05-02-2024 22:02:14.414 INFO com.nopcommerce.user.User_07_Order2] -  -------------------------- PASSED -------------------------- 
[05-02-2024 22:02:14.497 INFO com.nopcommerce.user.User_07_Order2] -  -------------------------- PASSED -------------------------- 
[05-02-2024 22:02:14.497 INFO com.nopcommerce.user.User_07_Order2] - Order_04: Step 06: Open Shopping cart at header
[05-02-2024 22:02:14.918 INFO com.nopcommerce.user.User_07_Order2] - Order_04: Step 07: Verify Shopping cart page is displayed
[05-02-2024 22:02:14.997 INFO com.nopcommerce.user.User_07_Order2] -  -------------------------- PASSED -------------------------- 
[05-02-2024 22:02:14.997 INFO com.nopcommerce.user.User_07_Order2] - Order_04: Step 08: Update product quantity is '5'
[05-02-2024 22:02:15.155 INFO com.nopcommerce.user.User_07_Order2] - Order_04: Step 09: Click to 'Update shopping cart' button
[05-02-2024 22:02:15.606 INFO com.nopcommerce.user.User_07_Order2] - Order_04: Step 10: Verify product price is updated with value '$2,500.00'
[05-02-2024 22:02:15.662 INFO com.nopcommerce.user.User_07_Order2] -  -------------------------- PASSED -------------------------- 
[05-02-2024 22:02:15.667 INFO com.nopcommerce.user.User_07_Order2] - Order_05: Step 01: Click to 'Remove' product 'secondDesktopsProduct'
[05-02-2024 22:02:16.169 INFO com.nopcommerce.user.User_07_Order2] - Order_05: Step 02: Verify message is 'Your Shopping Cart is empty!' displayed
[05-02-2024 22:02:16.209 INFO com.nopcommerce.user.User_07_Order2] -  -------------------------- PASSED -------------------------- 
[05-02-2024 22:02:16.209 INFO com.nopcommerce.user.User_07_Order2] - Order_05: Step 03: Click To Product Catelogies on Top Menu: Computers/Notebooks
[05-02-2024 22:02:18.862 INFO com.nopcommerce.user.User_07_Order2] - Order_05: Step 04: Click to product name with value is 'Apple MacBook Pro 13-inch'
[05-02-2024 22:02:19.681 INFO com.nopcommerce.user.User_07_Order2] - Order_05: Step 05: Click to 'Add To Cart' button at product detail page
[05-02-2024 22:02:19.770 INFO com.nopcommerce.user.User_07_Order2] - Order_05: Step 06: Verify add to cart success message displayed
[05-02-2024 22:02:20.096 INFO com.nopcommerce.user.User_07_Order2] -  -------------------------- PASSED -------------------------- 
[05-02-2024 22:02:20.097 INFO com.nopcommerce.user.User_07_Order2] - Order_05: Step 07: Close success message
[05-02-2024 22:02:23.178 INFO com.nopcommerce.user.User_07_Order2] - Order_05: Step 08: Open Shopping cart at header
[05-02-2024 22:02:23.729 INFO com.nopcommerce.user.User_07_Order2] - Order_05: Step 09: Select item in 'Gift wrapping' dropdown is 'No'
[05-02-2024 22:02:23.838 INFO com.nopcommerce.user.User_07_Order2] - Order_05: Step 10: Check to 'Terms of Service' checkbox
[05-02-2024 22:02:23.975 INFO com.nopcommerce.user.User_07_Order2] - Order_05: Step 11: Click to 'Checkout' button
[05-02-2024 22:02:24.830 INFO com.nopcommerce.user.User_07_Order2] - Order_05: Step 12: Uncheck to 'ShipToSameAddress' checkbox
[05-02-2024 22:02:25.563 INFO com.nopcommerce.user.User_07_Order2] - Order_05: Step 13: Input to 'Billing address' form
[05-02-2024 22:02:27.119 INFO com.nopcommerce.user.User_07_Order2] - Order_05: Step 14: Click to 'Continue' button at billing
[05-02-2024 22:02:27.201 INFO com.nopcommerce.user.User_07_Order2] - Order_05: Step 15: Select 'Shipping address' method
[05-02-2024 22:02:27.624 INFO com.nopcommerce.user.User_07_Order2] - Order_05: Step 16: Input to 'Shipping address' form
[05-02-2024 22:02:29.028 INFO com.nopcommerce.user.User_07_Order2] - Order_05: Step 17: Click to 'Continue' button at Shipping address
[05-02-2024 22:02:29.114 INFO com.nopcommerce.user.User_07_Order2] - Order_05: Step 18: Check to Radio button in 'Shipping method' with label is 'Ground ($0.00)'
[05-02-2024 22:02:29.399 INFO com.nopcommerce.user.User_07_Order2] - Order_05: Step 19: Click to 'Continue' button at Shipping address
[05-02-2024 22:02:29.483 INFO com.nopcommerce.user.User_07_Order2] - Order_05: Step 20: Check to Radio button in 'Payment method' with label is 'Check / MoneyOrder'
[05-02-2024 22:02:29.895 INFO com.nopcommerce.user.User_07_Order2] - Order_05: Step 21: Click to 'Continue' button at Payment method
[05-02-2024 22:02:29.987 INFO com.nopcommerce.user.User_07_Order2] - Order_05: Step 22: Verify Address shipping information
[05-02-2024 22:02:30.370 INFO com.nopcommerce.user.User_07_Order2] -  -------------------------- PASSED -------------------------- 
[05-02-2024 22:02:30.370 INFO com.nopcommerce.user.User_07_Order2] - Order_05: Step 23: Click to 'Continue' button at Payment information
[05-02-2024 22:02:30.518 INFO com.nopcommerce.user.User_07_Order2] - Order_05: Step 24: Verify 'Billing Address' order infor
[05-02-2024 22:02:30.903 INFO com.nopcommerce.user.User_07_Order2] -  -------------------------- PASSED -------------------------- 
[05-02-2024 22:02:31.034 INFO com.nopcommerce.user.User_07_Order2] -  -------------------------- PASSED -------------------------- 
[05-02-2024 22:02:31.132 INFO com.nopcommerce.user.User_07_Order2] -  -------------------------- PASSED -------------------------- 
[05-02-2024 22:02:31.235 INFO com.nopcommerce.user.User_07_Order2] -  -------------------------- PASSED -------------------------- 
[05-02-2024 22:02:31.363 INFO com.nopco