[13-01-2024 20:18:00.824 INFO com.nopcommerce.common.Common_01_Register_Cookies] - Pre-Condition - Step 01: Navigate to 'Register' page
[13-01-2024 20:18:01.976 INFO com.nopcommerce.common.Common_01_Register_Cookies] - Pre-Condition - Step 02: Enter to Firstname textbox with value is 'Leisha'
[13-01-2024 20:18:02.103 INFO com.nopcommerce.common.Common_01_Register_Cookies] - Pre-Condition - Step 03: Enter to Lastname textbox with value is 'Nader'
[13-01-2024 20:18:02.206 INFO com.nopcommerce.common.Common_01_Register_Cookies] - Pre-Condition - Step 04: Enter to Email textbox with value is 'weldon.krajcik@yahoo.com'
[13-01-2024 20:18:02.324 INFO com.nopcommerce.common.Common_01_Register_Cookies] - Pre-Condition - Step 05: Enter to Password textbox with value is '&DC9!!bferp'
[13-01-2024 20:18:02.451 INFO com.nopcommerce.common.Common_01_Register_Cookies] - Pre-Condition - Step 06: Enter to Confirm password textbox with value is '&DC9!!bferp'
[13-01-2024 20:18:02.574 INFO com.nopcommerce.common.Common_01_Register_Cookies] - Pre-Condition - Step 07: Enter to 'Register' button
[13-01-2024 20:18:03.355 INFO com.nopcommerce.common.Common_01_Register_Cookies] - Pre-Condition - Step 08: Verify success message is displayed
[13-01-2024 20:18:03.406 INFO com.nopcommerce.common.Common_01_Register_Cookies] -  -------------------------- PASSED -------------------------- 
[13-01-2024 20:18:03.406 INFO com.nopcommerce.common.Common_01_Register_Cookies] - Pre-Condition - Step 09: Click to Logout link
[13-01-2024 20:18:04.063 INFO com.nopcommerce.common.Common_01_Register_Cookies] - Pre-Condition - Step 10: Navigate to Login page
[13-01-2024 20:18:05.425 INFO com.nopcommerce.common.Common_01_Register_Cookies] - Pre-Condition - Step 11: Enter to Email textbox with value is 'weldon.krajcik@yahoo.com'
[13-01-2024 20:18:05.545 INFO com.nopcommerce.common.Common_01_Register_Cookies] - Pre-Condition - Step 12: Enter to Password textbox with value is '&DC9!!bferp'
[13-01-2024 20:18:05.668 INFO com.nopcommerce.common.Common_01_Register_Cookies] - Pre-Condition - Step 13: Click to Login button
[13-01-2024 20:18:06.441 INFO com.nopcommerce.user.User_06_Wishlist_Compare_Recently_Viewed_Product] - Pre-Condition - Step 01: Open browser 'CHROME'
[13-01-2024 20:18:08.855 INFO com.nopcommerce.user.User_06_Wishlist_Compare_Recently_Viewed_Product] - Pre-condition - Step 02: Navigate to Login page
[13-01-2024 20:18:09.797 INFO com.nopcommerce.user.User_06_Wishlist_Compare_Recently_Viewed_Product] - Pre-condition - Step 03: Set cookie and reload page
[13-01-2024 20:18:13.204 INFO com.nopcommerce.user.User_06_Wishlist_Compare_Recently_Viewed_Product] - Pre-Condition - Step 04: Verify Home page Displayed
[13-01-2024 20:18:13.350 INFO com.nopcommerce.user.User_06_Wishlist_Compare_Recently_Viewed_Product] - Compare_04: Step 01: Click To HomePage icon
[13-01-2024 20:18:13.674 INFO com.nopcommerce.user.User_06_Wishlist_Compare_Recently_Viewed_Product] - Wishlist_01 - Step 01: Click To Product Catelogies on Top Menu: Computers/Notebooks
[13-01-2024 20:18:16.338 INFO com.nopcommerce.user.User_06_Wishlist_Compare_Recently_Viewed_Product] - Wishlist_01: Step 02: Click to product name with value is 'Apple MacBook Pro 13-inch'
[13-01-2024 20:18:16.841 INFO com.nopcommerce.user.User_06_Wishlist_Compare_Recently_Viewed_Product] - Wishlist_01: Step 03: Click To 'Add to wishlist' button
[13-01-2024 20:18:16.941 INFO com.nopcommerce.user.User_06_Wishlist_Compare_Recently_Viewed_Product] - Wishlist_01: Step 04: Verify add to wishlist success message displayed
[13-01-2024 20:18:17.321 INFO com.nopcommerce.user.User_06_Wishlist_Compare_Recently_Viewed_Product] -  -------------------------- PASSED -------------------------- 
[13-01-2024 20:18:17.321 INFO com.nopcommerce.user.User_06_Wishlist_Compare_Recently_Viewed_Product] - Wishlist_01: Step 05: Close success message
[13-01-2024 20:18:20.456 INFO com.nopcommerce.user.User_06_Wishlist_Compare_Recently_Viewed_Product] - Wishlist_01: Step 06: Navigate to 'Wishlist' page
[13-01-2024 20:18:21.049 INFO com.nopcommerce.user.User_06_Wishlist_Compare_Recently_Viewed_Product] - Wishlist_01: Step 07: Verify Wishlist page Displayed
[13-01-2024 20:18:21.087 INFO com.nopcommerce.user.User_06_Wishlist_Compare_Recently_Viewed_Product] -  -------------------------- PASSED -------------------------- 
[13-01-2024 20:18:21.223 INFO com.nopcommerce.user.User_06_Wishlist_Compare_Recently_Viewed_Product] -  -------------------------- PASSED -------------------------- 
[13-01-2024 20:18:21.224 INFO com.nopcommerce.user.User_06_Wishlist_Compare_Recently_Viewed_Product] - Wishlist_01: Step 08: Click to link 'Your wishlist URL for sharing'
[13-01-2024 20:18:21.622 INFO com.nopcommerce.user.User_06_Wishlist_Compare_Recently_Viewed_Product] - Wishlist_01: Step 09: Verify Wishlist share page is displayed
[13-01-2024 20:18:21.658 INFO com.nopcommerce.user.User_06_Wishlist_Compare_Recently_Viewed_Product] -  -------------------------- PASSED -------------------------- 
[13-01-2024 20:18:21.768 INFO com.nopcommerce.user.User_06_Wishlist_Compare_Recently_Viewed_Product] -  -------------------------- PASSED -------------------------- 
[13-01-2024 20:18:21.788 INFO com.nopcommerce.user.User_06_Wishlist_Compare_Recently_Viewed_Product] - Wishlist_02: Step 01: Click To HomePage icon
[13-01-2024 20:18:22.219 INFO com.nopcommerce.user.User_06_Wishlist_Compare_Recently_Viewed_Product] - Wishlist_02: Step 02: Navigate to 'Wishlist' page
[13-01-2024 20:18:22.574 INFO com.nopcommerce.user.User_06_Wishlist_Compare_Recently_Viewed_Product] - Wishlist_02: Step 03: Click to 'Add to cart' checkbox
[13-01-2024 20:18:22.659 INFO com.nopcommerce.user.User_06_Wishlist_Compare_Recently_Viewed_Product] - Wishlist_02: Step 04: Click to 'Add to cart' button
[13-01-2024 20:18:24.243 INFO com.nopcommerce.user.User_06_Wishlist_Compare_Recently_Viewed_Product] - Wishlist_02: Step 05: Verify Shopping cart page is displayed
[13-01-2024 20:18:24.351 INFO com.nopcommerce.user.User_06_Wishlist_Compare_Recently_Viewed_Product] -  -------------------------- PASSED -------------------------- 
[13-01-2024 20:18:24.352 INFO com.nopcommerce.user.User_06_Wishlist_Compare_Recently_Viewed_Product] - Wishlist_02: Step 06: Verify Wishlist quantity is updated (0)
[13-01-2024 20:18:24.428 INFO com.nopcommerce.user.User_06_Wishlist_Compare_Recently_Viewed_Product] -  -------------------------- PASSED -------------------------- 
[13-01-2024 20:18:24.429 INFO com.nopcommerce.user.User_06_Wishlist_Compare_Recently_Viewed_Product] - Wishlist_02: Step 07: Verify Shopping cart quantity is updated (2)
[13-01-2024 20:18:25.524 INFO com.nopcommerce.user.User_06_Wishlist_Compare_Recently_Viewed_Product] -  -------------------------- PASSED -------------------------- 
[13-01-2024 20:18:25.616 INFO com.nopcommerce.user.User_06_Wishlist_Compare_Recently_Viewed_Product] -  -------------------------- PASSED -------------------------- 
[13-01-2024 20:18:25.621 INFO com.nopcommerce.user.User_06_Wishlist_Compare_Recently_Viewed_Product] - Wishlist_03: Step 01: Click To HomePage icon
[13-01-2024 20:18:26.087 INFO com.nopcommerce.user.User_06_Wishlist_Compare_Recently_Viewed_Product] - Wishlist_03 - Step 02: Click To Product Catelogies on Top Menu: Computers/Notebooks
[13-01-2024 20:18:28.712 INFO com.nopcommerce.user.User_06_Wishlist_Compare_Recently_Viewed_Product] - Wishlist_03: Step 03: Click to product name with value is 'Apple MacBook Pro 13-inch'
[13-01-2024 20:18:29.158 INFO com.nopcommerce.user.User_06_Wishlist_Compare_Recently_Viewed_Product] - Wishlist_03: Step 04: Click To 'Add to wishlist' button
[13-01-2024 20:18:29.237 INFO com.nopcommerce.user.User_06_Wishlist_Compare_Recently_Viewed_Product] - Wishlist_03: Step 05: Verify add to wishlist success message displayed
[13-01-2024 20:18:29.557 INFO com.nopcommerce.user.User_06_Wishlist_Compare_Recently_Viewed_Product] -  -------------------------- PASSED -------------------------- 
[13-01-2024 20:18:29.557 INFO com.nopcommerce.user.User_06_Wishlist_Compare_Recently_Viewed_Product] - Wishlist_03: Step 06: Close success message
[13