[20-02-2024 20:58:42.289 INFO com.nopcommerce.common.Common_01_Register_Cookies] - Pre-Condition - Step 01: Navigate to 'Register' page
[20-02-2024 20:58:42.784 INFO com.nopcommerce.common.Common_01_Register_Cookies] - Pre-Condition - Step 02: Enter to Firstname textbox with value is 'Lindsey'
[20-02-2024 20:58:42.920 INFO com.nopcommerce.common.Common_01_Register_Cookies] - Pre-Condition - Step 03: Enter to Lastname textbox with value is 'Botsford'
[20-02-2024 20:58:43.042 INFO com.nopcommerce.common.Common_01_Register_Cookies] - Pre-Condition - Step 04: Enter to Email textbox with value is 'cyril.koelpin@hotmail.com'
[20-02-2024 20:58:43.184 INFO com.nopcommerce.common.Common_01_Register_Cookies] - Pre-Condition - Step 05: Enter to Password textbox with value is '&cau6V%i'
[20-02-2024 20:58:43.316 INFO com.nopcommerce.common.Common_01_Register_Cookies] - Pre-Condition - Step 06: Enter to Confirm password textbox with value is '&cau6V%i'
[20-02-2024 20:58:43.449 INFO com.nopcommerce.common.Common_01_Register_Cookies] - Pre-Condition - Step 07: Enter to 'Register' button
[20-02-2024 20:58:44.115 INFO com.nopcommerce.common.Common_01_Register_Cookies] - Pre-Condition - Step 08: Verify success message is displayed
[20-02-2024 20:58:44.167 INFO com.nopcommerce.common.Common_01_Register_Cookies] -  -------------------------- PASSED -------------------------- 
[20-02-2024 20:58:44.167 INFO com.nopcommerce.common.Common_01_Register_Cookies] - Pre-Condition - Step 09: Click to Logout link
[20-02-2024 20:58:44.538 INFO com.nopcommerce.common.Common_01_Register_Cookies] - Pre-Condition - Step 10: Navigate to Login page
[20-02-2024 20:58:45.215 INFO com.nopcommerce.common.Common_01_Register_Cookies] - Pre-Condition - Step 11: Enter to Email textbox with value is 'cyril.koelpin@hotmail.com'
[20-02-2024 20:58:45.359 INFO com.nopcommerce.common.Common_01_Register_Cookies] - Pre-Condition - Step 12: Enter to Password textbox with value is '&cau6V%i'
[20-02-2024 20:58:45.484 INFO com.nopcommerce.common.Common_01_Register_Cookies] - Pre-Condition - Step 13: Click to Login button
[20-02-2024 20:58:46.184 INFO com.nopcommerce.user.User_07_Order] - Pre-Condition - Step 01: Open browser 'CHROME'
[20-02-2024 20:58:49.166 INFO com.nopcommerce.user.User_07_Order] - Pre-condition - Step 02: Navigate to Login page
[20-02-2024 20:58:50.081 INFO com.nopcommerce.user.User_07_Order] - Pre-condition - Step 03: Set cookie and reload page
[20-02-2024 20:58:53.483 INFO com.nopcommerce.user.User_07_Order] - Pre-Condition - Step 04: Verify Home page Displayed
[20-02-2024 20:58:53.577 INFO com.nopcommerce.user.User_07_Order] - Order_01: Step 01: Click To Product Catelogies on Top Menu: Computers/Desktops
[20-02-2024 20:58:56.885 INFO com.nopcommerce.user.User_07_Order] - Order_01: Step 02: Click to product name with value is 'Build your own computer'
[20-02-2024 20:58:57.317 INFO com.nopcommerce.user.User_07_Order] - Order_01: Step 03: Select item in 'Processor' dropdown is '2.5 GHz Intel Pentium Dual-Core E2200 [+$15.00]'
[20-02-2024 20:58:57.408 INFO com.nopcommerce.user.User_07_Order] - Order_01: Step 04: Select item in 'RAM' dropdown is '8GB [+$60.00]'
[20-02-2024 20:58:57.509 INFO com.nopcommerce.user.User_07_Order] - Order_01: Step 05: Select item in 'HDD' radio button is '400 GB [+$100.00]'
[20-02-2024 20:58:57.594 INFO com.nopcommerce.user.User_07_Order] - Order_01: Step 06: Select item in 'OS' radio button is 'Vista Premium [+$60.00]'
[20-02-2024 20:58:57.669 INFO com.nopcommerce.user.User_07_Order] - Order_01: Step 07: Select item all value at 'Software' checkbox
[20-02-2024 20:58:57.868 INFO com.nopcommerce.user.User_07_Order] - Order_01: Step 08: Get value of price is null
[20-02-2024 20:59:00.954 INFO com.nopcommerce.user.User_07_Order] - Order_01: Step 09: Click to 'Add to cart' button
[20-02-2024 20:59:01.068 INFO com.nopcommerce.user.User_07_Order] - Order_01: Step 10: Verify add to cart success message displayed
[20-02-2024 20:59:01.368 INFO com.nopcommerce.user.User_07_Order] -  -------------------------- PASSED -------------------------- 
[20-02-2024 20:59:01.368 INFO com.nopcommerce.user.User_07_Order] - Order_01: Step 11: Close success message
[20-02-2024 20:59:04.447 INFO com.nopcommerce.user.User_07_Order] - Order_01: Step 12: Verify Shopping cart quantity is updated (1)
[20-02-2024 20:59:04.488 INFO com.nopcommerce.user.User_07_Order] -  -------------------------- PASSED -------------------------- 
[20-02-2024 20:59:04.537 INFO com.nopcommerce.user.User_07_Order] -  -------------------------- PASSED -------------------------- 
[20-02-2024 20:59:04.538 INFO com.nopcommerce.user.User_07_Order] - Order_01: Step 13: Verify the product is displayed in mini shopping cart
[20-02-2024 20:59:10.860 INFO com.nopcommerce.user.User_07_Order] -  -------------------------- PASSED -------------------------- 
[20-02-2024 20:59:10.920 INFO com.nopcommerce.user.User_07_Order] -  -------------------------- PASSED -------------------------- 
[20-02-2024 20:59:10.979 INFO com.nopcommerce.user.User_07_Order] -  -------------------------- PASSED -------------------------- 
[20-02-2024 20:59:11.028 INFO com.nopcommerce.user.User_07_Order] -  -------------------------- PASSED -------------------------- 
[20-02-2024 20:59:11.076 INFO com.nopcommerce.user.User_07_Order] -  -------------------------- PASSED -------------------------- 
[20-02-2024 20:59:11.136 INFO com.nopcommerce.user.User_07_Order] -  -------------------------- PASSED -------------------------- 
[20-02-2024 20:59:11.191 INFO com.nopcommerce.user.User_07_Order] - Order_02: Step 01: Open Shopping cart at header
[20-02-2024 20:59:12.350 INFO com.nopcommerce.user.User_07_Order] - Order_02: Step 02: Verify Shopping cart page is displayed
[20-02-2024 20:59:12.411 INFO com.nopcommerce.user.User_07_Order] -  -------------------------- PASSED -------------------------- 
[20-02-2024 20:59:12.412 INFO com.nopcommerce.user.User_07_Order] - Order_02: Step 03: Click to 'Edit' link
[20-02-2024 20:59:12.808 INFO com.nopcommerce.user.User_07_Order] - Order_02: Step 04: Select item in 'Processor' dropdown is '2.2 GHz Intel Pentium Dual-Core E2200'
[20-02-2024 20:59:12.919 INFO com.nopcommerce.user.User_07_Order] - Order_02: Step 05: Select item in 'RAM' dropdown is '4GB [+$20.00]'
[20-02-2024 20:59:13.024 INFO com.nopcommerce.user.User_07_Order] - Order_02: Step 06: Select item in 'HDD' radio button is '320 GB'
[20-02-2024 20:59:13.095 INFO com.nopcommerce.user.User_07_Order] - Order_02: Step 07: Select item in 'OS' radio button is 'Vista Home [+$50.00]'
[20-02-2024 20:59:13.170 INFO com.nopcommerce.user.User_07_Order] - Order_02: Step 08: Select item all value at 'Software' checkbox
[20-02-2024 20:59:13.375 INFO com.nopcommerce.user.User_07_Order] - Order_02: Step 09: Verify product price is updated with value '$1,320.00'
[20-02-2024 20:59:23.494 INFO com.nopcommerce.user.User_07_Order] -  -------------------------- PASSED -------------------------- 
[20-02-2024 20:59:23.495 INFO com.nopcommerce.user.User_07_Order] - Order_02: Step 10: Get value of price is $1,500.00
[20-02-2024 20:59:23.589 INFO com.nopcommerce.user.User_07_Order] - Order_02: Step 11: Edit product quantiny is 2
[20-02-2024 20:59:23.926 INFO com.nopcommerce.user.User_07_Order] - Order_02: Step 12: Click to 'Update' button
[20-02-2024 20:59:24.122 INFO com.nopcommerce.user.User_07_Order] - Order_02: Step 13: Verify add to cart success message displayed
[20-02-2024 20:59:24.506 INFO com.nopcommerce.user.User_07_Order] -  -------------------------- PASSED -------------------------- 
[20-02-2024 20:59:24.507 INFO com.nopcommerce.user.User_07_Order] - Order_02: Step 14: Close success message
[20-02-2024 20:59:27.636 INFO com.nopcommerce.user.User_07_Order] - Order_02: Step 15: Verify Shopping cart quantity is updated (2)
[20-02-2024 20:59:27.679 INFO com.nopcommerce.user.User_07_Order] -  -------------------------- PASSED -------------------------- 
[20-02-2024 20:59:27.782 INFO com.nopcommerce.user.User_07_Order] -  -------------------------- PASSED -------------------------- 
[20-02-2024 20:59:27.782 I