[13-01-2024 20:08:33.787 INFO com.nopcommerce.common.Common_01_Register_Cookies] - Pre-Condition - Step 01: Navigate to 'Register' page
[13-01-2024 20:08:34.417 INFO com.nopcommerce.common.Common_01_Register_Cookies] - Pre-Condition - Step 02: Enter to Firstname textbox with value is 'Domingo'
[13-01-2024 20:08:34.545 INFO com.nopcommerce.common.Common_01_Register_Cookies] - Pre-Condition - Step 03: Enter to Lastname textbox with value is 'Romaguera'
[13-01-2024 20:08:34.656 INFO com.nopcommerce.common.Common_01_Register_Cookies] - Pre-Condition - Step 04: Enter to Email textbox with value is 'kia.weimann@gmail.com'
[13-01-2024 20:08:34.786 INFO com.nopcommerce.common.Common_01_Register_Cookies] - Pre-Condition - Step 05: Enter to Password textbox with value is 'kMr7acGJ%'
[13-01-2024 20:08:34.903 INFO com.nopcommerce.common.Common_01_Register_Cookies] - Pre-Condition - Step 06: Enter to Confirm password textbox with value is 'kMr7acGJ%'
[13-01-2024 20:08:35.009 INFO com.nopcommerce.common.Common_01_Register_Cookies] - Pre-Condition - Step 07: Enter to 'Register' button
[13-01-2024 20:08:35.812 INFO com.nopcommerce.common.Common_01_Register_Cookies] - Pre-Condition - Step 08: Verify success message is displayed
[13-01-2024 20:08:35.862 INFO com.nopcommerce.common.Common_01_Register_Cookies] -  -------------------------- PASSED -------------------------- 
[13-01-2024 20:08:35.862 INFO com.nopcommerce.common.Common_01_Register_Cookies] - Pre-Condition - Step 09: Click to Logout link
[13-01-2024 20:08:36.359 INFO com.nopcommerce.common.Common_01_Register_Cookies] - Pre-Condition - Step 10: Navigate to Login page
[13-01-2024 20:08:37.196 INFO com.nopcommerce.common.Common_01_Register_Cookies] - Pre-Condition - Step 11: Enter to Email textbox with value is 'kia.weimann@gmail.com'
[13-01-2024 20:08:37.320 INFO com.nopcommerce.common.Common_01_Register_Cookies] - Pre-Condition - Step 12: Enter to Password textbox with value is 'kMr7acGJ%'
[13-01-2024 20:08:37.440 INFO com.nopcommerce.common.Common_01_Register_Cookies] - Pre-Condition - Step 13: Click to Login button
[13-01-2024 20:08:38.296 INFO com.nopcommerce.user.User_06_Wishlist_Compare_Recently_Viewed_Product] - Pre-Condition - Step 01: Open browser 'CHROME'
[13-01-2024 20:08:40.127 INFO com.nopcommerce.user.User_06_Wishlist_Compare_Recently_Viewed_Product] - Pre-condition - Step 02: Navigate to Login page
[13-01-2024 20:08:41.162 INFO com.nopcommerce.user.User_06_Wishlist_Compare_Recently_Viewed_Product] - Pre-condition - Step 03: Set cookie and reload page
[13-01-2024 20:08:44.587 INFO com.nopcommerce.user.User_06_Wishlist_Compare_Recently_Viewed_Product] - Pre-Condition - Step 04: Verify Home page Displayed
[13-01-2024 20:08:44.668 INFO com.nopcommerce.user.User_06_Wishlist_Compare_Recently_Viewed_Product] - Compare_04: Step 01: Click To HomePage icon
[13-01-2024 20:08:44.873 INFO com.nopcommerce.user.User_06_Wishlist_Compare_Recently_Viewed_Product] - View_05: Step 01: Click To HomePage icon
[13-01-2024 20:08:45.063 INFO com.nopcommerce.user.User_06_Wishlist_Compare_Recently_Viewed_Product] - Wishlist_01 - Step 01: Click To Product Catelogies on Top Menu: Computers/Notebooks
[13-01-2024 20:08:47.749 INFO com.nopcommerce.user.User_06_Wishlist_Compare_Recently_Viewed_Product] - Wishlist_01: Step 02: Click to product name with value is 'Apple MacBook Pro 13-inch'
[13-01-2024 20:08:48.299 INFO com.nopcommerce.user.User_06_Wishlist_Compare_Recently_Viewed_Product] - Wishlist_01: Step 03: Click To 'Add to wishlist' button
[13-01-2024 20:08:48.375 INFO com.nopcommerce.user.User_06_Wishlist_Compare_Recently_Viewed_Product] - Wishlist_01: Step 04: Verify add to wishlist success message displayed
[13-01-2024 20:08:48.725 INFO com.nopcommerce.user.User_06_Wishlist_Compare_Recently_Viewed_Product] -  -------------------------- PASSED -------------------------- 
[13-01-2024 20:08:48.725 INFO com.nopcommerce.user.User_06_Wishlist_Compare_Recently_Viewed_Product] - Wishlist_01: Step 05: Close success message
[13-01-2024 20:08:51.864 INFO com.nopcommerce.user.User_06_Wishlist_Compare_Recently_Viewed_Product] - Wishlist_01: Step 06: Navigate to 'Wishlist' page
[13-01-2024 20:08:52.426 INFO com.nopcommerce.user.User_06_Wishlist_Compare_Recently_Viewed_Product] - Wishlist_01: Step 07: Verify Wishlist page Displayed
[13-01-2024 20:08:52.461 INFO com.nopcommerce.user.User_06_Wishlist_Compare_Recently_Viewed_Product] -  -------------------------- PASSED -------------------------- 
[13-01-2024 20:08:52.581 INFO com.nopcommerce.user.User_06_Wishlist_Compare_Recently_Viewed_Product] -  -------------------------- PASSED -------------------------- 
[13-01-2024 20:08:52.582 INFO com.nopcommerce.user.User_06_Wishlist_Compare_Recently_Viewed_Product] - Wishlist_01: Step 08: Click to link 'Your wishlist URL for sharing'
[13-01-2024 20:08:52.994 INFO com.nopcommerce.user.User_06_Wishlist_Compare_Recently_Viewed_Product] - Wishlist_01: Step 09: Verify Wishlist share page is displayed
[13-01-2024 20:08:53.017 INFO com.nopcommerce.user.User_06_Wishlist_Compare_Recently_Viewed_Product] -  -------------------------- PASSED -------------------------- 
[13-01-2024 20:08:53.144 INFO com.nopcommerce.user.User_06_Wishlist_Compare_Recently_Viewed_Product] -  -------------------------- PASSED -------------------------- 
[13-01-2024 20:08:53.159 INFO com.nopcommerce.user.User_06_Wishlist_Compare_Recently_Viewed_Product] - Wishlist_02: Step 01: Click To HomePage icon
[13-01-2024 20:08:53.630 INFO com.nopcommerce.user.User_06_Wishlist_Compare_Recently_Viewed_Product] - Wishlist_02: Step 02: Navigate to 'Wishlist' page
[13-01-2024 20:08:53.990 INFO com.nopcommerce.user.User_06_Wishlist_Compare_Recently_Viewed_Product] - Wishlist_02: Step 03: Click to 'Add to cart' checkbox
[13-01-2024 20:08:54.077 INFO com.nopcommerce.user.User_06_Wishlist_Compare_Recently_Viewed_Product] - Wishlist_02: Step 04: Click to 'Add to cart' button
[13-01-2024 20:08:55.428 INFO com.nopcommerce.user.User_06_Wishlist_Compare_Recently_Viewed_Product] - Wishlist_02: Step 05: Verify Shopping cart page is displayed
[13-01-2024 20:08:55.511 INFO com.nopcommerce.user.User_06_Wishlist_Compare_Recently_Viewed_Product] -  -------------------------- PASSED -------------------------- 
[13-01-2024 20:08:55.511 INFO com.nopcommerce.user.User_06_Wishlist_Compare_Recently_Viewed_Product] - Wishlist_02: Step 06: Verify Wishlist quantity is updated (0)
[13-01-2024 20:08:55.601 INFO com.nopcommerce.user.User_06_Wishlist_Compare_Recently_Viewed_Product] -  -------------------------- PASSED -------------------------- 
[13-01-2024 20:08:55.603 INFO com.nopcommerce.user.User_06_Wishlist_Compare_Recently_Viewed_Product] - Wishlist_02: Step 07: Verify Shopping cart quantity is updated (2)
[13-01-2024 20:08:56.690 INFO com.nopcommerce.user.User_06_Wishlist_Compare_Recently_Viewed_Product] -  -------------------------- PASSED -------------------------- 
[13-01-2024 20:08:56.785 INFO com.nopcommerce.user.User_06_Wishlist_Compare_Recently_Viewed_Product] -  -------------------------- PASSED -------------------------- 
[13-01-2024 20:08:56.789 INFO com.nopcommerce.user.User_06_Wishlist_Compare_Recently_Viewed_Product] - Wishlist_03: Step 01: Click To HomePage icon
[13-01-2024 20:08:57.242 INFO com.nopcommerce.user.User_06_Wishlist_Compare_Recently_Viewed_Product] - Wishlist_03 - Step 02: Click To Product Catelogies on Top Menu: Computers/Notebooks
[13-01-2024 20:09:00.696 INFO com.nopcommerce.user.User_06_Wishlist_Compare_Recently_Viewed_Product] - Wishlist_03: Step 03: Click to product name with value is 'Apple MacBook Pro 13-inch'
[13-01-2024 20:09:01.124 INFO com.nopcommerce.user.User_06_Wishlist_Compare_Recently_Viewed_Product] - Wishlist_03: Step 04: Click To 'Add to wishlist' button
[13-01-2024 20:09:01.225 INFO com.nopcommerce.user.User_06_Wishlist_Compare_Recently_Viewed_Product] - Wishlist_03: Step 05: Verify add to wishlist success message displayed
[13-01-2024 20:09:01.597 INFO com.nopcommerce.user.User_06_Wishlist_Compare_Recently_Viewed_Product] -  -------------------------- PASSED -------------------------- 
[13-01-2024 2