[18-02-2024 00:10:04.514 INFO com.nopcommerce.common.Common_01_Register_Cookies] - Pre-Condition - Step 01: Navigate to 'Register' page
[18-02-2024 00:10:05.166 INFO com.nopcommerce.common.Common_01_Register_Cookies] - Pre-Condition - Step 02: Enter to Firstname textbox with value is 'Sharice'
[18-02-2024 00:10:05.295 INFO com.nopcommerce.common.Common_01_Register_Cookies] - Pre-Condition - Step 03: Enter to Lastname textbox with value is 'Ryan'
[18-02-2024 00:10:05.385 INFO com.nopcommerce.common.Common_01_Register_Cookies] - Pre-Condition - Step 04: Enter to Email textbox with value is 'shawnee.lindgren@hotmail.com'
[18-02-2024 00:10:05.463 INFO com.nopcommerce.common.Common_01_Register_Cookies] - Pre-Condition - Step 05: Enter to Password textbox with value is '8l@F*00#'
[18-02-2024 00:10:05.539 INFO com.nopcommerce.common.Common_01_Register_Cookies] - Pre-Condition - Step 06: Enter to Confirm password textbox with value is '8l@F*00#'
[18-02-2024 00:10:05.616 INFO com.nopcommerce.common.Common_01_Register_Cookies] - Pre-Condition - Step 07: Enter to 'Register' button
[18-02-2024 00:10:06.422 INFO com.nopcommerce.common.Common_01_Register_Cookies] - Pre-Condition - Step 08: Verify success message is displayed
[18-02-2024 00:10:06.487 INFO com.nopcommerce.common.Common_01_Register_Cookies] -  -------------------------- PASSED -------------------------- 
[18-02-2024 00:10:06.487 INFO com.nopcommerce.common.Common_01_Register_Cookies] - Pre-Condition - Step 09: Click to Logout link
[18-02-2024 00:10:06.816 INFO com.nopcommerce.common.Common_01_Register_Cookies] - Pre-Condition - Step 10: Navigate to Login page
[18-02-2024 00:10:07.592 INFO com.nopcommerce.common.Common_01_Register_Cookies] - Pre-Condition - Step 11: Enter to Email textbox with value is 'shawnee.lindgren@hotmail.com'
[18-02-2024 00:10:07.674 INFO com.nopcommerce.common.Common_01_Register_Cookies] - Pre-Condition - Step 12: Enter to Password textbox with value is '8l@F*00#'
[18-02-2024 00:10:07.758 INFO com.nopcommerce.common.Common_01_Register_Cookies] - Pre-Condition - Step 13: Click to Login button
[18-02-2024 00:10:09.029 INFO com.nopcommerce.user.User_07_Order] - Pre-Condition - Step 01: Open browser 'FIREFOX'
[18-02-2024 00:10:11.108 INFO com.nopcommerce.user.User_07_Order] - Pre-condition - Step 02: Navigate to Login page
[18-02-2024 00:10:11.568 INFO com.nopcommerce.user.User_07_Order] - Pre-condition - Step 03: Set cookie and reload page
[18-02-2024 00:10:15.631 INFO com.nopcommerce.user.User_07_Order] - Pre-Condition - Step 04: Verify Home page Displayed
[18-02-2024 00:10:15.726 INFO com.nopcommerce.user.User_07_Order] - Order_01: Step 01: Click To Product Catelogies on Top Menu: Computers/Desktops
[18-02-2024 00:10:17.981 INFO com.nopcommerce.user.User_07_Order] - Order_01: Step 02: Click to product name with value is 'Build your own computer'
[18-02-2024 00:10:19.184 INFO com.nopcommerce.user.User_07_Order] - Order_01: Step 03: Select item in 'Processor' dropdown is '2.5 GHz Intel Pentium Dual-Core E2200 [+$15.00]'
[18-02-2024 00:10:19.279 INFO com.nopcommerce.user.User_07_Order] - Order_01: Step 04: Select item in 'RAM' dropdown is '8GB [+$60.00]'
[18-02-2024 00:10:19.629 INFO com.nopcommerce.user.User_07_Order] - Order_01: Step 05: Select item in 'HDD' radio button is '400 GB [+$100.00]'
[18-02-2024 00:10:19.909 INFO com.nopcommerce.user.User_07_Order] - Order_01: Step 06: Select item in 'OS' radio button is 'Vista Premium [+$60.00]'
[18-02-2024 00:10:20.184 INFO com.nopcommerce.user.User_07_Order] - Order_01: Step 07: Select item all value at 'Software' checkbox
[18-02-2024 00:10:20.809 INFO com.nopcommerce.user.User_07_Order] - Order_01: Step 08: Get value of price is null
[18-02-2024 00:10:23.869 INFO com.nopcommerce.user.User_07_Order] - Order_01: Step 09: Click to 'Add to cart' button
[18-02-2024 00:10:24.136 INFO com.nopcommerce.user.User_07_Order] - Order_01: Step 10: Verify add to cart success message displayed
[18-02-2024 00:10:24.214 INFO com.nopcommerce.user.User_07_Order] -  -------------------------- PASSED -------------------------- 
[18-02-2024 00:10:24.214 INFO com.nopcommerce.user.User_07_Order] - Order_01: Step 11: Close success message
[18-02-2024 00:10:27.475 INFO com.nopcommerce.user.User_07_Order] - Order_01: Step 12: Verify Shopping cart quantity is updated (1)
[18-02-2024 00:10:27.513 INFO com.nopcommerce.user.User_07_Order] -  -------------------------- PASSED -------------------------- 
[18-02-2024 00:10:27.566 INFO com.nopcommerce.user.User_07_Order] -  -------------------------- PASSED -------------------------- 
[18-02-2024 00:10:27.566 INFO com.nopcommerce.user.User_07_Order] - Order_01: Step 13: Verify the product is displayed in mini shopping cart
[18-02-2024 00:10:27.759 INFO com.nopcommerce.user.User_07_Order] - Order_02: Step 01: Open Shopping cart at header
[18-02-2024 00:10:28.207 INFO com.nopcommerce.user.User_07_Order] - Order_02: Step 02: Verify Shopping cart page is displayed
[18-02-2024 00:10:28.293 INFO com.nopcommerce.user.User_07_Order] -  -------------------------- PASSED -------------------------- 
[18-02-2024 00:10:28.293 INFO com.nopcommerce.user.User_07_Order] - Order_02: Step 03: Click to 'Edit' link
[18-02-2024 00:10:29.108 INFO com.nopcommerce.user.User_07_Order] - Order_02: Step 04: Select item in 'Processor' dropdown is '2.2 GHz Intel Pentium Dual-Core E2200'
[18-02-2024 00:10:29.449 INFO com.nopcommerce.user.User_07_Order] - Order_02: Step 05: Select item in 'RAM' dropdown is '4GB [+$20.00]'
[18-02-2024 00:10:29.760 INFO com.nopcommerce.user.User_07_Order] - Order_02: Step 06: Select item in 'HDD' radio button is '320 GB'
[18-02-2024 00:10:30.032 INFO com.nopcommerce.user.User_07_Order] - Order_02: Step 07: Select item in 'OS' radio button is 'Vista Home [+$50.00]'
[18-02-2024 00:10:30.332 INFO com.nopcommerce.user.User_07_Order] - Order_02: Step 08: Select item all value at 'Software' checkbox
[18-02-2024 00:10:30.986 INFO com.nopcommerce.user.User_07_Order] - Order_02: Step 09: Verify product price is updated with value '$1,320.00'
[18-02-2024 00:10:41.053 INFO com.nopcommerce.user.User_07_Order] -  -------------------------- FAILED -------------------------- 
[18-02-2024 00:10:41.053 INFO com.nopcommerce.user.User_07_Order] - Order_02: Step 10: Get value of price is $1,500.00
[18-02-2024 00:10:41.100 INFO com.nopcommerce.user.User_07_Order] - Order_02: Step 11: Edit product quantiny is 2
[18-02-2024 00:10:41.175 INFO com.nopcommerce.user.User_07_Order] - Order_02: Step 12: Click to 'Update' button
[18-02-2024 00:10:41.447 INFO com.nopcommerce.user.User_07_Order] - Order_02: Step 13: Verify add to cart success message displayed
[18-02-2024 00:10:41.528 INFO com.nopcommerce.user.User_07_Order] -  -------------------------- PASSED -------------------------- 
[18-02-2024 00:10:41.528 INFO com.nopcommerce.user.User_07_Order] - Order_02: Step 14: Close success message
[18-02-2024 00:10:44.797 INFO com.nopcommerce.user.User_07_Order] - Order_02: Step 15: Verify Shopping cart quantity is updated (2)
[18-02-2024 00:10:44.834 INFO com.nopcommerce.user.User_07_Order] -  -------------------------- PASSED -------------------------- 
[18-02-2024 00:10:44.901 INFO com.nopcommerce.user.User_07_Order] -  -------------------------- PASSED -------------------------- 
[18-02-2024 00:10:44.901 INFO com.nopcommerce.user.User_07_Order] - Order_02: Step 16: Verify the product is displayed in mini shopping cart
[18-02-2024 00:10:45.076 INFO com.nopcommerce.user.User_07_Order] - Order_03: Step 01: Open Shopping cart at header
[18-02-2024 00:10:45.507 INFO com.nopcommerce.user.User_07_Order] - Order_03: Step 02: Verify Shopping cart page is displayed
[18-02-2024 00:10:45.584 INFO com.nopcommerce.user.User_07_Order] -  -------------------------- PASSED -------------------------- 
[18-02-2024 00:10:45.586 INFO com.nopcommerce.user.User_07_Order] - Order_03: Step 03: Click to 'Remove' button
[18-02-2024 00:10:47.271 INFO com.nopcommerce.user.User_07_Order] - Order_03: Step 04: Verify message is 'Your Shopping Cart is empty!' displayed
[18-02-2024 00:10:47.315 INFO com.nop