[06-01-2024 18:29:00.906 INFO com.nopcommerce.common.Common_01_Register_Cookies] - Pre-Condition - Step 01: Navigate to 'Register' page
[06-01-2024 18:29:02.140 INFO com.nopcommerce.common.Common_01_Register_Cookies] - Pre-Condition - Step 02: Enter to Firstname textbox with value is 'Nicky'
[06-01-2024 18:29:02.275 INFO com.nopcommerce.common.Common_01_Register_Cookies] - Pre-Condition - Step 03: Enter to Lastname textbox with value is 'Moore'
[06-01-2024 18:29:02.386 INFO com.nopcommerce.common.Common_01_Register_Cookies] - Pre-Condition - Step 04: Enter to Email textbox with value is 'romeo.botsford@hotmail.com'
[06-01-2024 18:29:02.510 INFO com.nopcommerce.common.Common_01_Register_Cookies] - Pre-Condition - Step 05: Enter to Password textbox with value is 'o4NWn5hZ*'
[06-01-2024 18:29:02.636 INFO com.nopcommerce.common.Common_01_Register_Cookies] - Pre-Condition - Step 06: Enter to Confirm password textbox with value is 'o4NWn5hZ*'
[06-01-2024 18:29:02.761 INFO com.nopcommerce.common.Common_01_Register_Cookies] - Pre-Condition - Step 07: Enter to 'Register' button
[06-01-2024 18:29:03.411 INFO com.nopcommerce.common.Common_01_Register_Cookies] - Pre-Condition - Step 08: Verify success message is displayed
[06-01-2024 18:29:03.470 INFO com.nopcommerce.common.Common_01_Register_Cookies] -  -------------------------- PASSED -------------------------- 
[06-01-2024 18:29:03.471 INFO com.nopcommerce.common.Common_01_Register_Cookies] - Pre-Condition - Step 09: Click to Logout link
[06-01-2024 18:29:03.882 INFO com.nopcommerce.common.Common_01_Register_Cookies] - Pre-Condition - Step 10: Navigate to Login page
[06-01-2024 18:29:04.624 INFO com.nopcommerce.common.Common_01_Register_Cookies] - Pre-Condition - Step 11: Enter to Email textbox with value is 'romeo.botsford@hotmail.com'
[06-01-2024 18:29:04.744 INFO com.nopcommerce.common.Common_01_Register_Cookies] - Pre-Condition - Step 12: Enter to Password textbox with value is 'o4NWn5hZ*'
[06-01-2024 18:29:04.853 INFO com.nopcommerce.common.Common_01_Register_Cookies] - Pre-Condition - Step 13: Click to Login button
[06-01-2024 18:29:05.504 INFO com.nopcommerce.user.User_05_Sort_Display_Paging] - Pre-Condition - Step 01: Open browser 'CHROME'
[06-01-2024 18:29:07.271 INFO com.nopcommerce.user.User_05_Sort_Display_Paging] - Pre-condition - Step 02: Navigate to Login page
[06-01-2024 18:29:08.269 INFO com.nopcommerce.user.User_05_Sort_Display_Paging] - Pre-condition - Step 03: Set cookie and reload page
[06-01-2024 18:29:11.676 INFO com.nopcommerce.user.User_05_Sort_Display_Paging] - Pre-Condition - Step 04: Verify Home page Displayed
[06-01-2024 18:29:11.843 INFO com.nopcommerce.user.User_05_Sort_Display_Paging] - Sort_Display_01 - Step 01: Click To Product Catelogies on Top Menu: Computers/Notebooks
[06-01-2024 18:29:14.467 INFO com.nopcommerce.user.User_05_Sort_Display_Paging] - Sort_Display_01: Step 02: Click To 'Sort by' dropdown
[06-01-2024 18:29:14.623 INFO com.nopcommerce.user.User_05_Sort_Display_Paging] - Sort_Display_01: Step 03: Click To 'Display per page' dropdown
[06-01-2024 18:29:14.733 INFO com.nopcommerce.user.User_05_Sort_Display_Paging] - Sort_Display_01: Step 04: Products names are sorted in ascending Order
[06-01-2024 18:29:14.784 INFO com.nopcommerce.user.User_05_Sort_Display_Paging] -  -------------------------- PASSED -------------------------- 
[06-01-2024 18:29:14.787 INFO com.nopcommerce.user.User_05_Sort_Display_Paging] - Sort_Display_02 - Step 01: Click To Product Catelogies on Top Menu: Computers/Notebooks
[06-01-2024 18:29:17.324 INFO com.nopcommerce.user.User_05_Sort_Display_Paging] - Sort_Display_02: Step 02: Click To 'Sort by' dropdown
[06-01-2024 18:29:17.440 INFO com.nopcommerce.user.User_05_Sort_Display_Paging] - Sort_Display_02: Step 03: Click To 'Display per page' dropdown
[06-01-2024 18:29:17.573 INFO com.nopcommerce.user.User_05_Sort_Display_Paging] - Sort_Display_02: Step 04: Products names are sorted in ascending Order
[06-01-2024 18:29:18.634 INFO com.nopcommerce.user.User_05_Sort_Display_Paging] -  -------------------------- PASSED -------------------------- 
[06-01-2024 18:29:18.639 INFO com.nopcommerce.user.User_05_Sort_Display_Paging] - Sort_Display_03 - Step 01: Click To Product Catelogies on Top Menu: Computers/Notebooks
[06-01-2024 18:29:21.281 INFO com.nopcommerce.user.User_05_Sort_Display_Paging] - Sort_Display_03: Step 02: Click To 'Sort by' dropdown
[06-01-2024 18:29:21.412 INFO com.nopcommerce.user.User_05_Sort_Display_Paging] - Sort_Display_03: Step 03: Click To 'Display per page' dropdown
[06-01-2024 18:29:21.512 INFO com.nopcommerce.user.User_05_Sort_Display_Paging] - Sort_Display_03: Step 04: Products price is sorted in ascending Order
[06-01-2024 18:29:22.573 INFO com.nopcommerce.user.User_05_Sort_Display_Paging] -  -------------------------- PASSED -------------------------- 
[06-01-2024 18:29:22.576 INFO com.nopcommerce.user.User_05_Sort_Display_Paging] - Sort_Display_04 - Step 01: Click To Product Catelogies on Top Menu: Computers/Notebooks
[06-01-2024 18:29:25.180 INFO com.nopcommerce.user.User_05_Sort_Display_Paging] - Sort_Display_04: Step 02: Click To 'Sort by' dropdown
[06-01-2024 18:29:25.276 INFO com.nopcommerce.user.User_05_Sort_Display_Paging] - Sort_Display_04: Step 03: Click To 'Display per page' dropdown
[06-01-2024 18:29:25.403 INFO com.nopcommerce.user.User_05_Sort_Display_Paging] - Sort_Display_04: Step 04: Products price is sorted in descending Order
[06-01-2024 18:29:26.453 INFO com.nopcommerce.user.User_05_Sort_Display_Paging] -  -------------------------- PASSED -------------------------- 
[06-01-2024 18:29:26.457 INFO com.nopcommerce.user.User_05_Sort_Display_Paging] - Sort_Display_05 - Step 01: Click To Product Catelogies on Top Menu: Computers/Notebooks
[06-01-2024 18:29:29.089 INFO com.nopcommerce.user.User_05_Sort_Display_Paging] - Sort_Display_05: Step 02: Click To 'Display per page' dropdown
[06-01-2024 18:29:29.198 INFO com.nopcommerce.user.User_05_Sort_Display_Paging] - Sort_Display_05: Step 03: Verify Product page size is correct
[06-01-2024 18:29:29.357 INFO com.nopcommerce.user.User_05_Sort_Display_Paging] -  -------------------------- FAILED -------------------------- 
[06-01-2024 18:29:29.358 INFO com.nopcommerce.user.User_05_Sort_Display_Paging] - Sort_Display_05: Step 04: Verify pagination is dispalyed
[06-01-2024 18:29:29.607 INFO com.nopcommerce.user.User_05_Sort_Display_Paging] -  -------------------------- PASSED -------------------------- 
[06-01-2024 18:29:29.609 INFO com.nopcommerce.user.User_05_Sort_Display_Paging] - Sort_Display_05: Step 05: Verify pagination next icon is dispalyed
[06-01-2024 18:29:29.692 INFO com.nopcommerce.user.User_05_Sort_Display_Paging] -  -------------------------- PASSED -------------------------- 
[06-01-2024 18:29:29.692 INFO com.nopcommerce.user.User_05_Sort_Display_Paging] - TC_05_Display: Step 06: Click To Page 2 link
[06-01-2024 18:29:29.812 INFO com.nopcommerce.user.User_05_Sort_Display_Paging] - TC_05_Display: Step 07: Verify pagination Previous icon is dispalyed
[06-01-2024 18:29:30.355 INFO com.nopcommerce.user.User_05_Sort_Display_Paging] -  -------------------------- PASSED -------------------------- 
[06-01-2024 18:29:30.430 INFO com.nopcommerce.user.User_05_Sort_Display_Paging] -  -------------------------- PASSED -------------------------- 
[06-01-2024 18:29:30.723 INFO com.nopcommerce.user.User_05_Sort_Display_Paging] - Post-Condition: Close browser
[06-01-2024 18:29:30.724 INFO com.nopcommerce.user.User_05_Sort_Display_Paging] - OS name = windows 11
[06-01-2024 18:29:30.724 INFO com.nopcommerce.user.User_05_Sort_Display_Paging] - Driver instance name = chromedriver: chrome on windows (591973fad74f03151038e407ec8961e9)
[06-01-2024 18:29:30.944 INFO com.nopcommerce.common.Common_01_Register_Cookies] - OS name = windows 11
[06-01-2024 18:29:30.944 INFO com.nopcommerce.common.Common_01_Register_Cookies] - Driver instance name = chromedriver: chrome on windows (9b3e93696f6fbb2f450a027ef2d8aa6a)
[06-01-2024 18:29:30.946 INFO com.nopcommerce.common.Common_01_Register_Cookies] - java.net.ConnectEx