[20-02-2024 21:26:21.197 INFO com.nopcommerce.common.Common_01_Register_Cookies] - Pre-Condition - Step 01: Navigate to 'Register' page
[20-02-2024 21:26:21.693 INFO com.nopcommerce.common.Common_01_Register_Cookies] - Pre-Condition - Step 02: Enter to Firstname textbox with value is 'Emmie'
[20-02-2024 21:26:21.824 INFO com.nopcommerce.common.Common_01_Register_Cookies] - Pre-Condition - Step 03: Enter to Lastname textbox with value is 'Wunsch'
[20-02-2024 21:26:21.942 INFO com.nopcommerce.common.Common_01_Register_Cookies] - Pre-Condition - Step 04: Enter to Email textbox with value is 'john.rosenbaum@yahoo.com'
[20-02-2024 21:26:22.056 INFO com.nopcommerce.common.Common_01_Register_Cookies] - Pre-Condition - Step 05: Enter to Password textbox with value is 's3T1S%QjX'
[20-02-2024 21:26:22.165 INFO com.nopcommerce.common.Common_01_Register_Cookies] - Pre-Condition - Step 06: Enter to Confirm password textbox with value is 's3T1S%QjX'
[20-02-2024 21:26:22.275 INFO com.nopcommerce.common.Common_01_Register_Cookies] - Pre-Condition - Step 07: Enter to 'Register' button
[20-02-2024 21:26:22.853 INFO com.nopcommerce.common.Common_01_Register_Cookies] - Pre-Condition - Step 08: Verify success message is displayed
[20-02-2024 21:26:22.928 INFO com.nopcommerce.common.Common_01_Register_Cookies] -  -------------------------- PASSED -------------------------- 
[20-02-2024 21:26:22.928 INFO com.nopcommerce.common.Common_01_Register_Cookies] - Pre-Condition - Step 09: Click to Logout link
[20-02-2024 21:26:23.324 INFO com.nopcommerce.common.Common_01_Register_Cookies] - Pre-Condition - Step 10: Navigate to Login page
[20-02-2024 21:26:24.029 INFO com.nopcommerce.common.Common_01_Register_Cookies] - Pre-Condition - Step 11: Enter to Email textbox with value is 'john.rosenbaum@yahoo.com'
[20-02-2024 21:26:24.139 INFO com.nopcommerce.common.Common_01_Register_Cookies] - Pre-Condition - Step 12: Enter to Password textbox with value is 's3T1S%QjX'
[20-02-2024 21:26:24.255 INFO com.nopcommerce.common.Common_01_Register_Cookies] - Pre-Condition - Step 13: Click to Login button
[20-02-2024 21:26:24.974 INFO com.nopcommerce.user.User_07_Order] - Pre-Condition - Step 01: Open browser 'CHROME'
[20-02-2024 21:26:26.808 INFO com.nopcommerce.user.User_07_Order] - Pre-condition - Step 02: Navigate to Login page
[20-02-2024 21:26:27.907 INFO com.nopcommerce.user.User_07_Order] - Pre-condition - Step 03: Set cookie and reload page
[20-02-2024 21:26:31.782 INFO com.nopcommerce.user.User_07_Order] - Pre-Condition - Step 04: Verify Home page Displayed
[20-02-2024 21:26:31.893 INFO com.nopcommerce.user.User_07_Order] - Order_01: Step 01: Click To Product Catelogies on Top Menu: Computers/Desktops
[20-02-2024 21:26:36.269 INFO com.nopcommerce.user.User_07_Order] - Order_01: Step 02: Click to product name with value is 'Build your own computer'
[20-02-2024 21:26:38.840 INFO com.nopcommerce.user.User_07_Order] - Order_01: Step 03: Select item in 'Processor' dropdown is '2.5 GHz Intel Pentium Dual-Core E2200 [+$15.00]'
[20-02-2024 21:26:39.059 INFO com.nopcommerce.user.User_07_Order] - Order_01: Step 04: Select item in 'RAM' dropdown is '8GB [+$60.00]'
[20-02-2024 21:26:39.400 INFO com.nopcommerce.user.User_07_Order] - Order_01: Step 05: Select item in 'HDD' radio button is '400 GB [+$100.00]'
[20-02-2024 21:26:39.611 INFO com.nopcommerce.user.User_07_Order] - Order_01: Step 06: Select item in 'OS' radio button is 'Vista Premium [+$60.00]'
[20-02-2024 21:26:39.854 INFO com.nopcommerce.user.User_07_Order] - Order_01: Step 07: Select item all value at 'Software' checkbox
[20-02-2024 21:26:40.484 INFO com.nopcommerce.user.User_07_Order] - Order_01: Step 08: Get value of price is null
[20-02-2024 21:26:43.598 INFO com.nopcommerce.user.User_07_Order] - Order_01: Step 09: Click to 'Add to cart' button
[20-02-2024 21:26:43.717 INFO com.nopcommerce.user.User_07_Order] - Order_01: Step 10: Verify add to cart success message displayed
[20-02-2024 21:26:44.072 INFO com.nopcommerce.user.User_07_Order] -  -------------------------- PASSED -------------------------- 
[20-02-2024 21:26:44.072 INFO com.nopcommerce.user.User_07_Order] - Order_01: Step 11: Close success message
[20-02-2024 21:26:47.217 INFO com.nopcommerce.user.User_07_Order] - Order_01: Step 12: Verify Shopping cart quantity is updated (1)
[20-02-2024 21:26:47.282 INFO com.nopcommerce.user.User_07_Order] -  -------------------------- PASSED -------------------------- 
[20-02-2024 21:26:47.448 INFO com.nopcommerce.user.User_07_Order] -  -------------------------- PASSED -------------------------- 
[20-02-2024 21:26:47.449 INFO com.nopcommerce.user.User_07_Order] - Order_01: Step 13: Verify the product is displayed in mini shopping cart
[20-02-2024 21:26:53.911 INFO com.nopcommerce.user.User_07_Order] -  -------------------------- PASSED -------------------------- 
[20-02-2024 21:26:54.024 INFO com.nopcommerce.user.User_07_Order] -  -------------------------- PASSED -------------------------- 
[20-02-2024 21:26:54.154 INFO com.nopcommerce.user.User_07_Order] -  -------------------------- PASSED -------------------------- 
[20-02-2024 21:26:54.255 INFO com.nopcommerce.user.User_07_Order] -  -------------------------- PASSED -------------------------- 
[20-02-2024 21:26:54.391 INFO com.nopcommerce.user.User_07_Order] -  -------------------------- PASSED -------------------------- 
[20-02-2024 21:26:54.480 INFO com.nopcommerce.user.User_07_Order] -  -------------------------- PASSED -------------------------- 
[20-02-2024 21:26:54.574 INFO com.nopcommerce.user.User_07_Order] - Order_02: Step 01: Open Shopping cart at header
[20-02-2024 21:26:55.877 INFO com.nopcommerce.user.User_07_Order] - Order_02: Step 02: Verify Shopping cart page is displayed
[20-02-2024 21:26:56.042 INFO com.nopcommerce.user.User_07_Order] -  -------------------------- PASSED -------------------------- 
[20-02-2024 21:26:56.043 INFO com.nopcommerce.user.User_07_Order] - Order_02: Step 03: Click to 'Edit' link
[20-02-2024 21:26:56.537 INFO com.nopcommerce.user.User_07_Order] - Order_02: Step 04: Select item in 'Processor' dropdown is '2.2 GHz Intel Pentium Dual-Core E2200'
[20-02-2024 21:26:56.786 INFO com.nopcommerce.user.User_07_Order] - Order_02: Step 05: Select item in 'RAM' dropdown is '4GB [+$20.00]'
[20-02-2024 21:26:57.142 INFO com.nopcommerce.user.User_07_Order] - Order_02: Step 06: Select item in 'HDD' radio button is '320 GB'
[20-02-2024 21:26:57.417 INFO com.nopcommerce.user.User_07_Order] - Order_02: Step 07: Select item in 'OS' radio button is 'Vista Home [+$50.00]'
[20-02-2024 21:26:57.645 INFO com.nopcommerce.user.User_07_Order] - Order_02: Step 08: Select item all value at 'Software' checkbox
[20-02-2024 21:26:58.286 INFO com.nopcommerce.user.User_07_Order] - Order_02: Step 09: Verify product price is updated with value '$1,320.00'
[20-02-2024 21:27:08.388 INFO com.nopcommerce.user.User_07_Order] -  -------------------------- PASSED -------------------------- 
[20-02-2024 21:27:08.388 INFO com.nopcommerce.user.User_07_Order] - Order_02: Step 10: Get value of price is $1,500.00
[20-02-2024 21:27:08.451 INFO com.nopcommerce.user.User_07_Order] - Order_02: Step 11: Edit product quantiny is 2
[20-02-2024 21:27:08.788 INFO com.nopcommerce.user.User_07_Order] - Order_02: Step 12: Click to 'Update' button
[20-02-2024 21:27:09.032 INFO com.nopcommerce.user.User_07_Order] - Order_02: Step 13: Verify add to cart success message displayed
[20-02-2024 21:27:09.465 INFO com.nopcommerce.user.User_07_Order] -  -------------------------- PASSED -------------------------- 
[20-02-2024 21:27:09.465 INFO com.nopcommerce.user.User_07_Order] - Order_02: Step 14: Close success message
[20-02-2024 21:27:12.604 INFO com.nopcommerce.user.User_07_Order] - Order_02: Step 15: Verify Shopping cart quantity is updated (2)
[20-02-2024 21:27:12.664 INFO com.nopcommerce.user.User_07_Order] -  -------------------------- PASSED -------------------------- 
[20-02-2024 21:27:12.786 INFO com.nopcommerce.user.User_07_Order] -  -------------------------- PASSED -------------------------- 
[20-02-2024 21:27:12.787 INFO com.nopcommerce.user.User_07_Order] - Order_02: Step 16: Verify the product is displayed in mini shopping cart
[20-02-2024 21:27:16.248 INFO com.nopcommerce.user.User_07_Order] -  -------------------------- PASSED -------------------------- 
[20-02-2024 21:27:16.353 INFO com.nopcommerce.user.User_07_Order] -  -------------------------- PASSED -------------------------- 
[20-02-2024 21:27:16.420 INFO com.nopcommerce.user.User_07_Order] -  -------------------------- PASSED -------------------------- 
[20-02-2024 21:27:16.532 INFO com.nopcommerce.user.User_07_Order] -  -------------------------- PASSED -------------------------- 
[20-02-2024 21:27:16.649 INFO com.nopcommerce.user.User_07_Order] -  -------------------------- PASSED -------------------------- 
[20-02-2024 21:27:16.759 INFO com.nopcommerce.user.User_07_Order] -  -------------------------- PASSED -------------------------- 
[20-02-2024 21:27:16.777 INFO com.nopcommerce.user.User_07_Order] - Order_03: Step 01: Open Shopping cart at header
[20-02-2024 21:27:17.331 INFO com.nopcommerce.user.User_07_Order] - Order_03: Step 02: Verify Shopping cart page is displayed
[20-02-2024 21:27:17.514 INFO com.nopcommerce.user.User_07_Order] -  -------------------------- PASSED -------------------------- 
[20-02-2024 21:27:17.515 INFO com.nopcommerce.user.User_07_Order] - Order_03: Step 03: Click to 'Remove' button
[20-02-2024 21:27:18.046 INFO com.nopcommerce.user.User_07_Order] - Order_03: Step 04: Verify message is 'Your Shopping Cart is empty!' displayed
[20-02-2024 21:27:18.114 INFO com.nopcommerce.user.User_07_Order] -  -------------------------- PASSED -------------------------- 
[20-02-2024 21:27:18.114 INFO com.nopcommerce.user.User_07_Order] - Order_03: Step 05: Verify product is not exist in Shopping cart
[20-02-2024 21:27:38.247 INFO com.nopcommerce.user.User_07_Order] -  -------------------------- PASSED -------------------------- 
[20-02-2024 21:27:38.262 INFO com.nopcommerce.user.User_07_Order] - Order_04: Step 01: Click To Product Catelogies on Top Menu: Computers/Desktops
[20-02-2024 21:27:41.697 INFO com.nopcommerce.user.User_07_Order] - Order_04: Step 02: Click to 'Add to cart' button at Lenovo IdeaCentre 600 All-in-One PC
[20-02-2024 21:27:41.941 INFO com.nopcommerce.user.User_07_Order] - Order_04: Step 03: Verify add to cart success message displayed
[20-02-2024 21:27:42.281 INFO com.nopcommerce.user.User_07_Order] -  -------------------------- PASSED -------------------------- 
[20-02-2024 21:27:42.281 INFO com.nopcommerce.user.User_07_Order] - Order_04: Step 04: Close success message
[20-02-2024 21:27:45.462 INFO com.nopcommerce.user.User_07_Order] - Order_04: Step 05: Verify Shopping cart quantity is updated (1)
[20-02-2024 21:27:45.504 INFO com.nopcommerce.user.User_07_Order] -  -------------------------- PASSED -------------------------- 
[20-02-2024 21:27:45.604 INFO com.nopcommerce.user.User_07_Order] -  -------------------------- PASSED -------------------------- 
[20-02-2024 21:27:45.605 INFO com.nopcommerce.user.User_07_Order] - Order_04: Step 06: Open Shopping cart at header
[20-02-2024 21:27:46.756 INFO com.nopcommerce.user.User_07_Order] - Order_04: Step 07: Verify Shopping cart page is displayed
[20-02-2024 21:27:46.815 INFO com.nopcommerce.user.User_07_Order] -  -------------------------- PASSED -------------------------- 
[20-02-2024 21:27:46.816 INFO com.nopcommerce.user.User_07_Order] - Order_04: Step 08: Update product quantity is '5'
[20-02-2024 21:27:46.974 INFO com.nopcommerce.user.User_07_Order] - Order_04: Step 09: Click to 'Update shopping cart' button
[20-02-2024 21:27:47.420 INFO com.nopcommerce.user.User_07_Order] - Order_04: Step 10: Verify product price is updated with value '$2,500.00'
[20-02-2024 21:27:47.498 INFO com.nopcommerce.user.User_07_Order] -  -------------------------- PASSED -------------------------- 
[20-02-2024 21:27:47.508 INFO com.nopcommerce.user.User_07_Order] - Order_05: Step 01: Click to 'Remove' product 'secondDesktopsProduct'
[20-02-2024 21:27:48.476 INFO com.nopcommerce.user.User_07_Order] - Order_05: Step 02: Verify message is 'Your Shopping Cart is empty!' displayed
[20-02-2024 21:27:48.553 INFO com.nopcommerce.user.User_07_Order] -  -------------------------- PASSED -------------------------- 
[20-02-2024 21:27:48.553 INFO com.nopcommerce.user.User_07_Order] - Order_05: Step 03: Click To Product Catelogies on Top Menu: Computers/Notebooks
[20-02-2024 21:27:51.202 INFO com.nopcommerce.user.User_07_Order] - Order_05: Step 04: Click to product name with value is 'Apple MacBook Pro 13-inch'
[20-02-2024 21:27:52.297 INFO com.nopcommerce.user.User_07_Order] - Order_05: Step 05: Click to 'Add To Cart' button at product detail page
[20-02-2024 21:27:52.410 INFO com.nopcommerce.user.User_07_Order] - Order_05: Step 06: Verify add to cart success message displayed
[20-02-2024 21:27:52.742 INFO com.nopcommerce.user.User_07_Order] -  -------------------------- PASSED -------------------------- 
[20-02-2024 21:27:52.743 INFO com.nopcommerce.user.User_07_Order] - Order_05: Step 07: Close success message
[20-02-2024 21:27:55.867 INFO com.nopcommerce.user.User_07_Order] - Order_05: Step 08: Open Shopping cart at header
[20-02-2024 21:27:57.141 INFO com.nopcommerce.user.User_07_Order] - Order_05: Step 09: Select item in 'Gift wrapping' dropdown is 'No'
[20-02-2024 21:27:57.474 INFO com.nopcommerce.user.User_07_Order] - Order_05: Step 10: Check to 'Terms of Service' checkbox
[20-02-2024 21:27:57.787 INFO com.nopcommerce.user.User_07_Order] - Order_05: Step 11: Click to 'Checkout' button
[20-02-2024 21:27:59.055 INFO com.nopcommerce.user.User_07_Order] - Order_05: Step 12: Uncheck to 'ShipToSameAddress' checkbox
[20-02-2024 21:28:01.080 INFO com.nopcommerce.user.User_07_Order] - Order_05: Step 13: Input to 'Billing address' form
[20-02-2024 21:28:02.493 INFO com.nopcommerce.user.User_07_Order] - Order_05: Step 14: Click to 'Continue' button at billing
[20-02-2024 21:28:02.596 INFO com.nopcommerce.user.User_07_Order] - Order_05: Step 15: Select 'Shipping address' method
[20-02-2024 21:28:03.023 INFO com.nopcommerce.user.User_07_Order] - Order_05: Step 16: Input to 'Shipping address' form
[20-02-2024 21:28:04.298 INFO com.nopcommerce.user.User_07_Order] - Order_05: Step 17: Click to 'Continue' button at Shipping address
[20-02-2024 21:28:04.432 INFO com.nopcommerce.user.User_07_Order] - Order_05: Step 18: Check to Radio button in 'Shipping method' with label is 'Ground ($0.00)'
[20-02-2024 21:28:05.026 INFO com.nopcommerce.user.User_07_Order] - Order_05: Step 19: Click to 'Continue' button at Shipping address
[20-02-2024 21:28:05.141 INFO com.nopcommerce.user.User_07_Order] - Order_05: Step 20: Check to Radio button in 'Payment method' with label is 'Check / MoneyOrder'
[20-02-2024 21:28:05.450 INFO com.nopcommerce.user.User_07_Order] - Order_05: Step 21: Click to 'Continue' button at Payment method
[20-02-2024 21:28:05.569 INFO com.nopcommerce.user.User_07_Order] - Order_05: Step 22: Verify Address shipping information
[20-02-2024 21:28:05.905 INFO com.nopcommerce.user.User_07_Order] -  -------------------------- PASSED -------------------------- 
[20-02-2024 21:28:05.905 INFO com.nopcommerce.user.User_07_Order] - Order_05: Step 23: Click to 'Continue' button at Payment information
[20-02-2024 21:28:06.040 INFO com.nopcommerce.user.User_07_Order] - Order_05: Step 24: Verify 'Billing Address' order infor
[20-02-2024 21:28:06.398 INFO com.nopcommerce.user.User_07_Order] -  -------------------------- PASSED -------------------------- 
[20-02-2024 21:28:06.485 INFO com.nopcommerce.user.User_07_Order] -  -------------------------- PASSED -------------------------- 
[20-02-2024 21:28:06.586 INFO com.nopcommerce.user.User_07_Order] -  -------------------------- PASSED -------------------------- 
[20-02-2024 21:28:06.684 INFO com.nopcommerce.user.User_07_Order] -  -------------------------- PASSED -------------------------- 
[20-02-2024 21:28:06.788 INFO com.nopcommerce.user.User_07_Order] -  -------------------------- PASSED -------------------------- 
[20-02-2024 21:28:06.890 INFO com.nopcommerce.user.User_07_Order] -  -------------------------- PASSED -------------------------- 
[20-02-2024 21:28:06.989 INFO com.nopcommerce.user.User_07_Order] -  -------------------------- PASSED -------------------------- 
[20-02-2024 21:28:06.990 INFO com.nopcommerce.user.User_07_Order] - Order_05: Step 25: Verify 'Shipping Address' order infor
[20-02-2024 21:28:07.091 INFO com.nopcommerce.user.User_07_Order] -  -------------------------- PASSED -------------------------- 
[20-02-2024 21:28:07.195 INFO com.nopcommerce.user.User_07_Order] -  -------------------------- PASSED -------------------------- 
[20-02-2024 21:28:07.306 INFO com.nopcommerce.user.User_07_Order] -  -------------------------- PASSED -------------------------- 
[20-02-2024 21:28:07.423 INFO com.nopcommerce.user.User_07_Order] -  -------------------------- PASSED -------------------------- 
[20-02-2024 21:28:07.534 INFO com.nopcommerce.user.User_07_Order] -  -------------------------- PASSED -------------------------- 
[20-02-2024 21:28:07.637 INFO com.nopcommerce.user.User_07_Order] -  -------------------------- PASSED -------------------------- 
[20-02-2024 21:28:07.690 INFO com.nopcommerce.user.User_07_Order] -  -------------------------- PASSED -------------------------- 
[20-02-2024 21:28:07.690 INFO com.nopcommerce.user.User_07_Order] - Order_05: Step 26: Verify 'Payment Method' oder infor
[20-02-2024 21:28:07.745 INFO com.nopcommerce.user.User_07_Order] -  -------------------------- PASSED -------------------------- 
[20-02-2024 21:28:07.745 INFO com.nopcommerce.user.User_07_Order] - Order_05: Step 27: Verify 'Shipping Method' oder infor
[20-02-2024 21:28:07.846 INFO com.nopcommerce.user.User_07_Order] -  -------------------------- PASSED -------------------------- 
[20-02-2024 21:28:07.847 INFO com.nopcommerce.user.User_07_Order] - Order_05: Step 27: Verify The product order infor
[20-02-2024 21:28:07.924 INFO com.nopcommerce.user.User_07_Order] -  -------------------------- PASSED -------------------------- 
[20-02-2024 21:28:07.973 INFO com.nopcommerce.user.User_07_Order] -  -------------------------- PASSED -------------------------- 
[20-02-2024 21:28:08.034 INFO com.nopcommerce.user.User_07_Order] -  -------------------------- PASSED -------------------------- 
[20-02-2024 21:28:08.133 INFO com.nopcommerce.user.User_07_Order] -  -------------------------- PASSED -------------------------- 
[20-02-2024 21:28:08.239 INFO com.nopcommerce.user.User_07_Order] -  -------------------------- PASSED -------------------------- 
[20-02-2024 21:28:08.241 INFO com.nopcommerce.user.User_07_Order] - Order_05:  Step 28: Verify The sumary price order list
[20-02-2024 21:28:08.337 INFO com.nopcommerce.user.User_07_Order] -  -------------------------- PASSED -------------------------- 
[20-02-2024 21:28:08.425 INFO com.nopcommerce.user.User_07_Order] -  -------------------------- PASSED -------------------------- 
[20-02-2024 21:28:08.525 INFO com.nopcommerce.user.User_07_Order] -  -------------------------- PASSED -------------------------- 
[20-02-2024 21:28:08.621 INFO com.nopcommerce.user.User_07_Order] -  -------------------------- PASSED -------------------------- 
[20-02-2024 21:28:08.621 INFO com.nopcommerce.user.User_07_Order] - Order_05: Step 29: Click to 'Confirm' button
[20-02-2024 21:28:08.784 INFO com.nopcommerce.user.User_07_Order] - Order_05: Step 30: Verify Product order completed infor
[20-02-2024 21:28:10.869 INFO com.nopcommerce.user.User_07_Order] -  -------------------------- PASSED -------------------------- 
[20-02-2024 21:28:10.912 INFO com.nopcommerce.user.User_07_Order] -  -------------------------- PASSED -------------------------- 
[20-02-2024 21:28:11.026 INFO com.nopcommerce.user.User_07_Order] -  -------------------------- PASSED -------------------------- 
[20-02-2024 21:28:11.027 INFO com.nopcommerce.user.User_07_Order] - Order_05: Step 31: Click to Oder Completed 'Continue' button
[20-02-2024 21:28:11.559 INFO com.nopcommerce.user.User_07_Order] - Order_05: Step 32: Click to 'My Account' link
[20-02-2024 21:28:12.075 INFO com.nopcommerce.user.User_07_Order] - Order_05: Step 33: Navigate to 'Orders' area at My Account page
[20-02-2024 21:28:13.171 INFO com.nopcommerce.user.User_07_Order] - Order_05: Step 34: Verify text 'Order Number: 1038' displayed
[20-02-2024 21:28:13.259 INFO com.nopcommerce.user.User_07_Order] - Order_05: Step 35: Click to 'Details' button
[20-02-2024 21:28:13.689 INFO com.nopcommerce.user.User_07_Order] - Order_05: Step 36: Verify 'order-overview' infor
[20-02-2024 21:28:13.752 INFO com.nopcommerce.user.User_07_Order] -  -------------------------- PASSED -------------------------- 
[20-02-2024 21:28:13.876 INFO com.nopcommerce.user.User_07_Order] -  -------------------------- PASSED -------------------------- 
[20-02-2024 21:28:13.917 INFO com.nopcommerce.user.User_07_Order] -  -------------------------- PASSED -------------------------- 
[20-02-2024 21:28:13.976 INFO com.nopcommerce.user.User_07_Order] -  -------------------------- PASSED -------------------------- 
[20-02-2024 21:28:13.976 INFO com.nopcommerce.user.User_07_Order] - Order_05: Step 37: Verify 'Billing Address' order infor
[20-02-2024 21:28:14.078 INFO com.nopcommerce.user.User_07_Order] -  -------------------------- PASSED -------------------------- 
[20-02-2024 21:28:14.168 INFO com.nopcommerce.user.User_07_Order] -  -------------------------- PASSED -------------------------- 
[20-02-2024 21:28:14.217 INFO com.nopcommerce.user.User_07_Order] -  -------------------------- PASSED -------------------------- 
[20-02-2024 21:28:14.268 INFO com.nopcommerce.user.User_07_Order] -  -------------------------- PASSED -------------------------- 
[20-02-2024 21:28:14.321 INFO com.nopcommerce.user.User_07_Order] -  -------------------------- PASSED -------------------------- 
[20-02-2024 21:28:14.428 INFO com.nopcommerce.user.User_07_Order] -  -------------------------- PASSED -------------------------- 
[20-02-2024 21:28:14.534 INFO com.nopcommerce.user.User_07_Order] -  -------------------------- PASSED -------------------------- 
[20-02-2024 21:28:14.534 INFO com.nopcommerce.user.User_07_Order] - Order_05: Step 38: Verify 'Shipping Address' order infor
[20-02-2024 21:28:14.623 INFO com.nopcommerce.user.User_07_Order] -  -------------------------- PASSED -------------------------- 
[20-02-2024 21:28:14.672 INFO com.nopcommerce.user.User_07_Order] -  -------------------------- PASSED -------------------------- 
[20-02-2024 21:28:14.728 INFO com.nopcommerce.user.User_07_Order] -  -------------------------- PASSED -------------------------- 
[20-02-2024 21:28:14.796 INFO com.nopcommerce.user.User_07_Order] -  -------------------------- PASSED -------------------------- 
[20-02-2024 21:28:14.856 INFO com.nopcommerce.user.User_07_Order] -  -------------------------- PASSED -------------------------- 
[20-02-2024 21:28:14.948 INFO com.nopcommerce.user.User_07_Order] -  -------------------------- PASSED -------------------------- 
[20-02-2024 21:28:15.022 INFO com.nopcommerce.user.User_07_Order] -  -------------------------- PASSED -------------------------- 
[20-02-2024 21:28:15.023 INFO com.nopcommerce.user.User_07_Order] - Order_05: Step 39: Verify 'Payment Method' oder infor
[20-02-2024 21:28:15.103 INFO com.nopcommerce.user.User_07_Order] -  -------------------------- PASSED -------------------------- 
[20-02-2024 21:28:15.197 INFO com.nopcommerce.user.User_07_Order] -  -------------------------- PASSED -------------------------- 
[20-02-2024 21:28:15.197 INFO com.nopcommerce.user.User_07_Order] - Order_05: Step 40: Verify 'Shipping Method' oder infor
[20-02-2024 21:28:15.269 INFO com.nopcommerce.user.User_07_Order] -  -------------------------- PASSED -------------------------- 
[20-02-2024 21:28:15.339 INFO com.nopcommerce.user.User_07_Order] -  -------------------------- PASSED -------------------------- 
[20-02-2024 21:28:15.339 INFO com.nopcommerce.user.User_07_Order] - Order_05: Step 41: Verify The product order infor
[20-02-2024 21:28:15.425 INFO com.nopcommerce.user.User_07_Order] -  -------------------------- PASSED -------------------------- 
[20-02-2024 21:28:15.533 INFO com.nopcommerce.user.User_07_Order] -  -------------------------- PASSED -------------------------- 
[20-02-2024 21:28:15.639 INFO com.nopcommerce.user.User_07_Order] -  -------------------------- PASSED -------------------------- 
[20-02-2024 21:28:15.716 INFO com.nopcommerce.user.User_07_Order] -  -------------------------- PASSED -------------------------- 
[20-02-2024 21:28:15.792 INFO com.nopcommerce.user.User_07_Order] -  -------------------------- PASSED -------------------------- 
[20-02-2024 21:28:15.792 INFO com.nopcommerce.user.User_07_Order] - Order_05: Step 42: Verify The sumary price order list
[20-02-2024 21:28:15.894 INFO com.nopcommerce.user.User_07_Order] -  -------------------------- PASSED -------------------------- 
[20-02-2024 21:28:15.967 INFO com.nopcommerce.user.User_07_Order] -  -------------------------- PASSED -------------------------- 
[20-02-2024 21:28:16.024 INFO com.nopcommerce.user.User_07_Order] -  -------------------------- PASSED -------------------------- 
[20-02-2024 21:28:16.128 INFO com.nopcommerce.user.User_07_Order] -  -------------------------- PASSED -------------------------- 
[20-02-2024 21:28:16.141 INFO com.nopcommerce.user.User_07_Order] - Order_06: Step 01: Navigate to Homepage
[20-02-2024 21:28:16.531 INFO com.nopcommerce.user.User_07_Order] - Order_06: Step 02: Click To Product Catelogies on Top Menu: Computers/Notebooks
[20-02-2024 21:28:19.819 INFO com.nopcommerce.user.User_07_Order] - Order_06: Step 03: Click to product name with value is 'Apple MacBook Pro 13-inch'
[20-02-2024 21:28:20.212 INFO com.nopcommerce.user.User_07_Order] - Order_06: Step 04: Click to 'Add To Cart' button at product detail page
[20-02-2024 21:28:20.318 INFO com.nopcommerce.user.User_07_Order] - Order_06: Step 05: Verify add to cart success message displayed
[20-02-2024 21:28:20.632 INFO com.nopcommerce.user.User_07_Order] -  -------------------------- PASSED -------------------------- 
[20-02-2024 21:28:20.632 INFO com.nopcommerce.user.User_07_Order] - Order_06: Step 06: Close success message
[20-02-2024 21:28:23.734 INFO com.nopcommerce.user.User_07_Order] - Order_06: Step 07: Open Shopping cart at header
[20-02-2024 21:28:24.161 INFO com.nopcommerce.user.User_07_Order] - Order_06: Step 08: Select item in 'Gift wrapping' dropdown is 'No'
[20-02-2024 21:28:24.249 INFO com.nopcommerce.user.User_07_Order] - Order_06: Step 09: Check to 'Terms of Service' checkbox
[20-02-2024 21:28:24.354 INFO com.nopcommerce.user.User_07_Order] - Order_06: Step 10: Click to 'Checkout' button
[20-02-2024 21:28:25.176 INFO com.nopcommerce.user.User_07_Order] - Order_06: Step 11: Uncheck to 'ShipToSameAddress' checkbox
[20-02-2024 21:28:25.275 INFO com.nopcommerce.user.User_07_Order] - Order_06: Step 12: Click to 'Edit' button
[20-02-2024 21:28:25.361 INFO com.nopcommerce.user.User_07_Order] - Order_06: Step 13: Input to 'Billing address' form
[20-02-2024 21:28:27.193 INFO com.nopcommerce.user.User_07_Order] - Order_06: Step 14: Click to 'Continue' button at billing
[20-02-2024 21:28:27.303 INFO com.nopcommerce.user.User_07_Order] - Order_06: Step 15: Select 'Shipping address' method
[20-02-2024 21:28:27.685 INFO com.nopcommerce.user.User_07_Order] - Order_06: Step 16: Input to 'Shipping address' form
[20-02-2024 21:28:28.928 INFO com.nopcommerce.user.User_07_Order] - Order_06: Step 17: Click to 'Continue' button at Shipping address
[20-02-2024 21:28:29.014 INFO com.nopcommerce.user.User_07_Order] - Order_06: Step 18: Check to Radio button in 'Shipping method' with label is 'Ground ($0.00)'
[20-02-2024 21:28:29.307 INFO com.nopcommerce.user.User_07_Order] - Order_06: Step 19: Click to 'Continue' button at Shipping address
[20-02-2024 21:28:29.416 INFO com.nopcommerce.user.User_07_Order] - Order_06: Step 20: Check to Radio button in 'Payment method' with label is 'Credit Card'
[20-02-2024 21:28:29.820 INFO com.nopcommerce.user.User_07_Order] - Order_06: Step 21: Click to 'Continue' button at Payment method
[20-02-2024 21:28:29.933 INFO com.nopcommerce.user.User_07_Order] - Order_06: Step 21: Select credit card type
[20-02-2024 21:28:30.372 INFO com.nopcommerce.user.User_07_Order] - Order_06: Step 21: Select credit card type
[20-02-2024 21:28:30.515 INFO com.nopcommerce.user.User_07_Order] - Order_06: Step 22: Input into Cardholder name textbox with value is 'AUTOMATION FC'
[20-02-2024 21:28:30.643 INFO com.nopcommerce.user.User_07_Order] - Order_06: Step 23: Input into Card number textbox with value is '374245455400126'
[20-02-2024 21:28:30.768 INFO com.nopcommerce.user.User_07_Order] - Order_06: Step 24: Input into Card code textbox with value is '123'
[20-02-2024 21:28:30.941 INFO com.nopcommerce.user.User_07_Order] - Order_06: Step 25: Select item in Expire Month dropdown with value is '05'
[20-02-2024 21:28:31.121 INFO com.nopcommerce.user.User_07_Order] - Order_06: Step 26: Select item in Expire Year dropdown with value is '2025'
[20-02-2024 21:28:31.231 INFO com.nopcommerce.user.User_07_Order] - Order_06: Step 27: Input into Card code textbox with value is '123'
[20-02-2024 21:28:31.414 INFO com.nopcommerce.user.User_07_Order] - Order_06: Step 28: Click to 'Continue' button at Payment information
[20-02-2024 21:28:31.523 INFO com.nopcommerce.user.User_07_Order] - Order_06: Step 29: Verify 'Billing Address' order infor
[20-02-2024 21:28:31.888 INFO com.nopcommerce.user.User_07_Order] -  -------------------------- PASSED -------------------------- 
[20-02-2024 21:28:31.988 INFO com.nopcommerce.user.User_07_Order] -  -------------------------- PASSED -------------------------- 
[20-02-2024 21:28:32.041 INFO com.nopcommerce.user.User_07_Order] -  -------------------------- PASSED -------------------------- 
[20-02-2024 21:28:32.112 INFO com.nopcommerce.user.User_07_Order] -  -------------------------- PASSED -------------------------- 
[20-02-2024 21:28:32.188 INFO com.nopcommerce.user.User_07_Order] -  -------------------------- PASSED -------------------------- 
[20-02-2024 21:28:32.294 INFO com.nopcommerce.user.User_07_Order] -  -------------------------- PASSED -------------------------- 
[20-02-2024 21:28:32.372 INFO com.nopcommerce.user.User_07_Order] -  -------------------------- PASSED -------------------------- 
[20-02-2024 21:28:32.372 INFO com.nopcommerce.user.User_07_Order] - Order_06: Step 30: Verify 'Shipping Address' order infor
[20-02-2024 21:28:32.447 INFO com.nopcommerce.user.User_07_Order] -  -------------------------- PASSED -------------------------- 
[20-02-2024 21:28:32.529 INFO com.nopcommerce.user.User_07_Order] -  -------------------------- PASSED -------------------------- 
[20-02-2024 21:28:32.627 INFO com.nopcommerce.user.User_07_Order] -  -------------------------- PASSED -------------------------- 
[20-02-2024 21:28:32.679 INFO com.nopcommerce.user.User_07_Order] -  -------------------------- PASSED -------------------------- 
[20-02-2024 21:28:32.731 INFO com.nopcommerce.user.User_07_Order] -  -------------------------- PASSED -------------------------- 
[20-02-2024 21:28:32.792 INFO com.nopcommerce.user.User_07_Order] -  -------------------------- PASSED -------------------------- 
[20-02-2024 21:28:32.872 INFO com.nopcommerce.user.User_07_Order] -  -------------------------- PASSED -------------------------- 
[20-02-2024 21:28:32.872 INFO com.nopcommerce.user.User_07_Order] - Order_06: Step 31: Verify 'Payment Method' oder infor
[20-02-2024 21:28:32.967 INFO com.nopcommerce.user.User_07_Order] -  -------------------------- PASSED -------------------------- 
[20-02-2024 21:28:32.967 INFO com.nopcommerce.user.User_07_Order] - Order_06: Step 32: Verify 'Shipping Method' oder infor
[20-02-2024 21:28:33.047 INFO com.nopcommerce.user.User_07_Order] -  -------------------------- PASSED -------------------------- 
[20-02-2024 21:28:33.047 INFO com.nopcommerce.user.User_07_Order] - Order_06: Step 33: Verify The product order infor
[20-02-2024 21:28:33.171 INFO com.nopcommerce.user.User_07_Order] -  -------------------------- PASSED -------------------------- 
[20-02-2024 21:28:33.273 INFO com.nopcommerce.user.User_07_Order] -  -------------------------- PASSED -------------------------- 
[20-02-2024 21:28:33.385 INFO com.nopcommerce.user.User_07_Order] -  -------------------------- PASSED -------------------------- 
[20-02-2024 21:28:33.451 INFO com.nopcommerce.user.User_07_Order] -  -------------------------- PASSED -------------------------- 
[20-02-2024 21:28:33.511 INFO com.nopcommerce.user.User_07_Order] -  -------------------------- PASSED -------------------------- 
[20-02-2024 21:28:33.512 INFO com.nopcommerce.user.User_07_Order] - Order_06:  Step 34: Verify The sumary price order list
[20-02-2024 21:28:33.608 INFO com.nopcommerce.user.User_07_Order] -  -------------------------- PASSED -------------------------- 
[20-02-2024 21:28:33.700 INFO com.nopcommerce.user.User_07_Order] -  -------------------------- PASSED -------------------------- 
[20-02-2024 21:28:33.806 INFO com.nopcommerce.user.User_07_Order] -  -------------------------- PASSED -------------------------- 
[20-02-2024 21:28:33.917 INFO com.nopcommerce.user.User_07_Order] -  -------------------------- PASSED -------------------------- 
[20-02-2024 21:28:41.919 INFO com.nopcommerce.user.User_07_Order] - Order_06: Step 35: Click to 'Confirm' button
[20-02-2024 21:28:42.151 INFO com.nopcommerce.user.User_07_Order] - Order_06: Step 36: Verify Product order completed infor
[20-02-2024 21:28:45.292 INFO com.nopcommerce.user.User_07_Order] -  -------------------------- PASSED -------------------------- 
[20-02-2024 21:28:45.420 INFO com.nopcommerce.user.User_07_Order] -  -------------------------- PASSED -------------------------- 
[20-02-2024 21:28:45.664 INFO com.nopcommerce.user.User_07_Order] -  -------------------------- PASSED -------------------------- 
[20-02-2024 21:28:45.664 INFO com.nopcommerce.user.User_07_Order] - Order_06: Step 37: Click to Oder Completed 'Continue' button
[20-02-2024 21:28:46.258 INFO com.nopcommerce.user.User_07_Order] - Order_06: Step 38: Click to 'My Account' link
[20-02-2024 21:28:46.890 INFO com.nopcommerce.user.User_07_Order] - Order_06: Step 39: Navigate to 'Orders' area at My Account page
[20-02-2024 21:28:47.452 INFO com.nopcommerce.user.User_07_Order] - Order_06: Step 40: Verify text 'Order Number: 1039' displayed
[20-02-2024 21:28:47.626 INFO com.nopcommerce.user.User_07_Order] -  -------------------------- PASSED -------------------------- 
[20-02-2024 21:28:47.627 INFO com.nopcommerce.user.User_07_Order] - Order_06: Step 41: Click to 'Details' button
[20-02-2024 21:28:48.299 INFO com.nopcommerce.user.User_07_Order] - Order_06: Step 42: Verify 'order-overview' infor
[20-02-2024 21:28:48.353 INFO com.nopcommerce.user.User_07_Order] -  -------------------------- PASSED -------------------------- 
[20-02-2024 21:28:48.407 INFO com.nopcommerce.user.User_07_Order] -  -------------------------- PASSED -------------------------- 
[20-02-2024 21:28:48.519 INFO com.nopcommerce.user.User_07_Order] -  -------------------------- PASSED -------------------------- 
[20-02-2024 21:28:48.633 INFO com.nopcommerce.user.User_07_Order] -  -------------------------- PASSED -------------------------- 
[20-02-2024 21:28:48.633 INFO com.nopcommerce.user.User_07_Order] - Order_06: Step 43: Verify 'Billing Address' order infor
[20-02-2024 21:28:48.751 INFO com.nopcommerce.user.User_07_Order] -  -------------------------- PASSED -------------------------- 
[20-02-2024 21:28:48.829 INFO com.nopcommerce.user.User_07_Order] -  -------------------------- PASSED -------------------------- 
[20-02-2024 21:28:48.924 INFO com.nopcommerce.user.User_07_Order] -  -------------------------- PASSED -------------------------- 
[20-02-2024 21:28:49.037 INFO com.nopcommerce.user.User_07_Order] -  -------------------------- PASSED -------------------------- 
[20-02-2024 21:28:49.156 INFO com.nopcommerce.user.User_07_Order] -  -------------------------- PASSED -------------------------- 
[20-02-2024 21:28:49.268 INFO com.nopcommerce.user.User_07_Order] -  -------------------------- PASSED -------------------------- 
[20-02-2024 21:28:49.384 INFO com.nopcommerce.user.User_07_Order] -  -------------------------- PASSED -------------------------- 
[20-02-2024 21:28:49.386 INFO com.nopcommerce.user.User_07_Order] - Order_06: Step 44: Verify 'Shipping Address' order infor
[20-02-2024 21:28:49.450 INFO com.nopcommerce.user.User_07_Order] -  -------------------------- PASSED -------------------------- 
[20-02-2024 21:28:49.499 INFO com.nopcommerce.user.User_07_Order] -  -------------------------- PASSED -------------------------- 
[20-02-2024 21:28:49.556 INFO com.nopcommerce.user.User_07_Order] -  -------------------------- PASSED -------------------------- 
[20-02-2024 21:28:49.652 INFO com.nopcommerce.user.User_07_Order] -  -------------------------- PASSED -------------------------- 
[20-02-2024 21:28:49.759 INFO com.nopcommerce.user.User_07_Order] -  -------------------------- PASSED -------------------------- 
[20-02-2024 21:28:49.854 INFO com.nopcommerce.user.User_07_Order] -  -------------------------- PASSED -------------------------- 
[20-02-2024 21:28:49.904 INFO com.nopcommerce.user.User_07_Order] -  -------------------------- PASSED -------------------------- 
[20-02-2024 21:28:49.904 INFO com.nopcommerce.user.User_07_Order] - Order_06: Step 45: Verify 'Payment Method' oder infor
[20-02-2024 21:28:49.982 INFO com.nopcommerce.user.User_07_Order] -  -------------------------- PASSED -------------------------- 
[20-02-2024 21:28:50.068 INFO com.nopcommerce.user.User_07_Order] -  -------------------------- PASSED -------------------------- 
[20-02-2024 21:28:50.069 INFO com.nopcommerce.user.User_07_Order] - Order_06: Step 46: Verify 'Shipping Method' oder infor
[20-02-2024 21:28:50.181 INFO com.nopcommerce.user.User_07_Order] -  -------------------------- PASSED -------------------------- 
[20-02-2024 21:28:50.307 INFO com.nopcommerce.user.User_07_Order] -  -------------------------- PASSED -------------------------- 
[20-02-2024 21:28:50.307 INFO com.nopcommerce.user.User_07_Order] - Order_06: Step 47: Verify The product order infor
[20-02-2024 21:28:50.425 INFO com.nopcommerce.user.User_07_Order] -  -------------------------- PASSED -------------------------- 
[20-02-2024 21:28:50.541 INFO com.nopcommerce.user.User_07_Order] -  -------------------------- PASSED -------------------------- 
[20-02-2024 21:28:50.680 INFO com.nopcommerce.user.User_07_Order] -  -------------------------- PASSED -------------------------- 
[20-02-2024 21:28:50.802 INFO com.nopcommerce.user.User_07_Order] -  -------------------------- PASSED -------------------------- 
[20-02-2024 21:28:50.918 INFO com.nopcommerce.user.User_07_Order] -  -------------------------- PASSED -------------------------- 
[20-02-2024 21:28:50.919 INFO com.nopcommerce.user.User_07_Order] - Order_06: Step 48: Verify The sumary price order list
[20-02-2024 21:28:51.036 INFO com.nopcommerce.user.User_07_Order] -  -------------------------- PASSED -------------------------- 
[20-02-2024 21:28:51.158 INFO com.nopcommerce.user.User_07_Order] -  -------------------------- PASSED -------------------------- 
[20-02-2024 21:28:51.271 INFO com.nopcommerce.user.User_07_Order] -  -------------------------- PASSED -------------------------- 
[20-02-2024 21:28:51.392 INFO com.nopcommerce.user.User_07_Order] -  -------------------------- PASSED -------------------------- 
[20-02-2024 21:28:51.409 INFO com.nopcommerce.user.User_07_Order] - Order_07: Step 01: Navigate to Homepage
[20-02-2024 21:28:51.880 INFO com.nopcommerce.user.User_07_Order] - Order_07: Step 02: Click to 'My Account' link
[20-02-2024 21:28:52.637 INFO com.nopcommerce.user.User_07_Order] - Order_07: Step 03: Navigate to 'Orders' area at My Account page
[20-02-2024 21:28:53.006 INFO com.nopcommerce.user.User_07_Order] - Order_07: Step 04: Verify text 'Order Number: 1039' displayed
[20-02-2024 21:28:53.078 INFO com.nopcommerce.user.User_07_Order] - Order_07: Step 05: Click to 'Details' button
[20-02-2024 21:28:53.469 INFO com.nopcommerce.user.User_07_Order] - Order_07: Step 06: Click to 'Re-order' button
[20-02-2024 21:28:54.644 INFO com.nopcommerce.user.User_07_Order] - Order_07: Step 07: Update product quantity is '10'
[20-02-2024 21:28:54.792 INFO com.nopcommerce.user.User_07_Order] - Order_07: Step 08: Click to 'Update shopping cart' button
[20-02-2024 21:28:55.196 INFO com.nopcommerce.user.User_07_Order] - Order_07: Step 09: Select item in 'Gift wrapping' dropdown is 'No'
[20-02-2024 21:28:55.288 INFO com.nopcommerce.user.User_07_Order] - Order_07: Step 10: Check to 'Terms of Service' checkbox
[20-02-2024 21:28:55.385 INFO com.nopcommerce.user.User_07_Order] - Order_07: Step 11: Click to 'Checkout' button
[20-02-2024 21:28:56.221 INFO com.nopcommerce.user.User_07_Order] - Order_07: Step 12: Uncheck to 'ShipToSameAddress' checkbox
[20-02-2024 21:28:56.322 INFO com.nopcommerce.user.User_07_Order] - Order_07: Step 13: Click to 'Edit' button
[20-02-2024 21:28:56.397 INFO com.nopcommerce.user.User_07_Order] - Order_07: Step 14: Input to 'Billing address' form
[20-02-2024 21:28:58.230 INFO com.nopcommerce.user.User_07_Order] - Order_07: Step 15: Click to 'Continue' button at billing
[20-02-2024 21:28:58.323 INFO com.nopcommerce.user.User_07_Order] - Order_07: Step 16: Select 'Shipping address' method
[20-02-2024 21:28:58.718 INFO com.nopcommerce.user.User_07_Order] - Order_07: Step 17: Input to 'Shipping address' form
[20-02-2024 21:29:00.029 INFO com.nopcommerce.user.User_07_Order] - Order_07: Step 18: Click to 'Continue' button at Shipping address
[20-02-2024 21:29:00.105 INFO com.nopcommerce.user.User_07_Order] - Order_07: Step 19: Check to Radio button in 'Shipping method' with label is 'Next Day Air ($0.00)'
[20-02-2024 21:29:00.513 INFO com.nopcommerce.user.User_07_Order] - Order_07: Step 20: Click to 'Continue' button at Shipping address
[20-02-2024 21:29:00.612 INFO com.nopcommerce.user.User_07_Order] - Order_07: Step 21: Check to Radio button in 'Payment method' with label is 'Credit Card'
[20-02-2024 21:29:00.929 INFO com.nopcommerce.user.User_07_Order] - Order_07: Step 22: Click to 'Continue' button at Payment method
[20-02-2024 21:29:01.032 INFO com.nopcommerce.user.User_07_Order] - Order_07: Step 23: Select credit card type
[20-02-2024 21:29:01.396 INFO com.nopcommerce.user.User_07_Order] - Order_07: Step 24: Select credit card type
[20-02-2024 21:29:01.543 INFO com.nopcommerce.user.User_07_Order] - Order_07: Step 25: Input into Cardholder name textbox with value is 'AUTOMATION FC'
[20-02-2024 21:29:01.742 INFO com.nopcommerce.user.User_07_Order] - Order_07: Step 26: Input into Card number textbox with value is '374245455400126'
[20-02-2024 21:29:01.878 INFO com.nopcommerce.user.User_07_Order] - Order_07: Step 27: Input into Card code textbox with value is '123'
[20-02-2024 21:29:02.020 INFO com.nopcommerce.user.User_07_Order] - Order_07: Step 28: Select item in Expire Month dropdown with value is '05'
[20-02-2024 21:29:02.178 INFO com.nopcommerce.user.User_07_Order] - Order_07: Step 29: Select item in Expire Year dropdown with value is '2025'
[20-02-2024 21:29:02.355 INFO com.nopcommerce.user.User_07_Order] - Order_07: Step 30: Input into Card code textbox with value is '123'
[20-02-2024 21:29:02.538 INFO com.nopcommerce.user.User_07_Order] - Order_07: Step31: Click to 'Continue' button at Payment information
[20-02-2024 21:29:02.621 INFO com.nopcommerce.user.User_07_Order] - Order_07: Step 32: Verify 'Billing Address' order infor
[20-02-2024 21:29:03.013 INFO com.nopcommerce.user.User_07_Order] -  -------------------------- PASSED -------------------------- 
[20-02-2024 21:29:03.102 INFO com.nopcommerce.user.User_07_Order] -  -------------------------- PASSED -------------------------- 
[20-02-2024 21:29:03.198 INFO com.nopcommerce.user.User_07_Order] -  -------------------------- PASSED -------------------------- 
[20-02-2024 21:29:03.255 INFO com.nopcommerce.user.User_07_Order] -  -------------------------- PASSED -------------------------- 
[20-02-2024 21:29:03.311 INFO com.nopcommerce.user.User_07_Order] -  -------------------------- PASSED -------------------------- 
[20-02-2024 21:29:03.390 INFO com.nopcommerce.user.User_07_Order] -  -------------------------- PASSED -------------------------- 
[20-02-2024 21:29:03.494 INFO com.nopcommerce.user.User_07_Order] -  -------------------------- PASSED -------------------------- 
[20-02-2024 21:29:03.494 INFO com.nopcommerce.user.User_07_Order] - Order_07: Step 33: Verify 'Shipping Address' order infor
[20-02-2024 21:29:03.553 INFO com.nopcommerce.user.User_07_Order] -  -------------------------- PASSED -------------------------- 
[20-02-2024 21:29:03.648 INFO com.nopcommerce.user.User_07_Order] -  -------------------------- PASSED -------------------------- 
[20-02-2024 21:29:03.704 INFO com.nopcommerce.user.User_07_Order] -  -------------------------- PASSED -------------------------- 
[20-02-2024 21:29:03.751 INFO com.nopcommerce.user.User_07_Order] -  -------------------------- PASSED -------------------------- 
[20-02-2024 21:29:03.854 INFO com.nopcommerce.user.User_07_Order] -  -------------------------- PASSED -------------------------- 
[20-02-2024 21:29:03.956 INFO com.nopcommerce.user.User_07_Order] -  -------------------------- PASSED -------------------------- 
[20-02-2024 21:29:04.067 INFO com.nopcommerce.user.User_07_Order] -  -------------------------- PASSED -------------------------- 
[20-02-2024 21:29:04.068 INFO com.nopcommerce.user.User_07_Order] - Order_07: Step 34: Verify 'Payment Method' oder infor
[20-02-2024 21:29:04.169 INFO com.nopcommerce.user.User_07_Order] -  -------------------------- PASSED -------------------------- 
[20-02-2024 21:29:04.169 INFO com.nopcommerce.user.User_07_Order] - Order_07: Step 35: Verify 'Shipping Method' oder infor
[20-02-2024 21:29:04.269 INFO com.nopcommerce.user.User_07_Order] -  -------------------------- PASSED -------------------------- 
[20-02-2024 21:29:04.269 INFO com.nopcommerce.user.User_07_Order] - Order_07: Step 36: Verify The product order infor
[20-02-2024 21:29:04.395 INFO com.nopcommerce.user.User_07_Order] -  -------------------------- PASSED -------------------------- 
[20-02-2024 21:29:04.486 INFO com.nopcommerce.user.User_07_Order] -  -------------------------- PASSED -------------------------- 
[20-02-2024 21:29:04.587 INFO com.nopcommerce.user.User_07_Order] -  -------------------------- PASSED -------------------------- 
[20-02-2024 21:29:04.658 INFO com.nopcommerce.user.User_07_Order] -  -------------------------- PASSED -------------------------- 
[20-02-2024 21:29:04.755 INFO com.nopcommerce.user.User_07_Order] -  -------------------------- PASSED -------------------------- 
[20-02-2024 21:29:04.755 INFO com.nopcommerce.user.User_07_Order] - Order_07:  Step 37: Verify The sumary price order list
[20-02-2024 21:29:04.827 INFO com.nopcommerce.user.User_07_Order] -  -------------------------- PASSED -------------------------- 
[20-02-2024 21:29:04.907 INFO com.nopcommerce.user.User_07_Order] -  -------------------------- PASSED -------------------------- 
[20-02-2024 21:29:05.016 INFO com.nopcommerce.user.User_07_Order] -  -------------------------- PASSED -------------------------- 
[20-02-2024 21:29:05.118 INFO com.nopcommerce.user.User_07_Order] -  -------------------------- PASSED -------------------------- 
[20-02-2024 21:29:13.129 INFO com.nopcommerce.user.User_07_Order] - Order_07: Step 38: Click to 'Confirm' button
[20-02-2024 21:29:13.378 INFO com.nopcommerce.user.User_07_Order] - Order_07: Step 39: Verify Product order completed infor
[20-02-2024 21:29:20.514 INFO com.nopcommerce.user.User_07_Order] -  -------------------------- PASSED -------------------------- 
[20-02-2024 21:29:20.648 INFO com.nopcommerce.user.User_07_Order] -  -------------------------- PASSED -------------------------- 
[20-02-2024 21:29:20.915 INFO com.nopcommerce.user.User_07_Order] -  -------------------------- PASSED -------------------------- 
[20-02-2024 21:29:20.915 INFO com.nopcommerce.user.User_07_Order] - Order_07: Step 40: Click to Oder Completed 'Continue' button
[20-02-2024 21:29:21.48