[20-02-2024 22:33:16.742 INFO com.nopcommerce.common.Common_01_Register_Cookies] - Pre-Condition - Step 01: Navigate to 'Register' page
[20-02-2024 22:33:17.870 INFO com.nopcommerce.common.Common_01_Register_Cookies] - Pre-Condition - Step 02: Enter to Firstname textbox with value is 'Fausto'
[20-02-2024 22:33:17.982 INFO com.nopcommerce.common.Common_01_Register_Cookies] - Pre-Condition - Step 03: Enter to Lastname textbox with value is 'Monahan'
[20-02-2024 22:33:18.070 INFO com.nopcommerce.common.Common_01_Register_Cookies] - Pre-Condition - Step 04: Enter to Email textbox with value is 'emery.hickle@yahoo.com'
[20-02-2024 22:33:18.159 INFO com.nopcommerce.common.Common_01_Register_Cookies] - Pre-Condition - Step 05: Enter to Password textbox with value is 'ithRl6!%Z$'
[20-02-2024 22:33:18.235 INFO com.nopcommerce.common.Common_01_Register_Cookies] - Pre-Condition - Step 06: Enter to Confirm password textbox with value is 'ithRl6!%Z$'
[20-02-2024 22:33:18.335 INFO com.nopcommerce.common.Common_01_Register_Cookies] - Pre-Condition - Step 07: Enter to 'Register' button
[20-02-2024 22:33:19.035 INFO com.nopcommerce.common.Common_01_Register_Cookies] - Pre-Condition - Step 08: Verify success message is displayed
[20-02-2024 22:33:19.150 INFO com.nopcommerce.common.Common_01_Register_Cookies] -  -------------------------- PASSED -------------------------- 
[20-02-2024 22:33:19.150 INFO com.nopcommerce.common.Common_01_Register_Cookies] - Pre-Condition - Step 09: Click to Logout link
[20-02-2024 22:33:19.548 INFO com.nopcommerce.common.Common_01_Register_Cookies] - Pre-Condition - Step 10: Navigate to Login page
[20-02-2024 22:33:20.429 INFO com.nopcommerce.common.Common_01_Register_Cookies] - Pre-Condition - Step 11: Enter to Email textbox with value is 'emery.hickle@yahoo.com'
[20-02-2024 22:33:20.605 INFO com.nopcommerce.common.Common_01_Register_Cookies] - Pre-Condition - Step 12: Enter to Password textbox with value is 'ithRl6!%Z$'
[20-02-2024 22:33:20.724 INFO com.nopcommerce.common.Common_01_Register_Cookies] - Pre-Condition - Step 13: Click to Login button
[20-02-2024 22:33:21.957 INFO com.nopcommerce.user.User_07_Order] - Pre-Condition - Step 01: Open browser 'FIREFOX'
[20-02-2024 22:33:24.610 INFO com.nopcommerce.user.User_07_Order] - Pre-condition - Step 02: Navigate to Login page
[20-02-2024 22:33:25.098 INFO com.nopcommerce.user.User_07_Order] - Pre-condition - Step 03: Set cookie and reload page
[20-02-2024 22:33:29.181 INFO com.nopcommerce.user.User_07_Order] - Pre-Condition - Step 04: Verify Home page Displayed
[20-02-2024 22:33:29.284 INFO com.nopcommerce.user.User_07_Order] - Order_01: Step 01: Click To Product Catelogies on Top Menu: Computers/Desktops
[20-02-2024 22:33:31.538 INFO com.nopcommerce.user.User_07_Order] - Order_01: Step 02: Click to product name with value is 'Build your own computer'
[20-02-2024 22:33:32.836 INFO com.nopcommerce.user.User_07_Order] - Order_01: Step 03: Select item in 'Processor' dropdown is '2.5 GHz Intel Pentium Dual-Core E2200 [+$15.00]'
[20-02-2024 22:33:32.939 INFO com.nopcommerce.user.User_07_Order] - Order_01: Step 04: Select item in 'RAM' dropdown is '8GB [+$60.00]'
[20-02-2024 22:33:33.281 INFO com.nopcommerce.user.User_07_Order] - Order_01: Step 05: Select item in 'HDD' radio button is '400 GB [+$100.00]'
[20-02-2024 22:33:33.549 INFO com.nopcommerce.user.User_07_Order] - Order_01: Step 06: Select item in 'OS' radio button is 'Vista Premium [+$60.00]'
[20-02-2024 22:33:33.836 INFO com.nopcommerce.user.User_07_Order] - Order_01: Step 07: Select item all value at 'Software' checkbox
[20-02-2024 22:33:34.439 INFO com.nopcommerce.user.User_07_Order] - Order_01: Step 08: Get value of price is null
[20-02-2024 22:33:37.501 INFO com.nopcommerce.user.User_07_Order] - Order_01: Step 09: Click to 'Add to cart' button
[20-02-2024 22:33:37.770 INFO com.nopcommerce.user.User_07_Order] - Order_01: Step 10: Verify add to cart success message displayed
[20-02-2024 22:33:37.874 INFO com.nopcommerce.user.User_07_Order] -  -------------------------- PASSED -------------------------- 
[20-02-2024 22:33:37.875 INFO com.nopcommerce.user.User_07_Order] - Order_01: Step 11: Close success message
[20-02-2024 22:33:41.158 INFO com.nopcommerce.user.User_07_Order] - Order_01: Step 12: Verify Shopping cart quantity is updated (1)
[20-02-2024 22:33:41.194 INFO com.nopcommerce.user.User_07_Order] -  -------------------------- PASSED -------------------------- 
[20-02-2024 22:33:41.259 INFO com.nopcommerce.user.User_07_Order] -  -------------------------- PASSED -------------------------- 
[20-02-2024 22:33:41.259 INFO com.nopcommerce.user.User_07_Order] - Order_01: Step 13: Verify the product is displayed in mini shopping cart
[20-02-2024 22:33:47.579 INFO com.nopcommerce.user.User_07_Order] -  -------------------------- PASSED -------------------------- 
[20-02-2024 22:33:47.661 INFO com.nopcommerce.user.User_07_Order] -  -------------------------- PASSED -------------------------- 
[20-02-2024 22:33:47.718 INFO com.nopcommerce.user.User_07_Order] -  -------------------------- PASSED -------------------------- 
[20-02-2024 22:33:47.779 INFO com.nopcommerce.user.User_07_Order] -  -------------------------- PASSED -------------------------- 
[20-02-2024 22:33:47.835 INFO com.nopcommerce.user.User_07_Order] -  -------------------------- PASSED -------------------------- 
[20-02-2024 22:33:47.880 INFO com.nopcommerce.user.User_07_Order] -  -------------------------- PASSED -------------------------- 
[20-02-2024 22:33:47.916 INFO com.nopcommerce.user.User_07_Order] - Order_02: Step 01: Open Shopping cart at header
[20-02-2024 22:33:48.360 INFO com.nopcommerce.user.User_07_Order] - Order_02: Step 02: Verify Shopping cart page is displayed
[20-02-2024 22:33:48.459 INFO com.nopcommerce.user.User_07_Order] -  -------------------------- PASSED -------------------------- 
[20-02-2024 22:33:48.460 INFO com.nopcommerce.user.User_07_Order] - Order_02: Step 03: Click to 'Edit' link
[20-02-2024 22:33:49.359 INFO com.nopcommerce.user.User_07_Order] - Order_02: Step 04: Select item in 'Processor' dropdown is '2.2 GHz Intel Pentium Dual-Core E2200'
[20-02-2024 22:33:49.728 INFO com.nopcommerce.user.User_07_Order] - Order_02: Step 05: Select item in 'RAM' dropdown is '4GB [+$20.00]'
[20-02-2024 22:33:50.070 INFO com.nopcommerce.user.User_07_Order] - Order_02: Step 06: Select item in 'HDD' radio button is '320 GB'
[20-02-2024 22:33:50.389 INFO com.nopcommerce.user.User_07_Order] - Order_02: Step 07: Select item in 'OS' radio button is 'Vista Home [+$50.00]'
[20-02-2024 22:33:50.684 INFO com.nopcommerce.user.User_07_Order] - Order_02: Step 08: Select item all value at 'Software' checkbox
[20-02-2024 22:33:51.351 INFO com.nopcommerce.user.User_07_Order] - Order_02: Step 09: Verify product price is updated with value '$1,320.00'
[20-02-2024 22:34:01.422 INFO com.nopcommerce.user.User_07_Order] -  -------------------------- PASSED -------------------------- 
[20-02-2024 22:34:01.423 INFO com.nopcommerce.user.User_07_Order] - Order_02: Step 10: Get value of price is $1,500.00
[20-02-2024 22:34:01.468 INFO com.nopcommerce.user.User_07_Order] - Order_02: Step 11: Edit product quantiny is 2
[20-02-2024 22:34:01.556 INFO com.nopcommerce.user.User_07_Order] - Order_02: Step 12: Click to 'Update' button
[20-02-2024 22:34:01.862 INFO com.nopcommerce.user.User_07_Order] - Order_02: Step 13: Verify add to cart success message displayed
[20-02-2024 22:34:02.073 INFO com.nopcommerce.user.User_07_Order] -  -------------------------- PASSED -------------------------- 
[20-02-2024 22:34:02.073 INFO com.nopcommerce.user.User_07_Order] - Order_02: Step 14: Close success message
[20-02-2024 22:34:05.363 INFO com.nopcommerce.user.User_07_Order] - Order_02: Step 15: Verify Shopping cart quantity is updated (2)
[20-02-2024 22:34:05.399 INFO com.nopcommerce.user.User_07_Order] -  -------------------------- PASSED -------------------------- 
[20-02-2024 22:34:05.458 INFO com.nopcommerce.user.User_07_Order] -  -------------------------- PASSED -------------------------- 
[20-02-2024 22:34:05.458 IN