[18-02-2024 00:17:59.076 INFO com.nopcommerce.common.Common_01_Register_Cookies] - Pre-Condition - Step 01: Navigate to 'Register' page
[18-02-2024 00:17:59.625 INFO com.nopcommerce.common.Common_01_Register_Cookies] - Pre-Condition - Step 02: Enter to Firstname textbox with value is 'Tristan'
[18-02-2024 00:17:59.754 INFO com.nopcommerce.common.Common_01_Register_Cookies] - Pre-Condition - Step 03: Enter to Lastname textbox with value is 'Hayes'
[18-02-2024 00:17:59.841 INFO com.nopcommerce.common.Common_01_Register_Cookies] - Pre-Condition - Step 04: Enter to Email textbox with value is 'maisha.pagac@hotmail.com'
[18-02-2024 00:17:59.930 INFO com.nopcommerce.common.Common_01_Register_Cookies] - Pre-Condition - Step 05: Enter to Password textbox with value is 'yldzO@xLh'
[18-02-2024 00:18:00.006 INFO com.nopcommerce.common.Common_01_Register_Cookies] - Pre-Condition - Step 06: Enter to Confirm password textbox with value is 'yldzO@xLh'
[18-02-2024 00:18:00.086 INFO com.nopcommerce.common.Common_01_Register_Cookies] - Pre-Condition - Step 07: Enter to 'Register' button
[18-02-2024 00:18:00.698 INFO com.nopcommerce.common.Common_01_Register_Cookies] - Pre-Condition - Step 08: Verify success message is displayed
[18-02-2024 00:18:00.766 INFO com.nopcommerce.common.Common_01_Register_Cookies] -  -------------------------- PASSED -------------------------- 
[18-02-2024 00:18:00.766 INFO com.nopcommerce.common.Common_01_Register_Cookies] - Pre-Condition - Step 09: Click to Logout link
[18-02-2024 00:18:01.136 INFO com.nopcommerce.common.Common_01_Register_Cookies] - Pre-Condition - Step 10: Navigate to Login page
[18-02-2024 00:18:01.837 INFO com.nopcommerce.common.Common_01_Register_Cookies] - Pre-Condition - Step 11: Enter to Email textbox with value is 'maisha.pagac@hotmail.com'
[18-02-2024 00:18:01.938 INFO com.nopcommerce.common.Common_01_Register_Cookies] - Pre-Condition - Step 12: Enter to Password textbox with value is 'yldzO@xLh'
[18-02-2024 00:18:02.021 INFO com.nopcommerce.common.Common_01_Register_Cookies] - Pre-Condition - Step 13: Click to Login button
[18-02-2024 00:18:03.209 INFO com.nopcommerce.user.User_07_Order] - Pre-Condition - Step 01: Open browser 'FIREFOX'
[18-02-2024 00:18:06.421 INFO com.nopcommerce.user.User_07_Order] - Pre-condition - Step 02: Navigate to Login page
[18-02-2024 00:18:07.337 INFO com.nopcommerce.user.User_07_Order] - Pre-condition - Step 03: Set cookie and reload page
[18-02-2024 00:18:11.409 INFO com.nopcommerce.user.User_07_Order] - Pre-Condition - Step 04: Verify Home page Displayed
[18-02-2024 00:18:11.522 INFO com.nopcommerce.user.User_07_Order] - Order_01: Step 01: Click To Product Catelogies on Top Menu: Computers/Desktops
[18-02-2024 00:18:13.774 INFO com.nopcommerce.user.User_07_Order] - Order_01: Step 02: Click to product name with value is 'Build your own computer'
[18-02-2024 00:18:15.238 INFO com.nopcommerce.user.User_07_Order] - Order_01: Step 03: Select item in 'Processor' dropdown is '2.5 GHz Intel Pentium Dual-Core E2200 [+$15.00]'
[18-02-2024 00:18:15.333 INFO com.nopcommerce.user.User_07_Order] - Order_01: Step 04: Select item in 'RAM' dropdown is '8GB [+$60.00]'
[18-02-2024 00:18:15.677 INFO com.nopcommerce.user.User_07_Order] - Order_01: Step 05: Select item in 'HDD' radio button is '400 GB [+$100.00]'
[18-02-2024 00:18:15.958 INFO com.nopcommerce.user.User_07_Order] - Order_01: Step 06: Select item in 'OS' radio button is 'Vista Premium [+$60.00]'
[18-02-2024 00:18:16.250 INFO com.nopcommerce.user.User_07_Order] - Order_01: Step 07: Select item all value at 'Software' checkbox
[18-02-2024 00:18:16.846 INFO com.nopcommerce.user.User_07_Order] - Order_01: Step 08: Get value of price is null
[18-02-2024 00:18:19.931 INFO com.nopcommerce.user.User_07_Order] - Order_01: Step 09: Click to 'Add to cart' button
[18-02-2024 00:18:20.224 INFO com.nopcommerce.user.User_07_Order] - Order_01: Step 10: Verify add to cart success message displayed
[18-02-2024 00:18:20.323 INFO com.nopcommerce.user.User_07_Order] -  -------------------------- PASSED -------------------------- 
[18-02-2024 00:18:20.323 INFO com.nopcommerce.user.User_07_Order] - Order_01: Step 11: Close success message
[18-02-2024 00:18:23.592 INFO com.nopcommerce.user.User_07_Order] - Order_01: Step 12: Verify Shopping cart quantity is updated (1)
[18-02-2024 00:18:23.629 INFO com.nopcommerce.user.User_07_Order] -  -------------------------- PASSED -------------------------- 
[18-02-2024 00:18:23.681 INFO com.nopcommerce.user.User_07_Order] -  -------------------------- PASSED -------------------------- 
[18-02-2024 00:18:23.681 INFO com.nopcommerce.user.User_07_Order] - Order_01: Step 13: Verify the product is displayed in mini shopping cart
[18-02-2024 00:18:23.897 INFO com.nopcommerce.user.User_07_Order] - Order_02: Step 01: Open Shopping cart at header
[18-02-2024 00:18:24.359 INFO com.nopcommerce.user.User_07_Order] - Order_02: Step 02: Verify Shopping cart page is displayed
[18-02-2024 00:18:24.439 INFO com.nopcommerce.user.User_07_Order] -  -------------------------- PASSED -------------------------- 
[18-02-2024 00:18:24.439 INFO com.nopcommerce.user.User_07_Order] - Order_02: Step 03: Click to 'Edit' link
[18-02-2024 00:18:25.302 INFO com.nopcommerce.user.User_07_Order] - Order_02: Step 04: Select item in 'Processor' dropdown is '2.2 GHz Intel Pentium Dual-Core E2200'
[18-02-2024 00:18:25.639 INFO com.nopcommerce.user.User_07_Order] - Order_02: Step 05: Select item in 'RAM' dropdown is '4GB [+$20.00]'
[18-02-2024 00:18:25.957 INFO com.nopcommerce.user.User_07_Order] - Order_02: Step 06: Select item in 'HDD' radio button is '320 GB'
[18-02-2024 00:18:26.250 INFO com.nopcommerce.user.User_07_Order] - Order_02: Step 07: Select item in 'OS' radio button is 'Vista Home [+$50.00]'
[18-02-2024 00:18:26.528 INFO com.nopcommerce.user.User_07_Order] - Order_02: Step 08: Select item all value at 'Software' checkbox
[18-02-2024 00:18:27.134 INFO com.nopcommerce.user.User_07_Order] - Order_02: Step 09: Verify product price is updated with value '$1,320.00'
[18-02-2024 00:18:37.237 INFO com.nopcommerce.user.User_07_Order] -  -------------------------- PASSED -------------------------- 
[18-02-2024 00:18:37.239 INFO com.nopcommerce.user.User_07_Order] - Order_02: Step 10: Get value of price is $1,500.00
[18-02-2024 00:18:37.290 INFO com.nopcommerce.user.User_07_Order] - Order_02: Step 11: Edit product quantiny is 2
[18-02-2024 00:18:37.371 INFO com.nopcommerce.user.User_07_Order] - Order_02: Step 12: Click to 'Update' button
[18-02-2024 00:18:37.645 INFO com.nopcommerce.user.User_07_Order] - Order_02: Step 13: Verify add to cart success message displayed
[18-02-2024 00:18:37.742 INFO com.nopcommerce.user.User_07_Order] -  -------------------------- PASSED -------------------------- 
[18-02-2024 00:18:37.742 INFO com.nopcommerce.user.User_07_Order] - Order_02: Step 14: Close success message
[18-02-2024 00:18:41.032 INFO com.nopcommerce.user.User_07_Order] - Order_02: Step 15: Verify Shopping cart quantity is updated (2)
[18-02-2024 00:18:41.068 INFO com.nopcommerce.user.User_07_Order] -  -------------------------- PASSED -------------------------- 
[18-02-2024 00:18:41.115 INFO com.nopcommerce.user.User_07_Order] -  -------------------------- PASSED -------------------------- 
[18-02-2024 00:18:41.115 INFO com.nopcommerce.user.User_07_Order] - Order_02: Step 16: Verify the product is displayed in mini shopping cart
[18-02-2024 00:18:41.287 INFO com.nopcommerce.user.User_07_Order] - Order_03: Step 01: Open Shopping cart at header
[18-02-2024 00:18:41.692 INFO com.nopcommerce.user.User_07_Order] - Order_03: Step 02: Verify Shopping cart page is displayed
[18-02-2024 00:18:41.772 INFO com.nopcommerce.user.User_07_Order] -  -------------------------- PASSED -------------------------- 
[18-02-2024 00:18:41.772 INFO com.nopcommerce.user.User_07_Order] - Order_03: Step 03: Click to 'Remove' button
[18-02-2024 00:18:42.117 INFO com.nopcommerce.user.User_07_Order] - Order_03: Step 04: Verify message is 'Your Shopping Cart is empty!' displayed
[18-02-2024 00:18:42.180 INFO com.nopcomm