[05-02-2024 00:06:05.408 INFO com.nopcommerce.common.Common_01_Register_Cookies] - Pre-Condition - Step 01: Navigate to 'Register' page
[05-02-2024 00:06:05.882 INFO com.nopcommerce.common.Common_01_Register_Cookies] - Pre-Condition - Step 02: Enter to Firstname textbox with value is 'Emerson'
[05-02-2024 00:06:06.010 INFO com.nopcommerce.common.Common_01_Register_Cookies] - Pre-Condition - Step 03: Enter to Lastname textbox with value is 'Hamill'
[05-02-2024 00:06:06.135 INFO com.nopcommerce.common.Common_01_Register_Cookies] - Pre-Condition - Step 04: Enter to Email textbox with value is 'mazie.bauch@hotmail.com'
[05-02-2024 00:06:06.265 INFO com.nopcommerce.common.Common_01_Register_Cookies] - Pre-Condition - Step 05: Enter to Password textbox with value is 'Aibk^Q$*#'
[05-02-2024 00:06:06.384 INFO com.nopcommerce.common.Common_01_Register_Cookies] - Pre-Condition - Step 06: Enter to Confirm password textbox with value is 'Aibk^Q$*#'
[05-02-2024 00:06:06.484 INFO com.nopcommerce.common.Common_01_Register_Cookies] - Pre-Condition - Step 07: Enter to 'Register' button
[05-02-2024 00:06:07.088 INFO com.nopcommerce.common.Common_01_Register_Cookies] - Pre-Condition - Step 08: Verify success message is displayed
[05-02-2024 00:06:07.151 INFO com.nopcommerce.common.Common_01_Register_Cookies] -  -------------------------- PASSED -------------------------- 
[05-02-2024 00:06:07.152 INFO com.nopcommerce.common.Common_01_Register_Cookies] - Pre-Condition - Step 09: Click to Logout link
[05-02-2024 00:06:07.543 INFO com.nopcommerce.common.Common_01_Register_Cookies] - Pre-Condition - Step 10: Navigate to Login page
[05-02-2024 00:06:08.267 INFO com.nopcommerce.common.Common_01_Register_Cookies] - Pre-Condition - Step 11: Enter to Email textbox with value is 'mazie.bauch@hotmail.com'
[05-02-2024 00:06:08.398 INFO com.nopcommerce.common.Common_01_Register_Cookies] - Pre-Condition - Step 12: Enter to Password textbox with value is 'Aibk^Q$*#'
[05-02-2024 00:06:08.520 INFO com.nopcommerce.common.Common_01_Register_Cookies] - Pre-Condition - Step 13: Click to Login button
[05-02-2024 00:06:09.234 INFO com.nopcommerce.user.User_07_Order] - Pre-Condition - Step 01: Open browser 'chrome'
[05-02-2024 00:06:11.040 INFO com.nopcommerce.user.User_07_Order] - Pre-condition - Step 02: Navigate to Login page
[05-02-2024 00:06:12.016 INFO com.nopcommerce.user.User_07_Order] - Pre-condition - Step 03: Set cookie and reload page
[05-02-2024 00:06:15.391 INFO com.nopcommerce.user.User_07_Order] - Pre-Condition - Step 04: Verify Home page Displayed
[05-02-2024 00:06:15.488 INFO com.nopcommerce.user.User_07_Order] - Order_01: Step 01: Click To Product Catelogies on Top Menu: Computers/Desktops
[05-02-2024 00:06:18.075 INFO com.nopcommerce.user.User_07_Order] - Order_01: Step 02: Click to product name with value is 'Build your own computer'
[05-02-2024 00:06:18.556 INFO com.nopcommerce.user.User_07_Order] - Order_01: Step 03: Select item in 'Processor' dropdown is '2.5 GHz Intel Pentium Dual-Core E2200 [+$15.00]'
[05-02-2024 00:06:18.644 INFO com.nopcommerce.user.User_07_Order] - Order_01: Step 04: Select item in 'RAM' dropdown is '8GB [+$60.00]'
[05-02-2024 00:06:18.887 INFO com.nopcommerce.user.User_07_Order] - Order_01: Step 05: Select item in 'HDD' radio button is '400 GB [+$100.00]'
[05-02-2024 00:06:19.110 INFO com.nopcommerce.user.User_07_Order] - Order_01: Step 06: Select item in 'OS' radio button is 'Vista Premium [+$60.00]'
[05-02-2024 00:06:19.270 INFO com.nopcommerce.user.User_07_Order] - Order_01: Step 07: Select item all value at 'Software' checkbox
[05-02-2024 00:06:19.691 INFO com.nopcommerce.user.User_07_Order] - Order_01: Step 08: Get value of price is null
[05-02-2024 00:06:22.819 INFO com.nopcommerce.user.User_07_Order] - Order_01: Step 09: Click to 'Add to cart' button
[05-02-2024 00:06:22.952 INFO com.nopcommerce.user.User_07_Order] - Order_01: Step 10: Verify add to cart success message displayed
[05-02-2024 00:06:23.413 INFO com.nopcommerce.user.User_07_Order] -  -------------------------- PASSED -------------------------- 
[05-02-2024 00:06:23.413 INFO com.nopcommerce.user.User_07_Order] - Order_01: Step 11: Close success message
[05-02-2024 00:06:26.504 INFO com.nopcommerce.user.User_07_Order] - Order_01: Step 12: Verify Shopping cart quantity is updated (1)
[05-02-2024 00:06:26.564 INFO com.nopcommerce.user.User_07_Order] -  -------------------------- PASSED -------------------------- 
[05-02-2024 00:06:26.688 INFO com.nopcommerce.user.User_07_Order] -  -------------------------- PASSED -------------------------- 
[05-02-2024 00:06:26.688 INFO com.nopcommerce.user.User_07_Order] - Order_01: Step 13: Verify the product is displayed in mini shopping cart
[05-02-2024 00:06:30.022 INFO com.nopcommerce.user.User_07_Order] -  -------------------------- PASSED -------------------------- 
[05-02-2024 00:06:30.126 INFO com.nopcommerce.user.User_07_Order] -  -------------------------- PASSED -------------------------- 
[05-02-2024 00:06:30.231 INFO com.nopcommerce.user.User_07_Order] -  -------------------------- PASSED -------------------------- 
[05-02-2024 00:06:30.354 INFO com.nopcommerce.user.User_07_Order] -  -------------------------- PASSED -------------------------- 
[05-02-2024 00:06:30.473 INFO com.nopcommerce.user.User_07_Order] -  -------------------------- PASSED -------------------------- 
[05-02-2024 00:06:30.602 INFO com.nopcommerce.user.User_07_Order] -  -------------------------- PASSED -------------------------- 
[05-02-2024 00:06:30.686 INFO com.nopcommerce.user.User_07_Order] - Order_02: Step 01: Open Shopping cart at header
[05-02-2024 00:06:31.465 INFO com.nopcommerce.user.User_07_Order] - Order_02: Step 02: Verify Shopping cart page is displayed
[05-02-2024 00:06:31.566 INFO com.nopcommerce.user.User_07_Order] -  -------------------------- PASSED -------------------------- 
[05-02-2024 00:06:31.566 INFO com.nopcommerce.user.User_07_Order] - Order_02: Step 03: Click to 'Edit' link
[05-02-2024 00:06:32.067 INFO com.nopcommerce.user.User_07_Order] - Order_02: Step 04: Select item in 'Processor' dropdown is '2.2 GHz Intel Pentium Dual-Core E2200'
[05-02-2024 00:06:32.165 INFO com.nopcommerce.user.User_07_Order] - Order_02: Step 05: Select item in 'RAM' dropdown is '4GB [+$20.00]'
[05-02-2024 00:06:32.328 INFO com.nopcommerce.user.User_07_Order] - Order_02: Step 06: Select item in 'HDD' radio button is '320 GB'
[05-02-2024 00:06:32.422 INFO com.nopcommerce.user.User_07_Order] - Order_02: Step 07: Select item in 'OS' radio button is 'Vista Home [+$50.00]'
[05-02-2024 00:06:32.516 INFO com.nopcommerce.user.User_07_Order] - Order_02: Step 08: Select item all value at 'Software' checkbox
[05-02-2024 00:06:32.777 INFO com.nopcommerce.user.User_07_Order] - Order_02: Step 09: Verify product price is updated with value '$1,320.00'
[05-02-2024 00:06:35.903 INFO com.nopcommerce.user.User_07_Order] -  -------------------------- PASSED -------------------------- 
[05-02-2024 00:06:35.904 INFO com.nopcommerce.user.User_07_Order] - Order_02: Step 10: Get value of price is $1,500.00
[05-02-2024 00:06:35.990 INFO com.nopcommerce.user.User_07_Order] - Order_02: Step 11: Edit product quantiny is 2
[05-02-2024 00:06:36.208 INFO com.nopcommerce.user.User_07_Order] - Order_02: Step 12: Click to 'Update' button
[05-02-2024 00:06:36.374 INFO com.nopcommerce.user.User_07_Order] - Order_02: Step 13: Verify add to cart success message displayed
[05-02-2024 00:06:36.901 INFO com.nopcommerce.user.User_07_Order] -  -------------------------- PASSED -------------------------- 
[05-02-2024 00:06:36.901 INFO com.nopcommerce.user.User_07_Order] - Order_02: Step 14: Close success message
[05-02-2024 00:06:39.987 INFO com.nopcommerce.user.User_07_Order] - Order_02: Step 15: Verify Shopping cart quantity is updated (2)
[05-02-2024 00:06:40.025 INFO com.nopcommerce.user.User_07_Order] -  -------------------------- PASSED -------------------------- 
[05-02-2024 00:06:40.099 INFO com.nopcommerce.user.User_07_Order] -  -------------------------- PASSED -------------------------- 
[05-02-2024 00:06:40.100 INFO com.nopcommerce.user.User_07_Order] - Order_02: Step 16: Verify the product is displayed in mini shopping cart
[05-02-2024 00:06:43.413 INFO com.nopcommerce.user.User_07_Order] -  -------------------------- PASSED -------------------------- 
[05-02-2024 00:06:43.524 INFO com.nopcommerce.user.User_07_Order] -  -------------------------- PASSED -------------------------- 
[05-02-2024 00:06:43.629 INFO com.nopcommerce.user.User_07_Order] -  -------------------------- PASSED -------------------------- 
[05-02-2024 00:06:43.730 INFO com.nopcommerce.user.User_07_Order] -  -------------------------- PASSED -------------------------- 
[05-02-2024 00:06:43.844 INFO com.nopcommerce.user.User_07_Order] -  -------------------------- PASSED -------------------------- 
[05-02-2024 00:06:43.953 INFO com.nopcommerce.user.User_07_Order] -  -------------------------- PASSED -------------------------- 
[05-02-2024 00:06:43.971 INFO com.nopcommerce.user.User_07_Order] - Order_03: Step 01: Open Shopping cart at header
[05-02-2024 00:06:44.442 INFO com.nopcommerce.user.User_07_Order] - Order_03: Step 02: Verify Shopping cart page is displayed
[05-02-2024 00:06:44.513 INFO com.nopcommerce.user.User_07_Order] -  -------------------------- PASSED -------------------------- 
[05-02-2024 00:06:44.514 INFO com.nopcommerce.user.User_07_Order] - Order_03: Step 03: Click to 'Remove' button
[05-02-2024 00:06:44.957 INFO com.nopcommerce.user.User_07_Order] - Order_03: Step 04: Verify message is 'Your Shopping Cart is empty!' displayed
[05-02-2024 00:06:45.000 INFO com.nopcommerce.user.User_07_Order] -  -------------------------- PASSED -------------------------- 
[05-02-2024 00:06:45.000 INFO com.nopcommerce.user.User_07_Order] - Order_03: Step 05: Verify product is not exist in Shopping cart
[05-02-2024 00:07:05.106 INFO com.nopcommerce.user.User_07_Order] -  -------------------------- PASSED -------------------------- 
[05-02-2024 00:07:05.110 INFO com.nopcommerce.user.User_07_Order] - Order_04: Step 01: Click To Product Catelogies on Top Menu: Computers/Desktops
[05-02-2024 00:07:07.793 INFO com.nopcommerce.user.User_07_Order] - Order_04: Step 02: Click to 'Add to cart' button at Lenovo IdeaCentre 600 All-in-One PC
[05-02-2024 00:07:07.926 INFO com.nopcommerce.user.User_07_Order] - Order_04: Step 03: Verify add to cart success message displayed
[05-02-2024 00:07:08.295 INFO com.nopcommerce.user.User_07_Order] -  -------------------------- PASSED -------------------------- 
[05-02-2024 00:07:08.295 INFO com.nopcommerce.user.User_07_Order] - Order_04: Step 04: Close success message
[05-02-2024 00:07:11.419 INFO com.nopcommerce.user.User_07_Order] - Order_04: Step 05: Verify Shopping cart quantity is updated (1)
[05-02-2024 00:07:11.462 INFO com.nopcommerce.user.User_07_Order] -  -------------------------- PASSED -------------------------- 
[05-02-2024 00:07:11.553 INFO com.nopcommerce.user.User_07_Order] -  -------------------------- PASSED -------------------------- 
[05-02-2024 00:07:11.553 INFO com.nopcommerce.user.User_07_Order] - Order_04: Step 06: Open Shopping cart at header
[05-02-2024 00:07:12.000 INFO com.nopcommerce.user.User_07_Order] - Order_04: Step 07: Verify Shopping cart page is displayed
[05-02-2024 00:07:12.079 INFO com.nopcommerce.user.User_07_Order] -  -------------------------- PASSED -------------------------- 
[05-02-2024 00:07:12.080 INFO com.nopcommerce.user.User_07_Order] - Order_04: Step 08: Update product quantity is '5'
[05-02-2024 00:07:12.218 INFO com.nopcommerce.user.User_07_Order] - Order_04: Step 09: Click to 'Update shopping cart' button
[05-02-2024 00:07:12.600 INFO com.nopcommerce.user.User_07_Order] - Order_04: Step 10: Verify product price is updated with value '$2,500.00'
[05-02-2024 00:07:12.698 INFO com.nopcommerce.user.User_07_Order] -  -------------------------- PASSED -------------------------- 
[05-02-2024 00:07:12.711 INFO com.nopcommerce.user.User_07_Order] - Order_05: Step 01: Click to 'Remove' product 'secondDesktopsProduct'
[05-02-2024 00:07:13.150 INFO com.nopcommerce.user.User_07_Order] - Order_05: Step 02: Verify message is 'Your Shopping Cart is empty!' displayed
[05-02-2024 00:07:13.213 INFO com.nopcommerce.user.User_07_Order] -  -------------------------- PASSED -------------------------- 
[05-02-2024 00:07:13.214 INFO com.nopcommerce.user.User_07_Order] - Order_05: Step 03: Click To Product Catelogies on Top Menu: Computers/Notebooks
[05-02-2024 00:07:15.889 INFO com.nopcommerce.user.User_07_Order] - Order_05: Step 04: Click to product name with value is 'Apple MacBook Pro 13-inch'
[05-02-2024 00:07:16.302 INFO com.nopcommerce.user.User_07_Order] - Order_05: Step 05: Click to 'Add To Cart' button at product detail page
[05-02-2024 00:07:16.424 INFO com.nopcommerce.user.User_07_Order] - Order_05: Step 06: Verify add to cart success message displayed
[05-02-2024 00:07:16.799 INFO com.nopcommerce.user.User_07_Order] -  -------------------------- PASSED -------------------------- 
[05-02-2024 00:07:16.800 INFO com.nopcommerce.user.User_07_Order] - Order_05: Step 07: Close success message
[05-02-2024 00:07:19.926 INFO com.nopcommerce.user.User_07_Order] - Order_05: Step 08: Open Shopping cart at header
[05-02-2024 00:07:20.473 INFO com.nopcommerce.user.User_07_Order] - Order_05: Step 09: Select item in 'Gift wrapping' dropdown is 'No'
[05-02-2024 00:07:20.582 INFO com.nopcommerce.user.User_07_Order] - Order_05: Step 10: Check to 'Terms of Service' checkbox
[05-02-2024 00:07:20.728 INFO com.nopcommerce.user.User_07_Order] - Order_05: Step 11: Click to 'Checkout' button
[05-02-2024 00:07:21.571 INFO com.nopcommerce.user.User_07_Order] - Order_05: Step 12: Uncheck to 'ShipToSameAddress' checkbox
[05-02-2024 00:07:22.361 INFO com.nopcommerce.user.User_07_Order] - Order_05: Step 13: Input to 'Billing address' form
[05-02-2024 00:07:24.023 INFO com.nopcommerce.user.User_07_Order] - Order_05: Step 14: Click to 'Continue' button at billing
[05-02-2024 00:07:24.114 INFO com.nopcommerce.user.User_07_Order] - Order_05: Step 15: Select 'Shipping address' method
[05-02-2024 00:07:24.503 INFO com.nopcommerce.user.User_07_Order] - Order_05: Step 16: Input to 'Shipping address' form
[05-02-2024 00:07:26.359 INFO com.nopcommerce.user.User_07_Order] - Order_05: Step 17: Click to 'Continue' button at Shipping address
[05-02-2024 00:07:26.446 INFO com.nopcommerce.user.User_07_Order] - Order_05: Step 18: Check to Radio button in 'Shipping method' with label is 'Ground ($0.00)'
[05-02-2024 00:07:26.725 INFO com.nopcommerce.user.User_07_Order] - Order_05: Step 19: Click to 'Continue' button at Shipping address
[05-02-2024 00:07:26.892 INFO com.nopcommerce.user.User_07_Order] - Order_05: Step 20: Check to Radio button in 'Payment method' with label is 'Check / MoneyOrder'
[05-02-2024 00:07:27.198 INFO com.nopcommerce.user.User_07_Order] - Order_05: Step 21: Click to 'Continue' button at Payment method
[05-02-2024 00:07:27.367 INFO com.nopcommerce.user.User_07_Order] - Order_05: Step 22: Verify Address shipping information
[05-02-2024 00:07:27.753 INFO com.nopcommerce.user.User_07_Order] -  -------------------------- PASSED -------------------------- 
[05-02-2024 00:07:27.754 INFO com.nopcommerce.user.User_07_Order] - Order_05: Step 23: Click to 'Continue' button at Payment information
[05-02-2024 00:07:27.884 INFO com.nopcommerce.user.User_07_Order] - Order_05: Step 24: Verify 'Billing Address' order infor
[05-02-2024 00:07:28.240 INFO com.nopcommerce.user.User_07_Order] -  -------------------------- PASSED -------------------------- 
[05-02-2024 00:07:28.322 INFO com.nopcommerce.user.User_07_Order] -  -------------------------- PASSED -------------------------- 
[05-02-2024 00:07:28.435 INFO com.nopcommerce.user.User_07_Order] -  -------------------------- PASSED -------------------------- 
[05-02-2024 00:07:28.545 INFO com.nopcommerce.user.User_07_Order] -  -------------------------- PASSED -------------------------- 
[05-02-2024 00:07:28.654 INFO com.nopcommerce.user.User_07_Order] -  -------------------------- PASSED -------------------------- 
[05-02-2024 00:07:28.781 INF