[06-01-2024 18:38:47.031 INFO com.nopcommerce.common.Common_01_Register_Cookies] - Pre-Condition - Step 01: Navigate to 'Register' page
[06-01-2024 18:38:47.629 INFO com.nopcommerce.common.Common_01_Register_Cookies] - Pre-Condition - Step 02: Enter to Firstname textbox with value is 'Angelena'
[06-01-2024 18:38:47.752 INFO com.nopcommerce.common.Common_01_Register_Cookies] - Pre-Condition - Step 03: Enter to Lastname textbox with value is 'Nikolaus'
[06-01-2024 18:38:47.856 INFO com.nopcommerce.common.Common_01_Register_Cookies] - Pre-Condition - Step 04: Enter to Email textbox with value is 'graig.flatley@hotmail.com'
[06-01-2024 18:38:47.996 INFO com.nopcommerce.common.Common_01_Register_Cookies] - Pre-Condition - Step 05: Enter to Password textbox with value is 'r*Yl5zTsM'
[06-01-2024 18:38:48.104 INFO com.nopcommerce.common.Common_01_Register_Cookies] - Pre-Condition - Step 06: Enter to Confirm password textbox with value is 'r*Yl5zTsM'
[06-01-2024 18:38:48.212 INFO com.nopcommerce.common.Common_01_Register_Cookies] - Pre-Condition - Step 07: Enter to 'Register' button
[06-01-2024 18:38:48.886 INFO com.nopcommerce.common.Common_01_Register_Cookies] - Pre-Condition - Step 08: Verify success message is displayed
[06-01-2024 18:38:48.939 INFO com.nopcommerce.common.Common_01_Register_Cookies] -  -------------------------- PASSED -------------------------- 
[06-01-2024 18:38:48.940 INFO com.nopcommerce.common.Common_01_Register_Cookies] - Pre-Condition - Step 09: Click to Logout link
[06-01-2024 18:38:49.364 INFO com.nopcommerce.common.Common_01_Register_Cookies] - Pre-Condition - Step 10: Navigate to Login page
[06-01-2024 18:38:50.160 INFO com.nopcommerce.common.Common_01_Register_Cookies] - Pre-Condition - Step 11: Enter to Email textbox with value is 'graig.flatley@hotmail.com'
[06-01-2024 18:38:50.322 INFO com.nopcommerce.common.Common_01_Register_Cookies] - Pre-Condition - Step 12: Enter to Password textbox with value is 'r*Yl5zTsM'
[06-01-2024 18:38:50.459 INFO com.nopcommerce.common.Common_01_Register_Cookies] - Pre-Condition - Step 13: Click to Login button
[06-01-2024 18:38:51.114 INFO com.nopcommerce.user.User_05_Sort_Display_Paging] - Pre-Condition - Step 01: Open browser 'CHROME'
[06-01-2024 18:38:53.113 INFO com.nopcommerce.user.User_05_Sort_Display_Paging] - Pre-condition - Step 02: Navigate to Login page
[06-01-2024 18:38:53.618 INFO com.nopcommerce.user.User_05_Sort_Display_Paging] - Pre-condition - Step 03: Set cookie and reload page
[06-01-2024 18:38:57.019 INFO com.nopcommerce.user.User_05_Sort_Display_Paging] - Pre-Condition - Step 04: Verify Home page Displayed
[06-01-2024 18:38:57.204 INFO com.nopcommerce.user.User_05_Sort_Display_Paging] - Sort_Display_01 - Step 01: Click To Product Catelogies on Top Menu: Computers/Notebooks
[06-01-2024 18:38:59.857 INFO com.nopcommerce.user.User_05_Sort_Display_Paging] - Sort_Display_01: Step 02: Click To 'Sort by' dropdown
[06-01-2024 18:39:00.008 INFO com.nopcommerce.user.User_05_Sort_Display_Paging] - Sort_Display_01: Step 03: Click To 'Display per page' dropdown
[06-01-2024 18:39:00.159 INFO com.nopcommerce.user.User_05_Sort_Display_Paging] - Sort_Display_01: Step 04: Products names are sorted in ascending Order
[06-01-2024 18:39:00.224 INFO com.nopcommerce.user.User_05_Sort_Display_Paging] -  -------------------------- PASSED -------------------------- 
[06-01-2024 18:39:00.229 INFO com.nopcommerce.user.User_05_Sort_Display_Paging] - Sort_Display_02 - Step 01: Click To Product Catelogies on Top Menu: Computers/Notebooks
[06-01-2024 18:39:02.788 INFO com.nopcommerce.user.User_05_Sort_Display_Paging] - Sort_Display_02: Step 02: Click To 'Sort by' dropdown
[06-01-2024 18:39:02.904 INFO com.nopcommerce.user.User_05_Sort_Display_Paging] - Sort_Display_02: Step 03: Click To 'Display per page' dropdown
[06-01-2024 18:39:03.009 INFO com.nopcommerce.user.User_05_Sort_Display_Paging] - Sort_Display_02: Step 04: Products names are sorted in ascending Order
[06-01-2024 18:39:04.073 INFO com.nopcommerce.user.User_05_Sort_Display_Paging] -  -------------------------- PASSED -------------------------- 
[06-01-2024 18:39:04.077 INFO com.nopcommerce.user.User_05_Sort_Display_Paging] - Sort_Display_03 - Step 01: Click To Product Catelogies on Top Menu: Computers/Notebooks
[06-01-2024 18:39:06.658 INFO com.nopcommerce.user.User_05_Sort_Display_Paging] - Sort_Display_03: Step 02: Click To 'Sort by' dropdown
[06-01-2024 18:39:06.757 INFO com.nopcommerce.user.User_05_Sort_Display_Paging] - Sort_Display_03: Step 03: Click To 'Display per page' dropdown
[06-01-2024 18:39:06.852 INFO com.nopcommerce.user.User_05_Sort_Display_Paging] - Sort_Display_03: Step 04: Products price is sorted in ascending Order
[06-01-2024 18:39:07.928 INFO com.nopcommerce.user.User_05_Sort_Display_Paging] -  -------------------------- PASSED -------------------------- 
[06-01-2024 18:39:07.931 INFO com.nopcommerce.user.User_05_Sort_Display_Paging] - Sort_Display_04 - Step 01: Click To Product Catelogies on Top Menu: Computers/Notebooks
[06-01-2024 18:39:10.552 INFO com.nopcommerce.user.User_05_Sort_Display_Paging] - Sort_Display_04: Step 02: Click To 'Sort by' dropdown
[06-01-2024 18:39:10.689 INFO com.nopcommerce.user.User_05_Sort_Display_Paging] - Sort_Display_04: Step 03: Click To 'Display per page' dropdown
[06-01-2024 18:39:10.810 INFO com.nopcommerce.user.User_05_Sort_Display_Paging] - Sort_Display_04: Step 04: Products price is sorted in descending Order
[06-01-2024 18:39:11.876 INFO com.nopcommerce.user.User_05_Sort_Display_Paging] -  -------------------------- PASSED -------------------------- 
[06-01-2024 18:39:11.886 INFO com.nopcommerce.user.User_05_Sort_Display_Paging] - Sort_Display_05 - Step 01: Click To Product Catelogies on Top Menu: Computers/Notebooks
[06-01-2024 18:39:14.616 INFO com.nopcommerce.user.User_05_Sort_Display_Paging] - Sort_Display_05: Step 02: Click To 'Display per page' dropdown
[06-01-2024 18:39:14.727 INFO com.nopcommerce.user.User_05_Sort_Display_Paging] - Sort_Display_05: Step 03: Verify Product page size is correct
[06-01-2024 18:39:15.893 INFO com.nopcommerce.user.User_05_Sort_Display_Paging] -  -------------------------- PASSED -------------------------- 
[06-01-2024 18:39:15.893 INFO com.nopcommerce.user.User_05_Sort_Display_Paging] - Sort_Display_05: Step 04: Verify pagination is dispalyed
[06-01-2024 18:39:15.982 INFO com.nopcommerce.user.User_05_Sort_Display_Paging] -  -------------------------- PASSED -------------------------- 
[06-01-2024 18:39:15.982 INFO com.nopcommerce.user.User_05_Sort_Display_Paging] - Sort_Display_05: Step 05: Verify pagination next icon is dispalyed
[06-01-2024 18:39:16.077 INFO com.nopcommerce.user.User_05_Sort_Display_Paging] -  -------------------------- PASSED -------------------------- 
[06-01-2024 18:39:16.077 INFO com.nopcommerce.user.User_05_Sort_Display_Paging] - TC_05_Display: Step 06: Click To Page 2 link
[06-01-2024 18:39:16.171 INFO com.nopcommerce.user.User_05_Sort_Display_Paging] - TC_05_Display: Step 07: Verify pagination Previous icon is dispalyed
[06-01-2024 18:39:16.714 INFO com.nopcommerce.user.User_05_Sort_Display_Paging] -  -------------------------- PASSED -------------------------- 
[06-01-2024 18:39:16.781 INFO com.nopcommerce.user.User_05_Sort_Display_Paging] -  -------------------------- PASSED -------------------------- 
[06-01-2024 18:39:16.784 INFO com.nopcommerce.user.User_05_Sort_Display_Paging] - Post-Condition: Close browser
[06-01-2024 18:39:16.784 INFO com.nopcommerce.user.User_05_Sort_Display_Paging] - OS name = windows 11
[06-01-2024 18:39:16.784 INFO com.nopcommerce.user.User_05_Sort_Display_Paging] - Driver instance name = chromedriver: chrome on windows (3550ee4474acbbdabb99ab5bc8f70338)
[06-01-2024 18:39:17.194 INFO com.nopcommerce.common.Common_01_Register_Cookies] - OS name = windows 11
[06-01-2024 18:39:17.195 INFO com.nopcommerce.common.Common_01_Register_Cookies] - Driver instance name = chromedriver: chrome on windows (b2cef63c09de9859e235cac4b0d82ef4)
[06-01-2024 18:39:17.212 INFO com.nopcommerce.common.Common_01_Register_Cookies] - java.net.Conne