[23-12-2023 00:19:20.370 INFO com.nopcommerce.user.User_03_My_Account] - Pre-Condition - Step 01: Open browser 'CHROME'
[23-12-2023 00:19:22.565 INFO com.nopcommerce.user.User_03_My_Account] - Pre-Condition - Step 01: Click to Register link
[23-12-2023 00:19:23.636 INFO com.nopcommerce.user.User_03_My_Account] - Pre-Condition - Step 02: Enter to Firstname textbox with value is 'Dominique'
[23-12-2023 00:19:23.763 INFO com.nopcommerce.user.User_03_My_Account] - Pre-Condition - Step 03: Enter to Lastname textbox with value is 'Mohr'
[23-12-2023 00:19:23.885 INFO com.nopcommerce.user.User_03_My_Account] - Pre-Condition - Step 03: Enter to Email textbox with value is 'min.keebler@gmail.com'
[23-12-2023 00:19:24.017 INFO com.nopcommerce.user.User_03_My_Account] - Pre-Condition - Step 03: Enter to Password textbox with value is '!vuVUzkaa'
[23-12-2023 00:19:24.135 INFO com.nopcommerce.user.User_03_My_Account] - Pre-Condition - Step 03: Enter to Confirm password textbox with value is '!vuVUzkaa'
[23-12-2023 00:19:24.256 INFO com.nopcommerce.user.User_03_My_Account] - Pre-Condition - Step 03: Click to Register button
[23-12-2023 00:19:24.934 INFO com.nopcommerce.user.User_03_My_Account] - Pre-Condition - Step 04: Verify sucessful registration message displayed
[23-12-2023 00:19:24.984 INFO com.nopcommerce.user.User_03_My_Account] - Pre-Condition - Step 05: Click to home link
[23-12-2023 00:19:25.392 INFO com.nopcommerce.user.User_03_My_Account] - Pre-Condition - Step 06: Click to Login link
[23-12-2023 00:19:25.767 INFO com.nopcommerce.user.User_03_My_Account] - Pre-Condition - Step 07: Enter to Email textbox with value is 'min.keebler@gmail.com'
[23-12-2023 00:19:25.887 INFO com.nopcommerce.user.User_03_My_Account] - Pre-Condition - Step 08: Enter to Password textbox with value is '!vuVUzkaa'
[23-12-2023 00:19:26.005 INFO com.nopcommerce.user.User_03_My_Account] - Pre-Condition - Step 09: Click to Login button
[23-12-2023 00:19:26.623 INFO com.nopcommerce.user.User_03_My_Account] - Pre-Condition - Step 10: Verify Home page Displayed
[23-12-2023 00:19:26.713 INFO com.nopcommerce.user.User_03_My_Account] - MyAccount_01 - Step 01: Click to My account link
[23-12-2023 00:19:27.081 INFO com.nopcommerce.user.User_03_My_Account] - MyAccount_01 - Step 02: Update gender with value is'Female'
[23-12-2023 00:19:27.157 INFO com.nopcommerce.user.User_03_My_Account] - MyAccount_01 - Step 03: Update First name with value is'Automation'
[23-12-2023 00:19:27.278 INFO com.nopcommerce.user.User_03_My_Account] - MyAccount_01 - Step 04: Update Last name with value is'FC'
[23-12-2023 00:19:27.397 INFO com.nopcommerce.user.User_03_My_Account] - MyAccount_01 - Step 05: Update Date with value is'1'
[23-12-2023 00:19:27.525 INFO com.nopcommerce.user.User_03_My_Account] - MyAccount_01 - Step 06: Update Month with value is'January'
[23-12-2023 00:19:27.701 INFO com.nopcommerce.user.User_03_My_Account] - MyAccount_01 - Step 07: Update Year with value is'1999'
[23-12-2023 00:19:27.849 INFO com.nopcommerce.user.User_03_My_Account] - MyAccount_01 - Step 08: Update Email with value is'gil.purdy@yahoo.com'
[23-12-2023 00:19:27.981 INFO com.nopcommerce.user.User_03_My_Account] - MyAccount_01 - Step 09: Update Company name with value is'Automation FC'
[23-12-2023 00:19:28.107 INFO com.nopcommerce.user.User_03_My_Account] - MyAccount_01 - Step 10: Click to 'Save' button
[23-12-2023 00:19:28.730 INFO com.nopcommerce.user.User_03_My_Account] - MyAccount_01 - Step 11: Verify update message successfully displayed
[23-12-2023 00:19:28.791 INFO com.nopcommerce.user.User_03_My_Account] - MyAccount_01: Step 12: Verify Gender was updated with value 'Female'
[23-12-2023 00:19:28.879 INFO com.nopcommerce.user.User_03_My_Account] -  -------------------------- PASSED -------------------------- 
[23-12-2023 00:19:28.879 INFO com.nopcommerce.user.User_03_My_Account] - MyAccount_01: Step 13: Verify Firstname was updated with value 'Automation'
[23-12-2023 00:19:28.943 INFO com.nopcommerce.user.User_03_My_Account] -  -------------------------- PASSED -------------------------- 
[23-12-2023 00:19:28.943 INFO com.nopcommerce.user.User_03_My_Account] - MyAccount_01: Step 14: Verify Lastname was updated with value 'FC'
[23-12-2023 00:19:29.009 INFO com.nopcommerce.user.User_03_My_Account] -  -------------------------- PASSED -------------------------- 
[23-12-2023 00:19:29.009 INFO com.nopcommerce.user.User_03_My_Account] - MyAccount_01: Step 15: Verify Date was updated with value '1'
[23-12-2023 00:19:29.158 INFO com.nopcommerce.user.User_03_My_Account] -  -------------------------- PASSED -------------------------- 
[23-12-2023 00:19:29.172 INFO com.nopcommerce.user.User_03_My_Account] - MyAccount_01: Step 16: Verify Month was updated with value 'January'
[23-12-2023 00:19:29.291 INFO com.nopcommerce.user.User_03_My_Account] -  -------------------------- PASSED -------------------------- 
[23-12-2023 00:19:29.291 INFO com.nopcommerce.user.User_03_My_Account] - MyAccount_01: Step 17: Verify Year was updated with value '1999'
[23-12-2023 00:19:30.056 INFO com.nopcommerce.user.User_03_My_Account] -  -------------------------- PASSED -------------------------- 
[23-12-2023 00:19:30.056 INFO com.nopcommerce.user.User_03_My_Account] - MyAccount_01: Step 18: Verify Email was updated with value 'gil.purdy@yahoo.com'
[23-12-2023 00:19:30.198 INFO com.nopcommerce.user.User_03_My_Account] -  -------------------------- PASSED -------------------------- 
[23-12-2023 00:19:30.198 INFO com.nopcommerce.user.User_03_My_Account] - MyAccount_01: Step 19: Verify Company name was updated with value 'Automation FC'
[23-12-2023 00:19:30.326 INFO com.nopcommerce.user.User_03_My_Account] -  -------------------------- PASSED -------------------------- 
[23-12-2023 00:19:30.392 INFO com.nopcommerce.user.User_03_My_Account] - MyAccount_02 - Step 01: Click To Addresses page at list box menu
[23-12-2023 00:19:30.798 INFO com.nopcommerce.user.User_03_My_Account] - MyAccount_02 - Step 02: Click To 'Add new; button
[23-12-2023 00:19:31.179 INFO com.nopcommerce.user.User_03_My_Account] - MyAccount_02 - Step 03: Add First Name with value is'Automation'
[23-12-2023 00:19:31.314 INFO com.nopcommerce.user.User_03_My_Account] - MyAccount_02 - Step 04: Add Last Name with value is'FC'
[23-12-2023 00:19:31.430 INFO com.nopcommerce.user.User_03_My_Account] - MyAccount_02 - Step 05: Add Email address with value is'gil.purdy@yahoo.com'
[23-12-2023 00:19:31.582 INFO com.nopcommerce.user.User_03_My_Account] - MyAccount_02 - Step 06: Add Company name with value is'Automation FC'
[23-12-2023 00:19:31.694 INFO com.nopcommerce.user.User_03_My_Account] - MyAccount_02 - Step 07: Select item in Country dropdown with value is'Viet Nam'
[23-12-2023 00:19:31.883 INFO com.nopcommerce.user.User_03_My_Account] - MyAccount_02 - Step 08: Select item in State/ province dropdown with value is'Other'
[23-12-2023 00:19:32.160 INFO com.nopcommerce.user.User_03_My_Account] - MyAccount_02 - Step 09: Add City with value is'Da Nang'
[23-12-2023 00:19:32.376 INFO com.nopcommerce.user.User_03_My_Account] - MyAccount_02 - Step 10: Add Address1 with value is'123/04 Le Lai'
[23-12-2023 00:19:32.523 INFO com.nopcommerce.user.User_03_My_Account] - MyAccount_02 - Step 11: Add Address2 with value is'234/5 hai Phong'
[23-12-2023 00:19:32.697 INFO com.nopcommerce.user.User_03_My_Account] - MyAccount_02 - Step 12: Add Zip/ postal code with value is'550000'
[23-12-2023 00:19:32.865 INFO com.nopcommerce.user.User_03_My_Account] - MyAccount_02 - Step 13: Add Phone number with value is'0123456789'
[23-12-2023 00:19:33.043 INFO com.nopcommerce.user.User_03_My_Account] - MyAccount_02 - Step 14: Add Fax number with value is'0987654321'
[23-12-2023 00:19:33.198 INFO com.nopcommerce.user.User_03_My_Account] - MyAccount_02 - Step 15: Click to 'Save' button
[23-12-2023 00:19:33.899 INFO com.nopcommerce.user.User_03_My_Account] - MyAccount_01 - Step 16: Verify update message successfully displayed
[23-12-2023 00:19:33.930 INFO com.nopcommerce.user.User_03_My_Account] - MyAccount_01: Step 17: Verify all information was updated
[23-12-