[22-12-2023 20:56:33.199 INFO com.nopcommerce.user.User_03_My_Account] - Pre-Condition - Step 01: Open browser 'CHROME'
[22-12-2023 20:56:36.439 INFO com.nopcommerce.user.User_03_My_Account] - Pre-Condition - Step 01: Click to Register link
[22-12-2023 20:56:38.745 INFO com.nopcommerce.user.User_03_My_Account] - Pre-Condition - Step 02: Enter to Firstname textbox with value is 'Cole'
[22-12-2023 20:56:38.861 INFO com.nopcommerce.user.User_03_My_Account] - Pre-Condition - Step 03: Enter to Lastname textbox with value is 'Stanton'
[22-12-2023 20:56:38.985 INFO com.nopcommerce.user.User_03_My_Account] - Pre-Condition - Step 03: Enter to Email textbox with value is 'boyd.morissette@hotmail.com'
[22-12-2023 20:56:39.100 INFO com.nopcommerce.user.User_03_My_Account] - Pre-Condition - Step 03: Enter to Password textbox with value is '5b&qOa1z2'
[22-12-2023 20:56:39.219 INFO com.nopcommerce.user.User_03_My_Account] - Pre-Condition - Step 03: Enter to Confirm password textbox with value is '5b&qOa1z2'
[22-12-2023 20:56:39.346 INFO com.nopcommerce.user.User_03_My_Account] - Pre-Condition - Step 03: Click to Register button
[22-12-2023 20:56:40.170 INFO com.nopcommerce.user.User_03_My_Account] - Pre-Condition - Step 04: Verify sucessful registration message displayed
[22-12-2023 20:56:40.227 INFO com.nopcommerce.user.User_03_My_Account] - Pre-Condition - Step 05: Click to home link
[22-12-2023 20:56:40.773 INFO com.nopcommerce.user.User_03_My_Account] - Pre-Condition - Step 06: Click to Login link
[22-12-2023 20:56:41.521 INFO com.nopcommerce.user.User_03_My_Account] - Pre-Condition - Step 07: Enter to Email textbox with value is 'boyd.morissette@hotmail.com'
[22-12-2023 20:56:41.661 INFO com.nopcommerce.user.User_03_My_Account] - Pre-Condition - Step 08: Enter to Password textbox with value is '5b&qOa1z2'
[22-12-2023 20:56:41.787 INFO com.nopcommerce.user.User_03_My_Account] - Pre-Condition - Step 09: Click to Login button
[22-12-2023 20:56:42.740 INFO com.nopcommerce.user.User_03_My_Account] - Pre-Condition - Step 10: Verify Home page Displayed
[22-12-2023 20:56:42.881 INFO com.nopcommerce.user.User_03_My_Account] - MyAccount_01 - Step 01: Click to My account link
[22-12-2023 20:56:43.400 INFO com.nopcommerce.user.User_03_My_Account] - MyAccount_01 - Step 02: Update gender with value is'Female'
[22-12-2023 20:56:43.503 INFO com.nopcommerce.user.User_03_My_Account] - MyAccount_01 - Step 03: Update First name with value is'Automation'
[22-12-2023 20:56:43.673 INFO com.nopcommerce.user.User_03_My_Account] - MyAccount_01 - Step 04: Update Last name with value is'FC'
[22-12-2023 20:56:43.802 INFO com.nopcommerce.user.User_03_My_Account] - MyAccount_01 - Step 05: Update Date with value is'1'
[22-12-2023 20:56:43.958 INFO com.nopcommerce.user.User_03_My_Account] - MyAccount_01 - Step 06: Update Month with value is'January'
[22-12-2023 20:56:44.136 INFO com.nopcommerce.user.User_03_My_Account] - MyAccount_01 - Step 07: Update Year with value is'1999'
[22-12-2023 20:56:44.412 INFO com.nopcommerce.user.User_03_My_Account] - MyAccount_01 - Step 08: Update Email with value is'kandi.robel@gmail.com'
[22-12-2023 20:56:44.609 INFO com.nopcommerce.user.User_03_My_Account] - MyAccount_01 - Step 09: Update Company name with value is'Automation FC'
[22-12-2023 20:56:44.847 INFO com.nopcommerce.user.User_03_My_Account] - MyAccount_01 - Step 10: Click to 'Save' button
[22-12-2023 20:56:45.731 INFO com.nopcommerce.user.User_03_My_Account] - MyAccount_01 - Step 11: Verify update message successfully displayed
[22-12-2023 20:56:45.790 INFO com.nopcommerce.user.User_03_My_Account] - MyAccount_01: Step 12: Verify Gender was updated with value 'Female'
[22-12-2023 20:56:45.892 INFO com.nopcommerce.user.User_03_My_Account] -  -------------------------- PASSED -------------------------- 
[22-12-2023 20:56:45.893 INFO com.nopcommerce.user.User_03_My_Account] - MyAccount_01: Step 13: Verify Firstname was updated with value 'Automation'
[22-12-2023 20:56:46.006 INFO com.nopcommerce.user.User_03_My_Account] -  -------------------------- PASSED -------------------------- 
[22-12-2023 20:56:46.007 INFO com.nopcommerce.user.User_03_My_Account] - MyAccount_01: Step 14: Verify Lastname was updated with value 'FC'
[22-12-2023 20:56:46.129 INFO com.nopcommerce.user.User_03_My_Account] -  -------------------------- PASSED -------------------------- 
[22-12-2023 20:56:46.130 INFO com.nopcommerce.user.User_03_My_Account] - MyAccount_01: Step 15: Verify Date was updated with value '1'
[22-12-2023 20:56:46.279 INFO com.nopcommerce.user.User_03_My_Account] -  -------------------------- PASSED -------------------------- 
[22-12-2023 20:56:46.280 INFO com.nopcommerce.user.User_03_My_Account] - MyAccount_01: Step 16: Verify Month was updated with value 'January'
[22-12-2023 20:56:46.441 INFO com.nopcommerce.user.User_03_My_Account] -  -------------------------- PASSED -------------------------- 
[22-12-2023 20:56:46.442 INFO com.nopcommerce.user.User_03_My_Account] - MyAccount_01: Step 17: Verify Year was updated with value '1999'
[22-12-2023 20:56:47.040 INFO com.nopcommerce.user.User_03_My_Account] -  -------------------------- PASSED -------------------------- 
[22-12-2023 20:56:47.041 INFO com.nopcommerce.user.User_03_My_Account] - MyAccount_01: Step 18: Verify Email was updated with value 'kandi.robel@gmail.com'
[22-12-2023 20:56:47.157 INFO com.nopcommerce.user.User_03_My_Account] -  -------------------------- PASSED -------------------------- 
[22-12-2023 20:56:47.158 INFO com.nopcommerce.user.User_03_My_Account] - MyAccount_01: Step 19: Verify Company name was updated with value 'Automation FC'
[22-12-2023 20:56:47.236 INFO com.nopcommerce.user.User_03_My_Account] -  -------------------------- PASSED -------------------------- 
[22-12-2023 20:56:47.376 INFO com.nopcommerce.user.User_03_My_Account] - MyAccount_02 - Step 01: Click To Addresses page at list box menu
[22-12-2023 20:56:47.880 INFO com.nopcommerce.user.User_03_My_Account] - MyAccount_02 - Step 02: Click To 'Add new; button
[22-12-2023 20:56:48.422 INFO com.nopcommerce.user.User_03_My_Account] - MyAccount_02 - Step 03: Add First Name with value is'Automation'
[22-12-2023 20:56:48.545 INFO com.nopcommerce.user.User_03_My_Account] - MyAccount_02 - Step 04: Add Last Name with value is'FC'
[22-12-2023 20:56:48.652 INFO com.nopcommerce.user.User_03_My_Account] - MyAccount_02 - Step 05: Add Email address with value is'kandi.robel@gmail.com'
[22-12-2023 20:56:48.822 INFO com.nopcommerce.user.User_03_My_Account] - MyAccount_02 - Step 06: Add Company name with value is'Automation FC'
[22-12-2023 20:56:48.969 INFO com.nopcommerce.user.User_03_My_Account] - MyAccount_02 - Step 07: Select item in Country dropdown with value is'Viet Nam'
[22-12-2023 20:56:49.151 INFO com.nopcommerce.user.User_03_My_Account] - MyAccount_02 - Step 08: Select item in State/ province dropdown with value is'Other'
[22-12-2023 20:56:49.630 INFO com.nopcommerce.user.User_03_My_Account] - MyAccount_02 - Step 09: Add City with value is'Da Nang'
[22-12-2023 20:56:49.859 INFO com.nopcommerce.user.User_03_My_Account] - MyAccount_02 - Step 10: Add Address1 with value is'123/04 Le Lai'
[22-12-2023 20:56:50.043 INFO com.nopcommerce.user.User_03_My_Account] - MyAccount_02 - Step 11: Add Address2 with value is'234/5 hai Phong'
[22-12-2023 20:56:50.186 INFO com.nopcommerce.user.User_03_My_Account] - MyAccount_02 - Step 12: Add Zip/ postal code with value is'550000'
[22-12-2023 20:56:50.346 INFO com.nopcommerce.user.User_03_My_Account] - MyAccount_02 - Step 13: Add Phone number with value is'0123456789'
[22-12-2023 20:56:50.463 INFO com.nopcommerce.user.User_03_My_Account] - MyAccount_02 - Step 14: Add Fax number with value is'0987654321'
[22-12-2023 20:56:50.631 INFO com.nopcommerce.user.User_03_My_Account] - MyAccount_02 - Step 15: Click to 'Save' button
[22-12-2023 20:56:52.410 INFO com.nopcommerce.user.User_03_My_Account] - MyAccount_01 - Step 16: Verify update message successfully displayed
[22-12-2023 20:56:52.511 INFO com.nopcommerce.user.User_03_My_Account] - MyAccount_01: Step 17: Verify all information was 