[26-01-2024 22:22:44.184 INFO com.nopcommerce.common.Common_01_Register_Cookies] - Pre-Condition - Step 01: Navigate to 'Register' page
[26-01-2024 22:22:44.658 INFO com.nopcommerce.common.Common_01_Register_Cookies] - Pre-Condition - Step 02: Enter to Firstname textbox with value is 'Loris'
[26-01-2024 22:22:44.779 INFO com.nopcommerce.common.Common_01_Register_Cookies] - Pre-Condition - Step 03: Enter to Lastname textbox with value is 'Grant'
[26-01-2024 22:22:44.904 INFO com.nopcommerce.common.Common_01_Register_Cookies] - Pre-Condition - Step 04: Enter to Email textbox with value is 'major.kub@hotmail.com'
[26-01-2024 22:22:45.038 INFO com.nopcommerce.common.Common_01_Register_Cookies] - Pre-Condition - Step 05: Enter to Password textbox with value is '0mtWxf8*'
[26-01-2024 22:22:45.168 INFO com.nopcommerce.common.Common_01_Register_Cookies] - Pre-Condition - Step 06: Enter to Confirm password textbox with value is '0mtWxf8*'
[26-01-2024 22:22:45.286 INFO com.nopcommerce.common.Common_01_Register_Cookies] - Pre-Condition - Step 07: Enter to 'Register' button
[26-01-2024 22:22:45.908 INFO com.nopcommerce.common.Common_01_Register_Cookies] - Pre-Condition - Step 08: Verify success message is displayed
[26-01-2024 22:22:45.971 INFO com.nopcommerce.common.Common_01_Register_Cookies] -  -------------------------- PASSED -------------------------- 
[26-01-2024 22:22:45.972 INFO com.nopcommerce.common.Common_01_Register_Cookies] - Pre-Condition - Step 09: Click to Logout link
[26-01-2024 22:22:46.336 INFO com.nopcommerce.common.Common_01_Register_Cookies] - Pre-Condition - Step 10: Navigate to Login page
[26-01-2024 22:22:47.083 INFO com.nopcommerce.common.Common_01_Register_Cookies] - Pre-Condition - Step 11: Enter to Email textbox with value is 'major.kub@hotmail.com'
[26-01-2024 22:22:47.208 INFO com.nopcommerce.common.Common_01_Register_Cookies] - Pre-Condition - Step 12: Enter to Password textbox with value is '0mtWxf8*'
[26-01-2024 22:22:47.322 INFO com.nopcommerce.common.Common_01_Register_Cookies] - Pre-Condition - Step 13: Click to Login button
[26-01-2024 22:22:48.013 INFO com.nopcommerce.user.User_07_Order] - Pre-Condition - Step 01: Open browser 'CHROME'
[26-01-2024 22:22:49.931 INFO com.nopcommerce.user.User_07_Order] - Pre-condition - Step 02: Navigate to Login page
[26-01-2024 22:22:50.891 INFO com.nopcommerce.user.User_07_Order] - Pre-condition - Step 03: Set cookie and reload page
[26-01-2024 22:22:54.303 INFO com.nopcommerce.user.User_07_Order] - Pre-Condition - Step 04: Verify Home page Displayed
[26-01-2024 22:22:54.390 INFO com.nopcommerce.user.User_07_Order] - Order_01: Step 01: Click To Product Catelogies on Top Menu: Computers/Desktops
[26-01-2024 22:22:56.981 INFO com.nopcommerce.user.User_07_Order] - Order_01: Step 02: Click to product name with value is 'Build your own computer'
[26-01-2024 22:22:57.509 INFO com.nopcommerce.user.User_07_Order] - Order_01: Step 03: Select item in 'Processor' dropdown is '2.5 GHz Intel Pentium Dual-Core E2200 [+$15.00]'
[26-01-2024 22:22:57.596 INFO com.nopcommerce.user.User_07_Order] - Order_01: Step 04: Select item in 'RAM' dropdown is '8GB [+$60.00]'
[26-01-2024 22:22:57.700 INFO com.nopcommerce.user.User_07_Order] - Order_01: Step 05: Select item in 'HDD' radio button is '400 GB [+$100.00]'
[26-01-2024 22:22:57.789 INFO com.nopcommerce.user.User_07_Order] - Order_01: Step 06: Select item in 'OS' radio button is 'Vista Premium [+$60.00]'
[26-01-2024 22:22:57.869 INFO com.nopcommerce.user.User_07_Order] - Order_01: Step 07: Select item all value at 'Software' checkbox
[26-01-2024 22:22:58.159 INFO com.nopcommerce.user.User_07_Order] - Order_01: Step 08: Get value of price is null
[26-01-2024 22:23:01.211 INFO com.nopcommerce.user.User_07_Order] - Order_01: Step 09: Click to 'Add to cart' button
[26-01-2024 22:23:01.287 INFO com.nopcommerce.user.User_07_Order] - Order_01: Step 10: Verify add to cart success message displayed
[26-01-2024 22:23:01.721 INFO com.nopcommerce.user.User_07_Order] -  -------------------------- PASSED -------------------------- 
[26-01-2024 22:23:01.721 INFO com.nopcommerce.user.User_07_Order] - Order_01: Step 11: Close success message
[26-01-2024 22:23:04.810 INFO com.nopcommerce.user.User_07_Order] - Order_01: Step 12: Verify Shopping cart quantity is updated (1)
[26-01-2024 22:23:04.851 INFO com.nopcommerce.user.User_07_Order] -  -------------------------- PASSED -------------------------- 
[26-01-2024 22:23:04.905 INFO com.nopcommerce.user.User_07_Order] -  -------------------------- PASSED -------------------------- 
[26-01-2024 22:23:04.905 INFO com.nopcommerce.user.User_07_Order] - Order_01: Step 13: Verify the product is displayed in mini shopping cart
[26-01-2024 22:23:08.180 INFO com.nopcommerce.user.User_07_Order] -  -------------------------- PASSED -------------------------- 
[26-01-2024 22:23:08.234 INFO com.nopcommerce.user.User_07_Order] -  -------------------------- PASSED -------------------------- 
[26-01-2024 22:23:08.313 INFO com.nopcommerce.user.User_07_Order] -  -------------------------- PASSED -------------------------- 
[26-01-2024 22:23:08.376 INFO com.nopcommerce.user.User_07_Order] -  -------------------------- PASSED -------------------------- 
[26-01-2024 22:23:08.442 INFO com.nopcommerce.user.User_07_Order] -  -------------------------- PASSED -------------------------- 
[26-01-2024 22:23:08.511 INFO com.nopcommerce.user.User_07_Order] -  -------------------------- PASSED -------------------------- 
[26-01-2024 22:23:08.540 INFO com.nopcommerce.user.User_07_Order] - Order_02: Step 01: Open Shopping cart at header
[26-01-2024 22:23:09.121 INFO com.nopcommerce.user.User_07_Order] - Order_02: Step 02: Verify Shopping cart page is displayed
[26-01-2024 22:23:09.199 INFO com.nopcommerce.user.User_07_Order] -  -------------------------- PASSED -------------------------- 
[26-01-2024 22:23:09.199 INFO com.nopcommerce.user.User_07_Order] - Order_02: Step 03: Click to 'Edit' link
[26-01-2024 22:23:09.654 INFO com.nopcommerce.user.User_07_Order] - Order_02: Step 04: Select item in 'Processor' dropdown is '2.2 GHz Intel Pentium Dual-Core E2200'
[26-01-2024 22:23:09.777 INFO com.nopcommerce.user.User_07_Order] - Order_02: Step 05: Select item in 'RAM' dropdown is '4GB [+$20.00]'
[26-01-2024 22:23:09.933 INFO com.nopcommerce.user.User_07_Order] - Order_02: Step 06: Select item in 'HDD' radio button is '320 GB'
[26-01-2024 22:23:10.014 INFO com.nopcommerce.user.User_07_Order] - Order_02: Step 07: Select item in 'OS' radio button is 'Vista Home [+$50.00]'
[26-01-2024 22:23:10.095 INFO com.nopcommerce.user.User_07_Order] - Order_02: Step 08: Select item all value at 'Software' checkbox
[26-01-2024 22:23:10.294 INFO com.nopcommerce.user.User_07_Order] - Order_02: Step 09: Verify product price is updated with value '$1,320.00'
[26-01-2024 22:23:13.354 INFO com.nopcommerce.user.User_07_Order] -  -------------------------- PASSED -------------------------- 
[26-01-2024 22:23:13.354 INFO com.nopcommerce.user.User_07_Order] - Order_02: Step 10: Get value of price is $1,500.00
[26-01-2024 22:23:13.405 INFO com.nopcommerce.user.User_07_Order] - Order_02: Step 11: Edit product quantiny is 2
[26-01-2024 22:23:13.502 INFO com.nopcommerce.user.User_07_Order] - Order_02: Step 12: Click to 'Update' button
[26-01-2024 22:23:13.582 INFO com.nopcommerce.user.User_07_Order] - Order_02: Step 13: Verify add to cart success message displayed
[26-01-2024 22:23:13.905 INFO com.nopcommerce.user.User_07_Order] -  -------------------------- PASSED -------------------------- 
[26-01-2024 22:23:13.905 INFO com.nopcommerce.user.User_07_Order] - Order_02: Step 14: Close success message
[26-01-2024 22:23:16.990 INFO com.nopcommerce.user.User_07_Order] - Order_02: Step 15: Verify Shopping cart quantity is updated (2)
[26-01-2024 22:23:17.033 INFO com.nopcommerce.user.User_07_Order] -  -------------------------- PASSED -------------------------- 
[26-01-2024 22:23:17.085 INFO com.nopcommerce.user.User_07_Order] -  -------------------------- PASSED -------------------------- 
[26-01-2024 22:23:17.085 INFO com.nopco