[23-11-2023 22:28:15.120 INFO com.wordpress.admin.Post_01_Create_Read_Update_Delete_Search] - Pre-Condition - Step 01: Open browser and admin url
[23-11-2023 22:28:17.599 INFO com.wordpress.admin.Post_01_Create_Read_Update_Delete_Search] - Pre-Condition - Step 02: Enter to Username textbox with value: automationfc
[23-11-2023 22:28:17.762 INFO com.wordpress.admin.Post_01_Create_Read_Update_Delete_Search] - Pre-Condition - Step 03: Enter to Password textbox with value: automationfc
[23-11-2023 22:28:17.862 INFO com.wordpress.admin.Post_01_Create_Read_Update_Delete_Search] - Pre-Condition - Step 04: Click to Login button
[23-11-2023 22:28:19.130 INFO com.wordpress.admin.Post_01_Create_Read_Update_Delete_Search] - Create_Post - Step 01: Click to 'Posts' menu link
[23-11-2023 22:28:19.907 INFO com.wordpress.admin.Post_01_Create_Read_Update_Delete_Search] - Create_Post - Step 02: Get 'Search Posts' page Url
[23-11-2023 22:28:19.910 INFO com.wordpress.admin.Post_01_Create_Read_Update_Delete_Search] - Create_Post - Step 03: Click to 'Add New' button
[23-11-2023 22:28:21.289 INFO com.wordpress.admin.Post_01_Create_Read_Update_Delete_Search] - Create_Post - Step 04: Enter to post title
[23-11-2023 22:28:21.567 INFO com.wordpress.admin.Post_01_Create_Read_Update_Delete_Search] - Create_Post - Step 05: Enter to post body
[23-11-2023 22:28:22.103 INFO com.wordpress.admin.Post_01_Create_Read_Update_Delete_Search] - Create_Post - Step 06: Click to 'Publish' button
[23-11-2023 22:28:22.430 INFO com.wordpress.admin.Post_01_Create_Read_Update_Delete_Search] - Create_Post - Step 07: Click to 'Pre Publish' button
[23-11-2023 22:28:22.518 INFO com.wordpress.admin.Post_01_Create_Read_Update_Delete_Search] - Create_Post - Step 08: Verify 'Post published.' message is displayed
[23-11-2023 22:28:23.979 INFO com.wordpress.admin.Post_01_Create_Read_Update_Delete_Search] -  -------------------------- PASSED -------------------------- 
[23-11-2023 22:28:24.057 INFO com.wordpress.admin.Post_01_Create_Read_Update_Delete_Search] - Search_Post - Step 01: Open 'Search Post' page
[23-11-2023 22:28:25.746 INFO com.wordpress.admin.Post_01_Create_Read_Update_Delete_Search] - Search_Post - Step 02: Enter to Search textbox
[23-11-2023 22:28:25.895 INFO com.wordpress.admin.Post_01_Create_Read_Update_Delete_Search] - Search_Post - Step 03: Click to 'Search Posts' button
[23-11-2023 22:28:27.044 INFO com.wordpress.admin.Post_01_Create_Read_Update_Delete_Search] - Search_Post - Step 04: Verify Search table contains 'Live Coding Title 2151'
[23-11-2023 22:28:27.137 INFO com.wordpress.admin.Post_01_Create_Read_Update_Delete_Search] -  -------------------------- PASSED -------------------------- 
[23-11-2023 22:28:27.137 INFO com.wordpress.admin.Post_01_Create_Read_Update_Delete_Search] - Search_Post - Step 05: Verify Search table contains 'Automation Admin'
[23-11-2023 22:28:27.228 INFO com.wordpress.admin.Post_01_Create_Read_Update_Delete_Search] -  -------------------------- PASSED -------------------------- 
[23-11-2023 22:28:27.228 INFO com.wordpress.admin.Post_01_Create_Read_Update_Delete_Search] - Search_Post - Step 06: Open End User site
[23-11-2023 22:28:27.905 INFO com.wordpress.admin.Post_01_Create_Read_Update_Delete_Search] - Search_Post - Step 07: Verify Post infor displayed at Home page
[23-11-2023 22:28:27.972 INFO com.wordpress.admin.Post_01_Create_Read_Update_Delete_Search] -  -------------------------- PASSED -------------------------- 
[23-11-2023 22:28:28.041 INFO com.wordpress.admin.Post_01_Create_Read_Update_Delete_Search] -  -------------------------- PASSED -------------------------- 
[23-11-2023 22:28:28.104 INFO com.wordpress.admin.Post_01_Create_Read_Update_Delete_Search] -  -------------------------- PASSED -------------------------- 
[23-11-2023 22:28:28.174 INFO com.wordpress.admin.Post_01_Create_Read_Update_Delete_Search] -  -------------------------- PASSED -------------------------- 
[23-11-2023 22:28:28.174 INFO com.wordpress.admin.Post_01_Create_Read_Update_Delete_Search] - Search_Post - Step 08: Click to Post title
[23-11-2023 22:28:28.752 INFO com.wordpress.admin.Post_01_Create_Read_Update_Delete_Search] - Search_Post - Step 09: Verify Post infor displayed at Post detail page
[23-11-2023 22:28:28.822 INFO com.wordpress.admin.Post_01_Create_Read_Update_Delete_Search] -  -------------------------- PASSED -------------------------- 
[23-11-2023 22:28:28.911 INFO com.wordpress.admin.Post_01_Create_Read_Update_Delete_Search] -  -------------------------- PASSED -------------------------- 
[23-11-2023 22:28:29.036 INFO com.wordpress.admin.Post_01_Create_Read_Update_Delete_Search] -  -------------------------- PASSED -------------------------- 
[23-11-2023 22:28:29.179 INFO com.wordpress.admin.Post_01_Create_Read_Update_Delete_Search] -  -------------------------- PASSED -------------------------- 
[23-11-2023 22:28:29.199 INFO com.wordpress.admin.Post_01_Create_Read_Update_Delete_Search] - Edit_Post - Step 01: Open Admin site
[23-11-2023 22:28:30.311 INFO com.wordpress.admin.Post_01_Create_Read_Update_Delete_Search] - Edit_Post - Step 02: Click to 'Posts' menu link
[23-11-2023 22:28:31.020 INFO com.wordpress.admin.Post_01_Create_Read_Update_Delete_Search] - Edit_Post - Step 03: Enter to Search textbox
[23-11-2023 22:28:31.131 INFO com.wordpress.admin.Post_01_Create_Read_Update_Delete_Search] - Edit_Post - Step 04: Click to 'Search Posts' button
[23-11-2023 22:28:32.296 INFO com.wordpress.admin.Post_01_Create_Read_Update_Delete_Search] - Edit_Post - Step 05: Click to Post title link and navigate to Edit Post page
[23-11-2023 22:28:33.421 INFO com.wordpress.admin.Post_01_Create_Read_Update_Delete_Search] - Edit_Post - Step 06: Enter to post title
[23-11-2023 22:28:33.634 INFO com.wordpress.admin.Post_01_Create_Read_Update_Delete_Search] - Edit_Post - Step 07: Enter to post body
[23-11-2023 22:28:34.147 INFO com.wordpress.admin.Post_01_Create_Read_Update_Delete_Search] - Edit_Post - Step 08: Click to 'Update' button
[23-11-2023 22:28:34.465 INFO com.wordpress.admin.Post_01_Create_Read_Update_Delete_Search] - Edit_Post - Step 09: Verify 'Post updated.' message is displayed
[23-11-2023 22:28:35.812 INFO com.wordpress.admin.Post_01_Create_Read_Update_Delete_Search] -  -------------------------- PASSED -------------------------- 
[23-11-2023 22:28:35.813 INFO com.wordpress.admin.Post_01_Create_Read_Update_Delete_Search] - Edit_Post - Step 10: Open 'Search Post' page
[23-11-2023 22:28:37.465 INFO com.wordpress.admin.Post_01_Create_Read_Update_Delete_Search] - Edit_Post - Step 11: Enter to Search textbox
[23-11-2023 22:28:37.602 INFO com.wordpress.admin.Post_01_Create_Read_Update_Delete_Search] - Edit_Post - Step 12: Click to 'Search Posts' button
[23-11-2023 22:28:38.724 INFO com.wordpress.admin.Post_01_Create_Read_Update_Delete_Search] - Edit_Post - Step 13: Verify Search table contains 'Edit title 2151'
[23-11-2023 22:28:38.799 INFO com.wordpress.admin.Post_01_Create_Read_Update_Delete_Search] -  -------------------------- PASSED -------------------------- 
[23-11-2023 22:28:38.799 INFO com.wordpress.admin.Post_01_Create_Read_Update_Delete_Search] - Edit_Post - Step 14: Verify Search table contains 'Automation Admin'
[23-11-2023 22:28:38.888 INFO com.wordpress.admin.Post_01_Create_Read_Update_Delete_Search] -  -------------------------- PASSED -------------------------- 
[23-11-2023 22:28:38.888 INFO com.wordpress.admin.Post_01_Create_Read_Update_Delete_Search] - Edit_Post - Step 15: Open End User site
[23-11-2023 22:28:39.382 INFO com.wordpress.admin.Post_01_Create_Read_Update_Delete_Search] - Edit_Post - Step 16: Verify Post infor displayed at Home page
[23-11-2023 22:28:39.498 INFO com.wordpress.admin.Post_01_Create_Read_Update_Delete_Search] -  -------------------------- PASSED -------------------------- 
[23-11-2023 22:28:39.565 INFO com.wordpress.admin.Post_01_Create_Read_Update_Delete_Search] -  -------------------------- PASSED -------------------------- 
[23-11-2023 22:28:39.681 INFO com.wordpress.admin.Post_01_Create_Read_Update_Delete_Search] -  -------------------------- PASSED ---------------