[25-01-2024 23:12:50.704 INFO com.nopcommerce.common.Common_01_Register_Cookies] - Pre-Condition - Step 01: Navigate to 'Register' page
[25-01-2024 23:12:51.201 INFO com.nopcommerce.common.Common_01_Register_Cookies] - Pre-Condition - Step 02: Enter to Firstname textbox with value is 'Wilson'
[25-01-2024 23:12:51.322 INFO com.nopcommerce.common.Common_01_Register_Cookies] - Pre-Condition - Step 03: Enter to Lastname textbox with value is 'Leffler'
[25-01-2024 23:12:51.432 INFO com.nopcommerce.common.Common_01_Register_Cookies] - Pre-Condition - Step 04: Enter to Email textbox with value is 'roberto.kerluke@yahoo.com'
[25-01-2024 23:12:51.571 INFO com.nopcommerce.common.Common_01_Register_Cookies] - Pre-Condition - Step 05: Enter to Password textbox with value is '5#E9GD^M@^#'
[25-01-2024 23:12:51.678 INFO com.nopcommerce.common.Common_01_Register_Cookies] - Pre-Condition - Step 06: Enter to Confirm password textbox with value is '5#E9GD^M@^#'
[25-01-2024 23:12:51.804 INFO com.nopcommerce.common.Common_01_Register_Cookies] - Pre-Condition - Step 07: Enter to 'Register' button
[25-01-2024 23:12:52.445 INFO com.nopcommerce.common.Common_01_Register_Cookies] - Pre-Condition - Step 08: Verify success message is displayed
[25-01-2024 23:12:52.525 INFO com.nopcommerce.common.Common_01_Register_Cookies] -  -------------------------- PASSED -------------------------- 
[25-01-2024 23:12:52.525 INFO com.nopcommerce.common.Common_01_Register_Cookies] - Pre-Condition - Step 09: Click to Logout link
[25-01-2024 23:12:52.883 INFO com.nopcommerce.common.Common_01_Register_Cookies] - Pre-Condition - Step 10: Navigate to Login page
[25-01-2024 23:12:53.574 INFO com.nopcommerce.common.Common_01_Register_Cookies] - Pre-Condition - Step 11: Enter to Email textbox with value is 'roberto.kerluke@yahoo.com'
[25-01-2024 23:12:53.697 INFO com.nopcommerce.common.Common_01_Register_Cookies] - Pre-Condition - Step 12: Enter to Password textbox with value is '5#E9GD^M@^#'
[25-01-2024 23:12:53.816 INFO com.nopcommerce.common.Common_01_Register_Cookies] - Pre-Condition - Step 13: Click to Login button
[25-01-2024 23:12:54.556 INFO com.nopcommerce.user.User_07_Order] - Pre-Condition - Step 01: Open browser 'CHROME'
[25-01-2024 23:12:56.303 INFO com.nopcommerce.user.User_07_Order] - Pre-condition - Step 02: Navigate to Login page
[25-01-2024 23:12:56.740 INFO com.nopcommerce.user.User_07_Order] - Pre-condition - Step 03: Set cookie and reload page
[25-01-2024 23:13:00.161 INFO com.nopcommerce.user.User_07_Order] - Pre-Condition - Step 04: Verify Home page Displayed
[25-01-2024 23:13:00.250 INFO com.nopcommerce.user.User_07_Order] - Order_01: Step 01: Click To Product Catelogies on Top Menu: Computers/Desktops
[25-01-2024 23:13:03.710 INFO com.nopcommerce.user.User_07_Order] - Order_01: Step 02: Click to product name with value is 'Build your own computer'
[25-01-2024 23:13:04.826 INFO com.nopcommerce.user.User_07_Order] - Order_01: Step 03: Select item in 'Processor' dropdown is '2.5 GHz Intel Pentium Dual-Core E2200 [+$15.00]'
[25-01-2024 23:13:04.908 INFO com.nopcommerce.user.User_07_Order] - Order_01: Step 04: Select item in 'RAM' dropdown is '8GB [+$60.00]'
[25-01-2024 23:13:05.034 INFO com.nopcommerce.user.User_07_Order] - Order_01: Step 05: Select item in 'HDD' radio button is '400 GB [+$100.00]'
[25-01-2024 23:13:05.117 INFO com.nopcommerce.user.User_07_Order] - Order_01: Step 06: Select item in 'OS' radio button is 'Vista Premium [+$60.00]'
[25-01-2024 23:13:05.190 INFO com.nopcommerce.user.User_07_Order] - Order_01: Step 07: Select item all value at 'Software' checkbox
[25-01-2024 23:13:05.386 INFO com.nopcommerce.user.User_07_Order] - Order_01: Step 08: Get value of price is null
[25-01-2024 23:13:08.474 INFO com.nopcommerce.user.User_07_Order] - Order_01: Step 09: Click to 'Add to cart' button
[25-01-2024 23:13:08.551 INFO com.nopcommerce.user.User_07_Order] - Order_01: Step 10: Verify add to cart success message displayed
[25-01-2024 23:13:08.887 INFO com.nopcommerce.user.User_07_Order] -  -------------------------- PASSED -------------------------- 
[25-01-2024 23:13:08.887 INFO com.nopcommerce.user.User_07_Order] - Order_01: Step 11: Close success message
[25-01-2024 23:13:11.980 INFO com.nopcommerce.user.User_07_Order] - Order_01: Step 12: Verify Shopping cart quantity is updated (1)
[25-01-2024 23:13:12.022 INFO com.nopcommerce.user.User_07_Order] -  -------------------------- PASSED -------------------------- 
[25-01-2024 23:13:12.093 INFO com.nopcommerce.user.User_07_Order] -  -------------------------- PASSED -------------------------- 
[25-01-2024 23:13:12.093 INFO com.nopcommerce.user.User_07_Order] - Order_01: Step 13: Verify the product is displayed in mini shopping cart
[25-01-2024 23:13:15.344 INFO com.nopcommerce.user.User_07_Order] -  -------------------------- PASSED -------------------------- 
[25-01-2024 23:13:15.395 INFO com.nopcommerce.user.User_07_Order] -  -------------------------- PASSED -------------------------- 
[25-01-2024 23:13:15.442 INFO com.nopcommerce.user.User_07_Order] -  -------------------------- PASSED -------------------------- 
[25-01-2024 23:13:15.491 INFO com.nopcommerce.user.User_07_Order] -  -------------------------- PASSED -------------------------- 
[25-01-2024 23:13:15.542 INFO com.nopcommerce.user.User_07_Order] -  -------------------------- PASSED -------------------------- 
[25-01-2024 23:13:15.592 INFO com.nopcommerce.user.User_07_Order] -  -------------------------- PASSED -------------------------- 
[25-01-2024 23:13:15.641 INFO com.nopcommerce.user.User_07_Order] - Order_02: Step 01: Open Shopping cart at header
[25-01-2024 23:13:17.369 INFO com.nopcommerce.user.User_07_Order] - Order_02: Step 02: Verify Shopping cart page is displayed
[25-01-2024 23:13:17.436 INFO com.nopcommerce.user.User_07_Order] -  -------------------------- PASSED -------------------------- 
[25-01-2024 23:13:17.436 INFO com.nopcommerce.user.User_07_Order] - Order_02: Step 03: Click to 'Edit' link
[25-01-2024 23:13:18.784 INFO com.nopcommerce.user.User_07_Order] - Order_02: Step 04: Select item in 'Processor' dropdown is '2.2 GHz Intel Pentium Dual-Core E2200'
[25-01-2024 23:13:18.898 INFO com.nopcommerce.user.User_07_Order] - Order_02: Step 05: Select item in 'RAM' dropdown is '4GB [+$20.00]'
[25-01-2024 23:13:18.995 INFO com.nopcommerce.user.User_07_Order] - Order_02: Step 06: Select item in 'HDD' radio button is '320 GB'
[25-01-2024 23:13:19.073 INFO com.nopcommerce.user.User_07_Order] - Order_02: Step 07: Select item in 'OS' radio button is 'Vista Home [+$50.00]'
[25-01-2024 23:13:19.151 INFO com.nopcommerce.user.User_07_Order] - Order_02: Step 08: Select item all value at 'Software' checkbox
[25-01-2024 23:13:19.347 INFO com.nopcommerce.user.User_07_Order] - Order_02: Step 09: Edit product quantiny is 2
[25-01-2024 23:13:19.459 INFO com.nopcommerce.user.User_07_Order] - Order_02: Step 10: Click to 'Update' button
[25-01-2024 23:13:19.524 INFO com.nopcommerce.user.User_07_Order] - Order_02: Step 11: Verify product price is updated with value '$1,320.00'
[25-01-2024 23:13:22.613 INFO com.nopcommerce.user.User_07_Order] -  -------------------------- FAILED -------------------------- 
[25-01-2024 23:13:22.613 INFO com.nopcommerce.user.User_07_Order] - Order_02: Step 12: Get value of price is $1,500.00
[25-01-2024 23:13:22.675 INFO com.nopcommerce.user.User_07_Order] - Order_02: Step 13: Verify add to cart success message displayed
[25-01-2024 23:13:22.735 INFO com.nopcommerce.user.User_07_Order] -  -------------------------- PASSED -------------------------- 
[25-01-2024 23:13:22.735 INFO com.nopcommerce.user.User_07_Order] - Order_02: Step 14: Close success message
[25-01-2024 23:13:25.808 INFO com.nopcommerce.user.User_07_Order] - Order_02: Step 15: Verify Shopping cart quantity is updated (2)
[25-01-2024 23:13:25.848 INFO com.nopcommerce.user.User_07_Order] -  -------------------------- PASSED -------------------------- 
[25-01-2024 23:13:25.898 INFO com.nopcommerce.user.User_07_Order] -  -------------------------- PASSED -------------------------- 
[25-01-2024 23:13:2