[13-01-2024 17:57:38.129 INFO com.nopcommerce.common.Common_01_Register_Cookies] - Pre-Condition - Step 01: Navigate to 'Register' page
[13-01-2024 17:57:38.630 INFO com.nopcommerce.common.Common_01_Register_Cookies] - Pre-Condition - Step 02: Enter to Firstname textbox with value is 'Brett'
[13-01-2024 17:57:38.754 INFO com.nopcommerce.common.Common_01_Register_Cookies] - Pre-Condition - Step 03: Enter to Lastname textbox with value is 'Legros'
[13-01-2024 17:57:38.880 INFO com.nopcommerce.common.Common_01_Register_Cookies] - Pre-Condition - Step 04: Enter to Email textbox with value is 'delmar.muller@gmail.com'
[13-01-2024 17:57:38.995 INFO com.nopcommerce.common.Common_01_Register_Cookies] - Pre-Condition - Step 05: Enter to Password textbox with value is '$tu^aK^Es'
[13-01-2024 17:57:39.115 INFO com.nopcommerce.common.Common_01_Register_Cookies] - Pre-Condition - Step 06: Enter to Confirm password textbox with value is '$tu^aK^Es'
[13-01-2024 17:57:39.219 INFO com.nopcommerce.common.Common_01_Register_Cookies] - Pre-Condition - Step 07: Enter to 'Register' button
[13-01-2024 17:57:39.856 INFO com.nopcommerce.common.Common_01_Register_Cookies] - Pre-Condition - Step 08: Verify success message is displayed
[13-01-2024 17:57:39.905 INFO com.nopcommerce.common.Common_01_Register_Cookies] -  -------------------------- PASSED -------------------------- 
[13-01-2024 17:57:39.905 INFO com.nopcommerce.common.Common_01_Register_Cookies] - Pre-Condition - Step 09: Click to Logout link
[13-01-2024 17:57:40.308 INFO com.nopcommerce.common.Common_01_Register_Cookies] - Pre-Condition - Step 10: Navigate to Login page
[13-01-2024 17:57:41.040 INFO com.nopcommerce.common.Common_01_Register_Cookies] - Pre-Condition - Step 11: Enter to Email textbox with value is 'delmar.muller@gmail.com'
[13-01-2024 17:57:41.174 INFO com.nopcommerce.common.Common_01_Register_Cookies] - Pre-Condition - Step 12: Enter to Password textbox with value is '$tu^aK^Es'
[13-01-2024 17:57:41.274 INFO com.nopcommerce.common.Common_01_Register_Cookies] - Pre-Condition - Step 13: Click to Login button
[13-01-2024 17:57:42.443 INFO com.nopcommerce.user.User_06_Wishlist_Compare_Recently_Viewed_Product] - Pre-Condition - Step 01: Open browser 'CHROME'
[13-01-2024 17:57:44.300 INFO com.nopcommerce.user.User_06_Wishlist_Compare_Recently_Viewed_Product] - Pre-condition - Step 02: Navigate to Login page
[13-01-2024 17:57:46.190 INFO com.nopcommerce.user.User_06_Wishlist_Compare_Recently_Viewed_Product] - Pre-condition - Step 03: Set cookie and reload page
[13-01-2024 17:57:49.604 INFO com.nopcommerce.user.User_06_Wishlist_Compare_Recently_Viewed_Product] - Pre-Condition - Step 04: Verify Home page Displayed
[13-01-2024 17:57:49.727 INFO com.nopcommerce.user.User_06_Wishlist_Compare_Recently_Viewed_Product] - Wishlist_01 - Step 01: Click To Product Catelogies on Top Menu: Computers/Notebooks
[13-01-2024 17:57:52.440 INFO com.nopcommerce.user.User_06_Wishlist_Compare_Recently_Viewed_Product] - Wishlist_01: Step 02: Click to product name with value is 'Apple MacBook Pro 13-inch'
[13-01-2024 17:57:52.946 INFO com.nopcommerce.user.User_06_Wishlist_Compare_Recently_Viewed_Product] - Wishlist_01: Step 03: Click To 'Add to wishlist' button
[13-01-2024 17:57:53.021 INFO com.nopcommerce.user.User_06_Wishlist_Compare_Recently_Viewed_Product] - Wishlist_01: Step 04: Verify add to wishlist success message displayed
[13-01-2024 17:57:53.360 INFO com.nopcommerce.user.User_06_Wishlist_Compare_Recently_Viewed_Product] -  -------------------------- PASSED -------------------------- 
[13-01-2024 17:57:53.361 INFO com.nopcommerce.user.User_06_Wishlist_Compare_Recently_Viewed_Product] - Wishlist_01: Step 05: Close success message
[13-01-2024 17:57:56.468 INFO com.nopcommerce.user.User_06_Wishlist_Compare_Recently_Viewed_Product] - Wishlist_01: Step 06: Navigate to 'Wishlist' page
[13-01-2024 17:57:57.045 INFO com.nopcommerce.user.User_06_Wishlist_Compare_Recently_Viewed_Product] - Wishlist_01: Step 07: Verify Wishlist page Displayed
[13-01-2024 17:57:57.083 INFO com.nopcommerce.user.User_06_Wishlist_Compare_Recently_Viewed_Product] -  -------------------------- PASSED -------------------------- 
[13-01-2024 17:57:57.217 INFO com.nopcommerce.user.User_06_Wishlist_Compare_Recently_Viewed_Product] -  -------------------------- PASSED -------------------------- 
[13-01-2024 17:57:57.218 INFO com.nopcommerce.user.User_06_Wishlist_Compare_Recently_Viewed_Product] - Wishlist_01: Step 08: Click to link 'Your wishlist URL for sharing'
[13-01-2024 17:57:57.665 INFO com.nopcommerce.user.User_06_Wishlist_Compare_Recently_Viewed_Product] - Wishlist_01: Step 09: Verify Wishlist share page is displayed
[13-01-2024 17:57:57.694 INFO com.nopcommerce.user.User_06_Wishlist_Compare_Recently_Viewed_Product] -  -------------------------- PASSED -------------------------- 
[13-01-2024 17:57:57.789 INFO com.nopcommerce.user.User_06_Wishlist_Compare_Recently_Viewed_Product] -  -------------------------- PASSED -------------------------- 
[13-01-2024 17:57:57.801 INFO com.nopcommerce.user.User_06_Wishlist_Compare_Recently_Viewed_Product] - Wishlist_02: Step 01: Click To HomePage icon
[13-01-2024 17:57:58.225 INFO com.nopcommerce.user.User_06_Wishlist_Compare_Recently_Viewed_Product] - Wishlist_02: Step 02: Navigate to 'Wishlist' page
[13-01-2024 17:57:59.039 INFO com.nopcommerce.user.User_06_Wishlist_Compare_Recently_Viewed_Product] - Wishlist_02: Step 03: Click to 'Add to cart' checkbox
[13-01-2024 17:57:59.168 INFO com.nopcommerce.user.User_06_Wishlist_Compare_Recently_Viewed_Product] - Wishlist_02: Step 04: Click to 'Add to cart' button
[13-01-2024 17:57:59.968 INFO com.nopcommerce.user.User_06_Wishlist_Compare_Recently_Viewed_Product] - Wishlist_02: Step 05: Verify Shopping cart page is displayed
[13-01-2024 17:58:00.044 INFO com.nopcommerce.user.User_06_Wishlist_Compare_Recently_Viewed_Product] -  -------------------------- PASSED -------------------------- 
[13-01-2024 17:58:00.045 INFO com.nopcommerce.user.User_06_Wishlist_Compare_Recently_Viewed_Product] - Wishlist_02: Step 06: Verify Wishlist quantity is updated (0)
[13-01-2024 17:58:00.141 INFO com.nopcommerce.user.User_06_Wishlist_Compare_Recently_Viewed_Product] -  -------------------------- PASSED -------------------------- 
[13-01-2024 17:58:00.141 INFO com.nopcommerce.user.User_06_Wishlist_Compare_Recently_Viewed_Product] - Wishlist_02: Step 07: Verify Shopping cart quantity is updated (2)
[13-01-2024 17:58:01.222 INFO com.nopcommerce.user.User_06_Wishlist_Compare_Recently_Viewed_Product] -  -------------------------- PASSED -------------------------- 
[13-01-2024 17:58:01.311 INFO com.nopcommerce.user.User_06_Wishlist_Compare_Recently_Viewed_Product] -  -------------------------- PASSED -------------------------- 
[13-01-2024 17:58:01.316 INFO com.nopcommerce.user.User_06_Wishlist_Compare_Recently_Viewed_Product] - Wishlist_03: Step 01: Click To HomePage icon
[13-01-2024 17:58:01.906 INFO com.nopcommerce.user.User_06_Wishlist_Compare_Recently_Viewed_Product] - Wishlist_03 - Step 02: Click To Product Catelogies on Top Menu: Computers/Notebooks
[13-01-2024 17:58:05.260 INFO com.nopcommerce.user.User_06_Wishlist_Compare_Recently_Viewed_Product] - Wishlist_03: Step 03: Click to product name with value is 'Apple MacBook Pro 13-inch'
[13-01-2024 17:58:05.723 INFO com.nopcommerce.user.User_06_Wishlist_Compare_Recently_Viewed_Product] - Wishlist_03: Step 04: Click To 'Add to wishlist' button
[13-01-2024 17:58:05.796 INFO com.nopcommerce.user.User_06_Wishlist_Compare_Recently_Viewed_Product] - Wishlist_03: Step 05: Verify add to wishlist success message displayed
[13-01-2024 17:58:06.197 INFO com.nopcommerce.user.User_06_Wishlist_Compare_Recently_Viewed_Product] -  -------------------------- PASSED -------------------------- 
[13-01-2024 17:58:06.197 INFO com.nopcommerce.user.User_06_Wishlist_Compare_Recently_Viewed_Product] - Wishlist_03: Step 06: Close success message
[13-01-2024 17:58:09.312 INFO com.nopcommerce.user.User_06_Wishlist_Compare_Recently_Viewed_Product] - Wishlist_03: Step 07: Navigate to 'Wishlist' page
[13-0