[05-02-2024 21:02:16.037 INFO com.nopcommerce.common.Common_01_Register_Cookies] - Pre-Condition - Step 01: Navigate to 'Register' page
[05-02-2024 21:02:20.181 INFO com.nopcommerce.common.Common_01_Register_Cookies] - Pre-Condition - Step 02: Enter to Firstname textbox with value is 'Dusty'
[05-02-2024 21:02:20.299 INFO com.nopcommerce.common.Common_01_Register_Cookies] - Pre-Condition - Step 03: Enter to Lastname textbox with value is 'Buckridge'
[05-02-2024 21:02:20.409 INFO com.nopcommerce.common.Common_01_Register_Cookies] - Pre-Condition - Step 04: Enter to Email textbox with value is 'raymond.daniel@yahoo.com'
[05-02-2024 21:02:20.549 INFO com.nopcommerce.common.Common_01_Register_Cookies] - Pre-Condition - Step 05: Enter to Password textbox with value is '5lC89WT5W$9'
[05-02-2024 21:02:20.682 INFO com.nopcommerce.common.Common_01_Register_Cookies] - Pre-Condition - Step 06: Enter to Confirm password textbox with value is '5lC89WT5W$9'
[05-02-2024 21:02:20.803 INFO com.nopcommerce.common.Common_01_Register_Cookies] - Pre-Condition - Step 07: Enter to 'Register' button
[05-02-2024 21:02:21.440 INFO com.nopcommerce.common.Common_01_Register_Cookies] - Pre-Condition - Step 08: Verify success message is displayed
[05-02-2024 21:02:21.496 INFO com.nopcommerce.common.Common_01_Register_Cookies] -  -------------------------- PASSED -------------------------- 
[05-02-2024 21:02:21.496 INFO com.nopcommerce.common.Common_01_Register_Cookies] - Pre-Condition - Step 09: Click to Logout link
[05-02-2024 21:02:21.872 INFO com.nopcommerce.common.Common_01_Register_Cookies] - Pre-Condition - Step 10: Navigate to Login page
[05-02-2024 21:02:22.665 INFO com.nopcommerce.common.Common_01_Register_Cookies] - Pre-Condition - Step 11: Enter to Email textbox with value is 'raymond.daniel@yahoo.com'
[05-02-2024 21:02:22.807 INFO com.nopcommerce.common.Common_01_Register_Cookies] - Pre-Condition - Step 12: Enter to Password textbox with value is '5lC89WT5W$9'
[05-02-2024 21:02:22.933 INFO com.nopcommerce.common.Common_01_Register_Cookies] - Pre-Condition - Step 13: Click to Login button
[05-02-2024 21:02:23.701 INFO com.nopcommerce.user.User_07_Order] - Pre-Condition - Step 01: Open browser 'chrome'
[05-02-2024 21:02:26.039 INFO com.nopcommerce.user.User_07_Order] - Pre-condition - Step 02: Navigate to Login page
[05-02-2024 21:02:27.076 INFO com.nopcommerce.user.User_07_Order] - Pre-condition - Step 03: Set cookie and reload page
[05-02-2024 21:02:30.497 INFO com.nopcommerce.user.User_07_Order] - Pre-Condition - Step 04: Verify Home page Displayed
[05-02-2024 21:02:30.576 INFO com.nopcommerce.user.User_07_Order] - Order_01: Step 01: Click To Product Catelogies on Top Menu: Computers/Desktops
[05-02-2024 21:02:33.180 INFO com.nopcommerce.user.User_07_Order] - Order_01: Step 02: Click to product name with value is 'Build your own computer'
[05-02-2024 21:02:33.719 INFO com.nopcommerce.user.User_07_Order] - Order_01: Step 03: Select item in 'Processor' dropdown is '2.5 GHz Intel Pentium Dual-Core E2200 [+$15.00]'
[05-02-2024 21:02:33.805 INFO com.nopcommerce.user.User_07_Order] - Order_01: Step 04: Select item in 'RAM' dropdown is '8GB [+$60.00]'
[05-02-2024 21:02:33.938 INFO com.nopcommerce.user.User_07_Order] - Order_01: Step 05: Select item in 'HDD' radio button is '400 GB [+$100.00]'
[05-02-2024 21:02:34.015 INFO com.nopcommerce.user.User_07_Order] - Order_01: Step 06: Select item in 'OS' radio button is 'Vista Premium [+$60.00]'
[05-02-2024 21:02:34.088 INFO com.nopcommerce.user.User_07_Order] - Order_01: Step 07: Select item all value at 'Software' checkbox
[05-02-2024 21:02:34.323 INFO com.nopcommerce.user.User_07_Order] - Order_01: Step 08: Get value of price is null
[05-02-2024 21:02:37.412 INFO com.nopcommerce.user.User_07_Order] - Order_01: Step 09: Click to 'Add to cart' button
[05-02-2024 21:02:37.488 INFO com.nopcommerce.user.User_07_Order] - Order_01: Step 10: Verify add to cart success message displayed
[05-02-2024 21:02:37.858 INFO com.nopcommerce.user.User_07_Order] -  -------------------------- PASSED -------------------------- 
[05-02-2024 21:02:37.858 INFO com.nopcommerce.user.User_07_Order] - Order_01: Step 11: Close success message
[05-02-2024 21:02:40.931 INFO com.nopcommerce.user.User_07_Order] - Order_01: Step 12: Verify Shopping cart quantity is updated (1)
[05-02-2024 21:02:40.966 INFO com.nopcommerce.user.User_07_Order] -  -------------------------- PASSED -------------------------- 
[05-02-2024 21:02:41.016 INFO com.nopcommerce.user.User_07_Order] -  -------------------------- PASSED -------------------------- 
[05-02-2024 21:02:41.016 INFO com.nopcommerce.user.User_07_Order] - Order_01: Step 13: Verify the product is displayed in mini shopping cart
[05-02-2024 21:02:44.276 INFO com.nopcommerce.user.User_07_Order] -  -------------------------- PASSED -------------------------- 
[05-02-2024 21:02:44.346 INFO com.nopcommerce.user.User_07_Order] -  -------------------------- PASSED -------------------------- 
[05-02-2024 21:02:44.398 INFO com.nopcommerce.user.User_07_Order] -  -------------------------- PASSED -------------------------- 
[05-02-2024 21:02:44.446 INFO com.nopcommerce.user.User_07_Order] -  -------------------------- PASSED -------------------------- 
[05-02-2024 21:02:44.515 INFO com.nopcommerce.user.User_07_Order] -  -------------------------- FAILED -------------------------- 
[05-02-2024 21:02:44.571 INFO com.nopcommerce.user.User_07_Order] -  -------------------------- FAILED -------------------------- 
[05-02-2024 21:02:44.845 INFO com.nopcommerce.user.User_07_Order] - Order_02: Step 01: Open Shopping cart at header
[05-02-2024 21:02:45.322 INFO com.nopcommerce.user.User_07_Order] - Order_02: Step 02: Verify Shopping cart page is displayed
[05-02-2024 21:02:45.390 INFO com.nopcommerce.user.User_07_Order] -  -------------------------- PASSED -------------------------- 
[05-02-2024 21:02:45.390 INFO com.nopcommerce.user.User_07_Order] - Order_02: Step 03: Click to 'Edit' link
[05-02-2024 21:02:45.808 INFO com.nopcommerce.user.User_07_Order] - Order_02: Step 04: Select item in 'Processor' dropdown is '2.2 GHz Intel Pentium Dual-Core E2200'
[05-02-2024 21:02:45.908 INFO com.nopcommerce.user.User_07_Order] - Order_02: Step 05: Select item in 'RAM' dropdown is '4GB [+$20.00]'
[05-02-2024 21:02:45.998 INFO com.nopcommerce.user.User_07_Order] - Order_02: Step 06: Select item in 'HDD' radio button is '320 GB'
[05-02-2024 21:02:46.069 INFO com.nopcommerce.user.User_07_Order] - Order_02: Step 07: Select item in 'OS' radio button is 'Vista Home [+$50.00]'
[05-02-2024 21:02:46.147 INFO com.nopcommerce.user.User_07_Order] - Order_02: Step 08: Select item all value at 'Software' checkbox
[05-02-2024 21:02:46.345 INFO com.nopcommerce.user.User_07_Order] - Order_02: Step 09: Verify product price is updated with value '$1,320.00'
[05-02-2024 21:02:51.444 INFO com.nopcommerce.user.User_07_Order] -  -------------------------- PASSED -------------------------- 
[05-02-2024 21:02:51.444 INFO com.nopcommerce.user.User_07_Order] - Order_02: Step 10: Get value of price is $1,495.00
[05-02-2024 21:02:51.489 INFO com.nopcommerce.user.User_07_Order] - Order_02: Step 11: Edit product quantiny is 2
[05-02-2024 21:02:51.596 INFO com.nopcommerce.user.User_07_Order] - Order_02: Step 12: Click to 'Update' button
[05-02-2024 21:02:51.679 INFO com.nopcommerce.user.User_07_Order] - Order_02: Step 13: Verify add to cart success message displayed
[05-02-2024 21:02:51.988 INFO com.nopcommerce.user.User_07_Order] -  -------------------------- PASSED -------------------------- 
[05-02-2024 21:02:51.988 INFO com.nopcommerce.user.User_07_Order] - Order_02: Step 14: Close success message
[05-02-2024 21:02:55.060 INFO com.nopcommerce.user.User_07_Order] - Order_02: Step 15: Verify Shopping cart quantity is updated (2)
[05-02-2024 21:02:55.095 INFO com.nopcommerce.user.User_07_Order] -  -------------------------- PASSED -------------------------- 
[05-02-2024 21:02:55.190 INFO com.nopcommerce.user.User_07_Order] -  -------------------------- PASSED -------------------------- 
[05-02-2024 21:02:55.190 INFO com.nopcommerce.user.User_07_Order] - Order_02: Step 16: Verify the product is displayed in mini shopping cart
[05-02-2024 21:02:58.500 INFO com.nopcommerce.user.User_07_Order] -  -------------------------- PASSED -------------------------- 
[05-02-2024 21:02:58.550 INFO com.nopcommerce.user.User_07_Order] -  -------------------------- PASSED -------------------------- 
[05-02-2024 21:02:58.596 INFO com.nopcommerce.user.User_07_Order] -  -------------------------- PASSED -------------------------- 
[05-02-2024 21:02:58.643 INFO com.nopcommerce.user.User_07_Order] -  -------------------------- PASSED -------------------------- 
[05-02-2024 21:02:58.686 INFO com.nopcommerce.user.User_07_Order] -  -------------------------- PASSED -------------------------- 
[05-02-2024 21:02:58.735 INFO com.nopcommerce.user.User_07_Order] -  -------------------------- PASSED -------------------------- 
[05-02-2024 21:02:58.739 INFO com.nopcommerce.user.User_07_Order] - Order_03: Step 01: Open Shopping cart at header
[05-02-2024 21:02:59.176 INFO com.nopcommerce.user.User_07_Order] - Order_03: Step 02: Verify Shopping cart page is displayed
[05-02-2024 21:02:59.244 INFO com.nopcommerce.user.User_07_Order] -  -------------------------- PASSED -------------------------- 
[05-02-2024 21:02:59.244 INFO com.nopcommerce.user.User_07_Order] - Order_03: Step 03: Click to 'Remove' button
[05-02-2024 21:02:59.632 INFO com.nopcommerce.user.User_07_Order] - Order_03: Step 04: Verify message is 'Your Shopping Cart is empty!' displayed
[05-02-2024 21:02:59.680 INFO com.nopcommerce.user.User_07_Order] -  -------------------------- PASSED -------------------------- 
[05-02-2024 21:02:59.680 INFO com.nopcommerce.user.User_07_Order] - Order_03: Step 05: Verify product is not exist in Shopping cart
[05-02-2024 21:03:19.790 INFO com.nopcommerce.user.User_07_Order] -  -------------------------- PASSED -------------------------- 
[05-02-2024 21:03:19.808 INFO com.nopcommerce.user.User_07_Order] - Order_04: Step 01: Click To Product Catelogies on Top Menu: Computers/Desktops
[05-02-2024 21:03:22.587 INFO com.nopcommerce.user.User_07_Order] - Order_04: Step 02: Click to 'Add to cart' button at Lenovo IdeaCentre 600 All-in-One PC
[05-02-2024 21:03:22.667 INFO com.nopcommerce.user.User_07_Order] - Order_04: Step 03: Verify add to cart success message displayed
[05-02-2024 21:03:23.135 INFO com.nopcommerce.user.User_07_Order] -  -------------------------- PASSED -------------------------- 
[05-02-2024 21:03:23.136 INFO com.nopcommerce.user.User_07_Order] - Order_04: Step 04: Close success message
[05-02-2024 21:03:26.212 INFO com.nopcommerce.user.User_07_Order] - Order_04: Step 05: Verify Shopping cart quantity is updated (1)
[05-02-2024 21:03:26.250 INFO com.nopcommerce.user.User_07_Order] -  -------------------------- PASSED -------------------------- 
[05-02-2024 21:03:26.300 INFO com.nopcommerce.user.User_07_Order] -  -------------------------- PASSED -------------------------- 
[05-02-2024 21:03:26.301 INFO com.nopcommerce.user.User_07_Order] - Order_04: Step 06: Open Shopping cart at header
[05-02-2024 21:03:27.382 INFO com.nopcommerce.user.User_07_Order] - Order_04: Step 07: Verify Shopping cart page is displayed
[05-02-2024 21:03:27.446 INFO com.nopcommerce.user.User_07_Order] -  -------------------------- PASSED -------------------------- 
[05-02-2024 21:03:27.446 INFO com.nopcommerce.user.User_07_Order] - Order_04: Step 08: Update product quantity is '5'
[05-02-2024 21:03:27.554 INFO com.nopcommerce.user.User_07_Order] - Order_04: Step 09: Click to 'Update shopping cart' button
[05-02-2024 21:03:28.310 INFO com.nopcommerce.user.User_07_Order] - Order_04: Step 10: Verify product price is updated with value '$2,500.00'
[05-02-2024 21:03:28.368 INFO com.nopcommerce.user.User_07_Order] -  -------------------------- PASSED -------------------------- 
[05-02-2024 21:03:28.370 INFO com.nopcommerce.user.User_07_Order] - Order_05: Step 01: Click to 'Remove' product 'secondDesktopsProduct'
[05-02-2024 21:03:28.898 INFO com.nopcommerce.user.User_07_Order] - Order_05: Step 02: Verify message is 'Your Shopping Cart is empty!' displayed
[05-02-2024 21:03:28.953 INFO com.nopcommerce.user.User_07_Order] -  -------------------------- PASSED -------------------------- 
[05-02-2024 21:03:28.954 INFO com.nopcommerce.user.User_07_Order] - Order_05: Step 03: Click To Product Catelogies on Top Menu: Computers/Notebooks
[05-02-2024 21:03:31.524 INFO com.nopcommerce.user.User_07_Order] - Order_05: Step 04: Click to product name with value is 'Apple MacBook Pro 13-inch'
[05-02-2024 21:03:31.990 INFO com.nopcommerce.user.User_07_Order] - Order_05: Step 05: Click to 'Add To Cart' button at product detail page
[05-02-2024 21:03:32.073 INFO com.nopcommerce.user.User_07_Order] - Order_05: Step 06: Verify add to cart success message displayed
[05-02-2024 21:03:32.403 INFO com.nopcommerce.user.User_07_Order] -  -------------------------- PASSED -------------------------- 
[05-02-2024 21:03:32.403 INFO com.nopcommerce.user.User_07_Order] - Order_05: Step 07: Close success message
[05-02-2024 21:03:35.484 INFO com.nopcommerce.user.User_07_Order] - Order_05: Step 08: Open Shopping cart at header
[05-02-2024 21:03:36.019 INFO com.nopcommerce.user.User_07_Order] - Order_05: Step 09: Select item in 'Gift wrapping' dropdown is 'No'
[05-02-2024 21:03:36.100 INFO com.nopcommerce.user.User_07_Order] - Order_05: Step 10: Check to 'Terms of Service' checkbox
[05-02-2024 21:03:36.175 INFO com.nopcommerce.user.User_07_Order] - Order_05: Step 11: Click to 'Checkout' button
[05-02-2024 21:03:37.095 INFO com.nopcommerce.user.User_07_Order] - Order_05: Step 12: Uncheck to 'ShipToSameAddress' checkbox
[05-02-2024 21:03:37.756 INFO com.nopcommerce.user.User_07_Order] - Order_05: Step 13: Input to 'Billing address' form
[05-02-2024 21:03:38.898 INFO com.nopcommerce.user.User_07_Order] - Order_05: Step 14: Click to 'Continue' button at billing
[05-02-2024 21:03:38.982 INFO com.nopcommerce.user.User_07_Order] - Order_05: Step 15: Select 'Shipping address' method
[05-02-2024 21:03:39.373 INFO com.nopcommerce.user.User_07_Order] - Order_05: Step 16: Input to 'Shipping address' form
[05-02-2024 21:03:40.587 INFO com.nopcommerce.user.User_07_Order] - Order_05: Step 17: Click to 'Continue' button at Shipping address
[05-02-2024 21:03:40.673 INFO com.nopcommerce.user.User_07_Order] - Order_05: Step 18: Check to Radio button in 'Shipping method' with label is 'Ground ($0.00)'
[05-02-2024 21:03:40.979 INFO com.nopcommerce.user.User_07_Order] - Order_05: Step 19: Click to 'Continue' button at Shipping address
[05-02-2024 21:03:41.057 INFO com.nopcommerce.user.User_07_Order] - Order_05: Step 20: Check to Radio button in 'Payment method' with label is 'Check / MoneyOrder'
[05-02-2024 21:03:41.350 INFO com.nopcommerce.user.User_07_Order] - Order_05: Step 21: Click to 'Continue' button at Payment method
[05-02-2024 21:03:41.421 INFO com.nopcommerce.user.User_07_Order] - Order_05: Step 22: Verify Address shipping information
[05-02-2024 21:03:41.797 INFO com.nopcommerce.user.User_07_Order] -  -------------------------- PASSED -------------------------- 
[05-02-2024 21:03:41.797 INFO com.nopcommerce.user.User_07_Order] - Order_05: Step 23: Click to 'Continue' button at Payment information
[05-02-2024 21:03:41.879 INFO com.nopcommerce.user.User_07_Order] - Order_05: Step 24: Verify 'Billing Address' order infor
[05-02-2024 21:03:42.217 INFO com.nopcommerce.user.User_07_Order] -  -------------------------- PASSED -------------------------- 
[05-02-2024 21:03:42.269 INFO com.nopcommerce.user.User_07_Order] -  -------------------------- PASSED -------------------------- 
[05-02-2024 21:03:42.311 INFO com.nopcommerce.user.User_07_Order] -  -------------------------- PASSED -------------------------- 
[05-02-2024 21:03:42.359 INFO com.nopcommerce.user.User_07_Order] -  -------------------------- PASSED -------------------------- 
[05-02-2024 21:03:42.402 INFO com.nopcommerce.user.User_07_Order] -  -------------------------- PASSED -------------------------- 
[05-02-2024 21:03:42.451 INFO com.nopcommerce.user.User_07_Order] -  -------------------------- PASSED -------------------------- 
[05-02-2024 21:03:42.501 INFO com.nopcommerce.user.User_07_Order] -  -------------------------- PASSED -------------------------- 
[05-02-2024 21:03:42.501 INFO com.nopcommerce.user.User_07_Order] - Order_05: Step 25: Verify 'Shipping Address' order infor
[05-02-2024 21:03:42.545 INFO com.nopcommerce.user.User_07_Order] -  -------------------------- PASSED -------------------------- 
[05-02-2024 21:03:42.617 INFO com.nopcommerce.user.User_07_Order] -  -------------------------- PASSED -------------------------- 
[05-02-2024 21:03:42.669 INFO com.nopcommerce.user.User_07_Order] -  -------------------------- PASSED -------------------------- 
[05-02-2024 21:03:42.721 INFO com.nopcommerce.user.User_07_Order] -  -------------------------- PASSED -------------------------- 
[05-02-2024 21:03:42.796 INFO com.nopcommerce.user.User_07_Order] -  -------------------------- PASSED -------------------------- 
[05-02-2024 21:03:42.841 INFO com.nopcommerce.user.User_07_Order] -  -------------------------- PASSED -------------------------- 
[05-02-2024 21:03:42.888 INFO com.nopcommerce.user.User_07_Order] -  -------------------------- PASSED -------------------------- 
[05-02-2024 21:03:42.888 INFO com.nopcommerce.user.User_07_Order] - Order_05: Step 26: Verify 'Payment Method' oder infor
[05-02-2024 21:03:42.942 INFO com.nopcommerce.user.User_07_Order] -  -------------------------- PASSED -------------------------- 
[05-02-2024 21:03:42.942 INFO com.nopcommerce.user.User_07_Order] - Order_05: Step 27: Verify 'Shipping Method' oder infor
[05-02-2024 21:03:42.998 INFO com.nopcommerce.user.User_07_Order] -  -------------------------- PASSED -------------------------- 
[05-02-2024 21:03:42.998 INFO com.nopcommerce.user.User_07_Order] - Order_05: Step 27: Verify The product order infor
[05-02-2024 21:03:43.064 INFO com.nopcommerce.user.User_07_Order] -  -------------------------- PASSED -------------------------- 
[05-02-2024 21:03:43.137 INFO com.nopcommerce.user.User_07_Order] -  -------------------------- PASSED -------------------------- 
[05-02-2024 21:03:43.189 INFO com.nopcommerce.user.User_07_Order] -  -------------------------- PASSED -------------------------- 
[05-02-2024 21:03:43.266 INFO com.nopcommerce.user.User_07_Order] -  -------------------------- PASSED -------------------------- 
[05-02-2024 21:03:43.310 INFO com.nopcommerce.user.User_07_Order] -  -------------------------- PASSED -------------------------- 
[05-02-2024 21:03:43.310 INFO com.nopcommerce.user.User_07_Order] - Order_05:  Step 28: Verify The sumary price order list
[05-02-2024 21:03:43.356 INFO com.nopcommerce.user.User_07_Order] -  -------------------------- PASSED -------------------------- 
[05-02-2024 21:03:43.401 INFO com.nopcommerce.user.User_07_Order] -  -------------------------- PASSED -------------------------- 
[05-02-2024 21:03:43.449 INFO com.nopcommerce.user.User_07_Order] -  -------------------------- PASSED -------------------------- 
[05-02-2024 21:03:43.498 INFO com.nopcommerce.user.User_07_Order] -  -------------------------- PASSED -------------------------- 
[05-02-2024 21:03:43.498 INFO com.nopcommerce.user.User_07_Order] - Order_05: Step 29: Click to 'Confirm' button
[05-02-2024 21:03:43.567 INFO com.nopcommerce.user.User_07_Order] - Order_05: Step 30: Verify Product order completed infor
[05-02-2024 21:03:45.641 INFO com.nopcommerce.user.User_07_Order] -  -------------------------- PASSED -------------------------- 
[05-02-2024 21:03:45.698 INFO com.nopcommerce.user.User_07_Order] -  -------------------------- PASSED -------------------------- 
[05-02-2024 21:03:45.802 INFO com.nopcommerce.user.User_07_Order] -  -------------------------- PASSED -------------------------- 
[05-02-2024 21:03:45.802 INFO com.nopcommerce.user.User_07_Order] - Order_05: Step 31: Click to Oder Completed 'Continue' button
[05-02-2024 21:03:46.222 INFO com.nopcommerce.user.User_07_Order] - Order_05: Step 32: Click to 'My Account' link
[05-02-2024 21:03:46.619 INFO com.nopcommerce.user.User_07_Order] - Order_05: Step 33: Navigate to 'Orders' area at My Account page
[05-02-2024 21:03:47.060 INFO com.nopcommerce.user.User_07_Order] - Order_05: Step 34: Verify text 'Order Number: 1039' displayed
[05-02-2024 21:03:47.121 INFO com.nopcommerce.user.User_07_Order] - Order_05: Step 35: Click to 'Details' button
[05-02-2024 21:03:48.500 INFO com.nopcommerce.user.User_07_Order] - Order_05: Step 36: Verify 'order-overview' infor
[05-02-2024 21:03:48.557 INFO com.nopcommerce.user.User_07_Order] -  -------------------------- PASSED -------------------------- 
[05-02-2024 21:03:48.604 INFO com.nopcommerce.user.User_07_Order] -  -------------------------- PASSED -------------------------- 
[05-02-2024 21:03:48.652 INFO com.nopcommerce.user.User_07_Order] -  -------------------------- PASSED -------------------------- 
[05-02-2024 21:03:48.652 INFO com.nopcommerce.user.User_07_Order] - Order_05: Step 37: Verify 'Billing Address' order infor
[05-02-2024 21:03:48.698 INFO com.nopcommerce.user.User_07_Order] -  -------------------------- PASSED -------------------------- 
[05-02-2024 21:03:48.743 INFO com.nopcommerce.user.User_07_Order] -  -------------------------- PASSED -------------------------- 
[05-02-2024 21:03:48.801 INFO com.nopcommerce.user.User_07_Order] -  -------------------------- PASSED -------------------------- 
[05-02-2024 21:03:48.854 INFO com.nopcommerce.user.User_07_Order] -  -------------------------- PASSED -------------------------- 
[05-02-2024 21:03:48.906 INFO com.nopcommerce.user.User_07_Order] -  -------------------------- PASSED -------------------------- 
[05-02-2024 21:03:49.014 INFO com.nopcommerce.user.User_07_Order] -  -------------------------- PASSED -------------------------- 
[05-02-2024 21:03:49.061 INFO com.nopcommerce.user.User_07_Order] -  -------------------------- PASSED -------------------------- 
[05-02-2024 21:03:49.061 INFO com.nopcommerce.user.User_07_Order] - Order_05: Step 38: Verify 'Shipping Address' order infor
[05-02-2024 21:03:49.121 INFO com.nopcommerce.user.User_07_Order] -  -------------------------- PASSED -------------------------- 
[05-02-2024 21:03:49.168 INFO com.nopcommerce.user.User_07_Order] -  -------------------------- PASSED -------------------------- 
[05-02-2024 21:03:49.263 INFO com.nopcommerce.user.User_07_Order] -  -------------------------- PASSED -------------------------- 
[05-02-2024 21:03:49.324 INFO com.nopcommerce.user.User_07_Order] -  -------------------------- PASSED -------------------------- 
[05-02-2024 21:03:49.385 INFO com.nopcommerce.user.User_07_Order] -  -------------------------- PASSED -------------------------- 
[05-02-2024 21:03:49.453 INFO com.nopcommerce.user.User_07_Order] -  -------------------------- PASSED -------------------------- 
[05-02-2024 21:03:49.532 INFO com.nopcommerce.user.User_07_Order] -  -------------------------- PASSED -------------------------- 
[05-02-2024 21:03:49.532 INFO com.nopcommerce.user.User_07_Order] - Order_05: Step 39: Verify 'Payment Method' oder infor
[05-02-2024 21:03:49.586 INFO com.nopcommerce.user.User_07_Order] -  -------------------------- PASSED -------------------------- 
[05-02-2024 21:03:49.644 INFO com.nopcommerce.user.User_07_Order] -  -------------------------- PASSED -------------------------- 
[05-02-2024 21:03:49.644 INFO com.nopcommerce.user.User_07_Order] - Order_05: Step 40: Verify 'Shipping Method' oder infor
[05-02-2024 21:03:49.698 INFO com.nopcommerce.user.User_07_Order] -  -------------------------- PASSED -------------------------- 
[05-02-2024 21:03:49.756 INFO com.nopcommerce.user.User_07_Order] -  -------------------------- PASSED -------------------------- 
[05-02-2024 21:03:49.757 INFO com.nopcommerce.user.User_07_Order] - Order_05: Step 41: Verify The product order infor
[05-02-2024 21:03:49.859 INFO com.nopcommerce.user.User_07_Order] -  -------------------------- PASSED -------------------------- 
[05-02-2024 21:03:49.914 INFO com.nopcommerce.user.User_07_Order] -  -------------------------- PASSED -------------------------- 
[05-02-2024 21:03:49.970 INFO com.nopcommerce.user.User_07_Order] -  -------------------------- PASSED -------------------------- 
[05-02-2024 21:03:50.044 INFO com.nopcommerce.user.User_07_Order] -  -------------------------- PASSED -------------------------- 
[05-02-2024 21:03:50.137 INFO com.nopcommerce.user.User_07_Order] -  -------------------------- PASSED -------------------------- 
[05-02-2024 21:03:50.139 INFO com.nopcommerce.user.User_07_Order] - Order_05: Step 42: Verify The sumary price order list
[05-02-2024 21:03:50.190 INFO com.nopcommerce.user.User_07_Order] -  -------------------------- PASSED -------------------------- 
[05-02-2024 21:03:50.237 INFO com.nopcommerce.user.User_07_Order] -  -------------------------- PASSED -------------------------- 
[05-02-2024 21:03:50.279 INFO com.nopcommerce.user.User_07_Order] -  -------------------------- PASSED -------------------------- 
[05-02-2024 21:03:50.336 INFO com.nopcommerce.user.User_07_Order] -  -------------------------- PASSED -------------------------- 
[05-02-2024 21:03:50.339 INFO com.nopcommerce.user.User_07_Order] - Order_06: Step 01: Navigate to Homepage
[05-02-2024 21:03:50.731 INFO com.nopcommerce.user.User_07_Order] - Order_06: Step 02: Click To Product Catelogies on Top Menu: Computers/Notebooks
[05-02-2024 21:03:53.332 INFO com.nopcommerce.user.User_07_Order] - Order_06: Step 03: Click to product name with value is 'Apple MacBook Pro 13-inch'
[05-02-2024 21:03:53.729 INFO com.nopcommerce.user.User_07_Order] - Order_06: Step 04: Click to 'Add To Cart' button at product detail page
[05-02-2024 21:03:53.803 INFO com.nopcommerce.user.User_07_Order] - Order_06: Step 05: Verify add to cart success message displayed
[05-02-2024 21:03:54.119 INFO com.nopcommerce.user.User_07_Order] -  -------------------------- PASSED -------------------------- 
[05-02-2024 21:03:54.119 INFO com.nopcommerce.user.User_07_Order] - Order_06: Step 06: Close success message
[05-02-2024 21:03:57.192 INFO com.nopcommerce.user.User_07_Order] - Order_06: Step 07: Open Shopping cart at header
[05-02-2024 21:03:57.640 INFO com.nopcommerce.user.User_07_Order] - Order_06: Step 08: Select item in 'Gift wrapping' dropdown is 'No'
[05-02-2024 21:03:57.714 INFO com.nopcommerce.user.User_07_Order] - Order_06: Step 09: Check to 'Terms of Service' checkbox
[05-02-2024 21:03:57.785 INFO com.nopcommerce.user.User_07_Order] - Order_06: Step 10: Click to 'Checkout' button
[05-02-2024 21:03:58.676 INFO com.nopcommerce.user.User_07_Order] - Order_06: Step 11: Uncheck to 'ShipToSameAddress' checkbox
[05-02-2024 21:03:58.764 INFO com.nopcommerce.user.User_07_Order] - Order_06: Step 12: Click to 'Edit' button
[05-02-2024 21:03:58.841 INFO com.nopcommerce.user.User_07_Order] - Order_05: Step 13: Input to 'Billing address' form
[05-02-2024 21:04:00.557 INFO com.nopcommerce.user.User_07_Order] - Order_06: Step 14: Click to 'Continue' button at billing
[05-02-2024 21:04:00.639 INFO com.nopcommerce.user.User_07_Order] - Order_06: Step 15: Select 'Shipping address' method
[05-02-2024 21:04:01.033 INFO com.nopcommerce.user.User_07_Order] - Order_06: Step 16: Input to 'Shipping address' form
[05-02-2024 21:04:02.220 INFO com.nopcommerce.user.User_07_Order] - Order_06: Step 17: Click to 'Continue' button at Shipping address
[05-02-2024 21:04:02.294 INFO com.nopcommerce.user.User_07_Order] - Order_06: Step 18: Check to Radio button in 'Shipping method' with label is 'Ground ($0.00)'
[05-02-2024 21:04:02.605 INFO com.nopcommerce.user.User_07_Order] - Order_06: Step 19: Click to 'Continue' button at Shipping address
[05-02-2024 21:04:02.681 INFO com.nopcommerce.user.User_07_Order] - Order_06: Step 20: Check to Radio button in 'Payment method' with label is 'Credit Card'
[05-02-2024 21:04:03.039 INFO com.nopcommerce.user.User_07_Order] - Order_06: Step 21: Click to 'Continue' button at Payment method
[05-02-2024 21:04:03.133 INFO com.nopcommerce.user.User_07_Order] - Order_06: Step 21: Select credit card type
[05-02-2024 21:04:03.484 INFO com.nopcommerce.user.User_07_Order] - Order_06: Step 21: Select credit card type
[05-02-2024 21:04:03.570 INFO com.nopcommerce.user.User_07_Order] - Order_06: Step 22: Input into Cardholder name textbox with value is 'AUTOMATION FC'
[05-02-2024 21:04:03.690 INFO com.nopcommerce.user.User_07_Order] - Order_06: Step 23: Input into Card number textbox with value is '374245455400126'
[05-02-2024 21:04:03.817 INFO com.nopcommerce.user.User_07_Order] - Order_06: Step 24: Input into Card code textbox with value is '123'
[05-02-2024 21:04:03.927 INFO com.nopcommerce.user.User_07_Order] - Order_06: Step 25: Select item in Expire Month dropdown with value is '05'
[05-02-2024 21:04:04.044 INFO com.nopcommerce.user.User_07_Order] - Order_06: Step 26: Select item in Expire Year dropdown with value is '2025'
[05-02-2024 21:04:04.167 INFO com.nopcommerce.user.User_07_Order] - Order_06: Step 27: Input into Card code textbox with value is '123'
[05-02-2024 21:04:04.277 INFO com.nopcommerce.user.User_07_Order] - Order_06: Step 28: Click to 'Continue' button at Payment information
[05-02-2024 21:04:04.354 INFO com.nopcommerce.user.User_07_Order] - Order_06: Step 29: Verify 'Billing Address' order infor
[05-02-2024 21:04:04.687 INFO com.nopcommerce.user.User_07_Order] -  -------------------------- PASSED -------------------------- 
[05-02-2024 21:04:04.734 INFO com.nopcommerce.user.User_07_Order] -  -------------------------- PASSED -------------------------- 
[05-02-2024 21:04:04.781 INFO com.nopcommerce.user.User_07_Order] -  -------------------------- PASSED -------------------------- 
[05-02-2024 21:04:04.830 INFO com.nopcommerce.user.User_07_Order] -  -------------------------- PASSED -------------------------- 
[05-02-2024 21:04:04.892 INFO com.nopcommerce.user.User_07_Order] -  -------------------------- PASSED -------------------------- 
[05-02-2024 21:04:04.944 INFO com.nopcommerce.user.User_07_Order] -  -------------------------- PASSED -------------------------- 
[05-02-2024 21:04:04.999 INFO com.nopcommerce.user.User_07_Order] -  -------------------------- PASSED -------------------------- 
[05-02-2024 21:04:04.999 INFO com.nopcommerce.user.User_07_Order] - Order_06: Step 30: Verify 'Shipping Address' order infor
[05-02-2024 21:04:05.050 INFO com.nopcommerce.user.User_07_Order] -  -------------------------- PASSED -------------------------- 
[05-02-2024 21:04:05.113 INFO com.nopcommerce.user.User_07_Order] -  -------------------------- PASSED -------------------------- 
[05-02-2024 21:04:05.181 INFO com.nopcommerce.user.User_07_Order] -  -------------------------- PASSED -------------------------- 
[05-02-2024 21:04:05.231 INFO com.nopcommerce.user.User_07_Order] -  -------------------------- PASSED -------------------------- 
[05-02-2024 21:04:05.298 INFO com.nopcommerce.user.User_07_Order] -  -------------------------- PASSED -------------------------- 
[05-02-2024 21:04:05.381 INFO com.nopcommerce.user.User_07_Order] -  -------------------------- PASSED -------------------------- 
[05-02-2024 21:04:05.434 INFO com.nopcommerce.user.User_07_Order] -  -------------------------- PASSED -------------------------- 
[05-02-2024 21:04:05.434 INFO com.nopcommerce.user.User_07_Order] - Order_06: Step 31: Verify 'Payment Method' oder infor
[05-02-2024 21:04:05.493 INFO com.nopcommerce.user.User_07_Order] -  -------------------------- PASSED -------------------------- 
[05-02-2024 21:04:05.493 INFO com.nopcommerce.user.User_07_Order] - Order_06: Step 32: Verify 'Shipping Method' oder infor
[05-02-2024 21:04:05.536 INFO com.nopcommerce.user.User_07_Order] -  -------------------------- PASSED -------------------------- 
[05-02-2024 21:04:05.537 INFO com.nopcommerce.user.User_07_Order] - Order_06: Step 33: Verify The product order infor
[05-02-2024 21:04:05.594 INFO com.nopcommerce.user.User_07_Order] -  -------------------------- PASSED -------------------------- 
[05-02-2024 21:04:05.650 INFO com.nopcommerce.user.User_07_Order] -  -------------------------- PASSED ---------