[19-02-2024 21:51:33.693 INFO com.nopcommerce.common.Common_01_Register_Cookies] - Pre-Condition - Step 01: Navigate to 'Register' page
[19-02-2024 21:51:34.948 INFO com.nopcommerce.common.Common_01_Register_Cookies] - Pre-Condition - Step 02: Enter to Firstname textbox with value is 'Matthew'
[19-02-2024 21:51:35.054 INFO com.nopcommerce.common.Common_01_Register_Cookies] - Pre-Condition - Step 03: Enter to Lastname textbox with value is 'Hintz'
[19-02-2024 21:51:35.149 INFO com.nopcommerce.common.Common_01_Register_Cookies] - Pre-Condition - Step 04: Enter to Email textbox with value is 'michael.hirthe@gmail.com'
[19-02-2024 21:51:35.255 INFO com.nopcommerce.common.Common_01_Register_Cookies] - Pre-Condition - Step 05: Enter to Password textbox with value is 'r*I*X1tm$O%'
[19-02-2024 21:51:35.347 INFO com.nopcommerce.common.Common_01_Register_Cookies] - Pre-Condition - Step 06: Enter to Confirm password textbox with value is 'r*I*X1tm$O%'
[19-02-2024 21:51:35.418 INFO com.nopcommerce.common.Common_01_Register_Cookies] - Pre-Condition - Step 07: Enter to 'Register' button
[19-02-2024 21:51:36.008 INFO com.nopcommerce.common.Common_01_Register_Cookies] - Pre-Condition - Step 08: Verify success message is displayed
[19-02-2024 21:51:36.069 INFO com.nopcommerce.common.Common_01_Register_Cookies] -  -------------------------- PASSED -------------------------- 
[19-02-2024 21:51:36.070 INFO com.nopcommerce.common.Common_01_Register_Cookies] - Pre-Condition - Step 09: Click to Logout link
[19-02-2024 21:51:36.367 INFO com.nopcommerce.common.Common_01_Register_Cookies] - Pre-Condition - Step 10: Navigate to Login page
[19-02-2024 21:51:37.086 INFO com.nopcommerce.common.Common_01_Register_Cookies] - Pre-Condition - Step 11: Enter to Email textbox with value is 'michael.hirthe@gmail.com'
[19-02-2024 21:51:37.183 INFO com.nopcommerce.common.Common_01_Register_Cookies] - Pre-Condition - Step 12: Enter to Password textbox with value is 'r*I*X1tm$O%'
[19-02-2024 21:51:37.264 INFO com.nopcommerce.common.Common_01_Register_Cookies] - Pre-Condition - Step 13: Click to Login button
[19-02-2024 21:51:38.536 INFO com.nopcommerce.user.User_07_Order] - Pre-Condition - Step 01: Open browser 'FIREFOX'
[19-02-2024 21:51:41.301 INFO com.nopcommerce.user.User_07_Order] - Pre-condition - Step 02: Navigate to Login page
[19-02-2024 21:51:42.251 INFO com.nopcommerce.user.User_07_Order] - Pre-condition - Step 03: Set cookie and reload page
[19-02-2024 21:51:46.476 INFO com.nopcommerce.user.User_07_Order] - Pre-Condition - Step 04: Verify Home page Displayed
[19-02-2024 21:51:46.557 INFO com.nopcommerce.user.User_07_Order] - Order_01: Step 01: Click To Product Catelogies on Top Menu: Computers/Desktops
[19-02-2024 21:51:48.804 INFO com.nopcommerce.user.User_07_Order] - Order_01: Step 02: Click to product name with value is 'Build your own computer'
[19-02-2024 21:51:50.791 INFO com.nopcommerce.user.User_07_Order] - Order_01: Step 03: Select item in 'Processor' dropdown is '2.5 GHz Intel Pentium Dual-Core E2200 [+$15.00]'
[19-02-2024 21:51:50.889 INFO com.nopcommerce.user.User_07_Order] - Order_01: Step 04: Select item in 'RAM' dropdown is '8GB [+$60.00]'
[19-02-2024 21:51:51.220 INFO com.nopcommerce.user.User_07_Order] - Order_01: Step 05: Select item in 'HDD' radio button is '400 GB [+$100.00]'
[19-02-2024 21:51:51.522 INFO com.nopcommerce.user.User_07_Order] - Order_01: Step 06: Select item in 'OS' radio button is 'Vista Premium [+$60.00]'
[19-02-2024 21:51:51.796 INFO com.nopcommerce.user.User_07_Order] - Order_01: Step 07: Select item all value at 'Software' checkbox
[19-02-2024 21:51:52.444 INFO com.nopcommerce.user.User_07_Order] - Order_01: Step 08: Get value of price is null
[19-02-2024 21:51:55.536 INFO com.nopcommerce.user.User_07_Order] - Order_01: Step 09: Click to 'Add to cart' button
[19-02-2024 21:51:55.831 INFO com.nopcommerce.user.User_07_Order] - Order_01: Step 10: Verify add to cart success message displayed
[19-02-2024 21:51:55.953 INFO com.nopcommerce.user.User_07_Order] -  -------------------------- PASSED -------------------------- 
[19-02-2024 21:51:55.953 INFO com.nopcommerce.user.User_07_Order] - Order_01: Step 11: Close success message
[19-02-2024 21:51:59.251 INFO com.nopcommerce.user.User_07_Order] - Order_01: Step 12: Verify Shopping cart quantity is updated (1)
[19-02-2024 21:51:59.286 INFO com.nopcommerce.user.User_07_Order] -  -------------------------- PASSED -------------------------- 
[19-02-2024 21:51:59.348 INFO com.nopcommerce.user.User_07_Order] -  -------------------------- PASSED -------------------------- 
[19-02-2024 21:51:59.348 INFO com.nopcommerce.user.User_07_Order] - Order_01: Step 13: Verify the product is displayed in mini shopping cart
[19-02-2024 21:51:59.602 INFO com.nopcommerce.user.User_07_Order] - Order_02: Step 01: Open Shopping cart at header
[19-02-2024 21:52:00.853 INFO com.nopcommerce.user.User_07_Order] - Order_02: Step 02: Verify Shopping cart page is displayed
[19-02-2024 21:52:00.932 INFO com.nopcommerce.user.User_07_Order] -  -------------------------- PASSED -------------------------- 
[19-02-2024 21:52:00.932 INFO com.nopcommerce.user.User_07_Order] - Order_02: Step 03: Click to 'Edit' link
[19-02-2024 21:52:01.753 INFO com.nopcommerce.user.User_07_Order] - Order_02: Step 04: Select item in 'Processor' dropdown is '2.2 GHz Intel Pentium Dual-Core E2200'
[19-02-2024 21:52:02.105 INFO com.nopcommerce.user.User_07_Order] - Order_02: Step 05: Select item in 'RAM' dropdown is '4GB [+$20.00]'
[19-02-2024 21:52:02.424 INFO com.nopcommerce.user.User_07_Order] - Order_02: Step 06: Select item in 'HDD' radio button is '320 GB'
[19-02-2024 21:52:02.718 INFO com.nopcommerce.user.User_07_Order] - Order_02: Step 07: Select item in 'OS' radio button is 'Vista Home [+$50.00]'
[19-02-2024 21:52:03.006 INFO com.nopcommerce.user.User_07_Order] - Order_02: Step 08: Select item all value at 'Software' checkbox
[19-02-2024 21:52:03.619 INFO com.nopcommerce.user.User_07_Order] - Order_02: Step 09: Verify product price is updated with value '$1,320.00'
[19-02-2024 21:52:13.676 INFO com.nopcommerce.user.User_07_Order] -  -------------------------- PASSED -------------------------- 
[19-02-2024 21:52:13.681 INFO com.nopcommerce.user.User_07_Order] - Order_02: Step 10: Get value of price is $1,500.00
[19-02-2024 21:52:13.727 INFO com.nopcommerce.user.User_07_Order] - Order_02: Step 11: Edit product quantiny is 2
[19-02-2024 21:52:13.802 INFO com.nopcommerce.user.User_07_Order] - Order_02: Step 12: Click to 'Update' button
[19-02-2024 21:52:14.073 INFO com.nopcommerce.user.User_07_Order] - Order_02: Step 13: Verify add to cart success message displayed
[19-02-2024 21:52:14.185 INFO com.nopcommerce.user.User_07_Order] -  -------------------------- PASSED -------------------------- 
[19-02-2024 21:52:14.185 INFO com.nopcommerce.user.User_07_Order] - Order_02: Step 14: Close success message
[19-02-2024 21:52:17.459 INFO com.nopcommerce.user.User_07_Order] - Order_02: Step 15: Verify Shopping cart quantity is updated (2)
[19-02-2024 21:52:17.496 INFO com.nopcommerce.user.User_07_Order] -  -------------------------- PASSED -------------------------- 
[19-02-2024 21:52:17.545 INFO com.nopcommerce.user.User_07_Order] -  -------------------------- PASSED -------------------------- 
[19-02-2024 21:52:17.545 INFO com.nopcommerce.user.User_07_Order] - Order_02: Step 16: Verify the product is displayed in mini shopping cart
[19-02-2024 21:52:17.697 INFO com.nopcommerce.user.User_07_Order] - Order_03: Step 01: Open Shopping cart at header
[19-02-2024 21:52:18.135 INFO com.nopcommerce.user.User_07_Order] - Order_03: Step 02: Verify Shopping cart page is displayed
[19-02-2024 21:52:18.220 INFO com.nopcommerce.user.User_07_Order] -  -------------------------- PASSED -------------------------- 
[19-02-2024 21:52:18.220 INFO com.nopcommerce.user.User_07_Order] - Order_03: Step 03: Click to 'Remove' button
[19-02-2024 21:52:18.569 INFO com.nopcommerce.user.User_07_Order] - Order_03: Step 04: Verify message is 'Your Shopping Cart is empty!' displayed
[19-02-2024 21:52:18.632 INFO com.n