[22-12-2023 22:18:55.421 INFO com.nopcommerce.user.User_03_My_Account] - Pre-Condition - Step 01: Open browser 'CHROME'
[22-12-2023 22:18:57.676 INFO com.nopcommerce.user.User_03_My_Account] - Pre-Condition - Step 01: Click to Register link
[22-12-2023 22:18:58.694 INFO com.nopcommerce.user.User_03_My_Account] - Pre-Condition - Step 02: Enter to Firstname textbox with value is 'Keenan'
[22-12-2023 22:18:58.816 INFO com.nopcommerce.user.User_03_My_Account] - Pre-Condition - Step 03: Enter to Lastname textbox with value is 'Schuster'
[22-12-2023 22:18:58.929 INFO com.nopcommerce.user.User_03_My_Account] - Pre-Condition - Step 03: Enter to Email textbox with value is 'tim.west@yahoo.com'
[22-12-2023 22:18:59.041 INFO com.nopcommerce.user.User_03_My_Account] - Pre-Condition - Step 03: Enter to Password textbox with value is 'j79SE3xHzX'
[22-12-2023 22:18:59.146 INFO com.nopcommerce.user.User_03_My_Account] - Pre-Condition - Step 03: Enter to Confirm password textbox with value is 'j79SE3xHzX'
[22-12-2023 22:18:59.250 INFO com.nopcommerce.user.User_03_My_Account] - Pre-Condition - Step 03: Click to Register button
[22-12-2023 22:18:59.880 INFO com.nopcommerce.user.User_03_My_Account] - Pre-Condition - Step 04: Verify sucessful registration message displayed
[22-12-2023 22:18:59.932 INFO com.nopcommerce.user.User_03_My_Account] - Pre-Condition - Step 05: Click to home link
[22-12-2023 22:19:00.294 INFO com.nopcommerce.user.User_03_My_Account] - Pre-Condition - Step 06: Click to Login link
[22-12-2023 22:19:00.655 INFO com.nopcommerce.user.User_03_My_Account] - Pre-Condition - Step 07: Enter to Email textbox with value is 'tim.west@yahoo.com'
[22-12-2023 22:19:00.775 INFO com.nopcommerce.user.User_03_My_Account] - Pre-Condition - Step 08: Enter to Password textbox with value is 'j79SE3xHzX'
[22-12-2023 22:19:00.882 INFO com.nopcommerce.user.User_03_My_Account] - Pre-Condition - Step 09: Click to Login button
[22-12-2023 22:19:01.471 INFO com.nopcommerce.user.User_03_My_Account] - Pre-Condition - Step 10: Verify Home page Displayed
[22-12-2023 22:19:01.574 INFO com.nopcommerce.user.User_03_My_Account] - MyAccount_01 - Step 01: Click to My account link
[22-12-2023 22:19:01.922 INFO com.nopcommerce.user.User_03_My_Account] - MyAccount_01 - Step 02: Update gender with value is'Female'
[22-12-2023 22:19:02.003 INFO com.nopcommerce.user.User_03_My_Account] - MyAccount_01 - Step 03: Update First name with value is'Automation'
[22-12-2023 22:19:02.121 INFO com.nopcommerce.user.User_03_My_Account] - MyAccount_01 - Step 04: Update Last name with value is'FC'
[22-12-2023 22:19:02.245 INFO com.nopcommerce.user.User_03_My_Account] - MyAccount_01 - Step 05: Update Date with value is'1'
[22-12-2023 22:19:02.409 INFO com.nopcommerce.user.User_03_My_Account] - MyAccount_01 - Step 06: Update Month with value is'January'
[22-12-2023 22:19:02.529 INFO com.nopcommerce.user.User_03_My_Account] - MyAccount_01 - Step 07: Update Year with value is'1999'
[22-12-2023 22:19:02.678 INFO com.nopcommerce.user.User_03_My_Account] - MyAccount_01 - Step 08: Update Email with value is'ashlie.baumbach@gmail.com'
[22-12-2023 22:19:02.830 INFO com.nopcommerce.user.User_03_My_Account] - MyAccount_01 - Step 09: Update Company name with value is'Automation FC'
[22-12-2023 22:19:02.968 INFO com.nopcommerce.user.User_03_My_Account] - MyAccount_01 - Step 10: Click to 'Save' button
[22-12-2023 22:19:03.569 INFO com.nopcommerce.user.User_03_My_Account] - MyAccount_01 - Step 11: Verify update message successfully displayed
[22-12-2023 22:19:03.622 INFO com.nopcommerce.user.User_03_My_Account] - MyAccount_01: Step 12: Verify Gender was updated with value 'Female'
[22-12-2023 22:19:03.673 INFO com.nopcommerce.user.User_03_My_Account] -  -------------------------- PASSED -------------------------- 
[22-12-2023 22:19:03.673 INFO com.nopcommerce.user.User_03_My_Account] - MyAccount_01: Step 13: Verify Firstname was updated with value 'Automation'
[22-12-2023 22:19:03.737 INFO com.nopcommerce.user.User_03_My_Account] -  -------------------------- PASSED -------------------------- 
[22-12-2023 22:19:03.737 INFO com.nopcommerce.user.User_03_My_Account] - MyAccount_01: Step 14: Verify Lastname was updated with value 'FC'
[22-12-2023 22:19:03.807 INFO com.nopcommerce.user.User_03_My_Account] -  -------------------------- PASSED -------------------------- 
[22-12-2023 22:19:03.807 INFO com.nopcommerce.user.User_03_My_Account] - MyAccount_01: Step 15: Verify Date was updated with value '1'
[22-12-2023 22:19:03.923 INFO com.nopcommerce.user.User_03_My_Account] -  -------------------------- PASSED -------------------------- 
[22-12-2023 22:19:03.925 INFO com.nopcommerce.user.User_03_My_Account] - MyAccount_01: Step 16: Verify Month was updated with value 'January'
[22-12-2023 22:19:04.066 INFO com.nopcommerce.user.User_03_My_Account] -  -------------------------- PASSED -------------------------- 
[22-12-2023 22:19:04.066 INFO com.nopcommerce.user.User_03_My_Account] - MyAccount_01: Step 17: Verify Year was updated with value '1999'
[22-12-2023 22:19:04.719 INFO com.nopcommerce.user.User_03_My_Account] -  -------------------------- PASSED -------------------------- 
[22-12-2023 22:19:04.719 INFO com.nopcommerce.user.User_03_My_Account] - MyAccount_01: Step 18: Verify Email was updated with value 'ashlie.baumbach@gmail.com'
[22-12-2023 22:19:04.799 INFO com.nopcommerce.user.User_03_My_Account] -  -------------------------- PASSED -------------------------- 
[22-12-2023 22:19:04.799 INFO com.nopcommerce.user.User_03_My_Account] - MyAccount_01: Step 19: Verify Company name was updated with value 'Automation FC'
[22-12-2023 22:19:04.917 INFO com.nopcommerce.user.User_03_My_Account] -  -------------------------- PASSED -------------------------- 
[22-12-2023 22:19:05.045 INFO com.nopcommerce.user.User_03_My_Account] - MyAccount_02 - Step 01: Click To Addresses page at list box menu
[22-12-2023 22:19:05.428 INFO com.nopcommerce.user.User_03_My_Account] - MyAccount_02 - Step 02: Click To 'Add new; button
[22-12-2023 22:19:05.829 INFO com.nopcommerce.user.User_03_My_Account] - MyAccount_02 - Step 03: Add First Name with value is'Automation'
[22-12-2023 22:19:05.966 INFO com.nopcommerce.user.User_03_My_Account] - MyAccount_02 - Step 04: Add Last Name with value is'FC'
[22-12-2023 22:19:06.083 INFO com.nopcommerce.user.User_03_My_Account] - MyAccount_02 - Step 05: Add Email address with value is'ashlie.baumbach@gmail.com'
[22-12-2023 22:19:06.273 INFO com.nopcommerce.user.User_03_My_Account] - MyAccount_02 - Step 06: Add Company name with value is'Automation FC'
[22-12-2023 22:19:06.442 INFO com.nopcommerce.user.User_03_My_Account] - MyAccount_02 - Step 07: Select item in Country dropdown with value is'Viet Nam'
[22-12-2023 22:19:06.575 INFO com.nopcommerce.user.User_03_My_Account] - MyAccount_02 - Step 08: Select item in State/ province dropdown with value is'Other'
[22-12-2023 22:19:06.837 INFO com.nopcommerce.user.User_03_My_Account] - MyAccount_02 - Step 09: Add City with value is'Da Nang'
[22-12-2023 22:19:07.091 INFO com.nopcommerce.user.User_03_My_Account] - MyAccount_02 - Step 10: Add Address1 with value is'123/04 Le Lai'
[22-12-2023 22:19:07.238 INFO com.nopcommerce.user.User_03_My_Account] - MyAccount_02 - Step 11: Add Address2 with value is'234/5 hai Phong'
[22-12-2023 22:19:07.383 INFO com.nopcommerce.user.User_03_My_Account] - MyAccount_02 - Step 12: Add Zip/ postal code with value is'550000'
[22-12-2023 22:19:07.536 INFO com.nopcommerce.user.User_03_My_Account] - MyAccount_02 - Step 13: Add Phone number with value is'0123456789'
[22-12-2023 22:19:07.713 INFO com.nopcommerce.user.User_03_My_Account] - MyAccount_02 - Step 14: Add Fax number with value is'0987654321'
[22-12-2023 22:19:07.842 INFO com.nopcommerce.user.User_03_My_Account] - MyAccount_02 - Step 15: Click to 'Save' button
[22-12-2023 22:19:08.517 INFO com.nopcommerce.user.User_03_My_Account] - MyAccount_01 - Step 16: Verify update message successfully displayed
[22-12-2023 22:19:08.553 INFO com.nopcommerce.user.User_03_My_Account] - MyAccount_01: Step 17: Verify all information was 