[05-02-2024 21:42:27.835 INFO com.nopcommerce.common.Common_01_Register_Cookies] - Pre-Condition - Step 01: Navigate to 'Register' page
[05-02-2024 21:42:28.328 INFO com.nopcommerce.common.Common_01_Register_Cookies] - Pre-Condition - Step 02: Enter to Firstname textbox with value is 'Aleen'
[05-02-2024 21:42:28.449 INFO com.nopcommerce.common.Common_01_Register_Cookies] - Pre-Condition - Step 03: Enter to Lastname textbox with value is 'Shanahan'
[05-02-2024 21:42:28.574 INFO com.nopcommerce.common.Common_01_Register_Cookies] - Pre-Condition - Step 04: Enter to Email textbox with value is 'bryon.renner@hotmail.com'
[05-02-2024 21:42:28.705 INFO com.nopcommerce.common.Common_01_Register_Cookies] - Pre-Condition - Step 05: Enter to Password textbox with value is 'NaTID0!I%'
[05-02-2024 21:42:28.823 INFO com.nopcommerce.common.Common_01_Register_Cookies] - Pre-Condition - Step 06: Enter to Confirm password textbox with value is 'NaTID0!I%'
[05-02-2024 21:42:28.947 INFO com.nopcommerce.common.Common_01_Register_Cookies] - Pre-Condition - Step 07: Enter to 'Register' button
[05-02-2024 21:42:29.560 INFO com.nopcommerce.common.Common_01_Register_Cookies] - Pre-Condition - Step 08: Verify success message is displayed
[05-02-2024 21:42:29.613 INFO com.nopcommerce.common.Common_01_Register_Cookies] -  -------------------------- PASSED -------------------------- 
[05-02-2024 21:42:29.613 INFO com.nopcommerce.common.Common_01_Register_Cookies] - Pre-Condition - Step 09: Click to Logout link
[05-02-2024 21:42:29.964 INFO com.nopcommerce.common.Common_01_Register_Cookies] - Pre-Condition - Step 10: Navigate to Login page
[05-02-2024 21:42:30.673 INFO com.nopcommerce.common.Common_01_Register_Cookies] - Pre-Condition - Step 11: Enter to Email textbox with value is 'bryon.renner@hotmail.com'
[05-02-2024 21:42:30.809 INFO com.nopcommerce.common.Common_01_Register_Cookies] - Pre-Condition - Step 12: Enter to Password textbox with value is 'NaTID0!I%'
[05-02-2024 21:42:30.938 INFO com.nopcommerce.common.Common_01_Register_Cookies] - Pre-Condition - Step 13: Click to Login button
[05-02-2024 21:42:31.669 INFO com.nopcommerce.user.User_07_Order] - Pre-Condition - Step 01: Open browser 'chrome'
[05-02-2024 21:42:33.446 INFO com.nopcommerce.user.User_07_Order] - Pre-condition - Step 02: Navigate to Login page
[05-02-2024 21:42:34.409 INFO com.nopcommerce.user.User_07_Order] - Pre-condition - Step 03: Set cookie and reload page
[05-02-2024 21:42:37.819 INFO com.nopcommerce.user.User_07_Order] - Pre-Condition - Step 04: Verify Home page Displayed
[05-02-2024 21:42:37.896 INFO com.nopcommerce.user.User_07_Order] - Order_01: Step 01: Click To Product Catelogies on Top Menu: Computers/Desktops
[05-02-2024 21:42:40.515 INFO com.nopcommerce.user.User_07_Order] - Order_01: Step 02: Click to product name with value is 'Build your own computer'
[05-02-2024 21:42:40.968 INFO com.nopcommerce.user.User_07_Order] - Order_01: Step 03: Select item in 'Processor' dropdown is '2.5 GHz Intel Pentium Dual-Core E2200 [+$15.00]'
[05-02-2024 21:42:41.065 INFO com.nopcommerce.user.User_07_Order] - Order_01: Step 04: Select item in 'RAM' dropdown is '8GB [+$60.00]'
[05-02-2024 21:42:41.172 INFO com.nopcommerce.user.User_07_Order] - Order_01: Step 05: Select item in 'HDD' radio button is '400 GB [+$100.00]'
[05-02-2024 21:42:41.256 INFO com.nopcommerce.user.User_07_Order] - Order_01: Step 06: Select item in 'OS' radio button is 'Vista Premium [+$60.00]'
[05-02-2024 21:42:41.328 INFO com.nopcommerce.user.User_07_Order] - Order_01: Step 07: Select item all value at 'Software' checkbox
[05-02-2024 21:42:41.529 INFO com.nopcommerce.user.User_07_Order] - Order_01: Step 08: Get value of price is null
[05-02-2024 21:42:44.663 INFO com.nopcommerce.user.User_07_Order] - Order_01: Step 09: Click to 'Add to cart' button
[05-02-2024 21:42:44.748 INFO com.nopcommerce.user.User_07_Order] - Order_01: Step 10: Verify add to cart success message displayed
[05-02-2024 21:42:45.058 INFO com.nopcommerce.user.User_07_Order] -  -------------------------- PASSED -------------------------- 
[05-02-2024 21:42:45.059 INFO com.nopcommerce.user.User_07_Order] - Order_01: Step 11: Close success message
[05-02-2024 21:42:48.161 INFO com.nopcommerce.user.User_07_Order] - Order_01: Step 12: Verify Shopping cart quantity is updated (1)
[05-02-2024 21:42:48.200 INFO com.nopcommerce.user.User_07_Order] -  -------------------------- PASSED -------------------------- 
[05-02-2024 21:42:48.264 INFO com.nopcommerce.user.User_07_Order] -  -------------------------- PASSED -------------------------- 
[05-02-2024 21:42:48.264 INFO com.nopcommerce.user.User_07_Order] - Order_01: Step 13: Verify the product is displayed in mini shopping cart
[05-02-2024 21:42:54.588 INFO com.nopcommerce.user.User_07_Order] -  -------------------------- PASSED -------------------------- 
[05-02-2024 21:42:54.694 INFO com.nopcommerce.user.User_07_Order] -  -------------------------- PASSED -------------------------- 
[05-02-2024 21:42:54.822 INFO com.nopcommerce.user.User_07_Order] -  -------------------------- PASSED -------------------------- 
[05-02-2024 21:42:54.943 INFO com.nopcommerce.user.User_07_Order] -  -------------------------- PASSED -------------------------- 
[05-02-2024 21:42:55.070 INFO com.nopcommerce.user.User_07_Order] -  -------------------------- PASSED -------------------------- 
[05-02-2024 21:42:55.178 INFO com.nopcommerce.user.User_07_Order] -  -------------------------- PASSED -------------------------- 
[05-02-2024 21:42:55.268 INFO com.nopcommerce.user.User_07_Order] - Order_02: Step 01: Open Shopping cart at header
[05-02-2024 21:42:55.719 INFO com.nopcommerce.user.User_07_Order] - Order_02: Step 02: Verify Shopping cart page is displayed
[05-02-2024 21:42:55.815 INFO com.nopcommerce.user.User_07_Order] -  -------------------------- PASSED -------------------------- 
[05-02-2024 21:42:55.815 INFO com.nopcommerce.user.User_07_Order] - Order_02: Step 03: Click to 'Edit' link
[05-02-2024 21:42:56.201 INFO com.nopcommerce.user.User_07_Order] - Order_02: Step 04: Select item in 'Processor' dropdown is '2.2 GHz Intel Pentium Dual-Core E2200'
[05-02-2024 21:42:56.355 INFO com.nopcommerce.user.User_07_Order] - Order_02: Step 05: Select item in 'RAM' dropdown is '4GB [+$20.00]'
[05-02-2024 21:42:56.515 INFO com.nopcommerce.user.User_07_Order] - Order_02: Step 06: Select item in 'HDD' radio button is '320 GB'
[05-02-2024 21:42:56.655 INFO com.nopcommerce.user.User_07_Order] - Order_02: Step 07: Select item in 'OS' radio button is 'Vista Home [+$50.00]'
[05-02-2024 21:42:56.734 INFO com.nopcommerce.user.User_07_Order] - Order_02: Step 08: Select item all value at 'Software' checkbox
[05-02-2024 21:42:57.204 INFO com.nopcommerce.user.User_07_Order] - Order_02: Step 09: Verify product price is updated with value '$1,320.00'
[05-02-2024 21:43:05.351 INFO com.nopcommerce.user.User_07_Order] -  -------------------------- PASSED -------------------------- 
[05-02-2024 21:43:05.352 INFO com.nopcommerce.user.User_07_Order] - Order_02: Step 10: Get value of price is $1,500.00
[05-02-2024 21:43:05.432 INFO com.nopcommerce.user.User_07_Order] - Order_02: Step 11: Edit product quantiny is 2
[05-02-2024 21:43:05.631 INFO com.nopcommerce.user.User_07_Order] - Order_02: Step 12: Click to 'Update' button
[05-02-2024 21:43:05.742 INFO com.nopcommerce.user.User_07_Order] - Order_02: Step 13: Verify add to cart success message displayed
[05-02-2024 21:43:06.114 INFO com.nopcommerce.user.User_07_Order] -  -------------------------- PASSED -------------------------- 
[05-02-2024 21:43:06.115 INFO com.nopcommerce.user.User_07_Order] - Order_02: Step 14: Close success message
[05-02-2024 21:43:09.208 INFO com.nopcommerce.user.User_07_Order] - Order_02: Step 15: Verify Shopping cart quantity is updated (2)
[05-02-2024 21:43:09.253 INFO com.nopcommerce.user.User_07_Order] -  -------------------------- PASSED -------------------------- 
[05-02-2024 21:43:09.372 INFO com.nopcommerce.user.User_07_Order] -  -------------------------- PASSED -------------------------- 
[05-02-2024 21:43:09.373 INFO com.nopcommerce.user.User_07_Order] - Order_02: Step 16: Verify the product is displayed in mini shopping cart
[05-02-2024 21:43:12.761 INFO com.nopcommerce.user.User_07_Order] -  -------------------------- PASSED -------------------------- 
[05-02-2024 21:43:12.865 INFO com.nopcommerce.user.User_07_Order] -  -------------------------- PASSED -------------------------- 
[05-02-2024 21:43:12.976 INFO com.nopcommerce.user.User_07_Order] -  -------------------------- PASSED -------------------------- 
[05-02-2024 21:43:13.076 INFO com.nopcommerce.user.User_07_Order] -  -------------------------- PASSED -------------------------- 
[05-02-2024 21:43:13.181 INFO com.nopcommerce.user.User_07_Order] -  -------------------------- PASSED -------------------------- 
[05-02-2024 21:43:13.292 INFO com.nopcommerce.user.User_07_Order] -  -------------------------- PASSED -------------------------- 
[05-02-2024 21:43:13.325 INFO com.nopcommerce.user.User_07_Order] - Order_03: Step 01: Open Shopping cart at header
[05-02-2024 21:43:13.810 INFO com.nopcommerce.user.User_07_Order] - Order_03: Step 02: Verify Shopping cart page is displayed
[05-02-2024 21:43:13.893 INFO com.nopcommerce.user.User_07_Order] -  -------------------------- PASSED -------------------------- 
[05-02-2024 21:43:13.893 INFO com.nopcommerce.user.User_07_Order] - Order_03: Step 03: Click to 'Remove' button
[05-02-2024 21:43:14.297 INFO com.nopcommerce.user.User_07_Order] - Order_03: Step 04: Verify message is 'Your Shopping Cart is empty!' displayed
[05-02-2024 21:43:14.385 INFO com.nopcommerce.user.User_07_Order] -  -------------------------- PASSED -------------------------- 
[05-02-2024 21:43:14.386 INFO com.nopcommerce.user.User_07_Order] - Order_03: Step 05: Verify product is not exist in Shopping cart
[05-02-2024 21:43:34.573 INFO com.nopcommerce.user.User_07_Order] -  -------------------------- PASSED -------------------------- 
[05-02-2024 21:43:34.586 INFO com.nopcommerce.user.User_07_Order] - Order_04: Step 01: Click To Product Catelogies on Top Menu: Computers/Desktops
[05-02-2024 21:43:37.264 INFO com.nopcommerce.user.User_07_Order] - Order_04: Step 02: Click to 'Add to cart' button at Lenovo IdeaCentre 600 All-in-One PC
[05-02-2024 21:43:37.340 INFO com.nopcommerce.user.User_07_Order] - Order_04: Step 03: Verify add to cart success message displayed
[05-02-2024 21:43:37.671 INFO com.nopcommerce.user.User_07_Order] -  -------------------------- PASSED -------------------------- 
[05-02-2024 21:43:37.671 INFO com.nopcommerce.user.User_07_Order] - Order_04: Step 04: Close success message
[05-02-2024 21:43:40.805 INFO com.nopcommerce.user.User_07_Order] - Order_04: Step 05: Verify Shopping cart quantity is updated (1)
[05-02-2024 21:43:40.847 INFO com.nopcommerce.user.User_07_Order] -  -------------------------- PASSED -------------------------- 
[05-02-2024 21:43:40.933 INFO com.nopcommerce.user.User_07_Order] -  -------------------------- PASSED -------------------------- 
[05-02-2024 21:43:40.933 INFO com.nopcommerce.user.User_07_Order] - Order_04: Step 06: Open Shopping cart at header
[05-02-2024 21:43:41.385 INFO com.nopcommerce.user.User_07_Order] - Order_04: Step 07: Verify Shopping cart page is displayed
[05-02-2024 21:43:41.454 INFO com.nopcommerce.user.User_07_Order] -  -------------------------- PASSED -------------------------- 
[05-02-2024 21:43:41.454 INFO com.nopcommerce.user.User_07_Order] - Order_04: Step 08: Update product quantity is '5'
[05-02-2024 21:43:41.564 INFO com.nopcommerce.user.User_07_Order] - Order_04: Step 09: Click to 'Update shopping cart' button
[05-02-2024 21:43:41.962 INFO com.nopcommerce.user.User_07_Order] - Order_04: Step 10: Verify product price is updated with value '$2,500.00'
[05-02-2024 21:43:42.043 INFO com.nopcommerce.user.User_07_Order] -  -------------------------- PASSED -------------------------- 
[05-02-2024 21:43:42.058 INFO com.nopcommerce.user.User_07_Order] - Order_05: Step 01: Click to 'Remove' product 'secondDesktopsProduct'
[05-02-2024 21:43:42.454 INFO com.nopcommerce.user.User_07_Order] - Order_05: Step 02: Verify message is 'Your Shopping Cart is empty!' displayed
[05-02-2024 21:43:42.512 INFO com.nopcommerce.user.User_07_Order] -  -------------------------- PASSED -------------------------- 
[05-02-2024 21:43:42.512 INFO com.nopcommerce.user.User_07_Order] - Order_05: Step 03: Click To Product Catelogies on Top Menu: Computers/Notebooks
[05-02-2024 21:43:45.116 INFO com.nopcommerce.user.User_07_Order] - Order_05: Step 04: Click to product name with value is 'Apple MacBook Pro 13-inch'
[05-02-2024 21:43:45.570 INFO com.nopcommerce.user.User_07_Order] - Order_05: Step 05: Click to 'Add To Cart' button at product detail page
[05-02-2024 21:43:45.661 INFO com.nopcommerce.user.User_07_Order] - Order_05: Step 06: Verify add to cart success message displayed
[05-02-2024 21:43:46.014 INFO com.nopcommerce.user.User_07_Order] -  -------------------------- PASSED -------------------------- 
[05-02-2024 21:43:46.014 INFO com.nopcommerce.user.User_07_Order] - Order_05: Step 07: Close success message
[05-02-2024 21:43:49.165 INFO com.nopcommerce.user.User_07_Order] - Order_05: Step 08: Open Shopping cart at header
[05-02-2024 21:43:49.700 INFO com.nopcommerce.user.User_07_Order] - Order_05: Step 09: Select item in 'Gift wrapping' dropdown is 'No'
[05-02-2024 21:43:49.826 INFO com.nopcommerce.user.User_07_Order] - Order_05: Step 10: Check to 'Terms of Service' checkbox
[05-02-2024 21:43:49.940 INFO com.nopcommerce.user.User_07_Order] - Order_05: Step 11: Click to 'Checkout' button
[05-02-2024 21:43:50.769 INFO com.nopcommerce.user.User_07_Order] - Order_05: Step 12: Uncheck to 'ShipToSameAddress' checkbox
[05-02-2024 21:43:51.482 INFO com.nopcommerce.user.User_07_Order] - Order_05: Step 13: Input to 'Billing address' form
[05-02-2024 21:43:53.085 INFO com.nopcommerce.user.User_07_Order] - Order_05: Step 14: Click to 'Continue' button at billing
[05-02-2024 21:43:53.187 INFO com.nopcommerce.user.User_07_Order] - Order_05: Step 15: Select 'Shipping address' method
[05-02-2024 21:43:53.666 INFO com.nopcommerce.user.User_07_Order] - Order_05: Step 16: Input to 'Shipping address' form
[05-02-2024 21:43:55.206 INFO com.nopcommerce.user.User_07_Order] - Order_05: Step 17: Click to 'Continue' button at Shipping address
[05-02-2024 21:43:55.289 INFO com.nopcommerce.user.User_07_Order] - Order_05: Step 18: Check to Radio button in 'Shipping method' with label is 'Ground ($0.00)'
[05-02-2024 21:43:55.680 INFO com.nopcommerce.user.User_07_Order] - Order_05: Step 19: Click to 'Continue' button at Shipping address
[05-02-2024 21:43:55.873 INFO com.nopcommerce.user.User_07_Order] - Order_05: Step 20: Check to Radio button in 'Payment method' with label is 'Check / MoneyOrder'
[05-02-2024 21:43:56.157 INFO com.nopcommerce.user.User_07_Order] - Order_05: Step 21: Click to 'Continue' button at Payment method
[05-02-2024 21:43:56.282 INFO com.nopcommerce.user.User_07_Order] - Order_05: Step 22: Verify Address shipping information
[05-02-2024 21:43:56.712 INFO com.nopcommerce.user.User_07_Order] -  -------------------------- PASSED -------------------------- 
[05-02-2024 21:43:56.713 INFO com.nopcommerce.user.User_07_Order] - Order_05: Step 23: Click to 'Continue' button at Payment information
[05-02-2024 21:43:56.901 INFO com.nopcommerce.user.User_07_Order] - Order_05: Step 24: Verify 'Billing Address' order infor
[05-02-2024 21:43:57.238 INFO com.nopcommerce.user.User_07_Order] -  -------------------------- PASSED -------------------------- 
[05-02-2024 21:43:57.347 INFO com.nopcommerce.user.User_07_Order] -  -------------------------- PASSED -------------------------- 
[05-02-2024 21:43:57.455 INFO com.nopcommerce.user.User_07_Order] -  -------------------------- PASSED -------------------------- 
[05-02-2024 21:43:57.571 INFO com.nopcommerce.user.User_07_Order] -  -------------------------- PASSED -------------------------- 
[05-02-2024 21:43:57.691 INFO com.nopcommerce.user.User_07_Order] -  -------------------------- PASSED -------------------------- 
[05-02-2024 21:43:57.801 INFO com.nopcommerce.user.User_07_Order] -  -------------------------- PASSED -------------------------- 
[05-02-2024 21:43:57.907 INFO com.nopcommerce.user.User_07_Order] -  -------------------------- PASSED -------------------------- 
[05-02-2024 21:43:57.907 INFO com.nopcommerce.user.User_07_Order] - Order_05: Step 25: Verify 'Shipping Address' order infor
[05-02-2024 21:43:58.014 INFO com.nopcommerce.user.User_07_Order] -  -------------------------- PASSED -------------------------- 
[05-02-2024 21:43:58.128 INFO com.nopcommerce.user.User_07_Order] -  -------------------------- PASSED -------------------------- 
[05-02-2024 21:43:58.238 INFO com.nopcommerce.user.User_07_Order] -  -------------------------- PASSED -------------------------- 
[05-02-2024 21:43:58.334 INFO com.nopcommerce.user.User_07_Order] -  -------------------------- PASSED -------------------------- 
[05-02-2024 21:43:58.435 INFO com.nopcommerce.user.User_07_Order] -  -------------------------- PASSED -------------------------- 
[05-02-2024 21:43:58.489 INFO com.nopcommerce.user.User_07_Order] -  -------------------------- PASSED -------------------------- 
[05-02-2024 21:43:58.533 INFO com.nopcommerce.user.User_07_Order] -  -------------------------- PASSED -------------------------- 
[05-02-2024 21:43:58.534 INFO com.nopcommerce.user.User_07_Order] - Order_05: Step 26: Verify 'Payment Method' oder infor
[05-02-2024 21:43:58.632 INFO com.nopcommerce.user.User_07_Order] -  -------------------------- PASSED -------------------------- 
[05-02-2024 21:43:58.632 INFO com.nopcommerce.user.User_07_Order] - Order_05: Step 27: Verify 'Shipping Method' oder infor
[05-02-2024 21:43:58.735 INFO com.nopcommerce.user.User_07_Order] -  -------------------------- PASSED -------------------------- 
[05-02-2024 21:43:58.735 INFO com.nopcommerce.user.User_07_Order] - Order_05: Step 27: Verify The product order infor
[05-02-2024 21:43:58.848 INFO com.nopcommerce.user.User_07_Order] -  -------------------------- PASSED -------------------------- 
[05-02-2024 21:43:58.953 INFO com.nopcommerce.user.User_07_Order] -  -------------------------- PASSED -------------------------- 
[05-02-2024 21:43:59.016 INFO com.nopcommerce.user.User_07_Order] -  -------------------------- PASSED -------------------------- 
[05-02-2024 21:43:59.074 INFO com.nopcommerce.user.User_07_Order] -  -------------------------- PASSED -------------------------- 
[05-02-2024 21:43:59.185 INFO com.nopcommerce.user.User_07_Order] -  -------------------------- PASSED -------------------------- 
[05-02-2024 21:43:59.186 INFO com.nopcommerce.user.User_07_Order] - Order_05:  Step 28: Verify The sumary price order list
[05-02-2024 21:43:59.293 INFO com.nopcommerce.user.User_07_Order] -  -------------------------- PASSED -------------------------- 
[05-02-2024 21:43:59.402 INFO com.nopcommerce.user.User_07_Order] -  -------------------------- PASSED -------------------------- 
[05-02-2024 21:43:59.511 INFO com.nopcommerce.user.User_07_Order] -  -------------------------- PASSED -------------------------- 
[05-02-2024 21:43:59.618 INFO com.nopcommerce.user.User_07_Order] -  -------------------------- PASSED -------------------------- 
[05-02-2024 21:43:59.618 INFO com.nopcommerce.user.User_07_Order] - Order_05: Step 29: Click to 'Confirm' button
[05-02-2024 21:43:59.778 INFO com.nopcommerce.user.User_07_Order] - Order_05: Step 30: Verify Product order completed infor
[05-02-2024 21:44:01.892 INFO com.nopcommerce.user.User_07_Order] -  -------------------------- PASSED -------------------------- 
[05-02-2024 21:44:01.972 INFO com.nopcommerce.user.User_07_Order] -  -------------------------- PASSED -------------------------- 
[05-02-2024 21:44:02.173 INFO com.nopcommerce.user.User_07_Order] -  -------------------------- PASSED -------------------------- 
[05-02-2024 21:44:02.174 INFO com.nopcommerce.user.User_07_Order] - Order_05: Step 31: Click to Oder Completed 'Continue' button
[05-02-2024 21:44:02.660 INFO com.nopcommerce.user.User_07_Order] - Order_05: Step 32: Click to 'My Account' link
[05-02-2024 21:44:03.043 INFO com.nopcommerce.user.User_07_Order] - Order_05: Step 33: Navigate to 'Orders' area at My Account page
[05-02-2024 21:44:03.479 INFO com.nopcommerce.user.User_07_Order] - Order_05: Step 34: Verify text 'Order Number: 1031' displayed
[05-02-2024 21:44:03.552 INFO com.nopcommerce.user.User_07_Order] - Order_05: Step 35: Click to 'Details' button
[05-02-2024 21:44:03.995 INFO com.nopcommerce.user.User_07_Order] - Order_05: Step 36: Verify 'order-overview' infor
[05-02-2024 21:44:04.055 INFO com.nopcommerce.user.User_07_Order] -  -------------------------- PASSED -------------------------- 
[05-02-2024 21:44:04.133 INFO com.nopcommerce.user.User_07_Order] -  -------------------------- PASSED -------------------------- 
[05-02-2024 21:44:04.213 INFO com.nopcommerce.user.User_07_Order] -  -------------------------- PASSED -------------------------- 
[05-02-2024 21:44:04.213 INFO com.nopcommerce.user.User_07_Order] - Order_05: Step 37: Verify 'Billing Address' order infor
[05-02-2024 21:44:04.273 INFO com.nopcommerce.user.User_07_Order] -  -------------------------- PASSED -------------------------- 
[05-02-2024 21:44:04.350 INFO com.nopcommerce.user.User_07_Order] -  -------------------------- PASSED -------------------------- 
[05-02-2024 21:44:04.454 INFO com.nopcommerce.user.User_07_Order] -  -------------------------- PASSED -------------------------- 
[05-02-2024 21:44:04.570 INFO com.nopcommerce.user.User_07_Order] -  -------------------------- PASSED -------------------------- 
[05-02-2024 21:44:04.675 INFO com.nopcommerce.user.User_07_Order] -  -------------------------- PASSED -------------------------- 
[05-02-2024 21:44:04.784 INFO com.nopcommerce.user.User_07_Order] -  -------------------------- PASSED -------------------------- 
[05-02-2024 21:44:04.895 INFO com.nopcommerce.user.User_07_Order] -  -------------------------- PASSED -------------------------- 
[05-02-2024 21:44:04.896 INFO com.nopcommerce.user.User_07_Order] - Order_05: Step 38: Verify 'Shipping Address' order infor
[05-02-2024 21:44:05.003 INFO com.nopcommerce.user.User_07_Order] -  -------------------------- PASSED -------------------------- 
[05-02-2024 21:44:05.117 INFO com.nopcommerce.user.User_07_Order] -  -------------------------- PASSED -------------------------- 
[05-02-2024 21:44:05.227 INFO com.nopcommerce.user.User_07_Order] -  -------------------------- PASSED -------------------------- 
[05-02-2024 21:44:05.323 INFO com.nopcommerce.user.User_07_Order] -  -------------------------- PASSED -------------------------- 
[05-02-2024 21:44:05.407 INFO com.nopcommerce.user.User_07_Order] -  -------------------------- PASSED -------------------------- 
[05-02-2024 21:44:05.482 INFO com.nopcommerce.user.User_07_Order] -  -------------------------- PASSED -------------------------- 
[05-02-2024 21:44:05.597 INFO com.nopcommerce.user.User_07_Order] -  -------------------------- PASSED -------------------------- 
[05-02-2024 21:44:05.598 INFO com.nopcommerce.user.User_07_Order] - Order_05: Step 39: Verify 'Payment Method' oder infor
[05-02-2024 21:44:05.725 INFO com.nopcommerce.user.User_07_Order] -  -------------------------- PASSED -------------------------- 
[05-02-2024 21:44:05.800 INFO com.nopcommerce.user.User_07_Order] -  -------------------------- PASSED -------------------------- 
[05-02-2024 21:44:05.800 INFO com.nopcommerce.user.User_07_Order] - Order_05: Step 40: Verify 'Shipping Method' oder infor
[05-02-2024 21:44:05.894 INFO com.nopcommerce.user.User_07_Order] -  -------------------------- PASSED -------------------------- 
[05-02-2024 21:44:06.013 INFO com.nopcommerce.user.User_07_Order] -  -------------------------- PASSED -------------------------- 
[05-02-2024 21:44:06.013 INFO com.nopcommerce.user.User_07_Order] - Order_05: Step 41: Verify The product order infor
[05-02-2024 21:44:06.143 INFO com.nopcommerce.user.User_07_Order] -  -------------------------- PASSED -------------------------- 
[05-02-2024 21:44:06.267 INFO com.nopcommerce.user.User_07_Order] -  -------------------------- PASSED -------------------------- 
[05-02-2024 21:44:06.379 INFO com.nopcommerce.user.User_07_Order] -  -------------------------- PASSED -------------------------- 
[05-02-2024 21:44:06.484 INFO com.nopcommerce.user.User_07_Order] -  -------------------------- PASSED -------------------------- 
[05-02-2024 21:44:06.584 INFO com.nopcommerce.user.User_07_Order] -  -------------------------- PASSED -------------------------- 
[05-02-2024 21:44:06.585 INFO com.nopcommerce.user.User_07_Order] - Order_05: Step 42: Verify The sumary price order list
[05-02-2024 21:44:06.684 INFO com.nopcommerce.user.User_07_Order] -  -------------------------- PASSED -------------------------- 
[05-02-2024 21:44:06.787 INFO com.nopcommerce.user.User_07_Order] -  -------------------------- PASSED -------------------------- 
[05-02-2024 21:44:06.899 INFO com.nopcommerce.user.User_07_Order] -  -------------------------- PASSED -------------------------- 
[05-02-2024 21:44:07.021 INFO com.nopcommerce.user.User_07_Order] -  -------------------------- PASSED -------------------------- 
[05-02-2024 21:44:07.032 INFO com.nopcommerce.user.User_07_Order] - Order_06: Step 01: Navigate to Homepage
[05-02-2024 21:44:07.499 INFO com.nopcommerce.user.User_07_Order] - Order_06: Step 02: Click To Product Catelogies on Top Menu: Computers/Notebooks
[05-02-2024 21:44:10.089 INFO com.nopcommerce.user.User_07_Order] - Order_06: Step 03: Click to product name with value is 'Apple MacBook Pro 13-inch'
[05-02-2024 21:44:10.490 INFO com.nopcommerce.user.User_07_Order] - Order_06: Step 04: Click to 'Add To Cart' button at product detail page
[05-02-2024 21:44:10.583 INFO com.nopcommerce.user.User_07_Order] - Order_06: Step 05: Verify add to cart success message displayed
[05-02-2024 21:44:10.907 INFO com.nopcommerce.user.User_07_Order] -  -------------------------- PASSED -------------------------- 
[05-02-2024 21:44:10.908 INFO com.nopcommerce.user.User_07_Order] - Order_06: Step 06: Close success message
[05-02-2024 21:44:13.985 INFO com.nopcommerce.user.User_07_Order] - Order_06: Step 07: Open Shopping cart at header
[05-02-2024 21:44:14.465 INFO com.nopcommerce.user.User_07_Order] - Order_06: Step 08: Select item in 'Gift wrapping' dropdown is 'No'
[05-02-2024 21:44:14.593 INFO com.nopcommerce.user.User_07_Order] - Order_06: Step 09: Check to 'Terms of Service' checkbox
[05-02-2024 21:44:14.754 INFO com.nopcommerce.user.User_07_Order] - Order_06: Step 10: Click to 'Checkout' button
[05-02-2024 21:44:15.583 INFO com.nopcommerce.user.User_07_Order] - Order_06: Step 11: Uncheck to 'ShipToSameAddress' checkbox
[05-02-2024 21:44:15.672 INFO com.nopcommerce.user.User_07_Order] - Order_06: Step 12: Click to 'Edit' button
[05-02-2024 21:44:15.749 INFO com.nopcommerce.user.User_07_Order] - Order_06: Step 13: Input to 'Billing address' form
[05-02-2024 21:44:17.793 INFO com.nopcommerce.user.User_07_Order] - Order_06: Step 14: Click to 'Continue' button at billing
[05-02-2024 21:44:17.936 INFO com.nopcommerce.user.User_07_Order] - Order_06: Step 15: Select 'Shipping address' method
[05-02-2024 21:44:18.395 INFO com.nopcommerce.user.User_07_Order] - Order_06: Step 16: Input to 'Shipping address' form
[05-02-2024 21:44:20.093 INFO com.nopcommerce.user.User_07_Order] - Order_06: Step 17: Click to 'Continue' button at Shipping address
[05-02-2024 21:44:20.205 INFO com.nopcommerce.user.User_07_Order] - Order_06: Step 18: Check to Radio button in 'Shipping method' with label is 'Ground ($0.00)'
[05-02-2024 21:44:20.577 INFO com.nopcommerce.user.User_07_Order] - Order_06: Step 19: Click to 'Continue' button at Shipping address
[05-02-2024 21:44:20.680 INFO com.nopcommerce.user.User_07_Order] - Order_06: Step 20: Check to Radio button in 'Payment method' with label is 'Credit Card'
[05-02-2024 21:44:21.013 INFO com.nopcommerce.user.User_07_Order] - Order_06: Step 21: Click to 'Continue' button at Payment method
[05-02-2024 21:44:21.098 INFO com.nopcommerce.user.User_07_Order] - Order_06: Step 21: Select credit card type
[05-02-2024 21:44:21.517 INFO com.nopcommerce.user.User_07_Order] - Order_06: Step 21: Select credit card type
[05-02-2024 21:44:21.692 INFO com.nopcommerce.user.User_07_Order] - Order_06: Step 22: Input into Cardholder name textbox with value is 'AUTOMATION FC'
[05-02-2024 21:44:21.808 INFO com.nopcommerce.user.User_07_Order] - Order_06: Step 23: Input into Card number textbox with value is '374245455400126'
[05-02-2024 21:44:21.997 INFO com.nopcommerce.user.User_07_Order] - Order_06: Step 24: Input into Card code textbox with value is '123'
[05-02-2024 21:44:22.123 INFO com.nopcommerce.user.User_07_Order] - Order_06: Step 25: Select item in Expire Month dropdown with value is '05'
[05-02-2024 21:44:22.295 INFO com.nopcommerce.user.User_07_Order] - Order_06: Step 26: Select item in Expire Year dropdown with value is '2025'
[05-02-2024 21:44:22.520 INFO com.nopcommerce.user.User_07_Order] - Order_06: Step 27: Input into Card code textbox with value is '123'
[05-02-2024 21:44:22.698 INFO com.nopcommerce.user.User_07_Order] - Order_06: Step 28: Click to 'Continue' button at Payment information
[05-02-2024 21:44:22.803 INFO com.nopcommerce.user.User_07_Order] - Order_06: Step 29: Verify 'Billing Address' order infor
[05-02-2024 21:44:23.640 INFO com.nopcommerce.user.User_07_Order] -  -------------------------- PASSED -------------------------- 
[05-02-2024 21:44:23.718 INFO com.nopcommerce.user.User_07_Order] -  -------------------------- PASSED -------------------------- 
[05-02-2024 21:44:23.777 INFO com.nopcommerce.user.User_07_Order] -  -------------------------- PASSED -------------------------- 
[05-02-2024 21:44:23.819 INFO com.nopcommerce.user.User_07_Order] -  -------------------------- PASSED -------------------------- 
[05-02-2024 21:44:23.865 INFO com.nopcommerce.user.User_07_Order] -  -------------------------- PASSED -------------------------- 
[05-02-2024 21:44:23.913 INFO com.nopcommerce.user.User_07_Order] -  -------------------------- PASSED -------------------------- 
[05-02-2024 21:44:23.971 INFO com.nopcommerce.user.User_07_Order] -  -------------------------- PASSED -------------------------- 
[05-02-2024 21:44:23.971 INFO com.nopcommerce.user.User_07_Order] - Order_06: Step 30: Verify 'Shipping Address' order infor
[05-02-2024 21:44:24.055 INFO com.nopcommerce.user.User_07_Order] -  -------------------------- PASSED -------------------------- 
[05-02-2024 21:44:24.155 INFO com.nopcommerce.user.User_07_Order] -  -------------------------- PASSED -------------------------- 
[05-02-2024 21:44:24.263 INFO com.nopcommerce.user.User_07_Order] -  -------------------------- PASSED -------------------------- 
[05-02-2024 21:44:24.379 INFO com.nopcommerce.user.User_07_Order] -  -------------------------- PASSED -------------------------- 
[05-02-2024 21:44:24.485 INFO com.nopcommerce.user.User_07_Order] -  -------------------------- PASSED -------------------------- 
[05-02-2024 21:44:24.580 INFO com.nopcommerce.user.User_07_Order] -  -------------------------- PASSED -------------------------- 
[05-02-2024 21:44:24.678 INFO com.nopcommerce.user.User_07_Order] -  -------------------------- PASSED -------------------------- 
[05-02-2024 21:44:24.678 INFO com.nopcommerce.user.User_07_Order] - Order_06: Step 31: Verify 'Payment Method' oder infor
[05-02-2024 21:44:24.758 INFO com.nopcommerce.user.User_07_Order] -  -------------------------- PASSED -------------------------- 
[05-02-2024 21:44:24.758 INFO com.nopcommerce.user.User_07_Order] - Order_06: Step 32: Verify 'Shipping Method' oder infor
[05-02-2024 21:44:24.801 INFO com.nopcommerce.user.User_07_Order] -  -------------------------- PASSED -------------------------- 
[05-02-2024 21:44:24.801 INFO com.nopcommerce.user.User_07_Order] - Order_06: Step 33: Verify The product order infor
[05-02-2024 21:44:24.861 INFO com.nopcommerce.user.User_07_Order] -  -------------------------- PASSED -------------------------- 
[05-02-2024 21:44:24.911 INFO com.nopcommerce.user.User_07_Order] -  -------------------------- PASSED -------------------------- 
[05-02-2024 21:44:25.008 INFO com.nopcommerce.user.User_07_Order] -  -------------------------- PASSED -------------------------- 
[05-02-2024 21:44:25.114 INFO com.nopcommerce.user.User_07_Order] -  -------------------------- PASSED -------------------------- 
[05-02-2024 21:44:25.215 INFO com.nopcommerce.user.User_07_Order] -  -------------------------- PASSED -------------------------- 
[05-02-2024 21:44:25.215 INFO com.nopcommerce.user.User_07_Order] - Order_06:  Step 34: Verify The sumary price order list
[05-02-2024 21:44:25.326 INFO com.nopcommerce.user.User_07_Order] -  -------------------------- PASSED -------------------------- 
[05-02-2024 21:44:25.436 INFO com.nopcommerce.user.User_07_Order] -  -------------------------- PASSED -------------------------- 
[05-02-2024 21:44:25.536 INFO com.nopcommerce.user.User_07_Order] -  -------------------------- PASSED -------------------------- 
[05-02-2024 21:44:25.636 INFO com.nopcommerce.user.User_07_Order] -  -------------------------- PASSED -------------------------- 
[05-02-2024 21:44:33.642 INFO com.nopcommerce.user.User_07_Order] - Order_06: Step 35: Click to 'Confirm' button
[05-02-2024 21:44:33.776 INFO com.nopcommerce.user.User_07_Order] - Order_06: Step 36: Verify Product order completed infor
[05-02-2024 21:44:36.908 INFO com.nopcommerce.user.User_07_Order] -  -------------------------- PASSED -------------------------- 
[05-02-2024 21:44:37.018 INFO com.nopcommerce.user.User_07_Order] -  -------------------------- PASSED -------------------------- 
[05-02-2024 21:44:37.232 INFO com.nopcommerce.user.User_07_Order] -  -------------------------- PASSED -------------------------- 
[05-02-2024 21:44:37.233 INFO com.nopcommerce.user.User_07_Order] - Order_06: Step 37: Click to Oder Completed 'Continue' button
[05-02-2024 21:44:37.729 INFO com.nopcommerce.user.User_07_Order] - Order_06: Step 38: Click to 'My Account' link
[05-02-2024 21:44:38.095 INFO com.nopcommerce.user.User_07_Order] - Order_06: Step 39: Navigate to 'Orders' area at My Account page
[05-02-2024 21:44:38.486 INFO com.nopcommerce.user.User_07_Order] - Order_06: Step 40: Verify text 'Order Number: 1032' displayed
[05-02-2024 21:44:38.628 INFO com.nopcommerce.user.User_07_Order] -  -------------------------- PASSED -------------------------- 
[05-02-2024 21:44:38.628 INFO com.nopcommerce.user.User_07_Order] - Order_06: Step 41: Click to 'Details' button
[05-02-2024 21:44:39.026 INFO com.nopcommerce.user.User_07_Order] - Order_06: Step 42: Verify 'order-overview' infor
[05-02-2024 21:44:39.093 INFO com.nopcommerce.user.User_07_Order] -  -------------------------- PASSED -------------------------- 
[05-02-2024 21:44:39.170 INFO com.nopcommerce.user.User_07_Order] -  -------------------------- PASSED -------------------------- 
[05-02-2024 21:44:39.224 INFO com.nopcommerce.user.User_07_Order] -  -------------------------- PASSED -------------------------- 
[05-02-2024 21:44:39.224 INFO com.nopcommerce.user.User_07_Order] - Order_06: Step 43: Verify 'Billing Address' order infor
[05-02-2024 21:44:39.309 INFO com.nopcommerce.user.User_07_Order] -  -------------------------- PASSED -------------------------- 
[05-02-2024 21:44:39.421 INFO com.nopcommerce.user.User_07_Order] -  -------------------------- PASSED -------------------------- 
[05-02-2024 21:44:39.530 INFO com.nopcommerce.user.User_07_Order] -  -------------------------- PASSED -------------------------- 
[05-02-2024 21:44:39.641 INFO com.nopcommerce.user.User_07_Order] -  -------------------------- PASSED -------------------------- 
[05-02-2024 21:44:39.749 INFO com.nopcommerce.user.User_07_Order] -  -------------------------- PASSED -------------------------- 
[05-02-2024 21:44:39.843 INFO com.nopcommerce.user.User_07_Order] -  -------------------------- PASSED -------------------------- 
[05-02-2024 21:44:39.942 INFO com.nopcommerce.user.User_07_Order] -  -------------------------- PASSED -------------------------- 
[05-02-2024 21:44:39.943 INFO com.nopcommerce.user.User_07_Order] - Order_06: Step 44: Verify 'Shipping Address' order infor
[05-02-2024 21:44:40.048 INFO com.nopcommerce.user.User_07_Order] -  -------------------------- PASSED -------------------------- 
[05-02-2024 21:44:40.153 INFO com.nopcommerce.user.User_07_Order] -  -------------------------- PASSED -------------------------- 
[05-02-2024 21:44:40.260 INFO com.nopcommerce.user.User_07_Order] -  -------------------------- PASSED -------------------------- 
[05-02-2024 21:44:40.355 INFO com.nopcommerce.user.User_07_Order] -  -------------------------- PASSED -------------------------- 
[05-02-2024 21:44:40.423 INFO com.nopcommerce.user.User_07_Order] -  -------------------------- PASSED -------------------------- 
[05-02-2024 21:44:40.529 INFO com.nopcommerce.user.User_07_Order] -  -------------------------- PASSED -------------------------- 
[05-02-2024 21:44:40.628 INFO com.nopcommerce.user.User_07_Order] -  -------------------------- PASSED -------------------------- 
[05-02-2024 21:44:40.628 INFO com.nopcommerce.user.User_07_Order] - Order_06: Step 45: Verify 'Payment Method' oder infor
[05-02-2024 21:44:40.714 INFO com.nopcommerce.user.User_07_Order] -  -------------------------- PASSED -------------------------- 
[05-02-2024 21:44:40.810 INFO com.nopcommerce.user.User_07_Order] -  -------------------------- PASSED -------------------------- 
[05-02-2024 21:44:40.810 INFO com.nopcommerce.user.User_07_Order] - Order_06: Step 46: Verify 'Shipping Method' oder infor
[05-02-2024 21:44:40.917 INFO com.nopcommerce.user.User_07_Order] -  -------------------------- PASSED -------------------------- 
[05-02-2024 21:44:41.011 INFO com.nopcommerce.user.User_07_Order] -  -------------------------- PASSED -------------------------- 
[05-02-2024 21:44:41.011 INFO com.nopcommerce.user.User_07_Order] - Order_06: Step 47: Verify The product order infor
[05-02-2024 21:44:41.109 INFO com.nopcommerce.user.User_07_Order] -  -------------------------- PASSED -------------------------- 
[05-02-2024 21:44:41.211 INFO com.nopcommerce.user.User_07_Order] -  -------------------------- PASSED -------------------------- 
[05-02-2024 21:44:41.303 INFO com.nopcommerce.user.User_07_Order] -  -------------------------- PASSED -------------------------- 
[05-02-2024 21:44:41.407 INFO com.nopcommerce.user.User_07_Order] -  -------------------------- PASSED -------------------------- 
[05-02-2024 21:44:41.505 INFO com.nopcommerce.user.User_07_Order] -  -------------------------- PASSED -------------------------- 
[05-02-2024 21:44:41.505 INFO com.nopcommerce.user.User_07_Order] - Order_06: Step 48: Verify The sumary price order list
[05-02-2024 21:44:41.583 INFO com.nopcommerce.user.User_07_Order] -  -------------------------- PASSED -------------------------- 
[05-02-2024 21:44:41.690 INFO com.nopcommerce.user.User_07_Order] -  -------------------------- PASSED -------------------------- 
[05-02-2024 21:44:41.803 INFO com.nopcommerce.user.User_07_Order] -  -------------------------- PASSED -------------------------- 
[05-02-2024 21:44:41.903 INFO com.nopcommerce.user.User_07_Order] -  -------------------------- PASSED -------------------------- 
[05-02-2024 21:44:41.918 INFO com.nopcommerce.user.User_07_Order] - Order_07: Step 01: Navigate to Homepage
[05-02-2024 21:44:42.272 INFO com.nopcommerce.user.User_07_Order] - Order_07: Step 02: Click to 'My Account' link
[05-02-2024 21:44:42.632 INFO com.nopcommerce.user.User_07_Order] - Order_07: Step 03: Navigate to 'Orders' area at My Account page
[05-02-2024 21:44:43.029 INFO com.nopcommerce.user.User_07_Order] - Order_07: Step 04: Verify text 'Order Number: 1032' displayed
[05-02-2024 21:44:43.097 INFO com.nopcommerce.user.User_07_Order] - Order_07: Step 05: Click to 'Details' button
[05-02-2024 21:44:43.516 INFO com.nopcommerce.user.User_07_Order] - Order_07: Step 06: Click to 'Re-order' button
[05-02-2024 21:44:44.143 INFO com.nopcommerce.user.User_07_Order] - Order_07: Step 07: Update product quantity is '10'
[05-02-2024 21:44:59.391 INFO com.nopcommerce.user.User_07_Order] - Post-Condition: Cl