[05-02-2024 20:51:09.900 INFO com.nopcommerce.common.Common_01_Register_Cookies] - Pre-Condition - Step 01: Navigate to 'Register' page
[05-02-2024 20:51:10.924 INFO com.nopcommerce.common.Common_01_Register_Cookies] - Pre-Condition - Step 02: Enter to Firstname textbox with value is 'Caitlin'
[05-02-2024 20:51:11.046 INFO com.nopcommerce.common.Common_01_Register_Cookies] - Pre-Condition - Step 03: Enter to Lastname textbox with value is 'Toy'
[05-02-2024 20:51:11.145 INFO com.nopcommerce.common.Common_01_Register_Cookies] - Pre-Condition - Step 04: Enter to Email textbox with value is 'rosendo.mills@hotmail.com'
[05-02-2024 20:51:11.254 INFO com.nopcommerce.common.Common_01_Register_Cookies] - Pre-Condition - Step 05: Enter to Password textbox with value is 'O7%hvX4K'
[05-02-2024 20:51:11.368 INFO com.nopcommerce.common.Common_01_Register_Cookies] - Pre-Condition - Step 06: Enter to Confirm password textbox with value is 'O7%hvX4K'
[05-02-2024 20:51:11.470 INFO com.nopcommerce.common.Common_01_Register_Cookies] - Pre-Condition - Step 07: Enter to 'Register' button
[05-02-2024 20:51:12.119 INFO com.nopcommerce.common.Common_01_Register_Cookies] - Pre-Condition - Step 08: Verify success message is displayed
[05-02-2024 20:51:12.169 INFO com.nopcommerce.common.Common_01_Register_Cookies] -  -------------------------- PASSED -------------------------- 
[05-02-2024 20:51:12.169 INFO com.nopcommerce.common.Common_01_Register_Cookies] - Pre-Condition - Step 09: Click to Logout link
[05-02-2024 20:51:12.730 INFO com.nopcommerce.common.Common_01_Register_Cookies] - Pre-Condition - Step 10: Navigate to Login page
[05-02-2024 20:51:13.501 INFO com.nopcommerce.common.Common_01_Register_Cookies] - Pre-Condition - Step 11: Enter to Email textbox with value is 'rosendo.mills@hotmail.com'
[05-02-2024 20:51:13.625 INFO com.nopcommerce.common.Common_01_Register_Cookies] - Pre-Condition - Step 12: Enter to Password textbox with value is 'O7%hvX4K'
[05-02-2024 20:51:13.741 INFO com.nopcommerce.common.Common_01_Register_Cookies] - Pre-Condition - Step 13: Click to Login button
[05-02-2024 20:51:14.473 INFO com.nopcommerce.user.User_07_Order] - Pre-Condition - Step 01: Open browser 'chrome'
[05-02-2024 20:51:16.995 INFO com.nopcommerce.user.User_07_Order] - Pre-condition - Step 02: Navigate to Login page
[05-02-2024 20:51:18.091 INFO com.nopcommerce.user.User_07_Order] - Pre-condition - Step 03: Set cookie and reload page
[05-02-2024 20:51:21.510 INFO com.nopcommerce.user.User_07_Order] - Pre-Condition - Step 04: Verify Home page Displayed
[05-02-2024 20:51:21.626 INFO com.nopcommerce.user.User_07_Order] - Order_01: Step 01: Click To Product Catelogies on Top Menu: Computers/Desktops
[05-02-2024 20:51:24.361 INFO com.nopcommerce.user.User_07_Order] - Order_01: Step 02: Click to product name with value is 'Build your own computer'
[05-02-2024 20:51:24.967 INFO com.nopcommerce.user.User_07_Order] - Order_01: Step 03: Select item in 'Processor' dropdown is '2.5 GHz Intel Pentium Dual-Core E2200 [+$15.00]'
[05-02-2024 20:51:25.055 INFO com.nopcommerce.user.User_07_Order] - Order_01: Step 04: Select item in 'RAM' dropdown is '8GB [+$60.00]'
[05-02-2024 20:51:25.215 INFO com.nopcommerce.user.User_07_Order] - Order_01: Step 05: Select item in 'HDD' radio button is '400 GB [+$100.00]'
[05-02-2024 20:51:25.351 INFO com.nopcommerce.user.User_07_Order] - Order_01: Step 06: Select item in 'OS' radio button is 'Vista Premium [+$60.00]'
[05-02-2024 20:51:25.467 INFO com.nopcommerce.user.User_07_Order] - Order_01: Step 07: Select item all value at 'Software' checkbox
[05-02-2024 20:51:25.805 INFO com.nopcommerce.user.User_07_Order] - Order_01: Step 08: Get value of price is null
[05-02-2024 20:51:28.911 INFO com.nopcommerce.user.User_07_Order] - Order_01: Step 09: Click to 'Add to cart' button
[05-02-2024 20:51:29.009 INFO com.nopcommerce.user.User_07_Order] - Order_01: Step 10: Verify add to cart success message displayed
[05-02-2024 20:51:29.693 INFO com.nopcommerce.user.User_07_Order] -  -------------------------- PASSED -------------------------- 
[05-02-2024 20:51:29.694 INFO com.nopcommerce.user.User_07_Order] - Order_01: Step 11: Close success message
[05-02-2024 20:51:32.829 INFO com.nopcommerce.user.User_07_Order] - Order_01: Step 12: Verify Shopping cart quantity is updated (1)
[05-02-2024 20:51:32.861 INFO com.nopcommerce.user.User_07_Order] -  -------------------------- PASSED -------------------------- 
[05-02-2024 20:51:32.938 INFO com.nopcommerce.user.User_07_Order] -  -------------------------- PASSED -------------------------- 
[05-02-2024 20:51:32.938 INFO com.nopcommerce.user.User_07_Order] - Order_01: Step 13: Verify the product is displayed in mini shopping cart
[05-02-2024 20:51:36.260 INFO com.nopcommerce.user.User_07_Order] -  -------------------------- PASSED -------------------------- 
[05-02-2024 20:51:36.388 INFO com.nopcommerce.user.User_07_Order] -  -------------------------- PASSED -------------------------- 
[05-02-2024 20:51:36.495 INFO com.nopcommerce.user.User_07_Order] -  -------------------------- PASSED -------------------------- 
[05-02-2024 20:51:36.620 INFO com.nopcommerce.user.User_07_Order] -  -------------------------- PASSED -------------------------- 
[05-02-2024 20:51:36.742 INFO com.nopcommerce.user.User_07_Order] -  -------------------------- FAILED -------------------------- 
[05-02-2024 20:51:36.864 INFO com.nopcommerce.user.User_07_Order] -  -------------------------- FAILED -------------------------- 
[05-02-2024 20:51:37.312 INFO com.nopcommerce.user.User_07_Order] - Order_02: Step 01: Open Shopping cart at header
[05-02-2024 20:51:37.913 INFO com.nopcommerce.user.User_07_Order] - Order_02: Step 02: Verify Shopping cart page is displayed
[05-02-2024 20:51:37.981 INFO com.nopcommerce.user.User_07_Order] -  -------------------------- PASSED -------------------------- 
[05-02-2024 20:51:37.982 INFO com.nopcommerce.user.User_07_Order] - Order_02: Step 03: Click to 'Edit' link
[05-02-2024 20:51:38.488 INFO com.nopcommerce.user.User_07_Order] - Order_02: Step 04: Select item in 'Processor' dropdown is '2.2 GHz Intel Pentium Dual-Core E2200'
[05-02-2024 20:51:38.602 INFO com.nopcommerce.user.User_07_Order] - Order_02: Step 05: Select item in 'RAM' dropdown is '4GB [+$20.00]'
[05-02-2024 20:51:38.728 INFO com.nopcommerce.user.User_07_Order] - Order_02: Step 06: Select item in 'HDD' radio button is '320 GB'
[05-02-2024 20:51:38.869 INFO com.nopcommerce.user.User_07_Order] - Order_02: Step 07: Select item in 'OS' radio button is 'Vista Home [+$50.00]'
[05-02-2024 20:51:38.983 INFO com.nopcommerce.user.User_07_Order] - Order_02: Step 08: Select item all value at 'Software' checkbox
[05-02-2024 20:51:39.422 INFO com.nopcommerce.user.User_07_Order] - Order_02: Step 09: Verify product price is updated with value '$1,320.00'
[05-02-2024 20:51:42.548 INFO com.nopcommerce.user.User_07_Order] -  -------------------------- PASSED -------------------------- 
[05-02-2024 20:51:42.549 INFO com.nopcommerce.user.User_07_Order] - Order_02: Step 10: Get value of price is $1,495.00
[05-02-2024 20:51:42.647 INFO com.nopcommerce.user.User_07_Order] - Order_02: Step 11: Edit product quantiny is 2
[05-02-2024 20:51:42.850 INFO com.nopcommerce.user.User_07_Order] - Order_02: Step 12: Click to 'Update' button
[05-02-2024 20:51:42.956 INFO com.nopcommerce.user.User_07_Order] - Order_02: Step 13: Verify add to cart success message displayed
[05-02-2024 20:51:43.643 INFO com.nopcommerce.user.User_07_Order] -  -------------------------- PASSED -------------------------- 
[05-02-2024 20:51:43.645 INFO com.nopcommerce.user.User_07_Order] - Order_02: Step 14: Close success message
[05-02-2024 20:51:46.773 INFO com.nopcommerce.user.User_07_Order] - Order_02: Step 15: Verify Shopping cart quantity is updated (2)
[05-02-2024 20:51:46.817 INFO com.nopcommerce.user.User_07_Order] -  -------------------------- PASSED -------------------------- 
[05-02-2024 20:51:46.939 INFO com.nopcommerce.user.User_07_Order] -  -------------------------- PASSED -------------------------- 
[05-02-2024 20:51:46.940 INFO com.nopcommerce.user.User_07_Order] - Order_02: Step 16: Verify the product is displayed in mini shopping cart
[05-02-2024 20:51:50.276 INFO com.nopcommerce.user.User_07_Order] -  -------------------------- PASSED -------------------------- 
[05-02-2024 20:51:50.355 INFO com.nopcommerce.user.User_07_Order] -  -------------------------- PASSED -------------------------- 
[05-02-2024 20:51:50.406 INFO com.nopcommerce.user.User_07_Order] -  -------------------------- PASSED -------------------------- 
[05-02-2024 20:51:50.467 INFO com.nopcommerce.user.User_07_Order] -  -------------------------- PASSED -------------------------- 
[05-02-2024 20:51:50.562 INFO com.nopcommerce.user.User_07_Order] -  -------------------------- PASSED -------------------------- 
[05-02-2024 20:51:50.622 INFO com.nopcommerce.user.User_07_Order] -  -------------------------- PASSED -------------------------- 
[05-02-2024 20:51:50.641 INFO com.nopcommerce.user.User_07_Order] - Order_03: Step 01: Open Shopping cart at header
[05-02-2024 20:51:51.229 INFO com.nopcommerce.user.User_07_Order] - Order_03: Step 02: Verify Shopping cart page is displayed
[05-02-2024 20:51:51.317 INFO com.nopcommerce.user.User_07_Order] -  -------------------------- PASSED -------------------------- 
[05-02-2024 20:51:51.317 INFO com.nopcommerce.user.User_07_Order] - Order_03: Step 03: Click to 'Remove' button
[05-02-2024 20:51:51.717 INFO com.nopcommerce.user.User_07_Order] - Order_03: Step 04: Verify message is 'Your Shopping Cart is empty!' displayed
[05-02-2024 20:51:51.822 INFO com.nopcommerce.user.User_07_Order] -  -------------------------- PASSED -------------------------- 
[05-02-2024 20:51:51.823 INFO com.nopcommerce.user.User_07_Order] - Order_03: Step 05: Verify product is not exist in Shopping cart
[05-02-2024 20:52:11.973 INFO com.nopcommerce.user.User_07_Order] -  -------------------------- PASSED -------------------------- 
[05-02-2024 20:52:11.987 INFO com.nopcommerce.user.User_07_Order] - Order_04: Step 01: Click To Product Catelogies on Top Menu: Computers/Desktops
[05-02-2024 20:52:14.649 INFO com.nopcommerce.user.User_07_Order] - Order_04: Step 02: Click to 'Add to cart' button at Lenovo IdeaCentre 600 All-in-One PC
[05-02-2024 20:52:14.762 INFO com.nopcommerce.user.User_07_Order] - Order_04: Step 03: Verify add to cart success message displayed
[05-02-2024 20:52:15.123 INFO com.nopcommerce.user.User_07_Order] -  -------------------------- PASSED -------------------------- 
[05-02-2024 20:52:15.124 INFO com.nopcommerce.user.User_07_Order] - Order_04: Step 04: Close success message
[05-02-2024 20:52:18.258 INFO com.nopcommerce.user.User_07_Order] - Order_04: Step 05: Verify Shopping cart quantity is updated (1)
[05-02-2024 20:52:18.299 INFO com.nopcommerce.user.User_07_Order] -  -------------------------- PASSED -------------------------- 
[05-02-2024 20:52:18.368 INFO com.nopcommerce.user.User_07_Order] -  -------------------------- PASSED -------------------------- 
[05-02-2024 20:52:18.368 INFO com.nopcommerce.user.User_07_Order] - Order_04: Step 06: Open Shopping cart at header
[05-02-2024 20:52:18.888 INFO com.nopcommerce.user.User_07_Order] - Order_04: Step 07: Verify Shopping cart page is displayed
[05-02-2024 20:52:18.954 INFO com.nopcommerce.user.User_07_Order] -  -------------------------- PASSED -------------------------- 
[05-02-2024 20:52:18.954 INFO com.nopcommerce.user.User_07_Order] - Order_04: Step 08: Update product quantity is '5'
[05-02-2024 20:52:19.112 INFO com.nopcommerce.user.User_07_Order] - Order_04: Step 09: Click to 'Update shopping cart' button
[05-02-2024 20:52:19.568 INFO com.nopcommerce.user.User_07_Order] - Order_04: Step 10: Verify product price is updated with value '$2,500.00'
[05-02-2024 20:52:19.624 INFO com.nopcommerce.user.User_07_Order] -  -------------------------- PASSED -------------------------- 
[05-02-2024 20:52:19.629 INFO com.nopcommerce.user.User_07_Order] - Order_05: Step 01: Click to 'Remove' product 'secondDesktopsProduct'
[05-02-2024 20:52:20.109 INFO com.nopcommerce.user.User_07_Order] - Order_05: Step 02: Verify message is 'Your Shopping Cart is empty!' displayed
[05-02-2024 20:52:20.157 INFO com.nopcommerce.user.User_07_Order] -  -------------------------- PASSED -------------------------- 
[05-02-2024 20:52:20.157 INFO com.nopcommerce.user.User_07_Order] - Order_05: Step 03: Click To Product Catelogies on Top Menu: Computers/Notebooks
[05-02-2024 20:52:22.877 INFO com.nopcommerce.user.User_07_Order] - Order_05: Step 04: Click to product name with value is 'Apple MacBook Pro 13-inch'
[05-02-2024 20:52:23.349 INFO com.nopcommerce.user.User_07_Order] - Order_05: Step 05: Click to 'Add To Cart' button at product detail page
[05-02-2024 20:52:23.427 INFO com.nopcommerce.user.User_07_Order] - Order_05: Step 06: Verify add to cart success message displayed
[05-02-2024 20:52:23.859 INFO com.nopcommerce.user.User_07_Order] -  -------------------------- PASSED -------------------------- 
[05-02-2024 20:52:23.859 INFO com.nopcommerce.user.User_07_Order] - Order_05: Step 07: Close success message
[05-02-2024 20:52:26.998 INFO com.nopcommerce.user.User_07_Order] - Order_05: Step 08: Open Shopping cart at header
[05-02-2024 20:52:27.553 INFO com.nopcommerce.user.User_07_Order] - Order_05: Step 09: Select item in 'Gift wrapping' dropdown is 'No'
[05-02-2024 20:52:27.640 INFO com.nopcommerce.user.User_07_Order] - Order_05: Step 10: Check to 'Terms of Service' checkbox
[05-02-2024 20:52:27.778 INFO com.nopcommerce.user.User_07_Order] - Order_05: Step 11: Click to 'Checkout' button
[05-02-2024 20:52:28.685 INFO com.nopcommerce.user.User_07_Order] - Order_05: Step 12: Uncheck to 'ShipToSameAddress' checkbox
[05-02-2024 20:52:29.404 INFO com.nopcommerce.user.User_07_Order] - Order_05: Step 13: Input to 'Billing address' form
[05-02-2024 20:52:30.834 INFO com.nopcommerce.user.User_07_Order] - Order_05: Step 14: Click to 'Continue' button at billing
[05-02-2024 20:52:30.978 INFO com.nopcommerce.user.User_07_Order] - Order_05: Step 15: Select 'Shipping address' method
[05-02-2024 20:52:31.415 INFO com.nopcommerce.user.User_07_Order] - Order_05: Step 16: Input to 'Shipping address' form
[05-02-2024 20:52:33.044 INFO com.nopcommerce.user.User_07_Order] - Order_05: Step 17: Click to 'Continue' button at Shipping address
[05-02-2024 20:52:33.124 INFO com.nopcommerce.user.User_07_Order] - Order_05: Step 18: Check to Radio button in 'Shipping method' with label is 'Ground ($0.00)'
[05-02-2024 20:52:33.497 INFO com.nopcommerce.user.User_07_Order] - Order_05: Step 19: Click to 'Continue' button at Shipping address
[05-02-2024 20:52:33.591 INFO com.nopcommerce.user.User_07_Order] - Order_05: Step 20: Check to Radio button in 'Payment method' with label is 'Check / MoneyOrder'
[05-02-2024 20:52:33.969 INFO com.nopcommerce.user.User_07_Order] - Order_05: Step 21: Click to 'Continue' button at Payment method
[05-02-2024 20:52:34.148 INFO com.nopcommerce.user.User_07_Order] - Order_05: Step 22: Verify Address shipping information
[05-02-2024 20:52:34.554 INFO com.nopcommerce.user.User_07_Order] -  -------------------------- PASSED -------------------------- 
[05-02-2024 20:52:34.554 INFO com.nopcommerce.user.User_07_Order] - Order_05: Step 23: Click to 'Continue' button at Payment information
[05-02-2024 20:52:34.705 INFO com.nopcommerce.user.User_07_Order] - Order_05: Step 24: Verify 'Billing Address' order infor
[05-02-2024 20:52:35.622 INFO com.nopcommerce.user.User_07_Order] -  -------------------------- PASSED -------------------------- 
[05-02-2024 20:52:35.700 INFO com.nopcommerce.user.User_07_Order] -  -------------------------- PASSED -------------------------- 
[05-02-2024 20:52:35.764 INFO com.nopcommerce.user.User_07_Order] -  -------------------------- PASSED -------------------------- 
[05-02-2024 20:52:35.877 INFO com.nopcommerce.user.User_07_Order] -  -------------------------- PASSED -------------------------- 
[05-02-2024 20:52:35.989 INFO com.nopcommerce.user.User_07_Order] -  -------------------------- PASSED -------------------------- 
[05-02-2024 20:52:36.088 INFO com.nopcommerce.user.User_07_Order] -  -------------------------- PASSED -------------------------- 
[05-02-2024 20:52:36.169 INFO com.nopcommerce.user.User_07_Order] -  -------------------------- PASSED -------------------------- 
[05-02-2024 20:52:36.171 INFO com.nopcommerce.user.User_07_Order] - Order_05: Step 25: Verify 'Shipping Address' order infor
[05-02-2024 20:52:36.295 INFO com.nopcommerce.user.User_07_Order] -  -------------------------- PASSED -------------------------- 
[05-02-2024 20:52:36.426 INFO com.nopcommerce.user.User_07_Order] -  -------------------------- PASSED -------------------------- 
[05-02-2024 20:52:36.541 INFO com.nopcommerce.user.User_07_Order] -  -------------------------- PASSED -------------------------- 
[05-02-2024 20:52:36.674 INFO com.nopcommerce.user.User_07_Order] -  -------------------------- PASSED -------------------------- 
[05-02-2024 20:52:36.777 INFO com.nopcommerce.user.User_07_Order] -  -------------------------- PASSED -------------------------- 
[05-02-2024 20:52:36.890 INFO com.nopcommerce.user.User_07_Order] -  -------------------------- PASSED -------------------------- 
[05-02-2024 20:52:36.973 INFO com.nopcommerce.user.User_07_Order] -  -------------------------- PASSED -------------------------- 
[05-02-2024 20:52:36.974 INFO com.nopcommerce.user.User_07_Order] - Order_05: Step 26: Verify 'Payment Method' oder infor
[05-02-2024 20:52:37.089 INFO com.nopcommerce.user.User_07_Order] -  -------------------------- PASSED -------------------------- 
[05-02-2024 20:52:37.090 INFO com.nopcommerce.user.User_07_Order] - Order_05: Step 27: Verify 'Shipping Method' oder infor
[05-02-2024 20:52:37.202 INFO com.nopcommerce.user.User_07_Order] -  -------------------------- PASSED -------------------------- 
[05-02-2024 20:52:37.203 INFO com.nopcommerce.user.User_07_Order] - Order_05: Step 27: Verify The product order infor
[05-02-2024 20:52:37.326 INFO com.nopcommerce.user.User_07_Order] -  -------------------------- PASSED -------------------------- 
[05-02-2024 20:52:37.431 INFO com.nopcommerce.user.User_07_Order] -  -------------------------- PASSED -------------------------- 
[05-02-2024 20:52:37.520 INFO com.nopcommerce.user.User_07_Order] -  -------------------------- PASSED -------------------------- 
[05-02-2024 20:52:37.626 INFO com.nopcommerce.user.User_07_Order] -  -------------------------- PASSED -------------------------- 
[05-02-2024 20:52:37.737 INFO com.nopcommerce.user.User_07_Order] -  -------------------------- PASSED -------------------------- 
[05-02-2024 20:52:37.738 INFO com.nopcommerce.user.User_07_Order] - Order_05:  Step 28: Verify The sumary price order list
[05-02-2024 20:52:37.864 INFO com.nopcommerce.user.User_07_Order] -  -------------------------- PASSED -------------------------- 
[05-02-2024 20:52:37.968 INFO com.nopcommerce.user.User_07_Order] -  -------------------------- PASSED -------------------------- 
[05-02-2024 20:52:38.099 INFO com.nopcommerce.user.User_07_Order] -  -------------------------- PASSED -------------------------- 
[05-02-2024 20:52:38.207 INFO com.nopcommerce.user.User_07_Order] -  -------------------------- PASSED -------------------------- 
[05-02-2024 20:52:38.207 INFO com.nopcommerce.user.User_07_Order] - Order_05: Step 29: Click to 'Confirm' button
[05-02-2024 20:52:38.346 INFO com.nopcommerce.user.User_07_Order] - Order_05: Step 30: Verify Product order completed infor
[05-02-2024 20:52:40.486 INFO com.nopcommerce.user.User_07_Order] -  -------------------------- PASSED -------------------------- 
[05-02-2024 20:52:40.605 INFO com.nopcommerce.user.User_07_Order] -  -------------------------- PASSED -------------------------- 
[05-02-2024 20:52:40.827 INFO com.nopcommerce.user.User_07_Order] -  -------------------------- PASSED -------------------------- 
[05-02-2024 20:52:40.828 INFO com.nopcommerce.user.User_07_Order] - Order_05: Step 31: Click to Oder Completed 'Continue' button
[05-02-2024 20:52:41.339 INFO com.nopcommerce.user.User_07_Order] - Order_05: Step 32: Click to 'My Account' link
[05-02-2024 20:52:41.766 INFO com.nopcommerce.user.User_07_Order] - Order_05: Step 33: Navigate to 'Orders' area at My Account page
[05-02-2024 20:52:42.216 INFO com.nopcommerce.user.User_07_Order] - Order_05: Step 34: Verify text 'Order Number: 1034' displayed
[05-02-2024 20:52:42.307 INFO com.nopcommerce.user.User_07_Order] - Order_05: Step 35: Click to 'Details' button
[05-02-2024 20:52:42.851 INFO com.nopcommerce.user.User_07_Order] - Order_05: Step 36: Verify 'order-overview' infor
[05-02-2024 20:52:42.913 INFO com.nopcommerce.user.User_07_Order] -  -------------------------- PASSED -------------------------- 
[05-02-2024 20:52:43.017 INFO com.nopcommerce.user.User_07_Order] -  -------------------------- PASSED -------------------------- 
[05-02-2024 20:52:43.086 INFO com.nopcommerce.user.User_07_Order] -  -------------------------- PASSED -------------------------- 
[05-02-2024 20:52:43.086 INFO com.nopcommerce.user.User_07_Order] - Order_05: Step 37: Verify 'Billing Address' order infor
[05-02-2024 20:52:43.176 INFO com.nopcommerce.user.User_07_Order] -  -------------------------- PASSED -------------------------- 
[05-02-2024 20:52:43.282 INFO com.nopcommerce.user.User_07_Order] -  -------------------------- PASSED -------------------------- 
[05-02-2024 20:52:43.395 INFO com.nopcommerce.user.User_07_Order] -  -------------------------- PASSED -------------------------- 
[05-02-2024 20:52:43.509 INFO com.nopcommerce.user.User_07_Order] -  -------------------------- PASSED -------------------------- 
[05-02-2024 20:52:43.609 INFO com.nopcommerce.user.User_07_Order] -  -------------------------- PASSED -------------------------- 
[05-02-2024 20:52:43.715 INFO com.nopcommerce.user.User_07_Order] -  -------------------------- PASSED -------------------------- 
[05-02-2024 20:52:43.824 INFO com.nopcommerce.user.User_07_Order] -  -------------------------- PASSED -------------------------- 
[05-02-2024 20:52:43.825 INFO com.nopcommerce.user.User_07_Order] - Order_05: Step 38: Verify 'Shipping Address' order infor
[05-02-2024 20:52:43.920 INFO com.nopcommerce.user.User_07_Order] -  -------------------------- PASSED -------------------------- 
[05-02-2024 20:52:44.030 INFO com.nopcommerce.user.User_07_Order] -  -------------------------- PASSED -------------------------- 
[05-02-2024 20:52:44.141 INFO com.nopcommerce.user.User_07_Order] -  -------------------------- PASSED -------------------------- 
[05-02-2024 20:52:44.251 INFO com.nopcommerce.user.User_07_Order] -  -------------------------- PASSED -------------------------- 
[05-02-2024 20:52:44.360 INFO com.nopcommerce.user.User_07_Order] -  -------------------------- PASSED -------------------------- 
[05-02-2024 20:52:44.470 INFO com.nopcommerce.user.User_07_Order] -  -------------------------- PASSED -------------------------- 
[05-02-2024 20:52:44.581 INFO com.nopcommerce.user.User_07_Order] -  -------------------------- PASSED -------------------------- 
[05-02-2024 20:52:44.582 INFO com.nopcommerce.user.User_07_Order] - Order_05: Step 39: Verify 'Payment Method' oder infor
[05-02-2024 20:52:44.689 INFO com.nopcommerce.user.User_07_Order] -  -------------------------- PASSED -------------------------- 
[05-02-2024 20:52:44.792 INFO com.nopcommerce.user.User_07_Order] -  -------------------------- PASSED -------------------------- 
[05-02-2024 20:52:44.793 INFO com.nopcommerce.user.User_07_Order] - Order_05: Step 40: Verify 'Shipping Method' oder infor
[05-02-2024 20:52:44.909 INFO com.nopcommerce.user.User_07_Order] -  -------------------------- PASSED -------------------------- 
[05-02-2024 20:52:45.015 INFO com.nopcommerce.user.User_07_Order] -  -------------------------- PASSED -------------------------- 
[05-02-2024 20:52:45.017 INFO com.nopcommerce.user.User_07_Order] - Order_05: Step 41: Verify The product order infor
[05-02-2024 20:52:45.106 INFO com.nopcommerce.user.User_07_Order] -  -------------------------- PASSED -------------------------- 
[05-02-2024 20:52:45.218 INFO com.nopcommerce.user.User_07_Order] -  -------------------------- PASSED -------------------------- 
[05-02-2024 20:52:45.320 INFO com.nopcommerce.user.User_07_Order] -  -------------------------- PASSED -------------------------- 
[05-02-2024 20:52:45.435 INFO com.nopcommerce.user.User_07_Order] -  -------------------------- PASSED -------------------------- 
[05-02-2024 20:52:45.525 INFO com.nopcommerce.user.User_07_Order] -  -------------------------- PASSED -------------------------- 
[05-02-2024 20:52:45.525 INFO com.nopcommerce.user.User_07_Order] - Order_05: Step 42: Verify The sumary price order list
[05-02-2024 20:52:45.633 INFO com.nopcommerce.user.User_07_Order] -  -------------------------- PASSED -------------------------- 
[05-02-2024 20:52:45.730 INFO com.nopcommerce.user.User_07_Order] -  -------------------------- PASSED -------------------------- 
[05-02-2024 20:52:45.780 INFO com.nopcommerce.user.User_07_Order] -  -------------------------- PASSED -------------------------- 
[05-02-2024 20:52:45.863 INFO com.nopcommerce.user.User_07_Order] -  -------------------------- PASSED -------------------------- 
[05-02-2024 20:52:45.873 INFO com.nopcommerce.user.User_07_Order] - Order_06: Step 01: Navigate to Homepage
[05-02-2024 20:52:46.338 INFO com.nopcommerce.user.User_07_Order] - Order_06: Step 02: Click To Product Catelogies on Top Menu: Computers/Notebooks
[05-02-2024 20:52:48.957 INFO com.nopcommerce.user.User_07_Order] - Order_06: Step 03: Click to product name with value is 'Apple MacBook Pro 13-inch'
[05-02-2024 20:52:49.385 INFO com.nopcommerce.user.User_07_Order] - Order_06: Step 04: Click to 'Add To Cart' button at product detail page
[05-02-2024 20:52:49.466 INFO com.nopcommerce.user.User_07_Order] - Order_06: Step 05: Verify add to cart success message displayed
[05-02-2024 20:52:49.788 INFO com.nopcommerce.user.User_07_Order] -  -------------------------- PASSED -------------------------- 
[05-02-2024 20:52:49.788 INFO com.nopcommerce.user.User_07_Order] - Order_06: Step 06: Close success message
[05-02-2024 20:52:52.861 INFO com.nopcommerce.user.User_07_Order] - Order_06: Step 07: Open Shopping cart at header
[05-02-2024 20:52:53.382 INFO com.nopcommerce.user.User_07_Order] - Order_06: Step 08: Select item in 'Gift wrapping' dropdown is 'No'
[05-02-2024 20:52:53.491 INFO com.nopcommerce.user.User_07_Order] - Order_06: Step 09: Check to 'Terms of Service' checkbox
[05-02-2024 20:52:53.643 INFO com.nopcommerce.user.User_07_Order] - Order_06: Step 10: Click to 'Checkout' button
[05-02-2024 20:52:54.563 INFO com.nopcommerce.user.User_07_Order] - Order_06: Step 11: Uncheck to 'ShipToSameAddress' checkbox
[05-02-2024 20:52:54.667 INFO com.nopcommerce.user.User_07_Order] - Order_06: Step 12: Click to 'Edit' button
[05-02-2024 20:52:54.741 INFO com.nopcommerce.user.User_07_Order] - Order_05: Step 13: Input to 'Billing address' form
[05-02-2024 20:52:56.651 INFO com.nopcommerce.user.User_07_Order] - Order_06: Step 14: Click to 'Continue' button at billing
[05-02-2024 20:52:56.742 INFO com.nopcommerce.user.User_07_Order] - Order_06: Step 15: Select 'Shipping address' method
[05-02-2024 20:52:57.243 INFO com.nopcommerce.user.User_07_Order] - Order_06: Step 16: Input to 'Shipping address' form
[05-02-2024 20:52:58.767 INFO com.nopcommerce.user.User_07_Order] - Order_06: Step 17: Click to 'Continue' button at Shipping address
[05-02-2024 20:52:58.874 INFO com.nopcommerce.user.User_07_Order] - Order_06: Step 18: Check to Radio button in 'Shipping method' with label is 'Ground ($0.00)'
[05-02-2024 20:52:59.272 INFO com.nopcommerce.user.User_07_Order] - Order_06: Step 19: Click to 'Continue' button at Shipping address
[05-02-2024 20:52:59.381 INFO com.nopcommerce.user.User_07_Order] - Order_06: Step 20: Check to Radio button in 'Payment method' with label is 'Credit Card'
[05-02-2024 20:52:59.783 INFO com.nopcommerce.user.User_07_Order] - Order_06: Step 21: Click to 'Continue' button at Payment method
[05-02-2024 20:52:59.857 INFO com.nopcommerce.user.User_07_Order] - Order_06: Step 21: Select credit card type
[05-02-2024 20:53:00.309 INFO com.nopcommerce.user.User_07_Order] - Order_06: Step 21: Select credit card type
[05-02-2024 20:53:00.476 INFO com.nopcommerce.user.User_07_Order] - Order_06: Step 22: Input into Cardholder name textbox with value is 'AUTOMATION FC'
[05-02-2024 20:53:00.647 INFO com.nopcommerce.user.User_07_Order] - Order_06: Step 23: Input into Card number textbox with value is '374245455400126'
[05-02-2024 20:53:00.817 INFO com.nopcommerce.user.User_07_Order] - Order_06: Step 24: Input into Card code textbox with value is '123'
[05-02-2024 20:53:00.978 INFO com.nopcommerce.user.User_07_Order] - Order_06: Step 25: Select item in Expire Month dropdown with value is '05'
[05-02-2024 20:53:01.157 INFO com.nopcommerce.user.User_07_Order] - Order_06: Step 26: Select item in Expire Year dropdown with value is '2025'
[05-02-2024 20:53:01.404 INFO com.nopcommerce.user.User_07_Order] - Order_06: Step 27: Input into Card code textbox with value is '123'
[05-02-2024 20:53:01.506 INFO com.nopcommerce.user.User_07_Order] - Order_06: Step 28: Click to 'Continue' button at Payment information
[05-02-2024 20:53:01.591 INFO com.nopcommerce.user.User_07_Order] - Order_06: Step 29: Verify 'Billing Address' order infor
[05-02-2024 20:53:01.916 INFO com.nopcommerce.user.User_07_Order] -  -------------------------- PASSED -------------------------- 
[05-02-2024 20:53:01.985 INFO com.nopcommerce.user.User_07_Order] -  -------------------------- PASSED -------------------------- 
[05-02-2024 20:53:02.081 INFO com.nopcommerce.user.User_07_Order] -  -------------------------- PASSED -------------------------- 
[05-02-2024 20:53:02.190 INFO com.nopcommerce.user.User_07_Order] -  -------------------------- PASSED -------------------------- 
[05-02-2024 20:53:02.316 INFO com.nopcommerce.user.User_07_Order] -  -------------------------- PASSED -------------------------- 
[05-02-2024 20:53:02.417 INFO com.nopcommerce.user.User_07_Order] -  -------------------------- PASSED -------------------------- 
[05-02-2024 20:53:02.533 INFO com.nopcommerce.user.User_07_Order] -  -------------------------- PASSED -------------------------- 
[05-02-2024 20:53:02.534 INFO com.nopcommerce.user.User_07_Order] - Order_06: Step 30: Verify 'Shipping Address' order infor
[05-02-2024 20:53:02.634 INFO com.nopcommerce.user.User_07_Order] -  -------------------------- PASSED -------------------------- 
[05-02-2024 20:53:02.737 INFO com.nopcommerce.user.User_07_Order] -  -------------------------- PASSED -------------------------- 
[05-02-2024 20:53:02.844 INFO com.nopcommerce.user.User_07_Order] -  -------------------------- PASSED -------------------------- 
[05-02-2024 20:53:02.959 INFO com.nopcommerce.user.User_07_Order] -  -------------------------- PASSED -------------------------- 
[05-02-2024 20:53:03.065 INFO com.nopcommerce.user.User_07_Order] -  -------------------------- PASSED -------------------------- 
[05-02-2024 20:53:03.170 INFO com.nopcommerce.user.User_07_Order] -  -------------------------- PASSED -------------------------- 
[05-02-2024 20:53:03.280 INFO com.nopcommerce.user.User_07_Order] -  -------------------------- PASSED -------------------------- 
[05-02-2024 20:53:03.280 INFO com.nopcommerce.user.User_07_Order] - Order_06: Step 31: Verify 'Payment Method' oder infor
[05-02-2024 20:53:03.397 INFO com.nopcommerce.user.User_07_Order] -  -------------------------- PASSED -------------------------- 
[05-02-2024 20:53:03.398 INFO com.nopcommerce.user.User_07_Order] - Order_06: Step 32: Verify 'Shipping Method' oder infor
[05-02-2024 20:53:03.495 INFO com.nopcommerce.user.User_07_Order] -  -------------------------- PASSED -------------------------- 
[05-02-2024 20:53:03.495 INFO com.nopcommerce.user.User_07_Order] - Order_06: Step 33: Verify The product order infor
[05-02-2024 20:53:03.587 INFO com.nopcommerce.user.User_07_Order] -  -------------------------- PASSED -------------------------- 
[05-02-2024 20:53:03.660 INFO com.nopcommerce.user.User_07_Order] -  -------------------------- PASSED --------------------