[13-01-2024 19:22:35.864 INFO com.nopcommerce.common.Common_01_Register_Cookies] - Pre-Condition - Step 01: Navigate to 'Register' page
[13-01-2024 19:22:36.887 INFO com.nopcommerce.common.Common_01_Register_Cookies] - Pre-Condition - Step 02: Enter to Firstname textbox with value is 'Casey'
[13-01-2024 19:22:37.013 INFO com.nopcommerce.common.Common_01_Register_Cookies] - Pre-Condition - Step 03: Enter to Lastname textbox with value is 'Reinger'
[13-01-2024 19:22:37.120 INFO com.nopcommerce.common.Common_01_Register_Cookies] - Pre-Condition - Step 04: Enter to Email textbox with value is 'dave.purdy@yahoo.com'
[13-01-2024 19:22:37.254 INFO com.nopcommerce.common.Common_01_Register_Cookies] - Pre-Condition - Step 05: Enter to Password textbox with value is 'z^74#7S447'
[13-01-2024 19:22:37.375 INFO com.nopcommerce.common.Common_01_Register_Cookies] - Pre-Condition - Step 06: Enter to Confirm password textbox with value is 'z^74#7S447'
[13-01-2024 19:22:37.498 INFO com.nopcommerce.common.Common_01_Register_Cookies] - Pre-Condition - Step 07: Enter to 'Register' button
[13-01-2024 19:22:38.153 INFO com.nopcommerce.common.Common_01_Register_Cookies] - Pre-Condition - Step 08: Verify success message is displayed
[13-01-2024 19:22:38.203 INFO com.nopcommerce.common.Common_01_Register_Cookies] -  -------------------------- PASSED -------------------------- 
[13-01-2024 19:22:38.203 INFO com.nopcommerce.common.Common_01_Register_Cookies] - Pre-Condition - Step 09: Click to Logout link
[13-01-2024 19:22:38.574 INFO com.nopcommerce.common.Common_01_Register_Cookies] - Pre-Condition - Step 10: Navigate to Login page
[13-01-2024 19:22:39.324 INFO com.nopcommerce.common.Common_01_Register_Cookies] - Pre-Condition - Step 11: Enter to Email textbox with value is 'dave.purdy@yahoo.com'
[13-01-2024 19:22:39.456 INFO com.nopcommerce.common.Common_01_Register_Cookies] - Pre-Condition - Step 12: Enter to Password textbox with value is 'z^74#7S447'
[13-01-2024 19:22:39.557 INFO com.nopcommerce.common.Common_01_Register_Cookies] - Pre-Condition - Step 13: Click to Login button
[13-01-2024 19:22:40.369 INFO com.nopcommerce.user.User_06_Wishlist_Compare_Recently_Viewed_Product] - Pre-Condition - Step 01: Open browser 'CHROME'
[13-01-2024 19:22:42.748 INFO com.nopcommerce.user.User_06_Wishlist_Compare_Recently_Viewed_Product] - Pre-condition - Step 02: Navigate to Login page
[13-01-2024 19:22:43.723 INFO com.nopcommerce.user.User_06_Wishlist_Compare_Recently_Viewed_Product] - Pre-condition - Step 03: Set cookie and reload page
[13-01-2024 19:22:47.146 INFO com.nopcommerce.user.User_06_Wishlist_Compare_Recently_Viewed_Product] - Pre-Condition - Step 04: Verify Home page Displayed
[13-01-2024 19:22:47.262 INFO com.nopcommerce.user.User_06_Wishlist_Compare_Recently_Viewed_Product] - Wishlist_01 - Step 01: Click To Product Catelogies on Top Menu: Computers/Notebooks
[13-01-2024 19:22:49.863 INFO com.nopcommerce.user.User_06_Wishlist_Compare_Recently_Viewed_Product] - Wishlist_01: Step 02: Click to product name with value is 'Apple MacBook Pro 13-inch'
[13-01-2024 19:22:50.385 INFO com.nopcommerce.user.User_06_Wishlist_Compare_Recently_Viewed_Product] - Wishlist_01: Step 03: Click To 'Add to wishlist' button
[13-01-2024 19:22:50.458 INFO com.nopcommerce.user.User_06_Wishlist_Compare_Recently_Viewed_Product] - Wishlist_01: Step 04: Verify add to wishlist success message displayed
[13-01-2024 19:22:50.827 INFO com.nopcommerce.user.User_06_Wishlist_Compare_Recently_Viewed_Product] -  -------------------------- PASSED -------------------------- 
[13-01-2024 19:22:50.828 INFO com.nopcommerce.user.User_06_Wishlist_Compare_Recently_Viewed_Product] - Wishlist_01: Step 05: Close success message
[13-01-2024 19:22:53.960 INFO com.nopcommerce.user.User_06_Wishlist_Compare_Recently_Viewed_Product] - Wishlist_01: Step 06: Navigate to 'Wishlist' page
[13-01-2024 19:22:54.525 INFO com.nopcommerce.user.User_06_Wishlist_Compare_Recently_Viewed_Product] - Wishlist_01: Step 07: Verify Wishlist page Displayed
[13-01-2024 19:22:54.554 INFO com.nopcommerce.user.User_06_Wishlist_Compare_Recently_Viewed_Product] -  -------------------------- PASSED -------------------------- 
[13-01-2024 19:22:54.674 INFO com.nopcommerce.user.User_06_Wishlist_Compare_Recently_Viewed_Product] -  -------------------------- PASSED -------------------------- 
[13-01-2024 19:22:54.675 INFO com.nopcommerce.user.User_06_Wishlist_Compare_Recently_Viewed_Product] - Wishlist_01: Step 08: Click to link 'Your wishlist URL for sharing'
[13-01-2024 19:22:55.118 INFO com.nopcommerce.user.User_06_Wishlist_Compare_Recently_Viewed_Product] - Wishlist_01: Step 09: Verify Wishlist share page is displayed
[13-01-2024 19:22:55.146 INFO com.nopcommerce.user.User_06_Wishlist_Compare_Recently_Viewed_Product] -  -------------------------- PASSED -------------------------- 
[13-01-2024 19:22:55.273 INFO com.nopcommerce.user.User_06_Wishlist_Compare_Recently_Viewed_Product] -  -------------------------- PASSED -------------------------- 
[13-01-2024 19:22:55.291 INFO com.nopcommerce.user.User_06_Wishlist_Compare_Recently_Viewed_Product] - Wishlist_02: Step 01: Click To HomePage icon
[13-01-2024 19:22:55.676 INFO com.nopcommerce.user.User_06_Wishlist_Compare_Recently_Viewed_Product] - Wishlist_02: Step 02: Navigate to 'Wishlist' page
[13-01-2024 19:22:56.037 INFO com.nopcommerce.user.User_06_Wishlist_Compare_Recently_Viewed_Product] - Wishlist_02: Step 03: Click to 'Add to cart' checkbox
[13-01-2024 19:22:56.118 INFO com.nopcommerce.user.User_06_Wishlist_Compare_Recently_Viewed_Product] - Wishlist_02: Step 04: Click to 'Add to cart' button
[13-01-2024 19:22:56.863 INFO com.nopcommerce.user.User_06_Wishlist_Compare_Recently_Viewed_Product] - Wishlist_02: Step 05: Verify Shopping cart page is displayed
[13-01-2024 19:22:56.935 INFO com.nopcommerce.user.User_06_Wishlist_Compare_Recently_Viewed_Product] -  -------------------------- PASSED -------------------------- 
[13-01-2024 19:22:56.935 INFO com.nopcommerce.user.User_06_Wishlist_Compare_Recently_Viewed_Product] - Wishlist_02: Step 06: Verify Wishlist quantity is updated (0)
[13-01-2024 19:22:57.001 INFO com.nopcommerce.user.User_06_Wishlist_Compare_Recently_Viewed_Product] -  -------------------------- PASSED -------------------------- 
[13-01-2024 19:22:57.001 INFO com.nopcommerce.user.User_06_Wishlist_Compare_Recently_Viewed_Product] - Wishlist_02: Step 07: Verify Shopping cart quantity is updated (2)
[13-01-2024 19:22:58.076 INFO com.nopcommerce.user.User_06_Wishlist_Compare_Recently_Viewed_Product] -  -------------------------- PASSED -------------------------- 
[13-01-2024 19:22:58.131 INFO com.nopcommerce.user.User_06_Wishlist_Compare_Recently_Viewed_Product] -  -------------------------- PASSED -------------------------- 
[13-01-2024 19:22:58.137 INFO com.nopcommerce.user.User_06_Wishlist_Compare_Recently_Viewed_Product] - Wishlist_03: Step 01: Click To HomePage icon
[13-01-2024 19:22:58.981 INFO com.nopcommerce.user.User_06_Wishlist_Compare_Recently_Viewed_Product] - Wishlist_03 - Step 02: Click To Product Catelogies on Top Menu: Computers/Notebooks
[13-01-2024 19:23:01.617 INFO com.nopcommerce.user.User_06_Wishlist_Compare_Recently_Viewed_Product] - Wishlist_03: Step 03: Click to product name with value is 'Apple MacBook Pro 13-inch'
[13-01-2024 19:23:02.007 INFO com.nopcommerce.user.User_06_Wishlist_Compare_Recently_Viewed_Product] - Wishlist_03: Step 04: Click To 'Add to wishlist' button
[13-01-2024 19:23:02.083 INFO com.nopcommerce.user.User_06_Wishlist_Compare_Recently_Viewed_Product] - Wishlist_03: Step 05: Verify add to wishlist success message displayed
[13-01-2024 19:23:02.463 INFO com.nopcommerce.user.User_06_Wishlist_Compare_Recently_Viewed_Product] -  -------------------------- PASSED -------------------------- 
[13-01-2024 19:23:02.463 INFO com.nopcommerce.user.User_06_Wishlist_Compare_Recently_Viewed_Product] - Wishlist_03: Step 06: Close success message
[13-01-2024 19:23:05.557 INFO com.nopcommerce.user.User_06_Wishlist_Compare_Recently_Viewed_Product] - Wishlist_03: Step 07: Navigate to 'Wishlist' page
[13-01-