[19-02-2024 23:05:53.189 INFO com.nopcommerce.common.Common_01_Register_Cookies] - Pre-Condition - Step 01: Navigate to 'Register' page
[19-02-2024 23:05:54.229 INFO com.nopcommerce.common.Common_01_Register_Cookies] - Pre-Condition - Step 02: Enter to Firstname textbox with value is 'Mariah'
[19-02-2024 23:05:54.345 INFO com.nopcommerce.common.Common_01_Register_Cookies] - Pre-Condition - Step 03: Enter to Lastname textbox with value is 'Wintheiser'
[19-02-2024 23:05:54.433 INFO com.nopcommerce.common.Common_01_Register_Cookies] - Pre-Condition - Step 04: Enter to Email textbox with value is 'kristle.mckenzie@hotmail.com'
[19-02-2024 23:05:54.528 INFO com.nopcommerce.common.Common_01_Register_Cookies] - Pre-Condition - Step 05: Enter to Password textbox with value is '8BC%*#4Ky'
[19-02-2024 23:05:54.617 INFO com.nopcommerce.common.Common_01_Register_Cookies] - Pre-Condition - Step 06: Enter to Confirm password textbox with value is '8BC%*#4Ky'
[19-02-2024 23:05:54.693 INFO com.nopcommerce.common.Common_01_Register_Cookies] - Pre-Condition - Step 07: Enter to 'Register' button
[19-02-2024 23:05:55.332 INFO com.nopcommerce.common.Common_01_Register_Cookies] - Pre-Condition - Step 08: Verify success message is displayed
[19-02-2024 23:05:55.408 INFO com.nopcommerce.common.Common_01_Register_Cookies] -  -------------------------- PASSED -------------------------- 
[19-02-2024 23:05:55.408 INFO com.nopcommerce.common.Common_01_Register_Cookies] - Pre-Condition - Step 09: Click to Logout link
[19-02-2024 23:05:55.751 INFO com.nopcommerce.common.Common_01_Register_Cookies] - Pre-Condition - Step 10: Navigate to Login page
[19-02-2024 23:05:56.516 INFO com.nopcommerce.common.Common_01_Register_Cookies] - Pre-Condition - Step 11: Enter to Email textbox with value is 'kristle.mckenzie@hotmail.com'
[19-02-2024 23:05:56.638 INFO com.nopcommerce.common.Common_01_Register_Cookies] - Pre-Condition - Step 12: Enter to Password textbox with value is '8BC%*#4Ky'
[19-02-2024 23:05:56.718 INFO com.nopcommerce.common.Common_01_Register_Cookies] - Pre-Condition - Step 13: Click to Login button
[19-02-2024 23:05:57.963 INFO com.nopcommerce.user.User_07_Order] - Pre-Condition - Step 01: Open browser 'FIREFOX'
[19-02-2024 23:06:00.887 INFO com.nopcommerce.user.User_07_Order] - Pre-condition - Step 02: Navigate to Login page
[19-02-2024 23:06:01.825 INFO com.nopcommerce.user.User_07_Order] - Pre-condition - Step 03: Set cookie and reload page
[19-02-2024 23:06:05.840 INFO com.nopcommerce.user.User_07_Order] - Pre-Condition - Step 04: Verify Home page Displayed
[19-02-2024 23:06:05.933 INFO com.nopcommerce.user.User_07_Order] - Order_01: Step 01: Click To Product Catelogies on Top Menu: Computers/Desktops
[19-02-2024 23:06:08.208 INFO com.nopcommerce.user.User_07_Order] - Order_01: Step 02: Click to product name with value is 'Build your own computer'
[19-02-2024 23:06:11.061 INFO com.nopcommerce.user.User_07_Order] - Order_01: Step 03: Select item in 'Processor' dropdown is '2.5 GHz Intel Pentium Dual-Core E2200 [+$15.00]'
[19-02-2024 23:06:11.200 INFO com.nopcommerce.user.User_07_Order] - Order_01: Step 04: Select item in 'RAM' dropdown is '8GB [+$60.00]'
[19-02-2024 23:06:11.546 INFO com.nopcommerce.user.User_07_Order] - Order_01: Step 05: Select item in 'HDD' radio button is '400 GB [+$100.00]'
[19-02-2024 23:06:11.843 INFO com.nopcommerce.user.User_07_Order] - Order_01: Step 06: Select item in 'OS' radio button is 'Vista Premium [+$60.00]'
[19-02-2024 23:06:12.129 INFO com.nopcommerce.user.User_07_Order] - Order_01: Step 07: Select item all value at 'Software' checkbox
[19-02-2024 23:06:12.829 INFO com.nopcommerce.user.User_07_Order] - Order_01: Step 08: Get value of price is null
[19-02-2024 23:06:15.898 INFO com.nopcommerce.user.User_07_Order] - Order_01: Step 09: Click to 'Add to cart' button
[19-02-2024 23:06:16.179 INFO com.nopcommerce.user.User_07_Order] - Order_01: Step 10: Verify add to cart success message displayed
[19-02-2024 23:06:16.289 INFO com.nopcommerce.user.User_07_Order] -  -------------------------- PASSED -------------------------- 
[19-02-2024 23:06:16.290 INFO com.nopcommerce.user.User_07_Order] - Order_01: Step 11: Close success message
[19-02-2024 23:06:19.593 INFO com.nopcommerce.user.User_07_Order] - Order_01: Step 12: Verify Shopping cart quantity is updated (1)
[19-02-2024 23:06:19.628 INFO com.nopcommerce.user.User_07_Order] -  -------------------------- PASSED -------------------------- 
[19-02-2024 23:06:19.720 INFO com.nopcommerce.user.User_07_Order] -  -------------------------- PASSED -------------------------- 
[19-02-2024 23:06:19.721 INFO com.nopcommerce.user.User_07_Order] - Order_01: Step 13: Verify the product is displayed in mini shopping cart
[19-02-2024 23:19:31.856 INFO com.nopcommerce.user.User_07_Order] - Order_02: Step 01: Open Shopping cart at header
[19-02-2024 23:19:32.872 INFO com.nopcommerce.user.User_07_Order] - Order_02: Step 02: Verify Shopping cart page is displayed
[19-02-2024 23:19:32.952 INFO com.nopcommerce.user.User_07_Order] -  -------------------------- PASSED -------------------------- 
[19-02-2024 23:19:32.952 INFO com.nopcommerce.user.User_07_Order] - Order_02: Step 03: Click to 'Edit' link
[19-02-2024 23:19:33.865 INFO com.nopcommerce.user.User_07_Order] - Order_02: Step 04: Select item in 'Processor' dropdown is '2.2 GHz Intel Pentium Dual-Core E2200'
[19-02-2024 23:19:34.213 INFO com.nopcommerce.user.User_07_Order] - Order_02: Step 05: Select item in 'RAM' dropdown is '4GB [+$20.00]'
[19-02-2024 23:19:34.524 INFO com.nopcommerce.user.User_07_Order] - Order_02: Step 06: Select item in 'HDD' radio button is '320 GB'
[19-02-2024 23:19:34.823 INFO com.nopcommerce.user.User_07_Order] - Order_02: Step 07: Select item in 'OS' radio button is 'Vista Home [+$50.00]'
[19-02-2024 23:19:35.118 INFO com.nopcommerce.user.User_07_Order] - Order_02: Step 08: Select item all value at 'Software' checkbox
[19-02-2024 23:19:35.775 INFO com.nopcommerce.user.User_07_Order] - Order_02: Step 09: Verify product price is updated with value '$1,320.00'
[19-02-2024 23:19:45.843 INFO com.nopcommerce.user.User_07_Order] -  -------------------------- PASSED -------------------------- 
[19-02-2024 23:19:45.843 INFO com.nopcommerce.user.User_07_Order] - Order_02: Step 10: Get value of price is $1,500.00
[19-02-2024 23:19:45.889 INFO com.nopcommerce.user.User_07_Order] - Order_02: Step 11: Edit product quantiny is 2
[19-02-2024 23:19:45.966 INFO com.nopcommerce.user.User_07_Order] - Order_02: Step 12: Click to 'Update' button
[19-02-2024 23:19:46.258 INFO com.nopcommerce.user.User_07_Order] - Order_02: Step 13: Verify add to cart success message displayed
[19-02-2024 23:19:46.343 INFO com.nopcommerce.user.User_07_Order] -  -------------------------- PASSED -------------------------- 
[19-02-2024 23:19:46.344 INFO com.nopcommerce.user.User_07_Order] - Order_02: Step 14: Close success message
[19-02-2024 23:19:49.618 INFO com.nopcommerce.user.User_07_Order] - Order_02: Step 15: Verify Shopping cart quantity is updated (2)
[19-02-2024 23:19:49.655 INFO com.nopcommerce.user.User_07_Order] -  -------------------------- PASSED -------------------------- 
[19-02-2024 23:19:49.709 INFO com.nopcommerce.user.User_07_Order] -  -------------------------- PASSED -------------------------- 
[19-02-2024 23:19:49.710 INFO com.nopcommerce.user.User_07_Order] - Order_02: Step 16: Verify the product is displayed in mini shopping cart
[19-02-2024 23:20:19.884 INFO com.nopcommerce.user.User_07_Order] -  -------------------------- PASSED -------------------------- 
[19-02-2024 23:20:19.932 INFO com.nopcommerce.user.User_07_Order] -  -------------------------- PASSED -------------------------- 
[19-02-2024 23:20:19.975 INFO com.nopcommerce.user.User_07_Order] -  -------------------------- PASSED -------------------------- 
[19-02-2024 23:20:20.025 INFO com.nopcommerce.user.User_07_Order] -  -------------------------- PASSED -------------------------- 
[19-02-2024 23:20:20.073 INFO com.nopcommerce.user.User_07_Order] -  -------------------------- PASSED -------------------------- 
[19-0