[04-02-2024 23:46:10.487 INFO com.nopcommerce.common.Common_01_Register_Cookies] - Pre-Condition - Step 01: Navigate to 'Register' page
[04-02-2024 23:46:10.970 INFO com.nopcommerce.common.Common_01_Register_Cookies] - Pre-Condition - Step 02: Enter to Firstname textbox with value is 'Particia'
[04-02-2024 23:46:11.099 INFO com.nopcommerce.common.Common_01_Register_Cookies] - Pre-Condition - Step 03: Enter to Lastname textbox with value is 'Toy'
[04-02-2024 23:46:11.220 INFO com.nopcommerce.common.Common_01_Register_Cookies] - Pre-Condition - Step 04: Enter to Email textbox with value is 'shay.bogan@yahoo.com'
[04-02-2024 23:46:11.336 INFO com.nopcommerce.common.Common_01_Register_Cookies] - Pre-Condition - Step 05: Enter to Password textbox with value is '#s3p@2l@'
[04-02-2024 23:46:11.435 INFO com.nopcommerce.common.Common_01_Register_Cookies] - Pre-Condition - Step 06: Enter to Confirm password textbox with value is '#s3p@2l@'
[04-02-2024 23:46:11.540 INFO com.nopcommerce.common.Common_01_Register_Cookies] - Pre-Condition - Step 07: Enter to 'Register' button
[04-02-2024 23:46:12.156 INFO com.nopcommerce.common.Common_01_Register_Cookies] - Pre-Condition - Step 08: Verify success message is displayed
[04-02-2024 23:46:12.209 INFO com.nopcommerce.common.Common_01_Register_Cookies] -  -------------------------- PASSED -------------------------- 
[04-02-2024 23:46:12.209 INFO com.nopcommerce.common.Common_01_Register_Cookies] - Pre-Condition - Step 09: Click to Logout link
[04-02-2024 23:46:12.576 INFO com.nopcommerce.common.Common_01_Register_Cookies] - Pre-Condition - Step 10: Navigate to Login page
[04-02-2024 23:46:13.251 INFO com.nopcommerce.common.Common_01_Register_Cookies] - Pre-Condition - Step 11: Enter to Email textbox with value is 'shay.bogan@yahoo.com'
[04-02-2024 23:46:13.380 INFO com.nopcommerce.common.Common_01_Register_Cookies] - Pre-Condition - Step 12: Enter to Password textbox with value is '#s3p@2l@'
[04-02-2024 23:46:13.479 INFO com.nopcommerce.common.Common_01_Register_Cookies] - Pre-Condition - Step 13: Click to Login button
[04-02-2024 23:46:14.219 INFO com.nopcommerce.user.User_07_Order] - Pre-Condition - Step 01: Open browser 'chrome'
[04-02-2024 23:46:16.613 INFO com.nopcommerce.user.User_07_Order] - Pre-condition - Step 02: Navigate to Login page
[04-02-2024 23:46:17.540 INFO com.nopcommerce.user.User_07_Order] - Pre-condition - Step 03: Set cookie and reload page
[04-02-2024 23:46:20.994 INFO com.nopcommerce.user.User_07_Order] - Pre-Condition - Step 04: Verify Home page Displayed
[04-02-2024 23:46:21.088 INFO com.nopcommerce.user.User_07_Order] - Order_01: Step 01: Click To Product Catelogies on Top Menu: Computers/Desktops
[04-02-2024 23:46:23.671 INFO com.nopcommerce.user.User_07_Order] - Order_01: Step 02: Click to product name with value is 'Build your own computer'
[04-02-2024 23:46:24.158 INFO com.nopcommerce.user.User_07_Order] - Order_01: Step 03: Select item in 'Processor' dropdown is '2.5 GHz Intel Pentium Dual-Core E2200 [+$15.00]'
[04-02-2024 23:46:24.256 INFO com.nopcommerce.user.User_07_Order] - Order_01: Step 04: Select item in 'RAM' dropdown is '8GB [+$60.00]'
[04-02-2024 23:46:24.429 INFO com.nopcommerce.user.User_07_Order] - Order_01: Step 05: Select item in 'HDD' radio button is '400 GB [+$100.00]'
[04-02-2024 23:46:24.540 INFO com.nopcommerce.user.User_07_Order] - Order_01: Step 06: Select item in 'OS' radio button is 'Vista Premium [+$60.00]'
[04-02-2024 23:46:24.615 INFO com.nopcommerce.user.User_07_Order] - Order_01: Step 07: Select item all value at 'Software' checkbox
[04-02-2024 23:46:24.984 INFO com.nopcommerce.user.User_07_Order] - Order_01: Step 08: Get value of price is null
[04-02-2024 23:46:28.063 INFO com.nopcommerce.user.User_07_Order] - Order_01: Step 09: Click to 'Add to cart' button
[04-02-2024 23:46:28.185 INFO com.nopcommerce.user.User_07_Order] - Order_01: Step 10: Verify add to cart success message displayed
[04-02-2024 23:46:28.497 INFO com.nopcommerce.user.User_07_Order] -  -------------------------- PASSED -------------------------- 
[04-02-2024 23:46:28.497 INFO com.nopcommerce.user.User_07_Order] - Order_01: Step 11: Close success message
[04-02-2024 23:46:31.572 INFO com.nopcommerce.user.User_07_Order] - Order_01: Step 12: Verify Shopping cart quantity is updated (1)
[04-02-2024 23:46:31.616 INFO com.nopcommerce.user.User_07_Order] -  -------------------------- PASSED -------------------------- 
[04-02-2024 23:46:31.694 INFO com.nopcommerce.user.User_07_Order] -  -------------------------- PASSED -------------------------- 
[04-02-2024 23:46:31.694 INFO com.nopcommerce.user.User_07_Order] - Order_01: Step 13: Verify the product is displayed in mini shopping cart
[04-02-2024 23:46:35.082 INFO com.nopcommerce.user.User_07_Order] -  -------------------------- PASSED -------------------------- 
[04-02-2024 23:46:35.199 INFO com.nopcommerce.user.User_07_Order] -  -------------------------- PASSED -------------------------- 
[04-02-2024 23:46:35.313 INFO com.nopcommerce.user.User_07_Order] -  -------------------------- PASSED -------------------------- 
[04-02-2024 23:46:35.438 INFO com.nopcommerce.user.User_07_Order] -  -------------------------- PASSED -------------------------- 
[04-02-2024 23:46:35.568 INFO com.nopcommerce.user.User_07_Order] -  -------------------------- PASSED -------------------------- 
[04-02-2024 23:46:35.675 INFO com.nopcommerce.user.User_07_Order] -  -------------------------- PASSED -------------------------- 
[04-02-2024 23:46:35.809 INFO com.nopcommerce.user.User_07_Order] - Order_02: Step 01: Open Shopping cart at header
[04-02-2024 23:46:36.410 INFO com.nopcommerce.user.User_07_Order] - Order_02: Step 02: Verify Shopping cart page is displayed
[04-02-2024 23:46:36.497 INFO com.nopcommerce.user.User_07_Order] -  -------------------------- PASSED -------------------------- 
[04-02-2024 23:46:36.498 INFO com.nopcommerce.user.User_07_Order] - Order_02: Step 03: Click to 'Edit' link
[04-02-2024 23:46:36.943 INFO com.nopcommerce.user.User_07_Order] - Order_02: Step 04: Select item in 'Processor' dropdown is '2.2 GHz Intel Pentium Dual-Core E2200'
[04-02-2024 23:46:37.089 INFO com.nopcommerce.user.User_07_Order] - Order_02: Step 05: Select item in 'RAM' dropdown is '4GB [+$20.00]'
[04-02-2024 23:46:37.243 INFO com.nopcommerce.user.User_07_Order] - Order_02: Step 06: Select item in 'HDD' radio button is '320 GB'
[04-02-2024 23:46:37.384 INFO com.nopcommerce.user.User_07_Order] - Order_02: Step 07: Select item in 'OS' radio button is 'Vista Home [+$50.00]'
[04-02-2024 23:46:37.530 INFO com.nopcommerce.user.User_07_Order] - Order_02: Step 08: Select item all value at 'Software' checkbox
[04-02-2024 23:46:37.886 INFO com.nopcommerce.user.User_07_Order] - Order_02: Step 09: Verify product price is updated with value '$1,320.00'
[04-02-2024 23:46:41.024 INFO com.nopcommerce.user.User_07_Order] -  -------------------------- PASSED -------------------------- 
[04-02-2024 23:46:41.025 INFO com.nopcommerce.user.User_07_Order] - Order_02: Step 10: Get value of price is $1,500.00
[04-02-2024 23:46:41.131 INFO com.nopcommerce.user.User_07_Order] - Order_02: Step 11: Edit product quantiny is 2
[04-02-2024 23:46:41.290 INFO com.nopcommerce.user.User_07_Order] - Order_02: Step 12: Click to 'Update' button
[04-02-2024 23:46:41.384 INFO com.nopcommerce.user.User_07_Order] - Order_02: Step 13: Verify add to cart success message displayed
[04-02-2024 23:46:41.759 INFO com.nopcommerce.user.User_07_Order] -  -------------------------- PASSED -------------------------- 
[04-02-2024 23:46:41.760 INFO com.nopcommerce.user.User_07_Order] - Order_02: Step 14: Close success message
[04-02-2024 23:46:44.908 INFO com.nopcommerce.user.User_07_Order] - Order_02: Step 15: Verify Shopping cart quantity is updated (2)
[04-02-2024 23:46:44.965 INFO com.nopcommerce.user.User_07_Order] -  -------------------------- PASSED -------------------------- 
[04-02-2024 23:46:45.069 INFO com.nopcommerce.user.User_07_Order] -  -------------------------- PASSED -------------------------- 
[04-02-2024 23:46:45.070 INFO com.nopcom