[25-01-2024 23:18:46.681 INFO com.nopcommerce.common.Common_01_Register_Cookies] - Pre-Condition - Step 01: Navigate to 'Register' page
[25-01-2024 23:18:47.748 INFO com.nopcommerce.common.Common_01_Register_Cookies] - Pre-Condition - Step 02: Enter to Firstname textbox with value is 'Donetta'
[25-01-2024 23:18:47.874 INFO com.nopcommerce.common.Common_01_Register_Cookies] - Pre-Condition - Step 03: Enter to Lastname textbox with value is 'Murphy'
[25-01-2024 23:18:47.998 INFO com.nopcommerce.common.Common_01_Register_Cookies] - Pre-Condition - Step 04: Enter to Email textbox with value is 'chris.stoltenberg@yahoo.com'
[25-01-2024 23:18:48.143 INFO com.nopcommerce.common.Common_01_Register_Cookies] - Pre-Condition - Step 05: Enter to Password textbox with value is 'i5Y9dg5vf'
[25-01-2024 23:18:48.278 INFO com.nopcommerce.common.Common_01_Register_Cookies] - Pre-Condition - Step 06: Enter to Confirm password textbox with value is 'i5Y9dg5vf'
[25-01-2024 23:18:48.412 INFO com.nopcommerce.common.Common_01_Register_Cookies] - Pre-Condition - Step 07: Enter to 'Register' button
[25-01-2024 23:18:49.143 INFO com.nopcommerce.common.Common_01_Register_Cookies] - Pre-Condition - Step 08: Verify success message is displayed
[25-01-2024 23:18:49.189 INFO com.nopcommerce.common.Common_01_Register_Cookies] -  -------------------------- PASSED -------------------------- 
[25-01-2024 23:18:49.189 INFO com.nopcommerce.common.Common_01_Register_Cookies] - Pre-Condition - Step 09: Click to Logout link
[25-01-2024 23:18:49.582 INFO com.nopcommerce.common.Common_01_Register_Cookies] - Pre-Condition - Step 10: Navigate to Login page
[25-01-2024 23:18:50.355 INFO com.nopcommerce.common.Common_01_Register_Cookies] - Pre-Condition - Step 11: Enter to Email textbox with value is 'chris.stoltenberg@yahoo.com'
[25-01-2024 23:18:50.498 INFO com.nopcommerce.common.Common_01_Register_Cookies] - Pre-Condition - Step 12: Enter to Password textbox with value is 'i5Y9dg5vf'
[25-01-2024 23:18:50.591 INFO com.nopcommerce.common.Common_01_Register_Cookies] - Pre-Condition - Step 13: Click to Login button
[25-01-2024 23:18:51.318 INFO com.nopcommerce.user.User_07_Order] - Pre-Condition - Step 01: Open browser 'CHROME'
[25-01-2024 23:18:53.098 INFO com.nopcommerce.user.User_07_Order] - Pre-condition - Step 02: Navigate to Login page
[25-01-2024 23:18:54.074 INFO com.nopcommerce.user.User_07_Order] - Pre-condition - Step 03: Set cookie and reload page
[25-01-2024 23:18:57.473 INFO com.nopcommerce.user.User_07_Order] - Pre-Condition - Step 04: Verify Home page Displayed
[25-01-2024 23:18:57.586 INFO com.nopcommerce.user.User_07_Order] - Order_01: Step 01: Click To Product Catelogies on Top Menu: Computers/Desktops
[25-01-2024 23:19:00.300 INFO com.nopcommerce.user.User_07_Order] - Order_01: Step 02: Click to product name with value is 'Build your own computer'
[25-01-2024 23:19:00.837 INFO com.nopcommerce.user.User_07_Order] - Order_01: Step 03: Select item in 'Processor' dropdown is '2.5 GHz Intel Pentium Dual-Core E2200 [+$15.00]'
[25-01-2024 23:19:00.934 INFO com.nopcommerce.user.User_07_Order] - Order_01: Step 04: Select item in 'RAM' dropdown is '8GB [+$60.00]'
[25-01-2024 23:19:01.046 INFO com.nopcommerce.user.User_07_Order] - Order_01: Step 05: Select item in 'HDD' radio button is '400 GB [+$100.00]'
[25-01-2024 23:19:01.124 INFO com.nopcommerce.user.User_07_Order] - Order_01: Step 06: Select item in 'OS' radio button is 'Vista Premium [+$60.00]'
[25-01-2024 23:19:01.230 INFO com.nopcommerce.user.User_07_Order] - Order_01: Step 07: Select item all value at 'Software' checkbox
[25-01-2024 23:19:01.630 INFO com.nopcommerce.user.User_07_Order] - Order_01: Step 08: Get value of price is null
[25-01-2024 23:19:04.779 INFO com.nopcommerce.user.User_07_Order] - Order_01: Step 09: Click to 'Add to cart' button
[25-01-2024 23:19:04.942 INFO com.nopcommerce.user.User_07_Order] - Order_01: Step 10: Verify add to cart success message displayed
[25-01-2024 23:19:05.294 INFO com.nopcommerce.user.User_07_Order] -  -------------------------- PASSED -------------------------- 
[25-01-2024 23:19:05.294 INFO com.nopcommerce.user.User_07_Order] - Order_01: Step 11: Close success message
[25-01-2024 23:19:08.391 INFO com.nopcommerce.user.User_07_Order] - Order_01: Step 12: Verify Shopping cart quantity is updated (1)
[25-01-2024 23:19:08.430 INFO com.nopcommerce.user.User_07_Order] -  -------------------------- PASSED -------------------------- 
[25-01-2024 23:19:08.483 INFO com.nopcommerce.user.User_07_Order] -  -------------------------- PASSED -------------------------- 
[25-01-2024 23:19:08.484 INFO com.nopcommerce.user.User_07_Order] - Order_01: Step 13: Verify the product is displayed in mini shopping cart
[25-01-2024 23:19:11.772 INFO com.nopcommerce.user.User_07_Order] -  -------------------------- PASSED -------------------------- 
[25-01-2024 23:19:11.826 INFO com.nopcommerce.user.User_07_Order] -  -------------------------- PASSED -------------------------- 
[25-01-2024 23:19:11.879 INFO com.nopcommerce.user.User_07_Order] -  -------------------------- PASSED -------------------------- 
[25-01-2024 23:19:11.950 INFO com.nopcommerce.user.User_07_Order] -  -------------------------- PASSED -------------------------- 
[25-01-2024 23:19:12.023 INFO com.nopcommerce.user.User_07_Order] -  -------------------------- PASSED -------------------------- 
[25-01-2024 23:19:12.095 INFO com.nopcommerce.user.User_07_Order] -  -------------------------- PASSED -------------------------- 
[25-01-2024 23:19:12.212 INFO com.nopcommerce.user.User_07_Order] - Order_02: Step 01: Open Shopping cart at header
[25-01-2024 23:19:12.713 INFO com.nopcommerce.user.User_07_Order] - Order_02: Step 02: Verify Shopping cart page is displayed
[25-01-2024 23:19:12.798 INFO com.nopcommerce.user.User_07_Order] -  -------------------------- PASSED -------------------------- 
[25-01-2024 23:19:12.798 INFO com.nopcommerce.user.User_07_Order] - Order_02: Step 03: Click to 'Edit' link
[25-01-2024 23:19:13.250 INFO com.nopcommerce.user.User_07_Order] - Order_02: Step 04: Select item in 'Processor' dropdown is '2.2 GHz Intel Pentium Dual-Core E2200'
[25-01-2024 23:19:13.388 INFO com.nopcommerce.user.User_07_Order] - Order_02: Step 05: Select item in 'RAM' dropdown is '4GB [+$20.00]'
[25-01-2024 23:19:13.555 INFO com.nopcommerce.user.User_07_Order] - Order_02: Step 06: Select item in 'HDD' radio button is '320 GB'
[25-01-2024 23:19:13.706 INFO com.nopcommerce.user.User_07_Order] - Order_02: Step 07: Select item in 'OS' radio button is 'Vista Home [+$50.00]'
[25-01-2024 23:19:13.826 INFO com.nopcommerce.user.User_07_Order] - Order_02: Step 08: Select item all value at 'Software' checkbox
[25-01-2024 23:19:14.258 INFO com.nopcommerce.user.User_07_Order] - Order_02: Step 09: Edit product quantiny is 2
[25-01-2024 23:19:14.390 INFO com.nopcommerce.user.User_07_Order] - Order_02: Step 10: Verify product price is updated with value '$1,320.00'
[25-01-2024 23:19:18.520 INFO com.nopcommerce.user.User_07_Order] -  -------------------------- PASSED -------------------------- 
[25-01-2024 23:19:18.520 INFO com.nopcommerce.user.User_07_Order] - Order_02: Step 11: Get value of price is $1,500.00
[25-01-2024 23:19:18.634 INFO com.nopcommerce.user.User_07_Order] - Order_02: Step 12: Click to 'Update' button
[25-01-2024 23:19:18.764 INFO com.nopcommerce.user.User_07_Order] - Order_02: Step 13: Verify add to cart success message displayed
[25-01-2024 23:19:19.116 INFO com.nopcommerce.user.User_07_Order] -  -------------------------- PASSED -------------------------- 
[25-01-2024 23:19:19.117 INFO com.nopcommerce.user.User_07_Order] - Order_02: Step 14: Close success message
[25-01-2024 23:19:22.236 INFO com.nopcommerce.user.User_07_Order] - Order_02: Step 15: Verify Shopping cart quantity is updated (2)
[25-01-2024 23:19:22.277 INFO com.nopcommerce.user.User_07_Order] -  -------------------------- PASSED -------------------------- 
[25-01-2024 23:19:22.390 INFO com.nopcommerce.user.User_07_Order] -  -------------------------- PASSED -------------------------- 
[25-01-2024 23:19:22.