[05-02-2024 00:19:52.467 INFO com.nopcommerce.common.Common_01_Register_Cookies] - Pre-Condition - Step 01: Navigate to 'Register' page
[05-02-2024 00:19:53.375 INFO com.nopcommerce.common.Common_01_Register_Cookies] - Pre-Condition - Step 02: Enter to Firstname textbox with value is 'Louella'
[05-02-2024 00:19:53.507 INFO com.nopcommerce.common.Common_01_Register_Cookies] - Pre-Condition - Step 03: Enter to Lastname textbox with value is 'Boehm'
[05-02-2024 00:19:53.611 INFO com.nopcommerce.common.Common_01_Register_Cookies] - Pre-Condition - Step 04: Enter to Email textbox with value is 'james.gaylord@hotmail.com'
[05-02-2024 00:19:53.729 INFO com.nopcommerce.common.Common_01_Register_Cookies] - Pre-Condition - Step 05: Enter to Password textbox with value is '%^tI2IeC'
[05-02-2024 00:19:53.825 INFO com.nopcommerce.common.Common_01_Register_Cookies] - Pre-Condition - Step 06: Enter to Confirm password textbox with value is '%^tI2IeC'
[05-02-2024 00:19:53.943 INFO com.nopcommerce.common.Common_01_Register_Cookies] - Pre-Condition - Step 07: Enter to 'Register' button
[05-02-2024 00:19:54.515 INFO com.nopcommerce.common.Common_01_Register_Cookies] - Pre-Condition - Step 08: Verify success message is displayed
[05-02-2024 00:19:54.569 INFO com.nopcommerce.common.Common_01_Register_Cookies] -  -------------------------- PASSED -------------------------- 
[05-02-2024 00:19:54.571 INFO com.nopcommerce.common.Common_01_Register_Cookies] - Pre-Condition - Step 09: Click to Logout link
[05-02-2024 00:19:54.939 INFO com.nopcommerce.common.Common_01_Register_Cookies] - Pre-Condition - Step 10: Navigate to Login page
[05-02-2024 00:19:55.616 INFO com.nopcommerce.common.Common_01_Register_Cookies] - Pre-Condition - Step 11: Enter to Email textbox with value is 'james.gaylord@hotmail.com'
[05-02-2024 00:19:55.745 INFO com.nopcommerce.common.Common_01_Register_Cookies] - Pre-Condition - Step 12: Enter to Password textbox with value is '%^tI2IeC'
[05-02-2024 00:19:55.840 INFO com.nopcommerce.common.Common_01_Register_Cookies] - Pre-Condition - Step 13: Click to Login button
[05-02-2024 00:19:56.549 INFO com.nopcommerce.user.User_07_Order] - Pre-Condition - Step 01: Open browser 'chrome'
[05-02-2024 00:19:58.483 INFO com.nopcommerce.user.User_07_Order] - Pre-condition - Step 02: Navigate to Login page
[05-02-2024 00:19:58.905 INFO com.nopcommerce.user.User_07_Order] - Pre-condition - Step 03: Set cookie and reload page
[05-02-2024 00:20:02.298 INFO com.nopcommerce.user.User_07_Order] - Pre-Condition - Step 04: Verify Home page Displayed
[05-02-2024 00:20:02.376 INFO com.nopcommerce.user.User_07_Order] - Order_01: Step 01: Click To Product Catelogies on Top Menu: Computers/Desktops
[05-02-2024 00:20:04.971 INFO com.nopcommerce.user.User_07_Order] - Order_01: Step 02: Click to product name with value is 'Build your own computer'
[05-02-2024 00:20:05.439 INFO com.nopcommerce.user.User_07_Order] - Order_01: Step 03: Select item in 'Processor' dropdown is '2.5 GHz Intel Pentium Dual-Core E2200 [+$15.00]'
[05-02-2024 00:20:05.522 INFO com.nopcommerce.user.User_07_Order] - Order_01: Step 04: Select item in 'RAM' dropdown is '8GB [+$60.00]'
[05-02-2024 00:20:05.634 INFO com.nopcommerce.user.User_07_Order] - Order_01: Step 05: Select item in 'HDD' radio button is '400 GB [+$100.00]'
[05-02-2024 00:20:05.715 INFO com.nopcommerce.user.User_07_Order] - Order_01: Step 06: Select item in 'OS' radio button is 'Vista Premium [+$60.00]'
[05-02-2024 00:20:05.786 INFO com.nopcommerce.user.User_07_Order] - Order_01: Step 07: Select item all value at 'Software' checkbox
[05-02-2024 00:20:05.988 INFO com.nopcommerce.user.User_07_Order] - Order_01: Step 08: Get value of price is null
[05-02-2024 00:20:09.098 INFO com.nopcommerce.user.User_07_Order] - Order_01: Step 09: Click to 'Add to cart' button
[05-02-2024 00:20:09.186 INFO com.nopcommerce.user.User_07_Order] - Order_01: Step 10: Verify add to cart success message displayed
[05-02-2024 00:20:09.565 INFO com.nopcommerce.user.User_07_Order] -  -------------------------- PASSED -------------------------- 
[05-02-2024 00:20:09.565 INFO com.nopcommerce.user.User_07_Order] - Order_01: Step 11: Close success message
[05-02-2024 00:20:12.656 INFO com.nopcommerce.user.User_07_Order] - Order_01: Step 12: Verify Shopping cart quantity is updated (1)
[05-02-2024 00:20:12.692 INFO com.nopcommerce.user.User_07_Order] -  -------------------------- PASSED -------------------------- 
[05-02-2024 00:20:12.774 INFO com.nopcommerce.user.User_07_Order] -  -------------------------- PASSED -------------------------- 
[05-02-2024 00:20:12.775 INFO com.nopcommerce.user.User_07_Order] - Order_01: Step 13: Verify the product is displayed in mini shopping cart
[05-02-2024 00:20:16.109 INFO com.nopcommerce.user.User_07_Order] -  -------------------------- PASSED -------------------------- 
[05-02-2024 00:20:16.204 INFO com.nopcommerce.user.User_07_Order] -  -------------------------- PASSED -------------------------- 
[05-02-2024 00:20:16.273 INFO com.nopcommerce.user.User_07_Order] -  -------------------------- PASSED -------------------------- 
[05-02-2024 00:20:16.325 INFO com.nopcommerce.user.User_07_Order] -  -------------------------- PASSED -------------------------- 
[05-02-2024 00:20:16.401 INFO com.nopcommerce.user.User_07_Order] -  -------------------------- PASSED -------------------------- 
[05-02-2024 00:20:16.479 INFO com.nopcommerce.user.User_07_Order] -  -------------------------- PASSED -------------------------- 
[05-02-2024 00:20:16.584 INFO com.nopcommerce.user.User_07_Order] - Order_02: Step 01: Open Shopping cart at header
[05-02-2024 00:20:17.042 INFO com.nopcommerce.user.User_07_Order] - Order_02: Step 02: Verify Shopping cart page is displayed
[05-02-2024 00:20:17.107 INFO com.nopcommerce.user.User_07_Order] -  -------------------------- PASSED -------------------------- 
[05-02-2024 00:20:17.109 INFO com.nopcommerce.user.User_07_Order] - Order_02: Step 03: Click to 'Edit' link
[05-02-2024 00:20:17.492 INFO com.nopcommerce.user.User_07_Order] - Order_02: Step 04: Select item in 'Processor' dropdown is '2.2 GHz Intel Pentium Dual-Core E2200'
[05-02-2024 00:20:17.619 INFO com.nopcommerce.user.User_07_Order] - Order_02: Step 05: Select item in 'RAM' dropdown is '4GB [+$20.00]'
[05-02-2024 00:20:17.739 INFO com.nopcommerce.user.User_07_Order] - Order_02: Step 06: Select item in 'HDD' radio button is '320 GB'
[05-02-2024 00:20:17.841 INFO com.nopcommerce.user.User_07_Order] - Order_02: Step 07: Select item in 'OS' radio button is 'Vista Home [+$50.00]'
[05-02-2024 00:20:17.911 INFO com.nopcommerce.user.User_07_Order] - Order_02: Step 08: Select item all value at 'Software' checkbox
[05-02-2024 00:20:18.171 INFO com.nopcommerce.user.User_07_Order] - Order_02: Step 09: Verify product price is updated with value '$1,320.00'
[05-02-2024 00:20:21.286 INFO com.nopcommerce.user.User_07_Order] -  -------------------------- PASSED -------------------------- 
[05-02-2024 00:20:21.286 INFO com.nopcommerce.user.User_07_Order] - Order_02: Step 10: Get value of price is $1,500.00
[05-02-2024 00:20:21.395 INFO com.nopcommerce.user.User_07_Order] - Order_02: Step 11: Edit product quantiny is 2
[05-02-2024 00:20:21.586 INFO com.nopcommerce.user.User_07_Order] - Order_02: Step 12: Click to 'Update' button
[05-02-2024 00:20:21.703 INFO com.nopcommerce.user.User_07_Order] - Order_02: Step 13: Verify add to cart success message displayed
[05-02-2024 00:20:22.092 INFO com.nopcommerce.user.User_07_Order] -  -------------------------- PASSED -------------------------- 
[05-02-2024 00:20:22.093 INFO com.nopcommerce.user.User_07_Order] - Order_02: Step 14: Close success message
[05-02-2024 00:20:25.247 INFO com.nopcommerce.user.User_07_Order] - Order_02: Step 15: Verify Shopping cart quantity is updated (2)
[05-02-2024 00:20:25.285 INFO com.nopcommerce.user.User_07_Order] -  -------------------------- PASSED -------------------------- 
[05-02-2024 00:20:25.390 INFO com.nopcommerce.user.User_07_Order] -  -------------------------- PASSED -------------------------- 
[05-02-2024 00:20:25.390 INFO com.nopcommerce.user.User_07_Order] - Order_02: Step 16: Verify the product is displayed in mini shopping cart
[05-02-2024 00:20:28.771 INFO com.nopcommerce.user.User_07_Order] -  -------------------------- PASSED -------------------------- 
[05-02-2024 00:20:28.880 INFO com.nopcommerce.user.User_07_Order] -  -------------------------- PASSED -------------------------- 
[05-02-2024 00:20:28.990 INFO com.nopcommerce.user.User_07_Order] -  -------------------------- PASSED -------------------------- 
[05-02-2024 00:20:29.077 INFO com.nopcommerce.user.User_07_Order] -  -------------------------- PASSED -------------------------- 
[05-02-2024 00:20:29.186 INFO com.nopcommerce.user.User_07_Order] -  -------------------------- PASSED -------------------------- 
[05-02-2024 00:20:29.300 INFO com.nopcommerce.user.User_07_Order] -  -------------------------- PASSED -------------------------- 
[05-02-2024 00:20:29.317 INFO com.nopcommerce.user.User_07_Order] - Order_03: Step 01: Open Shopping cart at header
[05-02-2024 00:20:29.770 INFO com.nopcommerce.user.User_07_Order] - Order_03: Step 02: Verify Shopping cart page is displayed
[05-02-2024 00:20:29.869 INFO com.nopcommerce.user.User_07_Order] -  -------------------------- PASSED -------------------------- 
[05-02-2024 00:20:29.869 INFO com.nopcommerce.user.User_07_Order] - Order_03: Step 03: Click to 'Remove' button
[05-02-2024 00:20:30.364 INFO com.nopcommerce.user.User_07_Order] - Order_03: Step 04: Verify message is 'Your Shopping Cart is empty!' displayed
[05-02-2024 00:20:30.435 INFO com.nopcommerce.user.User_07_Order] -  -------------------------- PASSED -------------------------- 
[05-02-2024 00:20:30.436 INFO com.nopcommerce.user.User_07_Order] - Order_03: Step 05: Verify product is not exist in Shopping cart
[05-02-2024 00:20:50.615 INFO com.nopcommerce.user.User_07_Order] -  -------------------------- PASSED -------------------------- 
[05-02-2024 00:20:50.641 INFO com.nopcommerce.user.User_07_Order] - Order_04: Step 01: Click To Product Catelogies on Top Menu: Computers/Desktops
[05-02-2024 00:20:53.302 INFO com.nopcommerce.user.User_07_Order] - Order_04: Step 02: Click to 'Add to cart' button at Lenovo IdeaCentre 600 All-in-One PC
[05-02-2024 00:20:53.410 INFO com.nopcommerce.user.User_07_Order] - Order_04: Step 03: Verify add to cart success message displayed
[05-02-2024 00:20:53.749 INFO com.nopcommerce.user.User_07_Order] -  -------------------------- PASSED -------------------------- 
[05-02-2024 00:20:53.750 INFO com.nopcommerce.user.User_07_Order] - Order_04: Step 04: Close success message
[05-02-2024 00:20:56.855 INFO com.nopcommerce.user.User_07_Order] - Order_04: Step 05: Verify Shopping cart quantity is updated (1)
[05-02-2024 00:20:56.897 INFO com.nopcommerce.user.User_07_Order] -  -------------------------- PASSED -------------------------- 
[05-02-2024 00:20:56.985 INFO com.nopcommerce.user.User_07_Order] -  -------------------------- PASSED -------------------------- 
[05-02-2024 00:20:56.986 INFO com.nopcommerce.user.User_07_Order] - Order_04: Step 06: Open Shopping cart at header
[05-02-2024 00:20:57.448 INFO com.nopcommerce.user.User_07_Order] - Order_04: Step 07: Verify Shopping cart page is displayed
[05-02-2024 00:20:57.526 INFO com.nopcommerce.user.User_07_Order] -  -------------------------- PASSED -------------------------- 
[05-02-2024 00:20:57.526 INFO com.nopcommerce.user.User_07_Order] - Order_04: Step 08: Update product quantity is '5'
[05-02-2024 00:20:57.674 INFO com.nopcommerce.user.User_07_Order] - Order_04: Step 09: Click to 'Update shopping cart' button
[05-02-2024 00:20:58.068 INFO com.nopcommerce.user.User_07_Order] - Order_04: Step 10: Verify product price is updated with value '$2,500.00'
[05-02-2024 00:20:58.128 INFO com.nopcommerce.user.User_07_Order] -  -------------------------- PASSED -------------------------- 
[05-02-2024 00:20:58.137 INFO com.nopcommerce.user.User_07_Order] - Order_05: Step 01: Click to 'Remove' product 'secondDesktopsProduct'
[05-02-2024 00:20:58.534 INFO com.nopcommerce.user.User_07_Order] - Order_05: Step 02: Verify message is 'Your Shopping Cart is empty!' displayed
[05-02-2024 00:20:58.581 INFO com.nopcommerce.user.User_07_Order] -  -------------------------- PASSED -------------------------- 
[05-02-2024 00:20:58.581 INFO com.nopcommerce.user.User_07_Order] - Order_05: Step 03: Click To Product Catelogies on Top Menu: Computers/Notebooks
[05-02-2024 00:21:01.273 INFO com.nopcommerce.user.User_07_Order] - Order_05: Step 04: Click to product name with value is 'Apple MacBook Pro 13-inch'
[05-02-2024 00:21:01.694 INFO com.nopcommerce.user.User_07_Order] - Order_05: Step 05: Click to 'Add To Cart' button at product detail page
[05-02-2024 00:21:01.772 INFO com.nopcommerce.user.User_07_Order] - Order_05: Step 06: Verify add to cart success message displayed
[05-02-2024 00:21:02.054 INFO com.nopcommerce.user.User_07_Order] -  -------------------------- PASSED -------------------------- 
[05-02-2024 00:21:02.054 INFO com.nopcommerce.user.User_07_Order] - Order_05: Step 07: Close success message
[05-02-2024 00:21:05.141 INFO com.nopcommerce.user.User_07_Order] - Order_05: Step 08: Open Shopping cart at header
[05-02-2024 00:21:05.643 INFO com.nopcommerce.user.User_07_Order] - Order_05: Step 09: Select item in 'Gift wrapping' dropdown is 'No'
[05-02-2024 00:21:05.731 INFO com.nopcommerce.user.User_07_Order] - Order_05: Step 10: Check to 'Terms of Service' checkbox
[05-02-2024 00:21:05.889 INFO com.nopcommerce.user.User_07_Order] - Order_05: Step 11: Click to 'Checkout' button
[05-02-2024 00:21:06.793 INFO com.nopcommerce.user.User_07_Order] - Order_05: Step 12: Uncheck to 'ShipToSameAddress' checkbox
[05-02-2024 00:21:07.519 INFO com.nopcommerce.user.User_07_Order] - Order_05: Step 13: Input to 'Billing address' form
[05-02-2024 00:21:09.253 INFO com.nopcommerce.user.User_07_Order] - Order_05: Step 14: Click to 'Continue' button at billing
[05-02-2024 00:21:09.335 INFO com.nopcommerce.user.User_07_Order] - Order_05: Step 15: Select 'Shipping address' method
[05-02-2024 00:21:09.729 INFO com.nopcommerce.user.User_07_Order] - Order_05: Step 16: Input to 'Shipping address' form
[05-02-2024 00:21:11.340 INFO com.nopcommerce.user.User_07_Order] - Order_05: Step 17: Click to 'Continue' button at Shipping address
[05-02-2024 00:21:11.441 INFO com.nopcommerce.user.User_07_Order] - Order_05: Step 18: Check to Radio button in 'Shipping method' with label is 'Ground ($0.00)'
[05-02-2024 00:21:11.809 INFO com.nopcommerce.user.User_07_Order] - Order_05: Step 19: Click to 'Continue' button at Shipping address
[05-02-2024 00:21:11.970 INFO com.nopcommerce.user.User_07_Order] - Order_05: Step 20: Check to Radio button in 'Payment method' with label is 'Check / MoneyOrder'
[05-02-2024 00:21:12.258 INFO com.nopcommerce.user.User_07_Order] - Order_05: Step 21: Click to 'Continue' button at Payment method
[05-02-2024 00:21:12.402 INFO com.nopcommerce.user.User_07_Order] - Order_05: Step 22: Verify Address shipping information
[05-02-2024 00:21:12.763 INFO com.nopcommerce.user.User_07_Order] -  -------------------------- PASSED -------------------------- 
[05-02-2024 00:21:12.763 INFO com.nopcommerce.user.User_07_Order] - Order_05: Step 23: Click to 'Continue' button at Payment information
[05-02-2024 00:21:12.874 INFO com.nopcommerce.user.User_07_Order] - Order_05: Step 24: Verify 'Billing Address' order infor
[05-02-2024 00:21:13.172 INFO com.nopcommerce.user.User_07_Order] -  -------------------------- PASSED -------------------------- 
[05-02-2024 00:21:13.251 INFO com.nopcommerce.user.User_07_Order] -  -------------------------- PASSED -------------------------- 
[05-02-2024 00:21:13.349 INFO com.nopcommerce.user.User_07_Order] -  -------------------------- PASSED -------------------------- 
[05-02-2024 00:21:13.465 INFO com.nopcommerce.user.User_07_Order] -  -------------------------- PASSED -------------------------- 
[05-02-2024 00:21:13.584 INFO com.nopcommerce.user.User_07_Order] -  -------------------------- PASSED -------------------------- 
[05-02-2024 00:21:13.691 INFO com.nopcommerce.user.User_07_Order] -  -------------------------- PASSED -------------------------- 
[05-02-2024 00:21:13.798 INFO com.nopcommerce.user.User_07_Order] -  -------------------------- PASSED -------------------------- 
[05-02-2024 00:21:13.798 INFO com.nopcommerce.user.User_07_Order] - Order_05: Step 25: Verify 'Shipping Address' order infor
[05-02-2024 00:21:13.908 INFO com.nopcommerce.user.User_07_Order] -  -------------------------- PASSED -------------------------- 
[05-02-2024 00:21:14.014 INFO com.nopcommerce.user.User_07_Order] -  -------------------------- PASSED -------------------------- 
[05-02-2024 00:21:14.123 INFO com.nopcommerce.user.User_07_Order] -  -------------------------- PASSED -------------------------- 
[05-02-2024 00:21:14.219 INFO com.nopcommerce.user.User_07_Order] -  -------------------------- PASSED -------------------------- 
[05-02-2024 00:21:14.323 INFO com.nopcommerce.user.User_07_Order] -  -------------------------- PASSED -------------------------- 
[05-02-2024 00:21:14.422 INFO com.nopcommerce.user.User_07_Order] -  -------------------------- PASSED -------------------------- 
[05-02-2024 00:21:14.478 INFO com.nopcommerce.user.User_07_Order] -  -------------------------- PASSED -------------------------- 
[05-02-2024 00:21:14.478 INFO com.nopcommerce.user.User_07_Order] - Order_05: Step 26: Verify 'Payment Method' oder infor
[05-02-2024 00:21:14.590 INFO com.nopcommerce.user.User_07_Order] -  -------------------------- PASSED -------------------------- 
[05-02-2024 00:21:14.590 INFO com.nopcommerce.user.User_07_Order] - Order_05: Step 27: Verify 'Shipping Method' oder infor
[05-02-2024 00:21:14.701 INFO com.nopcommerce.user.User_07_Order] -  -------------------------- PASSED -------------------------- 
[05-02-2024 00:21:14.702 INFO com.nopcommerce.user.User_07_Order] - Order_05: Step 27: Verify The product order infor
[05-02-2024 00:21:14.825 INFO com.nopcommerce.user.User_07_Order] -  -------------------------- PASSED -------------------------- 
[05-02-2024 00:21:14.928 INFO com.nopcommerce.user.User_07_Order] -  -------------------------- PASSED -------------------------- 
[05-02-2024 00:21:15.062 INFO com.nopcommerce.user.User_07_Order] -  -------------------------- PASSED -------------------------- 
[05-02-2024 00:21:15.169 INFO com.nopcommerce.user.User_07_Order] -  -------------------------- PASSED -------------------------- 
[05-02-2024 00:21:15.293 INFO com.nopcommerce.user.User_07_Order] -  -------------------------- PASSED -------------------------- 
[05-02-2024 00:21:15.293 INFO com.nopcommerce.user.User_07_Order] - Order_05:  Step 28: Verify The sumary price order list
[05-02-2024 00:21:15.397 INFO com.nopcommerce.user.User_07_Order] -  -------------------------- PASSED -------------------------- 
[05-02-2024 00:21:15.507 INFO com.nopcommerce.user.User_07_Order] -  -------------------------- PASSED -------------------------- 
[05-02-2024 00:21:15.607 INFO com.nopcommerce.user.User_07_Order] -  -------------------------- PASSED -------------------------- 
[05-02-2024 00:21:15.710 INFO com.nopcommerce.user.User_07_Order] -  -------------------------- PASSED -------------------------- 
[05-02-2024 00:21:15.710 INFO com.nopcommerce.user.User_07_Order] - Order_05: Step 29: Click to 'Confirm' button
[05-02-2024 00:21:15.905 INFO com.nopcommerce.user.User_07_Order] - Order_05: Step 30: Verify Product order completed infor
[05-02-2024 00:21:18.048 INFO com.nopcommerce.user.User_07_Order] -  -------------------------- PASSED -------------------------- 
[05-02-2024 00:21:18.157 INFO com.nopcommerce.user.User_07_Order] -  -------------------------- PASSED -------------------------- 
[05-02-2024 00:21:18.377 INFO com.nopcommerce.user.User_07_Order] -  -------------------------- PASSED -------------------------- 
[05-02-2024 00:21:18.378 INFO com.nopcommerce.user.User_07_Order] - Order_05: Step 31: Click to Oder Completed 'Continue' button
[05-02-2024 00:21:18.853 INFO com.nopcommerce.user.User_07_Order] - Order_05: Step 32: Click to 'My Account' link
[05-02-2024 00:21:19.241 INFO com.nopcommerce.user.User_07_Order] - Order_05: Step 33: Navigate to 'Orders' area at My Account page
[05-02-2024 00:21:19.631 INFO com.nopcommerce.user.User_07_Order] - Order_05: Step 34: Verify text 'Order Number: 1040' displayed
[05-02-2024 00:21:19.728 INFO com.nopcommerce.user.User_07_Order] - Order_05: Step 35: Click to 'Details' button
[05-02-2024 00:21:20.200 INFO com.nopcommerce.user.User_07_Order] - Order_05: Step 36: Verify 'order-overview' infor
[05-02-2024 00:21:20.247 INFO com.nopcommerce.user.User_07_Order] -  -------------------------- PASSED -------------------------- 
[05-02-2024 00:21:20.309 INFO com.nopcommerce.user.User_07_Order] -  -------------------------- PASSED -------------------------- 
[05-02-2024 00:21:20.400 INFO com.nopcommerce.user.User_07_Order] -  -------------------------- PASSED -------------------------- 
[05-02-2024 00:21:20.496 INFO com.nopcommerce.user.User_07_Order] -  -------------------------- PASSED -------------------------- 
[05-02-2024 00:21:20.496 INFO com.nopcommerce.user.User_07_Order] - Order_05: Step 37: Verify 'Billing Address' order infor
[05-02-2024 00:21:20.594 INFO com.nopcommerce.user.User_07_Order] -  -------------------------- PASSED -------------------------- 
[05-02-2024 00:21:20.704 INFO com.nopcommerce.user.User_07_Order] -  -------------------------- PASSED -------------------------- 
[05-02-2024 00:21:20.819 INFO com.nopcommerce.user.User_07_Order] -  -------------------------- PASSED -------------------------- 
[05-02-2024 00:21:20.926 INFO com.nopcommerce.user.User_07_Order] -  -------------------------- PASSED -------------------------- 
[05-02-2024 00:21:21.035 INFO com.nopcommerce.user.User_07_Order] -  -------------------------- PASSED -------------------------- 
[05-02-2024 00:21:21.145 INFO com.nopcommerce.user.User_07_Order] -  -------------------------- PASSED -------------------------- 
[05-02-2024 00:21:21.250 INFO com.nopcommerce.user.User_07_Order] -  -------------------------- PASSED -------------------------- 
[05-02-2024 00:21:21.250 INFO com.nopcommerce.user.User_07_Order] - Order_05: Step 38: Verify 'Shipping Address' order infor
[05-02-2024 00:21:21.357 INFO com.nopcommerce.user.User_07_Order] -  -------------------------- PASSED -------------------------- 
[05-02-2024 00:21:21.454 INFO com.nopcommerce.user.User_07_Order] -  -------------------------- PASSED -------------------------- 
[05-02-2024 00:21:21.556 INFO com.nopcommerce.user.User_07_Order] -  -------------------------- PASSED -------------------------- 
[05-02-2024 00:21:21.658 INFO com.nopcommerce.user.User_07_Order] -  -------------------------- PASSED -------------------------- 
[05-02-2024 00:21:21.745 INFO com.nopcommerce.user.User_07_Order] -  -------------------------- PASSED -------------------------- 
[05-02-2024 00:21:21.848 INFO com.nopcommerce.user.User_07_Order] -  -------------------------- PASSED -------------------------- 
[05-02-2024 00:21:21.955 INFO com.nopcommerce.user.User_07_Order] -  -------------------------- PASSED -------------------------- 
[05-02-2024 00:21:21.955 INFO com.nopcommerce.user.User_07_Order] - Order_05: Step 39: Verify 'Payment Method' oder infor
[05-02-2024 00:21:22.062 INFO com.nopcommerce.user.User_07_Order] -  -------------------------- PASSED -------------------------- 
[05-02-2024 00:21:22.174 INFO com.nopcommerce.user.User_07_Order] -  -------------------------- PASSED -------------------------- 
[05-02-2024 00:21:22.174 INFO com.nopcommerce.user.User_07_Order] - Order_05: Step 40: Verify 'Shipping Method' oder infor
[05-02-2024 00:21:22.282 INFO com.nopcommerce.user.User_07_Order] -  -------------------------- PASSED -------------------------- 
[05-02-2024 00:21:22.388 INFO com.nopcommerce.user.User_07_Order] -  -------------------------- PASSED -------------------------- 
[05-02-2024 00:21:22.388 INFO com.nopcommerce.user.User_07_Order] - Order_05: Step 41: Verify The product order infor
[05-02-2024 00:21:22.522 INFO com.nopcommerce.user.User_07_Order] -