[26-01-2024 21:52:18.603 INFO com.nopcommerce.common.Common_01_Register_Cookies] - Pre-Condition - Step 01: Navigate to 'Register' page
[26-01-2024 21:52:19.647 INFO com.nopcommerce.common.Common_01_Register_Cookies] - Pre-Condition - Step 02: Enter to Firstname textbox with value is 'Alva'
[26-01-2024 21:52:19.768 INFO com.nopcommerce.common.Common_01_Register_Cookies] - Pre-Condition - Step 03: Enter to Lastname textbox with value is 'Durgan'
[26-01-2024 21:52:19.897 INFO com.nopcommerce.common.Common_01_Register_Cookies] - Pre-Condition - Step 04: Enter to Email textbox with value is 'carie.roberts@yahoo.com'
[26-01-2024 21:52:20.033 INFO com.nopcommerce.common.Common_01_Register_Cookies] - Pre-Condition - Step 05: Enter to Password textbox with value is 'M#hp1pYPc0#'
[26-01-2024 21:52:20.159 INFO com.nopcommerce.common.Common_01_Register_Cookies] - Pre-Condition - Step 06: Enter to Confirm password textbox with value is 'M#hp1pYPc0#'
[26-01-2024 21:52:20.276 INFO com.nopcommerce.common.Common_01_Register_Cookies] - Pre-Condition - Step 07: Enter to 'Register' button
[26-01-2024 21:52:20.905 INFO com.nopcommerce.common.Common_01_Register_Cookies] - Pre-Condition - Step 08: Verify success message is displayed
[26-01-2024 21:52:20.958 INFO com.nopcommerce.common.Common_01_Register_Cookies] -  -------------------------- PASSED -------------------------- 
[26-01-2024 21:52:20.958 INFO com.nopcommerce.common.Common_01_Register_Cookies] - Pre-Condition - Step 09: Click to Logout link
[26-01-2024 21:52:21.318 INFO com.nopcommerce.common.Common_01_Register_Cookies] - Pre-Condition - Step 10: Navigate to Login page
[26-01-2024 21:52:22.017 INFO com.nopcommerce.common.Common_01_Register_Cookies] - Pre-Condition - Step 11: Enter to Email textbox with value is 'carie.roberts@yahoo.com'
[26-01-2024 21:52:22.136 INFO com.nopcommerce.common.Common_01_Register_Cookies] - Pre-Condition - Step 12: Enter to Password textbox with value is 'M#hp1pYPc0#'
[26-01-2024 21:52:22.224 INFO com.nopcommerce.common.Common_01_Register_Cookies] - Pre-Condition - Step 13: Click to Login button
[26-01-2024 21:52:22.918 INFO com.nopcommerce.user.User_07_Order] - Pre-Condition - Step 01: Open browser 'CHROME'
[26-01-2024 21:52:24.606 INFO com.nopcommerce.user.User_07_Order] - Pre-condition - Step 02: Navigate to Login page
[26-01-2024 21:52:25.546 INFO com.nopcommerce.user.User_07_Order] - Pre-condition - Step 03: Set cookie and reload page
[26-01-2024 21:52:28.953 INFO com.nopcommerce.user.User_07_Order] - Pre-Condition - Step 04: Verify Home page Displayed
[26-01-2024 21:52:29.040 INFO com.nopcommerce.user.User_07_Order] - Order_01: Step 01: Click To Product Catelogies on Top Menu: Computers/Desktops
[26-01-2024 21:52:31.643 INFO com.nopcommerce.user.User_07_Order] - Order_01: Step 02: Click to product name with value is 'Build your own computer'
[26-01-2024 21:52:32.186 INFO com.nopcommerce.user.User_07_Order] - Order_01: Step 03: Select item in 'Processor' dropdown is '2.5 GHz Intel Pentium Dual-Core E2200 [+$15.00]'
[26-01-2024 21:52:32.273 INFO com.nopcommerce.user.User_07_Order] - Order_01: Step 04: Select item in 'RAM' dropdown is '8GB [+$60.00]'
[26-01-2024 21:52:32.381 INFO com.nopcommerce.user.User_07_Order] - Order_01: Step 05: Select item in 'HDD' radio button is '400 GB [+$100.00]'
[26-01-2024 21:52:32.463 INFO com.nopcommerce.user.User_07_Order] - Order_01: Step 06: Select item in 'OS' radio button is 'Vista Premium [+$60.00]'
[26-01-2024 21:52:32.538 INFO com.nopcommerce.user.User_07_Order] - Order_01: Step 07: Select item all value at 'Software' checkbox
[26-01-2024 21:52:32.789 INFO com.nopcommerce.user.User_07_Order] - Order_01: Step 08: Get value of price is null
[26-01-2024 21:52:35.856 INFO com.nopcommerce.user.User_07_Order] - Order_01: Step 09: Click to 'Add to cart' button
[26-01-2024 21:52:35.929 INFO com.nopcommerce.user.User_07_Order] - Order_01: Step 10: Verify add to cart success message displayed
[26-01-2024 21:52:36.248 INFO com.nopcommerce.user.User_07_Order] -  -------------------------- PASSED -------------------------- 
[26-01-2024 21:52:36.248 INFO com.nopcommerce.user.User_07_Order] - Order_01: Step 11: Close success message
[26-01-2024 21:52:39.338 INFO com.nopcommerce.user.User_07_Order] - Order_01: Step 12: Verify Shopping cart quantity is updated (1)
[26-01-2024 21:52:39.387 INFO com.nopcommerce.user.User_07_Order] -  -------------------------- PASSED -------------------------- 
[26-01-2024 21:52:39.526 INFO com.nopcommerce.user.User_07_Order] -  -------------------------- PASSED -------------------------- 
[26-01-2024 21:52:39.526 INFO com.nopcommerce.user.User_07_Order] - Order_01: Step 13: Verify the product is displayed in mini shopping cart
[26-01-2024 21:52:42.902 INFO com.nopcommerce.user.User_07_Order] -  -------------------------- PASSED -------------------------- 
[26-01-2024 21:52:43.028 INFO com.nopcommerce.user.User_07_Order] -  -------------------------- PASSED -------------------------- 
[26-01-2024 21:52:43.160 INFO com.nopcommerce.user.User_07_Order] -  -------------------------- PASSED -------------------------- 
[26-01-2024 21:52:43.263 INFO com.nopcommerce.user.User_07_Order] -  -------------------------- PASSED -------------------------- 
[26-01-2024 21:52:43.396 INFO com.nopcommerce.user.User_07_Order] -  -------------------------- PASSED -------------------------- 
[26-01-2024 21:52:43.522 INFO com.nopcommerce.user.User_07_Order] -  -------------------------- PASSED -------------------------- 
[26-01-2024 21:52:43.632 INFO com.nopcommerce.user.User_07_Order] - Order_02: Step 01: Open Shopping cart at header
[26-01-2024 21:52:44.204 INFO com.nopcommerce.user.User_07_Order] - Order_02: Step 02: Verify Shopping cart page is displayed
[26-01-2024 21:52:44.272 INFO com.nopcommerce.user.User_07_Order] -  -------------------------- PASSED -------------------------- 
[26-01-2024 21:52:44.273 INFO com.nopcommerce.user.User_07_Order] - Order_02: Step 03: Click to 'Edit' link
[26-01-2024 21:52:44.651 INFO com.nopcommerce.user.User_07_Order] - Order_02: Step 04: Select item in 'Processor' dropdown is '2.2 GHz Intel Pentium Dual-Core E2200'
[26-01-2024 21:52:44.768 INFO com.nopcommerce.user.User_07_Order] - Order_02: Step 05: Select item in 'RAM' dropdown is '4GB [+$20.00]'
[26-01-2024 21:52:44.905 INFO com.nopcommerce.user.User_07_Order] - Order_02: Step 06: Select item in 'HDD' radio button is '320 GB'
[26-01-2024 21:52:45.026 INFO com.nopcommerce.user.User_07_Order] - Order_02: Step 07: Select item in 'OS' radio button is 'Vista Home [+$50.00]'
[26-01-2024 21:52:45.158 INFO com.nopcommerce.user.User_07_Order] - Order_02: Step 08: Select item all value at 'Software' checkbox
[26-01-2024 21:52:45.618 INFO com.nopcommerce.user.User_07_Order] - Order_02: Step 09: Verify product price is updated with value '$1,320.00'
[26-01-2024 21:52:48.724 INFO com.nopcommerce.user.User_07_Order] -  -------------------------- PASSED -------------------------- 
[26-01-2024 21:52:48.724 INFO com.nopcommerce.user.User_07_Order] - Order_02: Step 10: Get value of price is $1,500.00
[26-01-2024 21:52:48.814 INFO com.nopcommerce.user.User_07_Order] - Order_02: Step 11: Edit product quantiny is 2
[26-01-2024 21:52:48.997 INFO com.nopcommerce.user.User_07_Order] - Order_02: Step 12: Click to 'Update' button
[26-01-2024 21:52:49.135 INFO com.nopcommerce.user.User_07_Order] - Order_02: Step 13: Verify add to cart success message displayed
[26-01-2024 21:52:49.490 INFO com.nopcommerce.user.User_07_Order] -  -------------------------- PASSED -------------------------- 
[26-01-2024 21:52:49.490 INFO com.nopcommerce.user.User_07_Order] - Order_02: Step 14: Close success message
[26-01-2024 21:52:52.606 INFO com.nopcommerce.user.User_07_Order] - Order_02: Step 15: Verify Shopping cart quantity is updated (2)
[26-01-2024 21:52:52.649 INFO com.nopcommerce.user.User_07_Order] -  -------------------------- PASSED -------------------------- 
[26-01-2024 21:52:52.748 INFO com.nopcommerce.user.User_07_Order] -  -------------------------- PASSED -------------------------- 
[26-01-2024 21:52:52.748 I