[06-01-2024 19:02:45.011 INFO com.nopcommerce.common.Common_01_Register_Cookies] - Pre-Condition - Step 01: Navigate to 'Register' page
[06-01-2024 19:02:45.555 INFO com.nopcommerce.common.Common_01_Register_Cookies] - Pre-Condition - Step 02: Enter to Firstname textbox with value is 'Adelaida'
[06-01-2024 19:02:45.704 INFO com.nopcommerce.common.Common_01_Register_Cookies] - Pre-Condition - Step 03: Enter to Lastname textbox with value is 'Hansen'
[06-01-2024 19:02:45.830 INFO com.nopcommerce.common.Common_01_Register_Cookies] - Pre-Condition - Step 04: Enter to Email textbox with value is 'adalberto.hane@hotmail.com'
[06-01-2024 19:02:45.997 INFO com.nopcommerce.common.Common_01_Register_Cookies] - Pre-Condition - Step 05: Enter to Password textbox with value is 'i$4pr$*T6X5'
[06-01-2024 19:02:46.147 INFO com.nopcommerce.common.Common_01_Register_Cookies] - Pre-Condition - Step 06: Enter to Confirm password textbox with value is 'i$4pr$*T6X5'
[06-01-2024 19:02:46.286 INFO com.nopcommerce.common.Common_01_Register_Cookies] - Pre-Condition - Step 07: Enter to 'Register' button
[06-01-2024 19:02:47.131 INFO com.nopcommerce.common.Common_01_Register_Cookies] - Pre-Condition - Step 08: Verify success message is displayed
[06-01-2024 19:02:47.188 INFO com.nopcommerce.common.Common_01_Register_Cookies] -  -------------------------- PASSED -------------------------- 
[06-01-2024 19:02:47.189 INFO com.nopcommerce.common.Common_01_Register_Cookies] - Pre-Condition - Step 09: Click to Logout link
[06-01-2024 19:02:47.613 INFO com.nopcommerce.common.Common_01_Register_Cookies] - Pre-Condition - Step 10: Navigate to Login page
[06-01-2024 19:02:49.781 INFO com.nopcommerce.common.Common_01_Register_Cookies] - Pre-Condition - Step 11: Enter to Email textbox with value is 'adalberto.hane@hotmail.com'
[06-01-2024 19:02:49.952 INFO com.nopcommerce.common.Common_01_Register_Cookies] - Pre-Condition - Step 12: Enter to Password textbox with value is 'i$4pr$*T6X5'
[06-01-2024 19:02:50.099 INFO com.nopcommerce.common.Common_01_Register_Cookies] - Pre-Condition - Step 13: Click to Login button
[06-01-2024 19:02:51.618 INFO com.nopcommerce.user.User_05_Sort_Display_Paging] - Pre-Condition - Step 01: Open browser 'CHROME'
[06-01-2024 19:02:53.400 INFO com.nopcommerce.user.User_05_Sort_Display_Paging] - Pre-condition - Step 02: Navigate to Login page
[06-01-2024 19:02:54.480 INFO com.nopcommerce.user.User_05_Sort_Display_Paging] - Pre-condition - Step 03: Set cookie and reload page
[06-01-2024 19:02:57.906 INFO com.nopcommerce.user.User_05_Sort_Display_Paging] - Pre-Condition - Step 04: Verify Home page Displayed
[06-01-2024 19:02:58.000 INFO com.nopcommerce.user.User_05_Sort_Display_Paging] - Sort_Display_01 - Step 01: Click To Product Catelogies on Top Menu: Computers/Notebooks
[06-01-2024 19:03:00.635 INFO com.nopcommerce.user.User_05_Sort_Display_Paging] - Sort_Display_01: Step 02: Click To 'Sort by' dropdown
[06-01-2024 19:03:00.802 INFO com.nopcommerce.user.User_05_Sort_Display_Paging] - Sort_Display_01: Step 03: Click To 'Display per page' dropdown
[06-01-2024 19:03:00.914 INFO com.nopcommerce.user.User_05_Sort_Display_Paging] - Sort_Display_01: Step 04: Products names are sorted in ascending Order
[06-01-2024 19:03:00.991 INFO com.nopcommerce.user.User_05_Sort_Display_Paging] -  -------------------------- PASSED -------------------------- 
[06-01-2024 19:03:01.049 INFO com.nopcommerce.user.User_05_Sort_Display_Paging] - Sort_Display_02 - Step 01: Click To Product Catelogies on Top Menu: Computers/Notebooks
[06-01-2024 19:03:03.658 INFO com.nopcommerce.user.User_05_Sort_Display_Paging] - Sort_Display_02: Step 02: Click To 'Sort by' dropdown
[06-01-2024 19:03:03.805 INFO com.nopcommerce.user.User_05_Sort_Display_Paging] - Sort_Display_02: Step 03: Click To 'Display per page' dropdown
[06-01-2024 19:03:03.906 INFO com.nopcommerce.user.User_05_Sort_Display_Paging] - Sort_Display_02: Step 04: Products names are sorted in ascending Order
[06-01-2024 19:03:05.988 INFO com.nopcommerce.user.User_05_Sort_Display_Paging] -  -------------------------- PASSED -------------------------- 
[06-01-2024 19:03:06.000 INFO com.nopcommerce.user.User_05_Sort_Display_Paging] - Sort_Display_03 - Step 01: Click To Product Catelogies on Top Menu: Computers/Notebooks
[06-01-2024 19:03:08.864 INFO com.nopcommerce.user.User_05_Sort_Display_Paging] - Sort_Display_03: Step 02: Click To 'Sort by' dropdown
[06-01-2024 19:03:08.981 INFO com.nopcommerce.user.User_05_Sort_Display_Paging] - Sort_Display_03: Step 03: Click To 'Display per page' dropdown
[06-01-2024 19:03:09.088 INFO com.nopcommerce.user.User_05_Sort_Display_Paging] - Sort_Display_03: Step 04: Products price is sorted in ascending Order
[06-01-2024 19:03:11.162 INFO com.nopcommerce.user.User_05_Sort_Display_Paging] -  -------------------------- PASSED -------------------------- 
[06-01-2024 19:03:11.168 INFO com.nopcommerce.user.User_05_Sort_Display_Paging] - Sort_Display_04 - Step 01: Click To Product Catelogies on Top Menu: Computers/Notebooks
[06-01-2024 19:03:13.817 INFO com.nopcommerce.user.User_05_Sort_Display_Paging] - Sort_Display_04: Step 02: Click To 'Sort by' dropdown
[06-01-2024 19:03:13.963 INFO com.nopcommerce.user.User_05_Sort_Display_Paging] - Sort_Display_04: Step 03: Click To 'Display per page' dropdown
[06-01-2024 19:03:14.129 INFO com.nopcommerce.user.User_05_Sort_Display_Paging] - Sort_Display_04: Step 04: Products price is sorted in descending Order
[06-01-2024 19:03:16.184 INFO com.nopcommerce.user.User_05_Sort_Display_Paging] -  -------------------------- PASSED -------------------------- 
[06-01-2024 19:03:16.188 INFO com.nopcommerce.user.User_05_Sort_Display_Paging] - Sort_Display_05 - Step 01: Click To Product Catelogies on Top Menu: Computers/Notebooks
[06-01-2024 19:03:18.741 INFO com.nopcommerce.user.User_05_Sort_Display_Paging] - Sort_Display_05: Step 02: Click To 'Display per page' dropdown
[06-01-2024 19:03:18.868 INFO com.nopcommerce.user.User_05_Sort_Display_Paging] - Sort_Display_05: Step 03: Verify Product page size is correct
[06-01-2024 19:03:20.995 INFO com.nopcommerce.user.User_05_Sort_Display_Paging] -  -------------------------- PASSED -------------------------- 
[06-01-2024 19:03:20.995 INFO com.nopcommerce.user.User_05_Sort_Display_Paging] - Sort_Display_05: Step 04: Verify pagination is dispalyed
[06-01-2024 19:03:21.057 INFO com.nopcommerce.user.User_05_Sort_Display_Paging] -  -------------------------- PASSED -------------------------- 
[06-01-2024 19:03:21.058 INFO com.nopcommerce.user.User_05_Sort_Display_Paging] - Sort_Display_05: Step 05: Verify pagination next icon is dispalyed
[06-01-2024 19:03:21.121 INFO com.nopcommerce.user.User_05_Sort_Display_Paging] -  -------------------------- PASSED -------------------------- 
[06-01-2024 19:03:21.122 INFO com.nopcommerce.user.User_05_Sort_Display_Paging] - TC_05_Display: Step 06: Click To Page 2 link
[06-01-2024 19:03:21.224 INFO com.nopcommerce.user.User_05_Sort_Display_Paging] - TC_05_Display: Step 07: Verify pagination Previous icon is dispalyed
[06-01-2024 19:03:21.554 INFO com.nopcommerce.user.User_05_Sort_Display_Paging] -  -------------------------- PASSED -------------------------- 
[06-01-2024 19:03:21.558 INFO com.nopcommerce.user.User_05_Sort_Display_Paging] - Sort_Display_06 - Step 01: Click To Product Catelogies on Top Menu: Computers/Notebooks
[06-01-2024 19:03:24.062 INFO com.nopcommerce.user.User_05_Sort_Display_Paging] - Sort_Display_06: Step 02: Click To 'Display per page' dropdown
[06-01-2024 19:03:24.173 INFO com.nopcommerce.user.User_05_Sort_Display_Paging] - Sort_Display_06: Step 03: Verify product number displayed is correct
[06-01-2024 19:03:26.321 INFO com.nopcommerce.user.User_05_Sort_Display_Paging] -  -------------------------- PASSED -------------------------- 
[06-01-2024 19:03:26.322 INFO com.nopcommerce.user.User_05_Sort_Display_Paging] - Sort_Display_06: Step 04: Verify pagination is undispalyed
[06-01-2024 19:04:01.454 INFO com.nopcommerce.user.User_05_Sort_Display_Paging] -  -------------------------- PASSED -------------------------- 
[06