[23-11-2023 22:43:54.825 INFO com.wordpress.admin.Post_01_Create_Read_Update_Delete_Search] - Pre-Condition - Step 01: Open browser and admin url
[23-11-2023 22:43:57.382 INFO com.wordpress.admin.Post_01_Create_Read_Update_Delete_Search] - Pre-Condition - Step 02: Enter to Username textbox with value: automationfc
[23-11-2023 22:43:57.545 INFO com.wordpress.admin.Post_01_Create_Read_Update_Delete_Search] - Pre-Condition - Step 03: Enter to Password textbox with value: automationfc
[23-11-2023 22:43:57.647 INFO com.wordpress.admin.Post_01_Create_Read_Update_Delete_Search] - Pre-Condition - Step 04: Click to Login button
[23-11-2023 22:43:58.949 INFO com.wordpress.admin.Post_01_Create_Read_Update_Delete_Search] - Create_Post - Step 01: Click to 'Posts' menu link
[23-11-2023 22:43:59.719 INFO com.wordpress.admin.Post_01_Create_Read_Update_Delete_Search] - Create_Post - Step 02: Get 'Search Posts' page Url
[23-11-2023 22:43:59.722 INFO com.wordpress.admin.Post_01_Create_Read_Update_Delete_Search] - Create_Post - Step 03: Click to 'Add New' button
[23-11-2023 22:44:01.086 INFO com.wordpress.admin.Post_01_Create_Read_Update_Delete_Search] - Create_Post - Step 04: Enter to post title
[23-11-2023 22:44:01.375 INFO com.wordpress.admin.Post_01_Create_Read_Update_Delete_Search] - Create_Post - Step 05: Enter to post body
[23-11-2023 22:44:01.866 INFO com.wordpress.admin.Post_01_Create_Read_Update_Delete_Search] - Create_Post - Step 06: Click to 'Publish' button
[23-11-2023 22:44:02.203 INFO com.wordpress.admin.Post_01_Create_Read_Update_Delete_Search] - Create_Post - Step 07: Click to 'Pre Publish' button
[23-11-2023 22:44:02.301 INFO com.wordpress.admin.Post_01_Create_Read_Update_Delete_Search] - Create_Post - Step 08: Verify 'Post published.' message is displayed
[23-11-2023 22:44:03.692 INFO com.wordpress.admin.Post_01_Create_Read_Update_Delete_Search] -  -------------------------- PASSED -------------------------- 
[23-11-2023 22:44:03.734 INFO com.wordpress.admin.Post_01_Create_Read_Update_Delete_Search] - Search_Post - Step 01: Open 'Search Post' page
[23-11-2023 22:44:05.411 INFO com.wordpress.admin.Post_01_Create_Read_Update_Delete_Search] - Search_Post - Step 02: Enter to Search textbox
[23-11-2023 22:44:05.539 INFO com.wordpress.admin.Post_01_Create_Read_Update_Delete_Search] - Search_Post - Step 03: Click to 'Search Posts' button
[23-11-2023 22:44:06.703 INFO com.wordpress.admin.Post_01_Create_Read_Update_Delete_Search] - Search_Post - Step 04: Verify Search table contains 'Live Coding Title 1573'
[23-11-2023 22:44:06.780 INFO com.wordpress.admin.Post_01_Create_Read_Update_Delete_Search] -  -------------------------- PASSED -------------------------- 
[23-11-2023 22:44:06.780 INFO com.wordpress.admin.Post_01_Create_Read_Update_Delete_Search] - Search_Post - Step 05: Verify Search table contains 'Automation Admin'
[23-11-2023 22:44:06.857 INFO com.wordpress.admin.Post_01_Create_Read_Update_Delete_Search] -  -------------------------- PASSED -------------------------- 
[23-11-2023 22:44:06.857 INFO com.wordpress.admin.Post_01_Create_Read_Update_Delete_Search] - Search_Post - Step 06: Open End User site
[23-11-2023 22:44:07.489 INFO com.wordpress.admin.Post_01_Create_Read_Update_Delete_Search] - Search_Post - Step 07: Verify Post infor displayed at Home page
[23-11-2023 22:44:07.546 INFO com.wordpress.admin.Post_01_Create_Read_Update_Delete_Search] -  -------------------------- PASSED -------------------------- 
[23-11-2023 22:44:07.609 INFO com.wordpress.admin.Post_01_Create_Read_Update_Delete_Search] -  -------------------------- PASSED -------------------------- 
[23-11-2023 22:44:07.671 INFO com.wordpress.admin.Post_01_Create_Read_Update_Delete_Search] -  -------------------------- PASSED -------------------------- 
[23-11-2023 22:44:07.732 INFO com.wordpress.admin.Post_01_Create_Read_Update_Delete_Search] -  -------------------------- PASSED -------------------------- 
[23-11-2023 22:44:07.733 INFO com.wordpress.admin.Post_01_Create_Read_Update_Delete_Search] - Search_Post - Step 08: Click to Post title
[23-11-2023 22:44:08.308 INFO com.wordpress.admin.Post_01_Create_Read_Update_Delete_Search] - Search_Post - Step 09: Verify Post infor displayed at Post detail page
[23-11-2023 22:44:08.373 INFO com.wordpress.admin.Post_01_Create_Read_Update_Delete_Search] -  -------------------------- PASSED -------------------------- 
[23-11-2023 22:44:08.438 INFO com.wordpress.admin.Post_01_Create_Read_Update_Delete_Search] -  -------------------------- PASSED -------------------------- 
[23-11-2023 22:44:08.496 INFO com.wordpress.admin.Post_01_Create_Read_Update_Delete_Search] -  -------------------------- PASSED -------------------------- 
[23-11-2023 22:44:08.576 INFO com.wordpress.admin.Post_01_Create_Read_Update_Delete_Search] -  -------------------------- PASSED -------------------------- 
[23-11-2023 22:44:08.579 INFO com.wordpress.admin.Post_01_Create_Read_Update_Delete_Search] - Edit_Post - Step 01: Open Admin site
[23-11-2023 22:44:09.212 INFO com.wordpress.admin.Post_01_Create_Read_Update_Delete_Search] - Edit_Post - Step 02: Click to 'Posts' menu link
[23-11-2023 22:44:09.882 INFO com.wordpress.admin.Post_01_Create_Read_Update_Delete_Search] - Edit_Post - Step 03: Enter to Search textbox
[23-11-2023 22:44:09.999 INFO com.wordpress.admin.Post_01_Create_Read_Update_Delete_Search] - Edit_Post - Step 04: Click to 'Search Posts' button
[23-11-2023 22:44:11.131 INFO com.wordpress.admin.Post_01_Create_Read_Update_Delete_Search] - Edit_Post - Step 05: Click to Post title link and navigate to Edit Post page
[23-11-2023 22:44:12.260 INFO com.wordpress.admin.Post_01_Create_Read_Update_Delete_Search] - Edit_Post - Step 06: Enter to post title
[23-11-2023 22:44:12.508 INFO com.wordpress.admin.Post_01_Create_Read_Update_Delete_Search] - Edit_Post - Step 07: Enter to post body
[23-11-2023 22:44:12.957 INFO com.wordpress.admin.Post_01_Create_Read_Update_Delete_Search] - Edit_Post - Step 08: Click to 'Update' button
[23-11-2023 22:44:13.115 INFO com.wordpress.admin.Post_01_Create_Read_Update_Delete_Search] - Edit_Post - Step 09: Verify 'Post updated.' message is displayed
[23-11-2023 22:44:14.391 INFO com.wordpress.admin.Post_01_Create_Read_Update_Delete_Search] -  -------------------------- PASSED -------------------------- 
[23-11-2023 22:44:14.391 INFO com.wordpress.admin.Post_01_Create_Read_Update_Delete_Search] - Edit_Post - Step 10: Open 'Search Post' page
[23-11-2023 22:44:15.035 INFO com.wordpress.admin.Post_01_Create_Read_Update_Delete_Search] - Edit_Post - Step 11: Enter to Search textbox
[23-11-2023 22:44:15.145 INFO com.wordpress.admin.Post_01_Create_Read_Update_Delete_Search] - Edit_Post - Step 12: Click to 'Search Posts' button
[23-11-2023 22:44:16.281 INFO com.wordpress.admin.Post_01_Create_Read_Update_Delete_Search] - Edit_Post - Step 13: Verify Search table contains 'Edit title 1573'
[23-11-2023 22:44:16.364 INFO com.wordpress.admin.Post_01_Create_Read_Update_Delete_Search] -  -------------------------- PASSED -------------------------- 
[23-11-2023 22:44:16.366 INFO com.wordpress.admin.Post_01_Create_Read_Update_Delete_Search] - Edit_Post - Step 14: Verify Search table contains 'Automation Admin'
[23-11-2023 22:44:16.443 INFO com.wordpress.admin.Post_01_Create_Read_Update_Delete_Search] -  -------------------------- PASSED -------------------------- 
[23-11-2023 22:44:16.443 INFO com.wordpress.admin.Post_01_Create_Read_Update_Delete_Search] - Edit_Post - Step 15: Open End User site
[23-11-2023 22:44:16.968 INFO com.wordpress.admin.Post_01_Create_Read_Update_Delete_Search] - Edit_Post - Step 16: Verify Post infor displayed at Home page
[23-11-2023 22:44:17.027 INFO com.wordpress.admin.Post_01_Create_Read_Update_Delete_Search] -  -------------------------- PASSED -------------------------- 
[23-11-2023 22:44:17.085 INFO com.wordpress.admin.Post_01_Create_Read_Update_Delete_Search] -  -------------------------- PASSED -------------------------- 
[23-11-2023 22:44:17.149 INFO com.wordpress.admin.Post_01_Create_Read_Update_Delete_Search] -  -------------------------- PASSED ---------------