[13-01-2024 18:00:56.838 INFO com.nopcommerce.common.Common_01_Register_Cookies] - Pre-Condition - Step 01: Navigate to 'Register' page
[13-01-2024 18:00:59.324 INFO com.nopcommerce.common.Common_01_Register_Cookies] - Pre-Condition - Step 02: Enter to Firstname textbox with value is 'Sarah'
[13-01-2024 18:00:59.439 INFO com.nopcommerce.common.Common_01_Register_Cookies] - Pre-Condition - Step 03: Enter to Lastname textbox with value is 'Gibson'
[13-01-2024 18:00:59.569 INFO com.nopcommerce.common.Common_01_Register_Cookies] - Pre-Condition - Step 04: Enter to Email textbox with value is 'rey.beier@yahoo.com'
[13-01-2024 18:00:59.697 INFO com.nopcommerce.common.Common_01_Register_Cookies] - Pre-Condition - Step 05: Enter to Password textbox with value is 'w8at0Ik&'
[13-01-2024 18:00:59.816 INFO com.nopcommerce.common.Common_01_Register_Cookies] - Pre-Condition - Step 06: Enter to Confirm password textbox with value is 'w8at0Ik&'
[13-01-2024 18:00:59.919 INFO com.nopcommerce.common.Common_01_Register_Cookies] - Pre-Condition - Step 07: Enter to 'Register' button
[13-01-2024 18:01:00.545 INFO com.nopcommerce.common.Common_01_Register_Cookies] - Pre-Condition - Step 08: Verify success message is displayed
[13-01-2024 18:01:00.605 INFO com.nopcommerce.common.Common_01_Register_Cookies] -  -------------------------- PASSED -------------------------- 
[13-01-2024 18:01:00.606 INFO com.nopcommerce.common.Common_01_Register_Cookies] - Pre-Condition - Step 09: Click to Logout link
[13-01-2024 18:01:00.959 INFO com.nopcommerce.common.Common_01_Register_Cookies] - Pre-Condition - Step 10: Navigate to Login page
[13-01-2024 18:01:01.683 INFO com.nopcommerce.common.Common_01_Register_Cookies] - Pre-Condition - Step 11: Enter to Email textbox with value is 'rey.beier@yahoo.com'
[13-01-2024 18:01:01.804 INFO com.nopcommerce.common.Common_01_Register_Cookies] - Pre-Condition - Step 12: Enter to Password textbox with value is 'w8at0Ik&'
[13-01-2024 18:01:01.909 INFO com.nopcommerce.common.Common_01_Register_Cookies] - Pre-Condition - Step 13: Click to Login button
[13-01-2024 18:01:03.059 INFO com.nopcommerce.user.User_06_Wishlist_Compare_Recently_Viewed_Product] - Pre-Condition - Step 01: Open browser 'CHROME'
[13-01-2024 18:01:04.818 INFO com.nopcommerce.user.User_06_Wishlist_Compare_Recently_Viewed_Product] - Pre-condition - Step 02: Navigate to Login page
[13-01-2024 18:01:05.812 INFO com.nopcommerce.user.User_06_Wishlist_Compare_Recently_Viewed_Product] - Pre-condition - Step 03: Set cookie and reload page
[13-01-2024 18:01:09.206 INFO com.nopcommerce.user.User_06_Wishlist_Compare_Recently_Viewed_Product] - Pre-Condition - Step 04: Verify Home page Displayed
[13-01-2024 18:01:09.337 INFO com.nopcommerce.user.User_06_Wishlist_Compare_Recently_Viewed_Product] - Wishlist_01 - Step 01: Click To Product Catelogies on Top Menu: Computers/Notebooks
[13-01-2024 18:01:11.929 INFO com.nopcommerce.user.User_06_Wishlist_Compare_Recently_Viewed_Product] - Wishlist_01: Step 02: Click to product name with value is 'Apple MacBook Pro 13-inch'
[13-01-2024 18:01:12.454 INFO com.nopcommerce.user.User_06_Wishlist_Compare_Recently_Viewed_Product] - Wishlist_01: Step 03: Click To 'Add to wishlist' button
[13-01-2024 18:01:12.539 INFO com.nopcommerce.user.User_06_Wishlist_Compare_Recently_Viewed_Product] - Wishlist_01: Step 04: Verify add to wishlist success message displayed
[13-01-2024 18:01:12.837 INFO com.nopcommerce.user.User_06_Wishlist_Compare_Recently_Viewed_Product] -  -------------------------- PASSED -------------------------- 
[13-01-2024 18:01:12.837 INFO com.nopcommerce.user.User_06_Wishlist_Compare_Recently_Viewed_Product] - Wishlist_01: Step 05: Close success message
[13-01-2024 18:01:15.931 INFO com.nopcommerce.user.User_06_Wishlist_Compare_Recently_Viewed_Product] - Wishlist_01: Step 06: Navigate to 'Wishlist' page
[13-01-2024 18:01:16.447 INFO com.nopcommerce.user.User_06_Wishlist_Compare_Recently_Viewed_Product] - Wishlist_01: Step 07: Verify Wishlist page Displayed
[13-01-2024 18:01:16.480 INFO com.nopcommerce.user.User_06_Wishlist_Compare_Recently_Viewed_Product] -  -------------------------- PASSED -------------------------- 
[13-01-2024 18:01:16.546 INFO com.nopcommerce.user.User_06_Wishlist_Compare_Recently_Viewed_Product] -  -------------------------- PASSED -------------------------- 
[13-01-2024 18:01:16.546 INFO com.nopcommerce.user.User_06_Wishlist_Compare_Recently_Viewed_Product] - Wishlist_01: Step 08: Click to link 'Your wishlist URL for sharing'
[13-01-2024 18:01:16.902 INFO com.nopcommerce.user.User_06_Wishlist_Compare_Recently_Viewed_Product] - Wishlist_01: Step 09: Verify Wishlist share page is displayed
[13-01-2024 18:01:16.926 INFO com.nopcommerce.user.User_06_Wishlist_Compare_Recently_Viewed_Product] -  -------------------------- PASSED -------------------------- 
[13-01-2024 18:01:16.992 INFO com.nopcommerce.user.User_06_Wishlist_Compare_Recently_Viewed_Product] -  -------------------------- PASSED -------------------------- 
[13-01-2024 18:01:16.995 INFO com.nopcommerce.user.User_06_Wishlist_Compare_Recently_Viewed_Product] - Wishlist_02: Step 01: Click To HomePage icon
[13-01-2024 18:01:17.356 INFO com.nopcommerce.user.User_06_Wishlist_Compare_Recently_Viewed_Product] - Wishlist_02: Step 02: Navigate to 'Wishlist' page
[13-01-2024 18:01:17.719 INFO com.nopcommerce.user.User_06_Wishlist_Compare_Recently_Viewed_Product] - Wishlist_02: Step 03: Click to 'Add to cart' checkbox
[13-01-2024 18:01:17.799 INFO com.nopcommerce.user.User_06_Wishlist_Compare_Recently_Viewed_Product] - Wishlist_02: Step 04: Click to 'Add to cart' button
[13-01-2024 18:01:18.518 INFO com.nopcommerce.user.User_06_Wishlist_Compare_Recently_Viewed_Product] - Wishlist_02: Step 05: Verify Shopping cart page is displayed
[13-01-2024 18:01:18.588 INFO com.nopcommerce.user.User_06_Wishlist_Compare_Recently_Viewed_Product] -  -------------------------- PASSED -------------------------- 
[13-01-2024 18:01:18.588 INFO com.nopcommerce.user.User_06_Wishlist_Compare_Recently_Viewed_Product] - Wishlist_02: Step 06: Verify Wishlist quantity is updated (0)
[13-01-2024 18:01:18.637 INFO com.nopcommerce.user.User_06_Wishlist_Compare_Recently_Viewed_Product] -  -------------------------- PASSED -------------------------- 
[13-01-2024 18:01:18.637 INFO com.nopcommerce.user.User_06_Wishlist_Compare_Recently_Viewed_Product] - Wishlist_02: Step 07: Verify Shopping cart quantity is updated (2)
[13-01-2024 18:01:19.720 INFO com.nopcommerce.user.User_06_Wishlist_Compare_Recently_Viewed_Product] -  -------------------------- PASSED -------------------------- 
[13-01-2024 18:01:19.769 INFO com.nopcommerce.user.User_06_Wishlist_Compare_Recently_Viewed_Product] -  -------------------------- PASSED -------------------------- 
[13-01-2024 18:01:19.771 INFO com.nopcommerce.user.User_06_Wishlist_Compare_Recently_Viewed_Product] - Wishlist_03: Step 01: Click To HomePage icon
[13-01-2024 18:01:20.171 INFO com.nopcommerce.user.User_06_Wishlist_Compare_Recently_Viewed_Product] - Wishlist_03 - Step 02: Click To Product Catelogies on Top Menu: Computers/Notebooks
[13-01-2024 18:01:22.833 INFO com.nopcommerce.user.User_06_Wishlist_Compare_Recently_Viewed_Product] - Wishlist_03: Step 03: Click to product name with value is 'Apple MacBook Pro 13-inch'
[13-01-2024 18:01:23.218 INFO com.nopcommerce.user.User_06_Wishlist_Compare_Recently_Viewed_Product] - Wishlist_03: Step 04: Click To 'Add to wishlist' button
[13-01-2024 18:01:23.293 INFO com.nopcommerce.user.User_06_Wishlist_Compare_Recently_Viewed_Product] - Wishlist_03: Step 05: Verify add to wishlist success message displayed
[13-01-2024 18:01:24.115 INFO com.nopcommerce.user.User_06_Wishlist_Compare_Recently_Viewed_Product] -  -------------------------- PASSED -------------------------- 
[13-01-2024 18:01:24.116 INFO com.nopcommerce.user.User_06_Wishlist_Compare_Recently_Viewed_Product] - Wishlist_03: Step 06: Close success message
[13-01-2024 18:01:27.195 INFO com.nopcommerce.user.User_06_Wishlist_Compare_Recently_Viewed_Product] - Wishlist_03: Step 07: Navigate to 'Wishlist' page
[13-01-2024 18:0