[19-02-2024 21:04:33.451 INFO com.nopcommerce.common.Common_01_Register_Cookies] - Pre-Condition - Step 01: Navigate to 'Register' page
[19-02-2024 21:04:35.206 INFO com.nopcommerce.common.Common_01_Register_Cookies] - Pre-Condition - Step 02: Enter to Firstname textbox with value is 'Rocky'
[19-02-2024 21:04:35.321 INFO com.nopcommerce.common.Common_01_Register_Cookies] - Pre-Condition - Step 03: Enter to Lastname textbox with value is 'Baumbach'
[19-02-2024 21:04:35.407 INFO com.nopcommerce.common.Common_01_Register_Cookies] - Pre-Condition - Step 04: Enter to Email textbox with value is 'dallas.botsford@hotmail.com'
[19-02-2024 21:04:35.504 INFO com.nopcommerce.common.Common_01_Register_Cookies] - Pre-Condition - Step 05: Enter to Password textbox with value is '&vm412rh'
[19-02-2024 21:04:35.589 INFO com.nopcommerce.common.Common_01_Register_Cookies] - Pre-Condition - Step 06: Enter to Confirm password textbox with value is '&vm412rh'
[19-02-2024 21:04:35.672 INFO com.nopcommerce.common.Common_01_Register_Cookies] - Pre-Condition - Step 07: Enter to 'Register' button
[19-02-2024 21:04:36.375 INFO com.nopcommerce.common.Common_01_Register_Cookies] - Pre-Condition - Step 08: Verify success message is displayed
[19-02-2024 21:04:36.450 INFO com.nopcommerce.common.Common_01_Register_Cookies] -  -------------------------- PASSED -------------------------- 
[19-02-2024 21:04:36.450 INFO com.nopcommerce.common.Common_01_Register_Cookies] - Pre-Condition - Step 09: Click to Logout link
[19-02-2024 21:04:36.834 INFO com.nopcommerce.common.Common_01_Register_Cookies] - Pre-Condition - Step 10: Navigate to Login page
[19-02-2024 21:04:37.652 INFO com.nopcommerce.common.Common_01_Register_Cookies] - Pre-Condition - Step 11: Enter to Email textbox with value is 'dallas.botsford@hotmail.com'
[19-02-2024 21:04:37.763 INFO com.nopcommerce.common.Common_01_Register_Cookies] - Pre-Condition - Step 12: Enter to Password textbox with value is '&vm412rh'
[19-02-2024 21:04:37.846 INFO com.nopcommerce.common.Common_01_Register_Cookies] - Pre-Condition - Step 13: Click to Login button
[19-02-2024 21:04:39.840 INFO com.nopcommerce.user.User_07_Order] - Pre-Condition - Step 01: Open browser 'FIREFOX'
[19-02-2024 21:04:42.626 INFO com.nopcommerce.user.User_07_Order] - Pre-condition - Step 02: Navigate to Login page
[19-02-2024 21:04:43.778 INFO com.nopcommerce.user.User_07_Order] - Pre-condition - Step 03: Set cookie and reload page
[19-02-2024 21:04:47.933 INFO com.nopcommerce.user.User_07_Order] - Pre-Condition - Step 04: Verify Home page Displayed
[19-02-2024 21:04:48.039 INFO com.nopcommerce.user.User_07_Order] - Order_01: Step 01: Click To Product Catelogies on Top Menu: Computers/Desktops
[19-02-2024 21:04:50.307 INFO com.nopcommerce.user.User_07_Order] - Order_01: Step 02: Click to product name with value is 'Build your own computer'
[19-02-2024 21:04:51.918 INFO com.nopcommerce.user.User_07_Order] - Order_01: Step 03: Select item in 'Processor' dropdown is '2.5 GHz Intel Pentium Dual-Core E2200 [+$15.00]'
[19-02-2024 21:04:52.021 INFO com.nopcommerce.user.User_07_Order] - Order_01: Step 04: Select item in 'RAM' dropdown is '8GB [+$60.00]'
[19-02-2024 21:04:52.355 INFO com.nopcommerce.user.User_07_Order] - Order_01: Step 05: Select item in 'HDD' radio button is '400 GB [+$100.00]'
[19-02-2024 21:04:52.659 INFO com.nopcommerce.user.User_07_Order] - Order_01: Step 06: Select item in 'OS' radio button is 'Vista Premium [+$60.00]'
[19-02-2024 21:04:52.954 INFO com.nopcommerce.user.User_07_Order] - Order_01: Step 07: Select item all value at 'Software' checkbox
[19-02-2024 21:04:53.640 INFO com.nopcommerce.user.User_07_Order] - Order_01: Step 08: Get value of price is null
[19-02-2024 21:04:56.732 INFO com.nopcommerce.user.User_07_Order] - Order_01: Step 09: Click to 'Add to cart' button
[19-02-2024 21:04:57.050 INFO com.nopcommerce.user.User_07_Order] - Order_01: Step 10: Verify add to cart success message displayed
[19-02-2024 21:04:57.189 INFO com.nopcommerce.user.User_07_Order] -  -------------------------- PASSED -------------------------- 
[19-02-2024 21:04:57.189 INFO com.nopcommerce.user.User_07_Order] - Order_01: Step 11: Close success message
[19-02-2024 21:05:00.490 INFO com.nopcommerce.user.User_07_Order] - Order_01: Step 12: Verify Shopping cart quantity is updated (1)
[19-02-2024 21:05:00.528 INFO com.nopcommerce.user.User_07_Order] -  -------------------------- PASSED -------------------------- 
[19-02-2024 21:05:00.594 INFO com.nopcommerce.user.User_07_Order] -  -------------------------- PASSED -------------------------- 
[19-02-2024 21:05:00.595 INFO com.nopcommerce.user.User_07_Order] - Order_01: Step 13: Verify the product is displayed in mini shopping cart
[19-02-2024 21:05:00.823 INFO com.nopcommerce.user.User_07_Order] - Order_02: Step 01: Open Shopping cart at header
[19-02-2024 21:05:01.343 INFO com.nopcommerce.user.User_07_Order] - Order_02: Step 02: Verify Shopping cart page is displayed
[19-02-2024 21:05:01.419 INFO com.nopcommerce.user.User_07_Order] -  -------------------------- PASSED -------------------------- 
[19-02-2024 21:05:01.420 INFO com.nopcommerce.user.User_07_Order] - Order_02: Step 03: Click to 'Edit' link
[19-02-2024 21:05:02.916 INFO com.nopcommerce.user.User_07_Order] - Order_02: Step 04: Select item in 'Processor' dropdown is '2.2 GHz Intel Pentium Dual-Core E2200'
[19-02-2024 21:05:03.291 INFO com.nopcommerce.user.User_07_Order] - Order_02: Step 05: Select item in 'RAM' dropdown is '4GB [+$20.00]'
[19-02-2024 21:05:03.604 INFO com.nopcommerce.user.User_07_Order] - Order_02: Step 06: Select item in 'HDD' radio button is '320 GB'
[19-02-2024 21:05:03.885 INFO com.nopcommerce.user.User_07_Order] - Order_02: Step 07: Select item in 'OS' radio button is 'Vista Home [+$50.00]'
[19-02-2024 21:05:04.181 INFO com.nopcommerce.user.User_07_Order] - Order_02: Step 08: Select item all value at 'Software' checkbox
[19-02-2024 21:05:04.821 INFO com.nopcommerce.user.User_07_Order] - Order_02: Step 09: Verify product price is updated with value '$1,320.00'
[19-02-2024 21:05:14.914 INFO com.nopcommerce.user.User_07_Order] -  -------------------------- PASSED -------------------------- 
[19-02-2024 21:05:14.915 INFO com.nopcommerce.user.User_07_Order] - Order_02: Step 10: Get value of price is $1,500.00
[19-02-2024 21:05:14.958 INFO com.nopcommerce.user.User_07_Order] - Order_02: Step 11: Edit product quantiny is 2
[19-02-2024 21:05:15.068 INFO com.nopcommerce.user.User_07_Order] - Order_02: Step 12: Click to 'Update' button
[19-02-2024 21:05:15.363 INFO com.nopcommerce.user.User_07_Order] - Order_02: Step 13: Verify add to cart success message displayed
[19-02-2024 21:05:15.461 INFO com.nopcommerce.user.User_07_Order] -  -------------------------- PASSED -------------------------- 
[19-02-2024 21:05:15.462 INFO com.nopcommerce.user.User_07_Order] - Order_02: Step 14: Close success message
[19-02-2024 21:05:18.748 INFO com.nopcommerce.user.User_07_Order] - Order_02: Step 15: Verify Shopping cart quantity is updated (2)
[19-02-2024 21:05:18.784 INFO com.nopcommerce.user.User_07_Order] -  -------------------------- PASSED -------------------------- 
[19-02-2024 21:05:18.851 INFO com.nopcommerce.user.User_07_Order] -  -------------------------- PASSED -------------------------- 
[19-02-2024 21:05:18.851 INFO com.nopcommerce.user.User_07_Order] - Order_02: Step 16: Verify the product is displayed in mini shopping cart
[19-02-2024 21:05:19.066 INFO com.nopcommerce.user.User_07_Order] - Order_03: Step 01: Open Shopping cart at header
[19-02-2024 21:05:19.523 INFO com.nopcommerce.user.User_07_Order] - Order_03: Step 02: Verify Shopping cart page is displayed
[19-02-2024 21:05:19.615 INFO com.nopcommerce.user.User_07_Order] -  -------------------------- PASSED -------------------------- 
[19-02-2024 21:05:19.615 INFO com.nopcommerce.user.User_07_Order] - Order_03: Step 03: Click to 'Remove' button
[19-02-2024 21:05:20.066 INFO com.nopcommerce.user.User_07_Order] - Order_03: Step 04: Verify message is 'Your Shopping Cart is empty!' displayed
[19-02-2024 21:05:20.150 INFO com.nop