[19-02-2024 22:48:57.355 INFO com.nopcommerce.common.Common_01_Register_Cookies] - Pre-Condition - Step 01: Navigate to 'Register' page
[19-02-2024 22:48:58.325 INFO com.nopcommerce.common.Common_01_Register_Cookies] - Pre-Condition - Step 02: Enter to Firstname textbox with value is 'Edelmira'
[19-02-2024 22:48:58.469 INFO com.nopcommerce.common.Common_01_Register_Cookies] - Pre-Condition - Step 03: Enter to Lastname textbox with value is 'Bashirian'
[19-02-2024 22:48:58.555 INFO com.nopcommerce.common.Common_01_Register_Cookies] - Pre-Condition - Step 04: Enter to Email textbox with value is 'landon.emard@gmail.com'
[19-02-2024 22:48:58.633 INFO com.nopcommerce.common.Common_01_Register_Cookies] - Pre-Condition - Step 05: Enter to Password textbox with value is 'gm!N7hnYxk'
[19-02-2024 22:48:58.726 INFO com.nopcommerce.common.Common_01_Register_Cookies] - Pre-Condition - Step 06: Enter to Confirm password textbox with value is 'gm!N7hnYxk'
[19-02-2024 22:48:58.799 INFO com.nopcommerce.common.Common_01_Register_Cookies] - Pre-Condition - Step 07: Enter to 'Register' button
[19-02-2024 22:48:59.381 INFO com.nopcommerce.common.Common_01_Register_Cookies] - Pre-Condition - Step 08: Verify success message is displayed
[19-02-2024 22:48:59.448 INFO com.nopcommerce.common.Common_01_Register_Cookies] -  -------------------------- PASSED -------------------------- 
[19-02-2024 22:48:59.448 INFO com.nopcommerce.common.Common_01_Register_Cookies] - Pre-Condition - Step 09: Click to Logout link
[19-02-2024 22:48:59.802 INFO com.nopcommerce.common.Common_01_Register_Cookies] - Pre-Condition - Step 10: Navigate to Login page
[19-02-2024 22:49:00.534 INFO com.nopcommerce.common.Common_01_Register_Cookies] - Pre-Condition - Step 11: Enter to Email textbox with value is 'landon.emard@gmail.com'
[19-02-2024 22:49:00.624 INFO com.nopcommerce.common.Common_01_Register_Cookies] - Pre-Condition - Step 12: Enter to Password textbox with value is 'gm!N7hnYxk'
[19-02-2024 22:49:00.723 INFO com.nopcommerce.common.Common_01_Register_Cookies] - Pre-Condition - Step 13: Click to Login button
[19-02-2024 22:49:01.933 INFO com.nopcommerce.user.User_07_Order] - Pre-Condition - Step 01: Open browser 'FIREFOX'
[19-02-2024 22:49:05.079 INFO com.nopcommerce.user.User_07_Order] - Pre-condition - Step 02: Navigate to Login page
[19-02-2024 22:49:05.974 INFO com.nopcommerce.user.User_07_Order] - Pre-condition - Step 03: Set cookie and reload page
[19-02-2024 22:49:10.053 INFO com.nopcommerce.user.User_07_Order] - Pre-Condition - Step 04: Verify Home page Displayed
[19-02-2024 22:49:10.170 INFO com.nopcommerce.user.User_07_Order] - Order_01: Step 01: Click To Product Catelogies on Top Menu: Computers/Desktops
[19-02-2024 22:49:12.416 INFO com.nopcommerce.user.User_07_Order] - Order_01: Step 02: Click to product name with value is 'Build your own computer'
[19-02-2024 22:49:13.717 INFO com.nopcommerce.user.User_07_Order] - Order_01: Step 03: Select item in 'Processor' dropdown is '2.5 GHz Intel Pentium Dual-Core E2200 [+$15.00]'
[19-02-2024 22:49:13.827 INFO com.nopcommerce.user.User_07_Order] - Order_01: Step 04: Select item in 'RAM' dropdown is '8GB [+$60.00]'
[19-02-2024 22:49:14.180 INFO com.nopcommerce.user.User_07_Order] - Order_01: Step 05: Select item in 'HDD' radio button is '400 GB [+$100.00]'
[19-02-2024 22:49:14.491 INFO com.nopcommerce.user.User_07_Order] - Order_01: Step 06: Select item in 'OS' radio button is 'Vista Premium [+$60.00]'
[19-02-2024 22:49:14.800 INFO com.nopcommerce.user.User_07_Order] - Order_01: Step 07: Select item all value at 'Software' checkbox
[19-02-2024 22:49:15.485 INFO com.nopcommerce.user.User_07_Order] - Order_01: Step 08: Get value of price is null
[19-02-2024 22:49:18.566 INFO com.nopcommerce.user.User_07_Order] - Order_01: Step 09: Click to 'Add to cart' button
[19-02-2024 22:49:18.864 INFO com.nopcommerce.user.User_07_Order] - Order_01: Step 10: Verify add to cart success message displayed
[19-02-2024 22:49:18.951 INFO com.nopcommerce.user.User_07_Order] -  -------------------------- PASSED -------------------------- 
[19-02-2024 22:49:18.951 INFO com.nopcommerce.user.User_07_Order] - Order_01: Step 11: Close success message
[19-02-2024 22:49:22.225 INFO com.nopcommerce.user.User_07_Order] - Order_01: Step 12: Verify Shopping cart quantity is updated (1)
[19-02-2024 22:49:22.262 INFO com.nopcommerce.user.User_07_Order] -  -------------------------- PASSED -------------------------- 
[19-02-2024 22:49:22.352 INFO com.nopcommerce.user.User_07_Order] -  -------------------------- PASSED -------------------------- 
[19-02-2024 22:49:22.352 INFO com.nopcommerce.user.User_07_Order] - Order_01: Step 13: Verify the product is displayed in mini shopping cart
[19-02-2024 22:49:22.715 INFO com.nopcommerce.user.User_07_Order] - Order_02: Step 01: Open Shopping cart at header
[19-02-2024 22:49:23.849 INFO com.nopcommerce.user.User_07_Order] - Order_02: Step 02: Verify Shopping cart page is displayed
[19-02-2024 22:49:23.930 INFO com.nopcommerce.user.User_07_Order] -  -------------------------- PASSED -------------------------- 
[19-02-2024 22:49:23.930 INFO com.nopcommerce.user.User_07_Order] - Order_02: Step 03: Click to 'Edit' link
[19-02-2024 22:49:24.788 INFO com.nopcommerce.user.User_07_Order] - Order_02: Step 04: Select item in 'Processor' dropdown is '2.2 GHz Intel Pentium Dual-Core E2200'
[19-02-2024 22:49:25.131 INFO com.nopcommerce.user.User_07_Order] - Order_02: Step 05: Select item in 'RAM' dropdown is '4GB [+$20.00]'
[19-02-2024 22:49:25.464 INFO com.nopcommerce.user.User_07_Order] - Order_02: Step 06: Select item in 'HDD' radio button is '320 GB'
[19-02-2024 22:49:25.760 INFO com.nopcommerce.user.User_07_Order] - Order_02: Step 07: Select item in 'OS' radio button is 'Vista Home [+$50.00]'
[19-02-2024 22:49:26.057 INFO com.nopcommerce.user.User_07_Order] - Order_02: Step 08: Select item all value at 'Software' checkbox
[19-02-2024 22:49:26.716 INFO com.nopcommerce.user.User_07_Order] - Order_02: Step 09: Verify product price is updated with value '$1,320.00'
[19-02-2024 22:49:36.813 INFO com.nopcommerce.user.User_07_Order] -  -------------------------- PASSED -------------------------- 
[19-02-2024 22:49:36.814 INFO com.nopcommerce.user.User_07_Order] - Order_02: Step 10: Get value of price is $1,500.00
[19-02-2024 22:49:36.877 INFO com.nopcommerce.user.User_07_Order] - Order_02: Step 11: Edit product quantiny is 2
[19-02-2024 22:49:36.998 INFO com.nopcommerce.user.User_07_Order] - Order_02: Step 12: Click to 'Update' button
[19-02-2024 22:49:37.280 INFO com.nopcommerce.user.User_07_Order] - Order_02: Step 13: Verify add to cart success message displayed
[19-02-2024 22:49:37.407 INFO com.nopcommerce.user.User_07_Order] -  -------------------------- PASSED -------------------------- 
[19-02-2024 22:49:37.407 INFO com.nopcommerce.user.User_07_Order] - Order_02: Step 14: Close success message
[19-02-2024 22:49:40.669 INFO com.nopcommerce.user.User_07_Order] - Order_02: Step 15: Verify Shopping cart quantity is updated (2)
[19-02-2024 22:49:40.707 INFO com.nopcommerce.user.User_07_Order] -  -------------------------- PASSED -------------------------- 
[19-02-2024 22:49:40.776 INFO com.nopcommerce.user.User_07_Order] -  -------------------------- PASSED -------------------------- 
[19-02-2024 22:49:40.778 INFO com.nopcommerce.user.User_07_Order] - Order_02: Step 16: Verify the product is displayed in mini shopping cart
[19-02-2024 22:49:41.071 INFO com.nopcommerce.user.User_07_Order] - Order_03: Step 01: Open Shopping cart at header
[19-02-2024 22:49:41.454 INFO com.nopcommerce.user.User_07_Order] - Order_03: Step 02: Verify Shopping cart page is displayed
[19-02-2024 22:49:41.535 INFO com.nopcommerce.user.User_07_Order] -  -------------------------- PASSED -------------------------- 
[19-02-2024 22:49:41.536 INFO com.nopcommerce.user.User_07_Order] - Order_03: Step 03: Click to 'Remove' button
[19-02-2024 22:49:41.935 INFO com.nopcommerce.user.User_07_Order] - Order_03: Step 04: Verify message is 'Your Shopping Cart is empty!' displayed
[19-02-2024 22:49:42.004 INFO com.nop