[23-11-2023 22:24:24.676 INFO com.wordpress.admin.Post_01_Create_Read_Update_Delete_Search] - Pre-Condition - Step 01: Open browser and admin url
[23-11-2023 22:24:28.762 INFO com.wordpress.admin.Post_01_Create_Read_Update_Delete_Search] - Pre-Condition - Step 02: Enter to Username textbox with value: automationfc
[23-11-2023 22:24:28.929 INFO com.wordpress.admin.Post_01_Create_Read_Update_Delete_Search] - Pre-Condition - Step 03: Enter to Password textbox with value: automationfc
[23-11-2023 22:24:29.030 INFO com.wordpress.admin.Post_01_Create_Read_Update_Delete_Search] - Pre-Condition - Step 04: Click to Login button
[23-11-2023 22:24:30.295 INFO com.wordpress.admin.Post_01_Create_Read_Update_Delete_Search] - Create_Post - Step 01: Click to 'Posts' menu link
[23-11-2023 22:24:31.091 INFO com.wordpress.admin.Post_01_Create_Read_Update_Delete_Search] - Create_Post - Step 02: Get 'Search Posts' page Url
[23-11-2023 22:24:31.095 INFO com.wordpress.admin.Post_01_Create_Read_Update_Delete_Search] - Create_Post - Step 03: Click to 'Add New' button
[23-11-2023 22:24:32.558 INFO com.wordpress.admin.Post_01_Create_Read_Update_Delete_Search] - Create_Post - Step 04: Enter to post title
[23-11-2023 22:24:32.879 INFO com.wordpress.admin.Post_01_Create_Read_Update_Delete_Search] - Create_Post - Step 05: Enter to post body
[23-11-2023 22:24:33.458 INFO com.wordpress.admin.Post_01_Create_Read_Update_Delete_Search] - Create_Post - Step 06: Click to 'Publish' button
[23-11-2023 22:24:33.611 INFO com.wordpress.admin.Post_01_Create_Read_Update_Delete_Search] - Create_Post - Step 07: Click to 'Pre Publish' button
[23-11-2023 22:24:33.721 INFO com.wordpress.admin.Post_01_Create_Read_Update_Delete_Search] - Create_Post - Step 08: Verify 'Post published.' message is displayed
[23-11-2023 22:24:34.725 INFO com.wordpress.admin.Post_01_Create_Read_Update_Delete_Search] -  -------------------------- PASSED -------------------------- 
[23-11-2023 22:24:34.776 INFO com.wordpress.admin.Post_01_Create_Read_Update_Delete_Search] - Search_Post - Step 01: Open 'Search Post' page
[23-11-2023 22:24:35.505 INFO com.wordpress.admin.Post_01_Create_Read_Update_Delete_Search] - Search_Post - Step 02: Enter to Search textbox
[23-11-2023 22:24:35.640 INFO com.wordpress.admin.Post_01_Create_Read_Update_Delete_Search] - Search_Post - Step 03: Click to 'Search Posts' button
[23-11-2023 22:24:36.853 INFO com.wordpress.admin.Post_01_Create_Read_Update_Delete_Search] - Search_Post - Step 04: Verify Search table contains 'Live Coding Title 7358'
[23-11-2023 22:24:36.924 INFO com.wordpress.admin.Post_01_Create_Read_Update_Delete_Search] -  -------------------------- PASSED -------------------------- 
[23-11-2023 22:24:36.924 INFO com.wordpress.admin.Post_01_Create_Read_Update_Delete_Search] - Search_Post - Step 05: Verify Search table contains 'Automation Admin'
[23-11-2023 22:24:37.001 INFO com.wordpress.admin.Post_01_Create_Read_Update_Delete_Search] -  -------------------------- PASSED -------------------------- 
[23-11-2023 22:24:37.002 INFO com.wordpress.admin.Post_01_Create_Read_Update_Delete_Search] - Search_Post - Step 06: Open End User site
[23-11-2023 22:24:37.642 INFO com.wordpress.admin.Post_01_Create_Read_Update_Delete_Search] - Search_Post - Step 07: Verify Post infor displayed at Home page
[23-11-2023 22:24:37.703 INFO com.wordpress.admin.Post_01_Create_Read_Update_Delete_Search] -  -------------------------- PASSED -------------------------- 
[23-11-2023 22:24:37.766 INFO com.wordpress.admin.Post_01_Create_Read_Update_Delete_Search] -  -------------------------- PASSED -------------------------- 
[23-11-2023 22:24:37.827 INFO com.wordpress.admin.Post_01_Create_Read_Update_Delete_Search] -  -------------------------- PASSED -------------------------- 
[23-11-2023 22:24:37.888 INFO com.wordpress.admin.Post_01_Create_Read_Update_Delete_Search] -  -------------------------- PASSED -------------------------- 
[23-11-2023 22:24:37.888 INFO com.wordpress.admin.Post_01_Create_Read_Update_Delete_Search] - Search_Post - Step 08: Click to Post title
[23-11-2023 22:24:39.000 INFO com.wordpress.admin.Post_01_Create_Read_Update_Delete_Search] - Search_Post - Step 09: Verify Post infor displayed at Post detail page
[23-11-2023 22:24:39.070 INFO com.wordpress.admin.Post_01_Create_Read_Update_Delete_Search] -  -------------------------- PASSED -------------------------- 
[23-11-2023 22:24:39.137 INFO com.wordpress.admin.Post_01_Create_Read_Update_Delete_Search] -  -------------------------- PASSED -------------------------- 
[23-11-2023 22:24:39.198 INFO com.wordpress.admin.Post_01_Create_Read_Update_Delete_Search] -  -------------------------- PASSED -------------------------- 
[23-11-2023 22:24:39.256 INFO com.wordpress.admin.Post_01_Create_Read_Update_Delete_Search] -  -------------------------- PASSED -------------------------- 
[23-11-2023 22:24:39.260 INFO com.wordpress.admin.Post_01_Create_Read_Update_Delete_Search] - Edit_Post - Step 01: Open Admin site
[23-11-2023 22:24:39.884 INFO com.wordpress.admin.Post_01_Create_Read_Update_Delete_Search] - Edit_Post - Step 02: Click to 'Posts' menu link
[23-11-2023 22:24:40.559 INFO com.wordpress.admin.Post_01_Create_Read_Update_Delete_Search] - Edit_Post - Step 03: Enter to Search textbox
[23-11-2023 22:24:40.687 INFO com.wordpress.admin.Post_01_Create_Read_Update_Delete_Search] - Edit_Post - Step 04: Click to 'Search Posts' button
[23-11-2023 22:24:41.829 INFO com.wordpress.admin.Post_01_Create_Read_Update_Delete_Search] - Edit_Post - Step 05: Click to Post title link and navigate to Edit Post page
[23-11-2023 22:24:42.917 INFO com.wordpress.admin.Post_01_Create_Read_Update_Delete_Search] - Edit_Post - Step 06: Enter to post title
[23-11-2023 22:24:43.169 INFO com.wordpress.admin.Post_01_Create_Read_Update_Delete_Search] - Edit_Post - Step 07: Enter to post body
[23-11-2023 22:24:43.626 INFO com.wordpress.admin.Post_01_Create_Read_Update_Delete_Search] - Edit_Post - Step 08: Click to 'Update' button
[23-11-2023 22:24:43.958 INFO com.wordpress.admin.Post_01_Create_Read_Update_Delete_Search] - Edit_Post - Step 09: Verify 'Post updated.' message is displayed
[23-11-2023 22:24:44.660 INFO com.wordpress.admin.Post_01_Create_Read_Update_Delete_Search] -  -------------------------- PASSED -------------------------- 
[23-11-2023 22:24:44.660 INFO com.wordpress.admin.Post_01_Create_Read_Update_Delete_Search] - Edit_Post - Step 10: Open 'Search Post' page
[23-11-2023 22:24:45.299 INFO com.wordpress.admin.Post_01_Create_Read_Update_Delete_Search] - Edit_Post - Step 11: Enter to Search textbox
[23-11-2023 22:24:45.428 INFO com.wordpress.admin.Post_01_Create_Read_Update_Delete_Search] - Edit_Post - Step 12: Click to 'Search Posts' button
[23-11-2023 22:24:46.581 INFO com.wordpress.admin.Post_01_Create_Read_Update_Delete_Search] - Edit_Post - Step 13: Verify Search table contains 'Edit title 7358'
[23-11-2023 22:24:46.666 INFO com.wordpress.admin.Post_01_Create_Read_Update_Delete_Search] -  -------------------------- PASSED -------------------------- 
[23-11-2023 22:24:46.667 INFO com.wordpress.admin.Post_01_Create_Read_Update_Delete_Search] - Edit_Post - Step 14: Verify Search table contains 'Automation Admin'
[23-11-2023 22:24:46.742 INFO com.wordpress.admin.Post_01_Create_Read_Update_Delete_Search] -  -------------------------- PASSED -------------------------- 
[23-11-2023 22:24:46.744 INFO com.wordpress.admin.Post_01_Create_Read_Update_Delete_Search] - Edit_Post - Step 15: Open End User site
[23-11-2023 22:24:47.251 INFO com.wordpress.admin.Post_01_Create_Read_Update_Delete_Search] - Edit_Post - Step 16: Verify Post infor displayed at Home page
[23-11-2023 22:24:47.309 INFO com.wordpress.admin.Post_01_Create_Read_Update_Delete_Search] -  -------------------------- PASSED -------------------------- 
[23-11-2023 22:24:47.373 INFO com.wordpress.admin.Post_01_Create_Read_Update_Delete_Search] -  -------------------------- PASSED -------------------------- 
[23-11-2023 22:24:47.436 INFO com.wordpress.admin.Post_01_Create_Read_Update_Delete_Search] -  -------------------------- PASSED ---------------