[13-01-2024 20:31:06.594 INFO com.nopcommerce.common.Common_01_Register_Cookies] - Pre-Condition - Step 01: Navigate to 'Register' page
[13-01-2024 20:31:07.698 INFO com.nopcommerce.common.Common_01_Register_Cookies] - Pre-Condition - Step 02: Enter to Firstname textbox with value is 'Boyd'
[13-01-2024 20:31:07.821 INFO com.nopcommerce.common.Common_01_Register_Cookies] - Pre-Condition - Step 03: Enter to Lastname textbox with value is 'Lindgren'
[13-01-2024 20:31:07.948 INFO com.nopcommerce.common.Common_01_Register_Cookies] - Pre-Condition - Step 04: Enter to Email textbox with value is 'nolan.corkery@hotmail.com'
[13-01-2024 20:31:08.063 INFO com.nopcommerce.common.Common_01_Register_Cookies] - Pre-Condition - Step 05: Enter to Password textbox with value is 'su7dXFO1EpX'
[13-01-2024 20:31:08.164 INFO com.nopcommerce.common.Common_01_Register_Cookies] - Pre-Condition - Step 06: Enter to Confirm password textbox with value is 'su7dXFO1EpX'
[13-01-2024 20:31:08.301 INFO com.nopcommerce.common.Common_01_Register_Cookies] - Pre-Condition - Step 07: Enter to 'Register' button
[13-01-2024 20:31:08.988 INFO com.nopcommerce.common.Common_01_Register_Cookies] - Pre-Condition - Step 08: Verify success message is displayed
[13-01-2024 20:31:09.040 INFO com.nopcommerce.common.Common_01_Register_Cookies] -  -------------------------- PASSED -------------------------- 
[13-01-2024 20:31:09.041 INFO com.nopcommerce.common.Common_01_Register_Cookies] - Pre-Condition - Step 09: Click to Logout link
[13-01-2024 20:31:09.415 INFO com.nopcommerce.common.Common_01_Register_Cookies] - Pre-Condition - Step 10: Navigate to Login page
[13-01-2024 20:31:10.180 INFO com.nopcommerce.common.Common_01_Register_Cookies] - Pre-Condition - Step 11: Enter to Email textbox with value is 'nolan.corkery@hotmail.com'
[13-01-2024 20:31:10.297 INFO com.nopcommerce.common.Common_01_Register_Cookies] - Pre-Condition - Step 12: Enter to Password textbox with value is 'su7dXFO1EpX'
[13-01-2024 20:31:10.420 INFO com.nopcommerce.common.Common_01_Register_Cookies] - Pre-Condition - Step 13: Click to Login button
[13-01-2024 20:31:11.167 INFO com.nopcommerce.user.User_06_Wishlist_Compare_Recently_Viewed_Product] - Pre-Condition - Step 01: Open browser 'CHROME'
[13-01-2024 20:31:14.141 INFO com.nopcommerce.user.User_06_Wishlist_Compare_Recently_Viewed_Product] - Pre-condition - Step 02: Navigate to Login page
[13-01-2024 20:31:16.204 INFO com.nopcommerce.user.User_06_Wishlist_Compare_Recently_Viewed_Product] - Pre-condition - Step 03: Set cookie and reload page
[13-01-2024 20:31:19.672 INFO com.nopcommerce.user.User_06_Wishlist_Compare_Recently_Viewed_Product] - Pre-Condition - Step 04: Verify Home page Displayed
[13-01-2024 20:31:19.844 INFO com.nopcommerce.user.User_06_Wishlist_Compare_Recently_Viewed_Product] - Wishlist_Compare_View_01_ - Step 01: Click To Product Catelogies on Top Menu: Computers/Notebooks
[13-01-2024 20:31:22.548 INFO com.nopcommerce.user.User_06_Wishlist_Compare_Recently_Viewed_Product] - Wishlist_Compare_View_01_: Step 02: Click to product name with value is 'Apple MacBook Pro 13-inch'
[13-01-2024 20:31:23.099 INFO com.nopcommerce.user.User_06_Wishlist_Compare_Recently_Viewed_Product] - Wishlist_Compare_View_01_: Step 03: Click To 'Add to wishlist' button
[13-01-2024 20:31:23.255 INFO com.nopcommerce.user.User_06_Wishlist_Compare_Recently_Viewed_Product] - Wishlist_Compare_View_01_: Step 04: Verify add to wishlist success message displayed
[13-01-2024 20:31:23.623 INFO com.nopcommerce.user.User_06_Wishlist_Compare_Recently_Viewed_Product] -  -------------------------- PASSED -------------------------- 
[13-01-2024 20:31:23.623 INFO com.nopcommerce.user.User_06_Wishlist_Compare_Recently_Viewed_Product] - Wishlist_Compare_View_01_: Step 05: Close success message
[13-01-2024 20:31:26.715 INFO com.nopcommerce.user.User_06_Wishlist_Compare_Recently_Viewed_Product] - Wishlist_Compare_View_01_: Step 06: Navigate to 'Wishlist' page
[13-01-2024 20:31:27.276 INFO com.nopcommerce.user.User_06_Wishlist_Compare_Recently_Viewed_Product] - Wishlist_Compare_View_01_: Step 07: Verify Wishlist page Displayed
[13-01-2024 20:31:27.308 INFO com.nopcommerce.user.User_06_Wishlist_Compare_Recently_Viewed_Product] -  -------------------------- PASSED -------------------------- 
[13-01-2024 20:31:27.431 INFO com.nopcommerce.user.User_06_Wishlist_Compare_Recently_Viewed_Product] -  -------------------------- PASSED -------------------------- 
[13-01-2024 20:31:27.432 INFO com.nopcommerce.user.User_06_Wishlist_Compare_Recently_Viewed_Product] - Wishlist_Compare_View_01_: Step 08: Click to link 'Your wishlist URL for sharing'
[13-01-2024 20:31:27.842 INFO com.nopcommerce.user.User_06_Wishlist_Compare_Recently_Viewed_Product] - Wishlist_Compare_View_01_: Step 09: Verify Wishlist share page is displayed
[13-01-2024 20:31:27.868 INFO com.nopcommerce.user.User_06_Wishlist_Compare_Recently_Viewed_Product] -  -------------------------- PASSED -------------------------- 
[13-01-2024 20:31:28.002 INFO com.nopcommerce.user.User_06_Wishlist_Compare_Recently_Viewed_Product] -  -------------------------- PASSED -------------------------- 
[13-01-2024 20:31:28.147 INFO com.nopcommerce.user.User_06_Wishlist_Compare_Recently_Viewed_Product] - Wishlist_Compare_View_02: Step 01: Click To HomePage icon
[13-01-2024 20:31:28.629 INFO com.nopcommerce.user.User_06_Wishlist_Compare_Recently_Viewed_Product] - Wishlist_Compare_View_02: Step 02: Navigate to 'Wishlist' page
[13-01-2024 20:31:29.046 INFO com.nopcommerce.user.User_06_Wishlist_Compare_Recently_Viewed_Product] - Wishlist_Compare_View_02: Step 03: Click to 'Add to cart' checkbox
[13-01-2024 20:31:29.204 INFO com.nopcommerce.user.User_06_Wishlist_Compare_Recently_Viewed_Product] - Wishlist_Compare_View_02: Step 04: Click to 'Add to cart' button
[13-01-2024 20:31:30.012 INFO com.nopcommerce.user.User_06_Wishlist_Compare_Recently_Viewed_Product] - Wishlist_Compare_View_02: Step 05: Verify Shopping cart page is displayed
[13-01-2024 20:31:30.078 INFO com.nopcommerce.user.User_06_Wishlist_Compare_Recently_Viewed_Product] -  -------------------------- PASSED -------------------------- 
[13-01-2024 20:31:30.078 INFO com.nopcommerce.user.User_06_Wishlist_Compare_Recently_Viewed_Product] - Wishlist_Compare_View_02: Step 06: Verify Wishlist quantity is updated (0)
[13-01-2024 20:31:30.129 INFO com.nopcommerce.user.User_06_Wishlist_Compare_Recently_Viewed_Product] -  -------------------------- PASSED -------------------------- 
[13-01-2024 20:31:30.130 INFO com.nopcommerce.user.User_06_Wishlist_Compare_Recently_Viewed_Product] - Wishlist_Compare_View_02: Step 07: Verify Shopping cart quantity is updated (2)
[13-01-2024 20:31:31.213 INFO com.nopcommerce.user.User_06_Wishlist_Compare_Recently_Viewed_Product] -  -------------------------- PASSED -------------------------- 
[13-01-2024 20:31:31.291 INFO com.nopcommerce.user.User_06_Wishlist_Compare_Recently_Viewed_Product] -  -------------------------- PASSED -------------------------- 
[13-01-2024 20:31:31.300 INFO com.nopcommerce.user.User_06_Wishlist_Compare_Recently_Viewed_Product] - Wishlist_Compare_View_03: Step 01: Click To HomePage icon
[13-01-2024 20:31:32.612 INFO com.nopcommerce.user.User_06_Wishlist_Compare_Recently_Viewed_Product] - Wishlist_Compare_View_03: Step 02: Click To Product Catelogies on Top Menu: Computers/Notebooks
[13-01-2024 20:31:35.439 INFO com.nopcommerce.user.User_06_Wishlist_Compare_Recently_Viewed_Product] - Wishlist_Compare_View_03: Step 03: Click to product name with value is 'Apple MacBook Pro 13-inch'
[13-01-2024 20:31:36.554 INFO com.nopcommerce.user.User_06_Wishlist_Compare_Recently_Viewed_Product] - Wishlist_Compare_View_03: Step 04: Click To 'Add to wishlist' button
[13-01-2024 20:31:36.645 INFO com.nopcommerce.user.User_06_Wishlist_Compare_Recently_Viewed_Product] - Wishlist_Compare_View_03: Step 05: Verify add to wishlist success message displayed
[13-01-2024 20:31:37.286 INFO com.nopcommerce.user.User_06_Wishlist_Compare_Recently_Viewed_Product] -  -------------------------- PASSED -------------------------- 
[13-01-2024 20:31:37.287 INFO com.nopcommerce.user.User_06_Wishlist_Compare_Recently_Viewed_Product] - Wishlist_Compare_View_03: Step 06: Close success message
[13-01-2024 20:31:40.441 INFO com.nopcommerce.user.User_06_Wishlist_Compare_Recently_Viewed_Product] - Wishlist_Compare_View_03: Step 07: Navigate to 'Wishlist' page
[13-01-2024 20:31:40.996 INFO com.nopcommerce.user.User_06_Wishlist_Compare_Recently_Viewed_Product] - Wishlist_Compare_View_03: Step 08: Verify Wishlist page Displayed
[13-01-2024 20:31:41.081 INFO com.nopcommerce.user.User_06_Wishlist_Compare_Recently_Viewed_Product] -  -------------------------- PASSED -------------------------- 
[13-01-2024 20:31:41.081 INFO com.nopcommerce.user.User_06_Wishlist_Compare_Recently_Viewed_Product] - Wishlist_Compare_View_03: Step 09: Verify Added Product is displayed
[13-01-2024 20:31:41.142 INFO com.nopcommerce.user.User_06_Wishlist_Compare_Recently_Viewed_Product] -  -------------------------- PASSED -------------------------- 
[13-01-2024 20:31:41.143 INFO com.nopcommerce.user.User_06_Wishlist_Compare_Recently_Viewed_Product] - Wishlist_Compare_View_03: Step 10: Click to remove button of 'Apple MacBook Pro 13-inch'
[13-01-2024 20:31:41.581 INFO com.nopcommerce.user.User_06_Wishlist_Compare_Recently_Viewed_Product] - Wishlist_Compare_View_03: Step 11: Verify message displayed
[13-01-2024 20:31:41.637 INFO com.nopcommerce.user.User_06_Wishlist_Compare_Recently_Viewed_Product] -  -------------------------- PASSED -------------------------- 
[13-01-2024 20:31:41.637 INFO com.nopcommerce.user.User_06_Wishlist_Compare_Recently_Viewed_Product] - Wishlist_Compare_View_03: Step 12: Verify Product List is empty
[13-01-2024 20:32:16.771 INFO com.nopcommerce.user.User_06_Wishlist_Compare_Recently_Viewed_Product] -  -------------------------- PASSED -------------------------- 
[13-01-2024 20:32:16.782 INFO com.nopcommerce.user.User_06_Wishlist_Compare_Recently_Viewed_Product] - Wishlist_Compare_View_04: Step 01: Click To HomePage icon
[13-01-2024 20:32:17.969 INFO com.nopcommerce.user.User_06_Wishlist_Compare_Recently_Viewed_Product] - Wishlist_Compare_View_04 - Step 02: Click To Product Catelogies on Top Menu: Computers/Notebooks
[13-01-2024 20:32:20.577 INFO com.nopcommerce.user.User_06_Wishlist_Compare_Recently_Viewed_Product] - Wishlist_Compare_View_04: Step 03: Click to product name with value is 'Apple MacBook Pro 13-inch'
[13-01-2024 20:32:20.980 INFO com.nopcommerce.user.User_06_Wishlist_Compare_Recently_Viewed_Product] - Wishlist_Compare_View_04: Step 04: Click to 'Add to compare list' button
[13-01-2024 20:32:21.068 INFO com.nopcommerce.user.User_06_Wishlist_Compare_Recently_Viewed_Product] - Wishlist_Compare_View_04: Step 05: Verify add to product comparison success message displayed
[13-01-2024 20:32:21.470 INFO com.nopcommerce.user.User_06_Wishlist_Compare_Recently_Viewed_Product] -  -------------------------- PASSED -------------------------- 
[13-01-2024 20:32:21.471 INFO com.nopcommerce.user.User_06_Wishlist_Compare_Recently_Viewed_Product] - Wishlist_Compare_View_04: Step 06: Close success message
[13-01-2024 20:32:24.639 INFO com.nopcommerce.user.User_06_Wishlist_Compare_Recently_Viewed_Product] - Wishlist_Compare_View_04 - Step 07: Click To Product Catelogies on Top Menu: Computers/Desktops
[13-01-2024 20:32:28.124 INFO com.nopcommerce.user.User_06_Wishlist_Compare_Recently_Viewed_Product] - Wishlist_Compare_View_04: Step 08: Click to product name with value is 'Lenovo IdeaCentre 600 All-in-One PC'
[13-01-2024 20:32:30.585 INFO com.nopcommerce.user.User_06_Wishlist_Compare_Recently_Viewed_Product] - Wishlist_Compare_View_04: Step 09: Click to 'Add to compare list' button
[13-01-2024 20:32:30.692 INFO com.nopcommerce.user.User_06_Wishlist_Compare_Recently_Viewed_Product] - Wishlist_Compare_View_04: Step 10: Verify add to product comparison success message displayed
[13-01-2024 20:32:31.050 INFO com.nopcommerce.user.User_06_Wishlist_Compare_Recently_Viewed_Product] -  -------------------------- PASSED -------------------------- 
[13-01-2024 20:32:31.051 INFO com.nopcommerce.user.User_06_Wishlist_Compare_Recently_Viewed_Product] - Wishlist_Compare_View_04: Step 11: Close success message
[13-01-2024 20:32:34.134 INFO com.nopcommerce.user.User_06_Wishlist_Compare_Recently_Viewed_Product] - Wishlist_Compare_View_04: Step 12: Open 'Compare products list' page
[13-01-2024 20:32:35.410 INFO com.nopcommerce.user.User_06_Wishlist_Compare_Recently_Viewed_Product] - Wishlist_Compare_View_04: Step 13: Verify information on compare list displayed
[13-01-2024 20:32:35.548 INFO com.nopcommerce.user.User_06_Wishlist_Compare_Recently_Viewed_Product] -  -------------------------- PASSED -------------------------- 
[13-01-2024 20:32:35.681 INFO com.nopcommerce.user.User_06_Wishlist_Compare_Recently_Viewed_Product] -  -------------------------- PASSED -------------------------- 
[13-01-2024 20:32:35.822 INFO com.nopcommerce.user.User_06_Wishlist_Compare_Recently_Viewed_Product] -  -------------------------- PASSED -------------------------- 
[13-01-2024 20:32:35.963 INFO com.nopcommerce.user.User_06_Wishlist_Compare_Recently_Viewed_Product] -  -------------------------- PASSED -------------------------- 
[13-01-2024 20:32:36.094 INFO com.nopcommerce.user.User_06_Wishlist_Compare_Recently_Viewed_Product] -  -------------------------- PASSED -------------------------- 
[13-01-2024 20:32:36.222 INFO com.nopcommerce.user.User_06_Wishlist_Compare_Recently_Viewed_Product] -  -------------------------- PASSED -------------------------- 
[13-01-2024 20:32:36.222 INFO com.nopcommerce.user.User_06_Wishlist_Compare_Recently_Viewed_Product] - Wishlist_Compare_View_04: Step 14: Click to 'Clear list' button
[13-01-2024 20:32:37.779 INFO com.nopcommerce.user.User_06_Wishlist_Compare_Recently_Viewed_Product] - Wishlist_Compare_View_04: Step 15: Verify cleared list successful message displayed
[13-01-2024 20:32:37.835 INFO com.nopcommerce.user.User_06_Wishlist_Compare_Recently_Viewed_Product] -  -------------------------- PASSED -------------------------- 
[13-01-2024 20:32:37.836 INFO com.nopcommerce.user.User_06_Wishlist_Compare_Recently_Viewed_Product] - Wishlist_Compare_View_04: Step 16: Verify information on compare list undisplayed
[13-01-2024 20:33:13.013 INFO com.nopcommerce.user.User_06_Wishlist_Compare_Recently_Viewed_Product] -  -------------------------- PASSED -------------------------- 
[13-01-2024 20:33:48.184 INFO com.nopcommerce.user.User_06_Wishlist_Compare_Recently_Viewed_Product] -  -------------------------- PASSED -------------------------- 
[13-01-2024 20:33:48.201 INFO com.nopcommerce.user.User_06_Wishlist_Compare_Recently_Viewed_Product] - Wishlist_Compare_View_05: Step 01: Click To HomePage icon
[13-01-2024 20:33:49.366 INFO com.nopcommerce.user.User_06_Wishlist_Compare_Recently_Viewed_Product] - Wishlist_Compare_View_05: Step 02: Click To Product Catelogies on Top Menu: Computers/Notebooks
[13-01-2024 20:33:51.930 INFO com.nopcommerce.user.User_06_Wishlist_Compare_Recently_Viewed_Product] - Wishlist_Compare_View_05: Step 03: Click to see information of first product
[13-01-2024 20:33:52.323 INFO com.nopcommerce.user.User_06_Wishlist_Compare_Recently_Viewed_Product] - Wishlist_Compare_View_05: Step 04: Click to see information of second product
[13-01-2024 20:33:53.996 INFO com.nopcommerce.user.User_06_Wishlist_Compare_Recently_Viewed_Product] - Wishlist_Compare_View_05: Step 05: Click to see information of third product
[13-01-2024 20:33:56.434 INFO com.nopcommerce.user.User_06_Wishlist_Compare_Recently_Viewed_Product] - Wishlist_Compare_View_05: Step 06: Click to see information of 4th product
[13-01-2024 20:34:01.292 INFO com.nopcommerce.user.User_06_Wishlist_Compare_Recently_Viewed_Product] - Wishlist_Compare_View_05: Step 07: Click to see information of 5rh product
[13-01-2024 20:34:03.145 INFO com.nopcommerce.user.User_06_Wishlist_Compare_Recently_Viewed_Product] - Wishlist_Compare_View_05: Step 08: Navigate to 'Recently viewed products' page at footer
[13-01-2024 20:34:03.627 INFO com.nopcommerce.user.User_06_Wishlist_Compare_Recently_Viewed_Product