[28-12-2023 21:29:55.630 INFO com.nopcommerce.user.User_04_Search_Advanced_Search] - Pre-Condition - Step 01: Open browser 'CHROME'
[28-12-2023 21:29:59.119 INFO com.nopcommerce.user.User_04_Search_Advanced_Search] - Pre-Condition - Step 01: Click to Register link
[28-12-2023 21:29:59.601 INFO com.nopcommerce.user.User_04_Search_Advanced_Search] - Pre-Condition - Step 02: Enter to Firstname textbox with value is 'Dyan'
[28-12-2023 21:29:59.717 INFO com.nopcommerce.user.User_04_Search_Advanced_Search] - Pre-Condition - Step 03: Enter to Lastname textbox with value is 'Gottlieb'
[28-12-2023 21:29:59.830 INFO com.nopcommerce.user.User_04_Search_Advanced_Search] - Pre-Condition - Step 03: Enter to Email textbox with value is 'milford.lynch@hotmail.com'
[28-12-2023 21:29:59.968 INFO com.nopcommerce.user.User_04_Search_Advanced_Search] - Pre-Condition - Step 03: Enter to Password textbox with value is '5iBV$RWK*4'
[28-12-2023 21:30:00.097 INFO com.nopcommerce.user.User_04_Search_Advanced_Search] - Pre-Condition - Step 03: Enter to Confirm password textbox with value is '5iBV$RWK*4'
[28-12-2023 21:30:00.216 INFO com.nopcommerce.user.User_04_Search_Advanced_Search] - Pre-Condition - Step 03: Click to Register button
[28-12-2023 21:30:00.821 INFO com.nopcommerce.user.User_04_Search_Advanced_Search] - Pre-Condition - Step 04: Verify sucessful registration message displayed
[28-12-2023 21:30:00.878 INFO com.nopcommerce.user.User_04_Search_Advanced_Search] - Pre-Condition - Step 05: Click to home link
[28-12-2023 21:30:01.235 INFO com.nopcommerce.user.User_04_Search_Advanced_Search] - Pre-Condition - Step 06: Click to Login link
[28-12-2023 21:30:01.566 INFO com.nopcommerce.user.User_04_Search_Advanced_Search] - Pre-Condition - Step 07: Enter to Email textbox with value is 'milford.lynch@hotmail.com'
[28-12-2023 21:30:01.684 INFO com.nopcommerce.user.User_04_Search_Advanced_Search] - Pre-Condition - Step 08: Enter to Password textbox with value is '5iBV$RWK*4'
[28-12-2023 21:30:01.814 INFO com.nopcommerce.user.User_04_Search_Advanced_Search] - Pre-Condition - Step 09: Click to Login button
[28-12-2023 21:30:02.382 INFO com.nopcommerce.user.User_04_Search_Advanced_Search] - Pre-Condition - Step 10: Verify Home page Displayed
[28-12-2023 21:30:02.471 INFO com.nopcommerce.user.User_04_Search_Advanced_Search] - Search_01 - Step 01: Click to 'Search' link in the footer area
[28-12-2023 21:30:02.823 INFO com.nopcommerce.user.User_04_Search_Advanced_Search] - Search_01 - Step 02: Click to 'Search' button
[28-12-2023 21:30:03.179 INFO com.nopcommerce.user.User_04_Search_Advanced_Search] - Search_01 - Step 03: Verify search error message displayed
[28-12-2023 21:30:03.213 INFO com.nopcommerce.user.User_04_Search_Advanced_Search] -  -------------------------- PASSED -------------------------- 
[28-12-2023 21:30:03.313 INFO com.nopcommerce.user.User_04_Search_Advanced_Search] - Search_02 - Step 01: Click to 'Search' link in the footer area
[28-12-2023 21:30:03.676 INFO com.nopcommerce.user.User_04_Search_Advanced_Search] - Search_02 - Step 02: Enter to 'Search keyword' with value is 'Macbook pro 2050'
[28-12-2023 21:30:03.802 INFO com.nopcommerce.user.User_04_Search_Advanced_Search] - Search_02 - Step 03: Click to 'Search' button
[28-12-2023 21:30:04.137 INFO com.nopcommerce.user.User_04_Search_Advanced_Search] - Search_02 - Step 04: Verify search error message displayed
[28-12-2023 21:30:04.203 INFO com.nopcommerce.user.User_04_Search_Advanced_Search] -  -------------------------- PASSED -------------------------- 
[28-12-2023 21:30:04.203 INFO com.nopcommerce.user.User_04_Search_Advanced_Search] - Search_03 - Step 01: Click to 'Search' link in the footer area
[28-12-2023 21:30:04.553 INFO com.nopcommerce.user.User_04_Search_Advanced_Search] - Search_03 - Step 02: Enter to 'Search keyword' with value is 'Lenovo'
[28-12-2023 21:30:04.642 INFO com.nopcommerce.user.User_04_Search_Advanced_Search] - Search_03 - Step 03: Click to 'Search' button
[28-12-2023 21:30:05.084 INFO com.nopcommerce.user.User_04_Search_Advanced_Search] - Search_03 - Step 04: Verify 2 product displayed
[28-12-2023 21:30:05.198 INFO com.nopcommerce.user.User_04_Search_Advanced_Search] -  -------------------------- PASSED -------------------------- 
[28-12-2023 21:30:05.198 INFO com.nopcommerce.user.User_04_Search_Advanced_Search] - Search_03 - Step 05: Verify products is displayed
[28-12-2023 21:30:05.275 INFO com.nopcommerce.user.User_04_Search_Advanced_Search] -  -------------------------- PASSED -------------------------- 
[28-12-2023 21:30:05.326 INFO com.nopcommerce.user.User_04_Search_Advanced_Search] -  -------------------------- PASSED -------------------------- 
[28-12-2023 21:30:05.333 INFO com.nopcommerce.user.User_04_Search_Advanced_Search] - Search_04 - Step 01: Click to 'Search' link in the footer area
[28-12-2023 21:30:05.706 INFO com.nopcommerce.user.User_04_Search_Advanced_Search] - Search_04 - Step 02: Enter to 'Search keyword' with value is 'ThinkPad X1 Carbon'
[28-12-2023 21:30:05.853 INFO com.nopcommerce.user.User_04_Search_Advanced_Search] - Search_04 - Step 03: Click to 'Search' button
[28-12-2023 21:30:06.185 INFO com.nopcommerce.user.User_04_Search_Advanced_Search] - Search_04 - Step 04: Verify 1 product displayed
[28-12-2023 21:30:06.255 INFO com.nopcommerce.user.User_04_Search_Advanced_Search] -  -------------------------- PASSED -------------------------- 
[28-12-2023 21:30:06.256 INFO com.nopcommerce.user.User_04_Search_Advanced_Search] - Search_04 - Step 05: Verify products is displayed
[28-12-2023 21:30:06.363 INFO com.nopcommerce.user.User_04_Search_Advanced_Search] -  -------------------------- PASSED -------------------------- 
[28-12-2023 21:30:06.377 INFO com.nopcommerce.user.User_04_Search_Advanced_Search] - Search_05 - Step 01: Click to 'Search' link in the footer area
[28-12-2023 21:30:06.810 INFO com.nopcommerce.user.User_04_Search_Advanced_Search] - Search_05 - Step 02: Enter to 'Search keyword' with value is 'Apple Macbook Pro'
[28-12-2023 21:30:06.990 INFO com.nopcommerce.user.User_04_Search_Advanced_Search] - Search_05 - Step 03: Click to 'Advanced search' checkbox
[28-12-2023 21:30:07.076 INFO com.nopcommerce.user.User_04_Search_Advanced_Search] - Search_05 - Step 04: Select item in 'Category' dropdown with value'Computers'
[28-12-2023 21:30:07.260 INFO com.nopcommerce.user.User_04_Search_Advanced_Search] - Search_05 - Step 05: Uncheck to 'Automatically search sub categories' checkbox
[28-12-2023 21:30:07.377 INFO com.nopcommerce.user.User_04_Search_Advanced_Search] - Search_05 - Step 06: Click to 'Search' button
[28-12-2023 21:30:07.832 INFO com.nopcommerce.user.User_04_Search_Advanced_Search] - Search_05 - Step 07: Verify search error message displayed
[28-12-2023 21:30:07.888 INFO com.nopcommerce.user.User_04_Search_Advanced_Search] -  -------------------------- PASSED -------------------------- 
[28-12-2023 21:30:07.892 INFO com.nopcommerce.user.User_04_Search_Advanced_Search] - Search_06 - Step 01: Click to 'Search' link in the footer area
[28-12-2023 21:30:08.248 INFO com.nopcommerce.user.User_04_Search_Advanced_Search] - Search_06 - Step 02: Enter to 'Search keyword' with value is 'Apple Macbook Pro'
[28-12-2023 21:30:08.432 INFO com.nopcommerce.user.User_04_Search_Advanced_Search] - Search_06 - Step 03: Click to 'Advanced search' checkbox
[28-12-2023 21:30:08.605 INFO com.nopcommerce.user.User_04_Search_Advanced_Search] - Search_06 - Step 04: Select item in 'Category'dropdown with value'Computers'
[28-12-2023 21:30:08.789 INFO com.nopcommerce.user.User_04_Search_Advanced_Search] - Search_06 - Step 05: Click to 'Automatically search sub categories' checkbox
[28-12-2023 21:30:08.978 INFO com.nopcommerce.user.User_04_Search_Advanced_Search] - Search_06 - Step 06: Click to 'Search' button
[28-12-2023 21:30:09.445 INFO com.nopcommerce.user.User_04_Search_Advanced_Search] - Search_06 - Step 07: Verify 1 product displayed
[28-12-2023 21:30:09.494 INFO com.nopcommerce.user.User_04_Search_Advanced_Search] -  -------------------------- PASSED -------------------------- 
[28-12-2023 21:30:09.494