[04-02-2024 23:56:19.723 INFO com.nopcommerce.common.Common_01_Register_Cookies] - Pre-Condition - Step 01: Navigate to 'Register' page
[04-02-2024 23:56:20.767 INFO com.nopcommerce.common.Common_01_Register_Cookies] - Pre-Condition - Step 02: Enter to Firstname textbox with value is 'Miyoko'
[04-02-2024 23:56:20.891 INFO com.nopcommerce.common.Common_01_Register_Cookies] - Pre-Condition - Step 03: Enter to Lastname textbox with value is 'Schuppe'
[04-02-2024 23:56:21.014 INFO com.nopcommerce.common.Common_01_Register_Cookies] - Pre-Condition - Step 04: Enter to Email textbox with value is 'carol.satterfield@hotmail.com'
[04-02-2024 23:56:21.153 INFO com.nopcommerce.common.Common_01_Register_Cookies] - Pre-Condition - Step 05: Enter to Password textbox with value is 'eSEz2Q5^#P%'
[04-02-2024 23:56:21.282 INFO com.nopcommerce.common.Common_01_Register_Cookies] - Pre-Condition - Step 06: Enter to Confirm password textbox with value is 'eSEz2Q5^#P%'
[04-02-2024 23:56:21.405 INFO com.nopcommerce.common.Common_01_Register_Cookies] - Pre-Condition - Step 07: Enter to 'Register' button
[04-02-2024 23:56:22.058 INFO com.nopcommerce.common.Common_01_Register_Cookies] - Pre-Condition - Step 08: Verify success message is displayed
[04-02-2024 23:56:22.110 INFO com.nopcommerce.common.Common_01_Register_Cookies] -  -------------------------- PASSED -------------------------- 
[04-02-2024 23:56:22.111 INFO com.nopcommerce.common.Common_01_Register_Cookies] - Pre-Condition - Step 09: Click to Logout link
[04-02-2024 23:56:22.490 INFO com.nopcommerce.common.Common_01_Register_Cookies] - Pre-Condition - Step 10: Navigate to Login page
[04-02-2024 23:56:23.223 INFO com.nopcommerce.common.Common_01_Register_Cookies] - Pre-Condition - Step 11: Enter to Email textbox with value is 'carol.satterfield@hotmail.com'
[04-02-2024 23:56:23.361 INFO com.nopcommerce.common.Common_01_Register_Cookies] - Pre-Condition - Step 12: Enter to Password textbox with value is 'eSEz2Q5^#P%'
[04-02-2024 23:56:23.476 INFO com.nopcommerce.common.Common_01_Register_Cookies] - Pre-Condition - Step 13: Click to Login button
[04-02-2024 23:56:24.311 INFO com.nopcommerce.user.User_07_Order] - Pre-Condition - Step 01: Open browser 'chrome'
[04-02-2024 23:56:26.254 INFO com.nopcommerce.user.User_07_Order] - Pre-condition - Step 02: Navigate to Login page
[04-02-2024 23:56:27.118 INFO com.nopcommerce.user.User_07_Order] - Pre-condition - Step 03: Set cookie and reload page
[04-02-2024 23:56:30.512 INFO com.nopcommerce.user.User_07_Order] - Pre-Condition - Step 04: Verify Home page Displayed
[04-02-2024 23:56:30.604 INFO com.nopcommerce.user.User_07_Order] - Order_01: Step 01: Click To Product Catelogies on Top Menu: Computers/Desktops
[04-02-2024 23:56:33.168 INFO com.nopcommerce.user.User_07_Order] - Order_01: Step 02: Click to product name with value is 'Build your own computer'
[04-02-2024 23:56:33.686 INFO com.nopcommerce.user.User_07_Order] - Order_01: Step 03: Select item in 'Processor' dropdown is '2.5 GHz Intel Pentium Dual-Core E2200 [+$15.00]'
[04-02-2024 23:56:33.781 INFO com.nopcommerce.user.User_07_Order] - Order_01: Step 04: Select item in 'RAM' dropdown is '8GB [+$60.00]'
[04-02-2024 23:56:33.882 INFO com.nopcommerce.user.User_07_Order] - Order_01: Step 05: Select item in 'HDD' radio button is '400 GB [+$100.00]'
[04-02-2024 23:56:33.961 INFO com.nopcommerce.user.User_07_Order] - Order_01: Step 06: Select item in 'OS' radio button is 'Vista Premium [+$60.00]'
[04-02-2024 23:56:34.040 INFO com.nopcommerce.user.User_07_Order] - Order_01: Step 07: Select item all value at 'Software' checkbox
[04-02-2024 23:56:34.331 INFO com.nopcommerce.user.User_07_Order] - Order_01: Step 08: Get value of price is null
[04-02-2024 23:56:37.415 INFO com.nopcommerce.user.User_07_Order] - Order_01: Step 09: Click to 'Add to cart' button
[04-02-2024 23:56:37.493 INFO com.nopcommerce.user.User_07_Order] - Order_01: Step 10: Verify add to cart success message displayed
[04-02-2024 23:56:37.788 INFO com.nopcommerce.user.User_07_Order] -  -------------------------- PASSED -------------------------- 
[04-02-2024 23:56:37.788 INFO com.nopcommerce.user.User_07_Order] - Order_01: Step 11: Close success message
[04-02-2024 23:56:40.858 INFO com.nopcommerce.user.User_07_Order] - Order_01: Step 12: Verify Shopping cart quantity is updated (1)
[04-02-2024 23:56:40.891 INFO com.nopcommerce.user.User_07_Order] -  -------------------------- PASSED -------------------------- 
[04-02-2024 23:56:40.942 INFO com.nopcommerce.user.User_07_Order] -  -------------------------- PASSED -------------------------- 
[04-02-2024 23:56:40.944 INFO com.nopcommerce.user.User_07_Order] - Order_01: Step 13: Verify the product is displayed in mini shopping cart
[04-02-2024 23:56:44.207 INFO com.nopcommerce.user.User_07_Order] -  -------------------------- PASSED -------------------------- 
[04-02-2024 23:56:44.308 INFO com.nopcommerce.user.User_07_Order] -  -------------------------- PASSED -------------------------- 
[04-02-2024 23:56:44.355 INFO com.nopcommerce.user.User_07_Order] -  -------------------------- PASSED -------------------------- 
[04-02-2024 23:56:44.402 INFO com.nopcommerce.user.User_07_Order] -  -------------------------- PASSED -------------------------- 
[04-02-2024 23:56:44.448 INFO com.nopcommerce.user.User_07_Order] -  -------------------------- FAILED -------------------------- 
[04-02-2024 23:56:44.497 INFO com.nopcommerce.user.User_07_Order] -  -------------------------- FAILED -------------------------- 
[04-02-2024 23:56:44.731 INFO com.nopcommerce.user.User_07_Order] - Order_02: Step 01: Open Shopping cart at header
[04-02-2024 23:56:45.625 INFO com.nopcommerce.user.User_07_Order] - Order_02: Step 02: Verify Shopping cart page is displayed
[04-02-2024 23:56:45.692 INFO com.nopcommerce.user.User_07_Order] -  -------------------------- PASSED -------------------------- 
[04-02-2024 23:56:45.693 INFO com.nopcommerce.user.User_07_Order] - Order_02: Step 03: Click to 'Edit' link
[04-02-2024 23:56:46.114 INFO com.nopcommerce.user.User_07_Order] - Order_02: Step 04: Select item in 'Processor' dropdown is '2.2 GHz Intel Pentium Dual-Core E2200'
[04-02-2024 23:56:46.212 INFO com.nopcommerce.user.User_07_Order] - Order_02: Step 05: Select item in 'RAM' dropdown is '4GB [+$20.00]'
[04-02-2024 23:56:46.307 INFO com.nopcommerce.user.User_07_Order] - Order_02: Step 06: Select item in 'HDD' radio button is '320 GB'
[04-02-2024 23:56:46.392 INFO com.nopcommerce.user.User_07_Order] - Order_02: Step 07: Select item in 'OS' radio button is 'Vista Home [+$50.00]'
[04-02-2024 23:56:46.466 INFO com.nopcommerce.user.User_07_Order] - Order_02: Step 08: Select item all value at 'Software' checkbox
[04-02-2024 23:56:46.668 INFO com.nopcommerce.user.User_07_Order] - Order_02: Step 09: Verify product price is updated with value '$1,320.00'
[04-02-2024 23:56:49.732 INFO com.nopcommerce.user.User_07_Order] -  -------------------------- PASSED -------------------------- 
[04-02-2024 23:56:49.732 INFO com.nopcommerce.user.User_07_Order] - Order_02: Step 10: Get value of price is $1,495.00
[04-02-2024 23:56:49.779 INFO com.nopcommerce.user.User_07_Order] - Order_02: Step 11: Edit product quantiny is 2
[04-02-2024 23:56:49.890 INFO com.nopcommerce.user.User_07_Order] - Order_02: Step 12: Click to 'Update' button
[04-02-2024 23:56:49.972 INFO com.nopcommerce.user.User_07_Order] - Order_02: Step 13: Verify add to cart success message displayed
[04-02-2024 23:56:50.268 INFO com.nopcommerce.user.User_07_Order] -  -------------------------- PASSED -------------------------- 
[04-02-2024 23:56:50.268 INFO com.nopcommerce.user.User_07_Order] - Order_02: Step 14: Close success message
[04-02-2024 23:56:53.351 INFO com.nopcommerce.user.User_07_Order] - Order_02: Step 15: Verify Shopping cart quantity is updated (2)
[04-02-2024 23:56:53.390 INFO com.nopcommerce.user.User_07_Order] -  -------------------------- PASSED -------------------------- 
[04-02-2024 23:56:53.444 INFO com.nopcommerce.user.User_07_Order] -  -------------------------- PASSED -------------------------- 
[04-02-2024