[19-02-2024 21:24:49.753 INFO com.nopcommerce.common.Common_01_Register_Cookies] - Pre-Condition - Step 01: Navigate to 'Register' page
[19-02-2024 21:24:50.280 INFO com.nopcommerce.common.Common_01_Register_Cookies] - Pre-Condition - Step 02: Enter to Firstname textbox with value is 'Irving'
[19-02-2024 21:24:50.421 INFO com.nopcommerce.common.Common_01_Register_Cookies] - Pre-Condition - Step 03: Enter to Lastname textbox with value is 'Baumbach'
[19-02-2024 21:24:50.553 INFO com.nopcommerce.common.Common_01_Register_Cookies] - Pre-Condition - Step 04: Enter to Email textbox with value is 'angele.becker@hotmail.com'
[19-02-2024 21:24:50.709 INFO com.nopcommerce.common.Common_01_Register_Cookies] - Pre-Condition - Step 05: Enter to Password textbox with value is '^1#W2u$0D'
[19-02-2024 21:24:50.849 INFO com.nopcommerce.common.Common_01_Register_Cookies] - Pre-Condition - Step 06: Enter to Confirm password textbox with value is '^1#W2u$0D'
[19-02-2024 21:24:50.987 INFO com.nopcommerce.common.Common_01_Register_Cookies] - Pre-Condition - Step 07: Enter to 'Register' button
[19-02-2024 21:24:51.660 INFO com.nopcommerce.common.Common_01_Register_Cookies] - Pre-Condition - Step 08: Verify success message is displayed
[19-02-2024 21:24:51.720 INFO com.nopcommerce.common.Common_01_Register_Cookies] -  -------------------------- PASSED -------------------------- 
[19-02-2024 21:24:51.720 INFO com.nopcommerce.common.Common_01_Register_Cookies] - Pre-Condition - Step 09: Click to Logout link
[19-02-2024 21:24:52.093 INFO com.nopcommerce.common.Common_01_Register_Cookies] - Pre-Condition - Step 10: Navigate to Login page
[19-02-2024 21:24:52.892 INFO com.nopcommerce.common.Common_01_Register_Cookies] - Pre-Condition - Step 11: Enter to Email textbox with value is 'angele.becker@hotmail.com'
[19-02-2024 21:24:53.038 INFO com.nopcommerce.common.Common_01_Register_Cookies] - Pre-Condition - Step 12: Enter to Password textbox with value is '^1#W2u$0D'
[19-02-2024 21:24:53.171 INFO com.nopcommerce.common.Common_01_Register_Cookies] - Pre-Condition - Step 13: Click to Login button
[19-02-2024 21:24:53.898 INFO com.nopcommerce.user.User_07_Order] - Pre-Condition - Step 01: Open browser 'CHROME'
[19-02-2024 21:24:55.761 INFO com.nopcommerce.user.User_07_Order] - Pre-condition - Step 02: Navigate to Login page
[19-02-2024 21:24:56.653 INFO com.nopcommerce.user.User_07_Order] - Pre-condition - Step 03: Set cookie and reload page
[19-02-2024 21:25:00.053 INFO com.nopcommerce.user.User_07_Order] - Pre-Condition - Step 04: Verify Home page Displayed
[19-02-2024 21:25:00.214 INFO com.nopcommerce.user.User_07_Order] - Order_01: Step 01: Click To Product Catelogies on Top Menu: Computers/Desktops
[19-02-2024 21:25:03.469 INFO com.nopcommerce.user.User_07_Order] - Order_01: Step 02: Click to product name with value is 'Build your own computer'
[19-02-2024 21:25:03.974 INFO com.nopcommerce.user.User_07_Order] - Order_01: Step 03: Select item in 'Processor' dropdown is '2.5 GHz Intel Pentium Dual-Core E2200 [+$15.00]'
[19-02-2024 21:25:04.111 INFO com.nopcommerce.user.User_07_Order] - Order_01: Step 04: Select item in 'RAM' dropdown is '8GB [+$60.00]'
[19-02-2024 21:25:04.294 INFO com.nopcommerce.user.User_07_Order] - Order_01: Step 05: Select item in 'HDD' radio button is '400 GB [+$100.00]'
[19-02-2024 21:25:04.479 INFO com.nopcommerce.user.User_07_Order] - Order_01: Step 06: Select item in 'OS' radio button is 'Vista Premium [+$60.00]'
[19-02-2024 21:25:04.622 INFO com.nopcommerce.user.User_07_Order] - Order_01: Step 07: Select item all value at 'Software' checkbox
[19-02-2024 21:25:04.891 INFO com.nopcommerce.user.User_07_Order] - Order_01: Step 08: Get value of price is null
[19-02-2024 21:25:07.981 INFO com.nopcommerce.user.User_07_Order] - Order_01: Step 09: Click to 'Add to cart' button
[19-02-2024 21:25:08.064 INFO com.nopcommerce.user.User_07_Order] - Order_01: Step 10: Verify add to cart success message displayed
[19-02-2024 21:25:08.373 INFO com.nopcommerce.user.User_07_Order] -  -------------------------- PASSED -------------------------- 
[19-02-2024 21:25:08.373 INFO com.nopcommerce.user.User_07_Order] - Order_01: Step 11: Close success message
[19-02-2024 21:25:11.464 INFO com.nopcommerce.user.User_07_Order] - Order_01: Step 12: Verify Shopping cart quantity is updated (1)
[19-02-2024 21:25:11.496 INFO com.nopcommerce.user.User_07_Order] -  -------------------------- PASSED -------------------------- 
[19-02-2024 21:25:11.622 INFO com.nopcommerce.user.User_07_Order] -  -------------------------- PASSED -------------------------- 
[19-02-2024 21:25:11.622 INFO com.nopcommerce.user.User_07_Order] - Order_01: Step 13: Verify the product is displayed in mini shopping cart
[19-02-2024 21:25:18.051 INFO com.nopcommerce.user.User_07_Order] -  -------------------------- PASSED -------------------------- 
[19-02-2024 21:25:18.178 INFO com.nopcommerce.user.User_07_Order] -  -------------------------- PASSED -------------------------- 
[19-02-2024 21:25:18.314 INFO com.nopcommerce.user.User_07_Order] -  -------------------------- PASSED -------------------------- 
[19-02-2024 21:25:18.450 INFO com.nopcommerce.user.User_07_Order] -  -------------------------- PASSED -------------------------- 
[19-02-2024 21:25:18.589 INFO com.nopcommerce.user.User_07_Order] -  -------------------------- PASSED -------------------------- 
[19-02-2024 21:25:18.707 INFO com.nopcommerce.user.User_07_Order] -  -------------------------- PASSED -------------------------- 
[19-02-2024 21:25:18.801 INFO com.nopcommerce.user.User_07_Order] - Order_02: Step 01: Open Shopping cart at header
[19-02-2024 21:25:19.316 INFO com.nopcommerce.user.User_07_Order] - Order_02: Step 02: Verify Shopping cart page is displayed
[19-02-2024 21:25:19.448 INFO com.nopcommerce.user.User_07_Order] -  -------------------------- PASSED -------------------------- 
[19-02-2024 21:25:19.449 INFO com.nopcommerce.user.User_07_Order] - Order_02: Step 03: Click to 'Edit' link
[19-02-2024 21:25:19.871 INFO com.nopcommerce.user.User_07_Order] - Order_02: Step 04: Select item in 'Processor' dropdown is '2.2 GHz Intel Pentium Dual-Core E2200'
[19-02-2024 21:25:20.003 INFO com.nopcommerce.user.User_07_Order] - Order_02: Step 05: Select item in 'RAM' dropdown is '4GB [+$20.00]'
[19-02-2024 21:25:20.206 INFO com.nopcommerce.user.User_07_Order] - Order_02: Step 06: Select item in 'HDD' radio button is '320 GB'
[19-02-2024 21:25:20.336 INFO com.nopcommerce.user.User_07_Order] - Order_02: Step 07: Select item in 'OS' radio button is 'Vista Home [+$50.00]'
[19-02-2024 21:25:20.523 INFO com.nopcommerce.user.User_07_Order] - Order_02: Step 08: Select item all value at 'Software' checkbox
[19-02-2024 21:25:21.019 INFO com.nopcommerce.user.User_07_Order] - Order_02: Step 09: Verify product price is updated with value '$1,320.00'
[19-02-2024 21:25:31.165 INFO com.nopcommerce.user.User_07_Order] -  -------------------------- PASSED -------------------------- 
[19-02-2024 21:25:31.165 INFO com.nopcommerce.user.User_07_Order] - Order_02: Step 10: Get value of price is $1,500.00
[19-02-2024 21:25:31.285 INFO com.nopcommerce.user.User_07_Order] - Order_02: Step 11: Edit product quantiny is 2
[19-02-2024 21:25:31.598 INFO com.nopcommerce.user.User_07_Order] - Order_02: Step 12: Click to 'Update' button
[19-02-2024 21:25:31.708 INFO com.nopcommerce.user.User_07_Order] - Order_02: Step 13: Verify add to cart success message displayed
[19-02-2024 21:25:32.090 INFO com.nopcommerce.user.User_07_Order] -  -------------------------- PASSED -------------------------- 
[19-02-2024 21:25:32.090 INFO com.nopcommerce.user.User_07_Order] - Order_02: Step 14: Close success message
[19-02-2024 21:25:35.215 INFO com.nopcommerce.user.User_07_Order] - Order_02: Step 15: Verify Shopping cart quantity is updated (2)
[19-02-2024 21:25:35.282 INFO com.nopcommerce.user.User_07_Order] -  -------------------------- PASSED -------------------------- 
[19-02-2024 21:25:35.402 INFO com.nopcommerce.user.User_07_Order] -  -------------------------- PASSED -------------------------- 
[19-02-2024 21:25:35.402 INFO com.nopcommerce.user.User_07_Order] - Order_02: Step 16: Verify the product is displayed in mini shopping cart
[19-02-2024 21:25:38.780 INFO com.nopcommerce.user.User_07_Order] -  -------------------------- PASSED -------------------------- 
[19-02-2024 21:25:38.843 INFO com.nopcommerce.user.User_07_Order] -  -------------------------- PASSED -------------------------- 
[19-02-2024 21:25:38.972 INFO com.nopcommerce.user.User_07_Order] -  -------------------------- PASSED -------------------------- 
[19-02-2024 21:25:39.097 INFO com.nopcommerce.user.User_07_Order] -  -------------------------- PASSED -------------------------- 
[19-02-2024 21:25:39.223 INFO com.nopcommerce.user.User_07_Order] -  -------------------------- PASSED -------------------------- 
[19-02-2024 21:25:39.337 INFO com.nopcommerce.user.User_07_Order] -  -------------------------- PASSED -------------------------- 
[19-02-2024 21:25:39.349 INFO com.nopcommerce.user.User_07_Order] - Order_03: Step 01: Open Shopping cart at header
[19-02-2024 21:25:39.846 INFO com.nopcommerce.user.User_07_Order] - Order_03: Step 02: Verify Shopping cart page is displayed
[19-02-2024 21:25:39.958 INFO com.nopcommerce.user.User_07_Order] -  -------------------------- PASSED -------------------------- 
[19-02-2024 21:25:39.958 INFO com.nopcommerce.user.User_07_Order] - Order_03: Step 03: Click to 'Remove' button
[19-02-2024 21:25:40.338 INFO com.nopcommerce.user.User_07_Order] - Order_03: Step 04: Verify message is 'Your Shopping Cart is empty!' displayed
[19-02-2024 21:25:40.408 INFO com.nopcommerce.user.User_07_Order] -  -------------------------- PASSED -------------------------- 
[19-02-2024 21:25:40.408 INFO com.nopcommerce.user.User_07_Order] - Order_03: Step 05: Verify product is not exist in Shopping cart
[19-02-2024 21:26:00.530 INFO com.nopcommerce.user.User_07_Order] -  -------------------------- PASSED -------------------------- 
[19-02-2024 21:26:00.546 INFO com.nopcommerce.user.User_07_Order] - Order_04: Step 01: Click To Product Catelogies on Top Menu: Computers/Desktops
[19-02-2024 21:26:03.185 INFO com.nopcommerce.user.User_07_Order] - Order_04: Step 02: Click to 'Add to cart' button at Lenovo IdeaCentre 600 All-in-One PC
[19-02-2024 21:26:03.286 INFO com.nopcommerce.user.User_07_Order] - Order_04: Step 03: Verify add to cart success message displayed
[19-02-2024 21:26:03.657 INFO com.nopcommerce.user.User_07_Order] -  -------------------------- PASSED -------------------------- 
[19-02-2024 21:26:03.657 INFO com.nopcommerce.user.User_07_Order] - Order_04: Step 04: Close success message
[19-02-2024 21:26:06.780 INFO com.nopcommerce.user.User_07_Order] - Order_04: Step 05: Verify Shopping cart quantity is updated (1)
[19-02-2024 21:26:06.822 INFO com.nopcommerce.user.User_07_Order] -  -------------------------- PASSED -------------------------- 
[19-02-2024 21:26:06.921 INFO com.nopcommerce.user.User_07_Order] -  -------------------------- PASSED -------------------------- 
[19-02-2024 21:26:06.922 INFO com.nopcommerce.user.User_07_Order] - Order_04: Step 06: Open Shopping cart at header
[19-02-2024 21:26:08.211 INFO com.nopcommerce.user.User_07_Order] - Order_04: Step 07: Verify Shopping cart page is displayed
[19-02-2024 21:26:08.305 INFO com.nopcommerce.user.User_07_Order] -  -------------------------- PASSED -------------------------- 
[19-02-2024 21:26:08.306 INFO com.nopcommerce.user.User_07_Order] - Order_04: Step 08: Update product quantity is '5'
[19-02-2024 21:26:08.494 INFO com.nopcommerce.user.User_07_Order] - Order_04: Step 09: Click to 'Update shopping cart' button
[19-02-2024 21:26:08.998 INFO com.nopcommerce.user.User_07_Order] - Order_04: Step 10: Verify product price is updated with value '$2,500.00'
[19-02-2024 21:26:09.079 INFO com.nopcommerce.user.User_07_Order] -  -------------------------- PASSED -------------------------- 
[19-02-2024 21:26:09.092 INFO com.nopcommerce.user.User_07_Order] - Order_05: Step 01: Click to 'Remove' product 'secondDesktopsProduct'
[19-02-2024 21:26:09.569 INFO com.nopcommerce.user.User_07_Order] - Order_05: Step 02: Verify message is 'Your Shopping Cart is empty!' displayed
[19-02-2024 21:26:09.632 INFO com.nopcommerce.user.User_07_Order] -  -------------------------- PASSED -------------------------- 
[19-02-2024 21:26:09.633 INFO com.nopcommerce.user.User_07_Order] - Order_05: Step 03: Click To Product Catelogies on Top Menu: Computers/Notebooks
[19-02-2024 21:26:13.601 INFO com.nopcommerce.user.User_07_Order] - Order_05: Step 04: Click to product name with value is 'Apple MacBook Pro 13-inch'
[19-02-2024 21:26:14.077 INFO com.nopcommerce.user.User_07_Order] - Order_05: Step 05: Click to 'Add To Cart' button at product detail page
[19-02-2024 21:26:14.194 INFO com.nopcommerce.user.User_07_Order] - Order_05: Step 06: Verify add to cart success message displayed
[19-02-2024 21:26:14.531 INFO com.nopcommerce.user.User_07_Order] -  -------------------------- PASSED -------------------------- 
[19-02-2024 21:26:14.531 INFO com.nopcommerce.user.User_07_Order] - Order_05: Step 07: Close success message
[19-02-2024 21:26:17.639 INFO com.nopcommerce.user.User_07_Order] - Order_05: Step 08: Open Shopping cart at header
[19-02-2024 21:26:18.181 INFO com.nopcommerce.user.User_07_Order] - Order_05: Step 09: Select item in 'Gift wrapping' dropdown is 'No'
[19-02-2024 21:26:18.300 INFO com.nopcommerce.user.User_07_Order] - Order_05: Step 10: Check to 'Terms of Service' checkbox
[19-02-2024 21:26:18.459 INFO com.nopcommerce.user.User_07_Order] - Order_05: Step 11: Click to 'Checkout' button
[19-02-2024 21:26:19.268 INFO com.nopcommerce.user.User_07_Order] - Order_05: Step 12: Uncheck to 'ShipToSameAddress' checkbox
[19-02-2024 21:26:20.074 INFO com.nopcommerce.user.User_07_Order] - Order_05: Step 13: Input to 'Billing address' form
[19-02-2024 21:26:22.104 INFO com.nopcommerce.user.User_07_Order] - Order_05: Step 14: Click to 'Continue' button at billing
[19-02-2024 21:26:22.218 INFO com.nopcommerce.user.User_07_Order] - Order_05: Step 15: Select 'Shipping address' method
[19-02-2024 21:26:22.649 INFO com.nopcommerce.user.User_07_Order] - Order_05: Step 16: Input to 'Shipping address' form
[19-02-2024 21:26:24.353 INFO com.nopcommerce.user.User_07_Order] - Order_05: Step 17: Click to 'Continue' button at Shipping address
[19-02-2024 21:26:24.460 INFO com.nopcommerce.user.User_07_Order] - Order_05: Step 18: Check to Radio button in 'Shipping method' with label is 'Ground ($0.00)'
[19-02-2024 21:26:24.803 INFO com.nopcommerce.user.User_07_Order] - Order_05: Step 19: Click to 'Continue' button at Shipping address
[19-02-2024 21:26:24.937 INFO com.nopcommerce.user.User_07_Order] - Order_05: Step 20: Check to Radio button in 'Payment method' with label is 'Check / MoneyOrder'
[19-02-2024 21:26:25.262 INFO com.nopcommerce.user.User_07_Order] - Order_05: Step 21: Click to 'Continue' button at Payment method
[19-02-2024 21:26:25.415 INFO com.nopcommerce.user.User_07_Order] - Order_05: Step 22: Verify Address shipping information
[19-02-2024 21:26:25.762 INFO com.nopcommerce.user.User_07_Order] -  -------------------------- PASSED -------------------------- 
[19-02-2024 21:26:25.762 INFO com.nopcommerce.user.User_07_Order] - Order_05: Step 23: Click to 'Continue' button at Payment information
[19-02-2024 21:26:25.892 INFO com.nopcommerce.user.User_07_Order] - Order_05: Step 24: Verify 'Billing Address' order infor
[19-02-2024 21:26:26.222 INFO com.nopcommerce.user.User_07_Order] -  -------------------------- PASSED -------------------------- 
[19-02-2024 21:26:26.354 INFO com.nopcommerce.user.User_07_Order] -  -------------------------- PASSED -------------------------- 
[19-02-2024 21:26:26.464 INFO com.nopcommerce.user.User_07_Order] -  -------------------------- PASSED -------------------------- 
[19-02-2024 21:26:26.595 INFO com.nopcommerce.user.User_07_Order] -  -------------------------- PASSED -------------------------- 
[19-02-2024 21:26:26.733 INFO com.nopcommerce.user.User_07_Order] -  -------------------------- PASSED -------------------------- 
[19-02-2024 21:26:26.871 INFO com.nopcommerce.user.User_07_Order] -  -------------------------- PASSED -------------------------- 
[19-02-2024 21:26:26.992 INFO com.nopcommerce.user.User_07_Order] -  -------------------------- PASSED -------------------------- 
[19-02-2024 21:26:26.993 INFO com.nopcommerce.user.User_07_Order] - Order_05: Step 25: Verify 'Shipping Address' order infor
[19-02-2024 21:26:27.083 INFO com.nopcommerce.user.User_07_Order] -  -------------------------- PASSED -------------------------- 
[19-02-2024 21:26:27.208 INFO com.nopcommerce.user.User_07_Order] -  -------------------------- PASSED -------------------------- 
[19-02-2024 21:26:27.350 INFO com.nopcommerce.user.User_07_Order] -  -------------------------- PASSED -------------------------- 
[19-02-2024 21:26:27.455 INFO com.nopcommerce.user.User_07_Order] -  -------------------------- PASSED -------------------------- 
[19-02-2024 21:26:27.555 INFO com.nopcommerce.user.User_07_Order] -  -------------------------- PASSED -------------------------- 
[19-02-2024 21:26:27.690 INFO com.nopcommerce.user.User_07_Order] -  -------------------------- PASSED -------------------------- 
[19-02-2024 21:26:27.820 INFO com.nopcommerce.user.User_07_Order] -  -------------------------- PASSED -------------------------- 
[19-02-2024 21:26:27.820 INFO com.nopcommerce.user.User_07_Order] - Order_05: Step 26: Verify 'Payment Method' oder infor
[19-02-2024 21:26:27.924 INFO com.nopcommerce.user.User_07_Order] -  -------------------------- PASSED -------------------------- 
[19-02-2024 21:26:27.924 INFO com.nopcommerce.user.User_07_Order] - Order_05: Step 27: Verify 'Shipping Method' oder infor
[19-02-2024 21:26:28.045 INFO com.nopcommerce.user.User_07_Order] -  -------------------------- PASSED -------------------------- 
[19-02-2024 21:26:28.045 INFO com.nopcommerce.user.User_07_Order] - Order_05: Step 27: Verify The product order infor
[19-02-2024 21:26:28.166 INFO com.nopcommerce.user.User_07_Order] -  -------------------------- PASSED -------------------------- 
[19-02-2024 21:26:28.266 INFO com.nopcommerce.user.User_07_Order] -  -------------------------- PASSED -------------------------- 
[19-02-2024 21:26:28.393 INFO com.nopcommerce.user.User_07_Order] -  -------------------------- PASSED -------------------------- 
[19-02-2024 21:26:28.520 INFO com.nopcommerce.user.User_07_Order] -  -------------------------- PASSED -------------------------- 
[19-02-2024 21:26:28.630 INFO com.nopcommerce.user.User_07_Order] -  -------------------------- PASSED -------------------------- 
[19-02-2024 21:26:28.630 INFO com.nopcommerce.user.User_07_Order] - Order_05:  Step 28: Verify The sumary price order list
[19-02-2024 21:26:28.769 INFO com.nopcommerce.user.User_07_Order] -  -------------------------- PASSED -------------------------- 
[19-02-2024 21:26:28.893 INFO com.nopcommerce.user.User_07_Order] -  -------------------------- PASSED -------------------------- 
[19-02-2024 21:26:28.992 INFO com.nopcommerce.user.User_07_Order] -  -------------------------- PASSED -------------------------- 
[19-02-2024 21:26:29.108 INFO com.nopcommerce.user.User_07_Order] -  -------------------------- PASSED -------------------------- 
[19-02-2024 21:26:29.108 INFO com.nopcommerce.user.User_07_Order] - Order_05: Step 29: Click to 'Confirm' button
[19-02-2024 21:26:29.297 INFO com.nopcommerce.user.User_07_Order] - Order_05: Step 30: Verify Product order completed infor
[19-02-2024 21:26:31.448 INFO com.nopcommerce.user.User_07_Order] -  -------------------------- PASSED -------------------------- 
[19-02-2024 21:26:31.564 INFO com.nopcommerce.user.User_07_Order] -  -------------------------- PASSED -------------------------- 
[19-02-2024 21:26:31.813 INFO com.nopcommerce.user.User_07_Order] -  -------------------------- PASSED -------------------------- 
[19-02-2024 21:26:31.813 INFO com.nopcommerce.user.User_07_Order] - Order_05: Step 31: Click to Oder Completed 'Continue' button
[19-02-2024 21:26:32.291 INFO com.nopcommerce.user.User_07_Order] - Order_05: Step 32: Click to 'My Account' link
[19-02-2024 21:26:32.629 INFO com.nopcommerce.user.User_07_Order] - Order_05: Step 33: Navigate to 'Orders' area at My Account page
[19-02-2024 21:26:33.720 INFO com.nopcommerce.user.User_07_Order] - Order_05: Step 34: Verify text 'Order Number: 1118' displayed
[19-02-2024 21:26:33.832 INFO com.nopcommerce.user.User_07_Order] - Order_05: Step 35: Click to 'Details' button
[19-02-2024 21:26:34.282 INFO com.nopcommerce.user.User_07_Order] - Order_05: Step 36: Verify 'order-overview' infor
[19-02-2024 21:26:34.344 INFO com.nopcommerce.user.User_07_Order] -  -------------------------- PASSED -------------------------- 
[19-02-2024 21:26:34.430 INFO com.nopcommerce.user.User_07_Order] -  -------------------------- PASSED -------------------------- 
[19-02-2024 21:26:34.480 INFO com.nopcommerce.user.User_07_Order] -  -------------------------- PASSED -------------------------- 
[19-02-2024 21:26:34.572 INFO com.nopcommerce.user.User_07_Order] -  -------------------------- PASSED -------------------------- 
[19-02-2024 21:26:34.572 INFO com.nopcommerce.user.User_07_Order] - Order_05: Step 37: Verify 'Billing Address' order infor
[19-02-2024 21:26:34.673 INFO com.nopcommerce.user.User_07_Order] -  -------------------------- PASSED -------------------------- 
[19-02-2024 21:26:34.802 INFO com.nopcommerce.user.User_07_Order] -  -------------------------- PASSED -------------------------- 
[19-02-2024 21:26:34.910 INFO com.nopcommerce.user.User_07_Order] -  -------------------------- PASSED -------------------------- 
[19-02-2024 21:26:35.037 INFO com.nopcommerce.user.User_07_Order] -  -------------------------- PASSED -------------------------- 
[19-02-2024 21:26:35.168 INFO com.nopcommerce.user.User_07_Order] -  -------------------------- PASSED -------------------------- 
[19-02-2024 21:26:35.292 INFO com.nopcommerce.user.User_07_Order] -  -------------------------- PASSED -------------------------- 
[19-02-2024 21:26:35.403 INFO com.nopcommerce.user.User_07_Order] -  -------------------------- PASSED -------------------------- 
[19-02-2024 21:26:35.403 INFO com.nopcommerce.user.User_07_Order] - Order_05: Step 38: Verify 'Shipping Address' order infor
[19-02-2024 21:26:35.522 INFO com.nopcommerce.user.User_07_Order] -  -------------------------- PASSED -------------------------- 
[19-02-2024 21:26:35.637 INFO com.nopcommerce.user.User_07_Order] -  -------------------------- PASSED -------------------------- 
[19-02-2024 21:26:35.742 INFO com.nopcommerce.user.User_07_Order] -  -------------------------- PASSED -------------------------- 
[19-02-2024 21:26:35.848 INFO com.nopcommerce.user.User_07_Order] -  -------------------------- PASSED -------------------------- 
[19-02-2024 21:26:35.946 INFO com.nopcommerce.user.User_07_Order] -  -------------------------- PASSED -------------------------- 
[19-02-2024 21:26:36.036 INFO com.nopcommerce.user.User_07_Order] -  -------------------------- PASSED -------------------------- 
[19-02-2024 21:26:36.148 INFO com.nopcommerce.user.User_07_Order] -  -------------------------- PASSED -------------------------- 
[19-02-2024 21:26:36.148 INFO com.nopcommerce.user.User_07_Order] - Order_05: Step 39: Verify 'Payment Method' oder infor
[19-02-2024 21:26:36.228 INFO com.nopcommerce.user.User_07_Order] -  -------------------------- PASSED -------------------------- 
[19-02-2024 21:26:36.355 INFO com.nopcommerce.user.User_07_Order] -  -------------------------- PASSED -------------------------- 
[19-02-2024 21:26:36.368 INFO com.nopcommerce.user.User_07_Order] - Order_05: Step 40: Verify 'Shipping Method' oder infor
[19-02-2024 21:26:36.491 INFO com.nopcommerce.user.User_07_Order] -  -------------------------- PASSED -------------------------- 
[19-02-2024 21:26:36.614 INFO com.nopcommerce.user.User_07_Order] -  -------------------------- PASSED -------------------------- 
[19-02-2024 21:26:36.614 INFO com.nopcommerce.user.User_07_Order] - Order_05: Step 41: Verify The product order infor
[19-02-2024 21:26:36.752 INFO com.nopcommerce.user.User_07_Order] -  -------------------------- PASSED -------------------------- 
[19-02-2024 21:26:36.860 INFO com.nopcommerce.user.User_07_Order] -  -------------------------- PASSED -------------------------- 
[19-02-2024 21:26:36.980 INFO com.nopcommerce.user.User_07_Order] -  -------------------------- PASSED -------------------------- 
[19-02-2024 21:26:37.114 INFO com.nopcommerce.user.User_07_Order] -  -------------------------- PASSED -------------------------- 
[19-02-2024 21:26:37.225 INFO com.nopcommerce.user.User_07_Order] -  -------------------------- PASSED -------------------------- 
[19-02-2024 21:26:37.225 INFO com.nopcommerce.user.User_07_Order] - Order_05: Step 42: Verify The sumary price order list
[19-02-2024 21:26:37.348 INFO com.nopcommerce.user.User_07_Order] -  -------------------------- PASSED -------------------------- 
[19-02-2024 21:26:37.447 INFO com.nopcommerce.user.User_07_Order] -  -------------------------- PASSED -------------------------- 
[19-02-2024 21:26:37.562 INFO com.nopcommerce.user.User_07_Order] -  -------------------------- PASSED -------------------------- 
[19-02-2024 21:26:37.686 INFO com.nopcommerce.user.User_07_Order] -  -------------------------- PASSED -------------------------- 
[19-02-2024 21:26:37.708 INFO com.nopcommerce.user.User_07_Order] - Order_06: Step 01: Navigate to Homepage
[19-02-2024 21:26:38.157 INFO com.nopcommerce.user.User_07_Order] - Order_06: Step 02: Click To Product Catelogies on Top Menu: Computers/Notebooks
[19-02-2024 21:26:41.515 INFO com.nopcommerce.user.User_07_Order] - Order_06: Step 03: Click to product name with value is 'Apple MacBook Pro 13-inch'
[19-02-2024 21:26:41.963 INFO com.nopcommerce.user.User_07_Order] - Order_06: Step 04: Click to 'Add To Cart' button at product detail page
[19-02-2024 21:26:42.044 INFO com.nopcommerce.user.User_07_Order] - Order_06: Step 05: Verify add to cart success message displayed
[19-02-2024 21:26:42.358 INFO com.nopcommerce.user.User_07_Order] -  -------------------------- PASSED -------------------------- 
[19-02-2024 21:26:42.359 INFO com.nopcommerce.user.User_07_Order] - Order_06: Step 06: Close success message
[19-02-2024 21:26:45.449 INFO com.nopcommerce.user.User_07_Order] - Order_06: Step 07: Open Shopping cart at header
[19-02-2024 21:26:45.943 INFO com.nopcommerce.user.User_07_Order] - Order_06: Step 08: Select item in 'Gift wrapping' dropdown is 'No'
[19-02-2024 21:26:46.079 INFO com.nopcommerce.user.User_07_Order] - Order_06: Step 09: Check to 'Terms of Service' checkbox
[19-02-2024 21:26:46.231 INFO com.nopcommerce.user.User_07_Order] - Order_06: Step 10: Click to 'Checkout' button
[19-02-2024 21:26:47.071 INFO com.nopcommerce.user.User_07_Order] - Order_06: Step 11: Uncheck to 'ShipToSameAddress' checkbox
[19-02-2024 21:26:47.256 INFO com.nopcommerce.user.User_07_Order] - Order_06: Step 12: Click to 'Edit' button
[19-02-2024 21:26:47.410 INFO com.nopcommerce.user.User_07_Order] - Order_06: Step 13: Input to 'Billing address' form
[19-02-2024 21:26:49.843 INFO com.nopcommerce.user.User_07_Order] - Order_06: Step 14: Click to 'Continue' button at billing
[19-02-2024 21:26:49.985 INFO com.nopcommerce.user.User_07_Order] - Order_06: Step 15: Select 'Shipping address' method
[19-02-2024 21:26:50.490 INFO com.nopcommerce.user.User_07_Order] - Order_06: Step 16: Input to 'Shipping address' form
[19-02-2024 21:26:52.276 INFO com.nopcommerce.user.User_07_Order] - Order_06: Step 17: Click to 'Continue' button at Shipping address
[19-02-2024 21:26:52.434 INFO com.nopcommerce.user.User_07_Order] - Order_06: Step 18: Check to Radio button in 'Shipping method' with label is 'Ground ($0.00)'
[19-02-2024 21:26:52.765 INFO com.nopcommerce.user.User_07_Order] - Order_06: Step 19: Click to 'Continue' button at Shipping address
[19-02-2024 21:26:52.954 INFO com.nopcommerce.user.User_07_Order] - Order_06: Step 20: Check to Radio button in 'Payment method' with label is 'Credit Card'
[19-02-2024 21:26:53.354 INFO com.nopcommerce.user.User_07_Order] - Order_06: Step 21: Click to 'Continue' button at Payment method
[19-02-2024 21:26:53.444 INFO com.nopcommerce.user.User_07_Order] - Order_06: Step 21: Select credit card type
[19-02-2024 21:26:53.910 INFO com.nopcommerce.user.User_07_Order] - Order_06: Step 21: Select credit card type
[19-02-2024 21:26:54.093 INFO com.nopcommerce.user.User_07_Order] - Order_06: Step 22: Input into Cardholder name textbox with value is 'AUTOMATION FC'
[19-02-2024 21:26:54.240 INFO com.nopcommerce.user.User_07_Order] - Order_06: Step 23: Input into Card number textbox with value is '374245455400126'
[19-02-2024 21:26:54.353 INFO com.nopcommerce.user.User_07_Order] - Order_06: Step 24: Input into Card code textbox with value is '123'
[19-02-2024 21:26:54.528 INFO com.nopcommerce.user.User_07_Order] - Order_06: Step 25: Select item in Expire Month dropdown with value is '05'
[19-02-2024 21:26:54.682 INFO com.nopcommerce.user.User_07_Order] - Order_06: Step 26: Select item in Expire Year dropdown with value is '2025'
[19-02-2024 21:26:54.828 INFO com.nopcommerce.user.User_07_Order] - Order_06: Step 27: Input into Card code textbox with value is '123'
[19-02-2024 21:26:55.016 INFO com.nopcommerce.user.User_07_Order] - Order_06: Step 28: Click to 'Continue' button at Payment information
[19-02-2024 21:26:55.128 INFO com.nopcommerce.user.User_07_Order] - Order_06: Step 29: Verify 'Billing Address' order infor
[19-02-2024 21:26:55.445 INFO com.nopcommerce.user.User_07_Order] -  -------------------------- PASSED -------------------------- 
[19-02-2024 21:26:55.509 INFO com.nopcommerce.user.User_07_Order] -  -------------------------- PASSED -------------------------- 
[19-02-2024 21:26:55.563 INFO com.nopcommerce.user.User_07_Order] -  -------------------------- PASSED -------------------------- 
[19-02-2024 21:26:55.645 INFO com.nopcommerce.user.User_07_Order] -  -------------------------- PASSED -------------------------- 
[19-02-2024 21:26:55.740 INFO com.nopcommerce.user.User_07_Order] -  -------------------------- PASSED -------------------------- 
[19-02-2024 21:26:55.851 INFO com.nopcommerce.user.User_07_Order] -  -------------------------- PASSED -------------------------- 
[19-02-2024 21:26:55.976 INFO com.nopcommerce.user.User_07_Order] -  -------------------------- PASSED -------------------------- 
[19-02-2024 21:26:55.976 INFO com.nopcommerce.user.User_07_Order] - Order_06: Step 30: Verify 'Shipping Address' order infor
[19-02-2024 21:26:56.076 INFO com.nopcommerce.user.User_07_Order] -  -------------------------- PASSED -------------------------- 
[19-02-2024 21:26:56.212 INFO com.nopcommerce.user.User_07_Order] -  -------------------------- PASSED -------------------------- 
[19-02-2024 21:26:56.280 INFO com.nopcommerce.user.User_07_Order] -  -------------------------- PASSED -------------------------- 
[19-02-2024 21:26:56.412 INFO com.nopcommerce.user.User_07_Order] -  -------------------------- PASSED -------------------------- 
[19-02-2024 21:26:56.519 INFO com.nopcommerce.user.User_07_Order] -  -------------------------- PASSED -------------------------- 
[19-02-2024 21:26:56.625 INFO com.nopcommerce.user.User_07_Order] -  -------------------------- PASSED -------------------------- 
[19-02-2024 21:26:56.700 INFO com.nopcommerce.user.User_07_Order] -  -------------------------- PASSED -------------------------- 
[19-02-2024 21:26:56.700 INFO com.nopcommerce.user.User_07_Order] - Order_06: Step 31: Verify 'Payment Method' oder infor
[19-02-2024 21:26:56.789 INFO com.nopcommerce.user.User_07_Order] -  -------------------------- PASSED -------------------------- 
[19-02-2024 21:26:56.791 INFO com.nopcommerce.user.User_07_Order] - Order_06: Step 32: Verify 'Shipping Method' oder infor
[19-02-2024 21:26:56.883 INFO com.nopcommerce.user.User_07_Order] -  -------------------------- PASSED -------------------------- 
[19-02-2024 21:26:56.883 INFO com.nopcommerce.user.User_07_Order] - Order_06: Step 33: Verify The product order infor
[19-02-2024 21:26:56.946 INFO com.nopcommerce.user.User_07_Order] -  -------------------------- PASSED -------------------------- 
[19-02-2024 21:26:56.994 INFO com.nopcommerce.user.User_07_Order] -  -------------------------- PASSED -------------------------- 
[19-02-2024 21:26:57.041 INFO com.nopcommerce.user.User_07_Order] -  -------------------------- PASSED -------------------------- 
[19-02-2024 21:26:57.096 INFO com.nopcommerce.user.User_07_Order] -  -------------------------- PASSED -------------------------- 
[19-02-2024 21:26:57.149 INFO com.nopcommerce.user.User_07_Order] -  -------------------------- PASSED -------------------------- 
[19-02-2024 21:26:57.149 INFO com.nopcommerce.user.User_07_Order] - Order_06:  Step 34: Verify The sumary price order list
[19-02-2024 21:26:57.200 INFO com.nopcommerce.user.User_07_Order] -  -------------------------- PASSED -------------------------- 
[19-02-2024 21:26:57.280 INFO com.nopcommerce.user.User_07_Order] -  -------------------------- PASSED -------------------------- 
[19-02-2024 21:26:57.344 INFO com.nopcommerce.user.User_07_Order] -  -------------------------- PASSED -------------------------- 
[19-02-2024 21:26:57.405 INFO com.nopcommerce.user.User_07_Order] -  -------------------------- PASSED -------------------------- 
[19-02-2024 21:27:05.410 INFO com.nopcommerce.user.User_07_Order] - Order_06: Step 35: Click to 'Confirm' button
[19-02-2024 21:27:05.647 INFO com.nopcommerce.user.User_07_Order] - Order_06: Step 36: Verify Product order completed infor
[19-02-2024 21:27:08.778 INFO com.nopcommerce.user.User_07_Order] -  -------------------------- PASSED -------------------------- 
[19-02-2024 21:27:08.889 INFO com.nopcommerce.user.User_07_Order] -  -------------------------- PASSED -------------------------- 
[19-02-2024 21:27:09.106 INFO com.nopcommerce.user.User_07_Order] -  -------------------------- PASSED -------------------------- 
[19-02-2024 21:27:09.106 INFO com.nopcommerce.user.User_07_Order] - Order_06: Step 37: Click to Oder Completed 'Continue' button
[19-02-2024 21:27:09.558 INFO com.nopcommerce.user.User_07_Order] - Order_06: Step 38: Click to 'My Account' link
[19-02-2024 21:27:09.942 INFO com.nopcommerce.user.User_07_Order] - Order_06: Step 39: Navigate to 'Orders' area at My Account page
[19-02-2024 21:27:10.296 INFO com.nopcommerce.user.User_07_Order] - Order_06: Step 40: Verify text 'Order Number: 1119' displayed
[19-02-2024 21:27:10.391 INFO com.nopcommerce.user.User_07_Order] -  -------------------------- PASSED -------------------------- 
[19-02-2024 21:27:10.391 INFO com.nopcommerce.user.User_07_Order] - Order_06: Step 41: Click to 'Details' button
[19-02-2024 21:27:10.861 INFO com.nopcommerce.user.User_07_Order] - Order_06: Step 42: Verify 'order-overview' infor
[19-02-2024 21:27:10.924 INFO com.nopcommerce.user.User_07_Order] -  -------------------------- PASSED -------------------------- 
[19-02-2024 21:27:11.036 INFO com.nopcommerce.user.User_07_Order] -  -------------------------- PASSED -------------------------- 
[19-02-2024 21:27:11.138 INFO com.nopcommerce.user.User_07_Order] -  -------------------------- PASSED -------------------------- 
[19-02-2024 21:27:11.260 INFO com.nopcommerce.user.User_07_Order] -  -------------------------- PASSED -------------------------- 
[19-02-2024 21:27:11.260 INFO com.nopcommerce.user.User_07_Order] - Order_06: Step 43: Verify 'Billing Address' order infor
[19-02-2024 21:27:11.360 INFO com.nopcommerce.user.User_07_Order] -  -------------------------- PASSED -------------------------- 
[19-02-2024 21:27:11.480 INFO com.nopcommerce.user.User_07_Order] -  -------------------------- PASSED -------------------------- 
[19-02-2024 21:27:11.598 INFO com.nopcommerce.user.User_07_Order] -  -------------------------- PASSED -------------------------- 
[19-02-2024 21:27:11.714 INFO com.nopcommerce.user.User_07_Order] -  -------------------------- PASSED -------------------------- 
[19-02-2024 21:27:11.844 INFO com.nopcommerce.user.User_07_Order] -  -------------------------- PASSED -------------------------- 
[19-02-2024 21:27:11.948 INFO com.nopcommerce.user.User_07_Order] -  -------------------------- PASSED -------------------------- 
[19-02-2024 21:27:12.061 INFO com.nopcommerce.user.User_07_Order] -  -------------------------- PASSED -------------------------- 
[19-02-2024 21:27:12.061 INFO com.nopcommerce.user.User_07_Order] - Order_06: Step 44: Verify 'Shipping Address' order infor
[19-02-2024 21:27:12.178 INFO com.nopcommerce.user.User_07_Order] -  -------------------------- PASSED -------------------------- 
[19-02-2024 21:27:12.279 INFO com.nopcommerce.user.User_07_Order] -  -------------------------- PASSED -------------------------- 
[19-02-2024 21:27:12.395 INFO com.nopcommerce.user.User_07_Order] -  -------------------------- PASSED -------------------------- 
[19-02-2024 21:27:12.512 INFO com.nopcommerce.user.User_07_Order] -  -------------------------- PASSED -------------------------- 
[19-02-2024 21:27:12.612 INFO com.nopcommerce.user.User_07_Order] -  -------------------------- PASSED -------------------------- 
[19-02-2024 21:27:12.723 INFO com.nopcommerce.user.User_07_Order] -  -------------------------- PASSED -------------------------- 
[19-02-2024 21:27:12.846 INFO com.nopcommerce.user.User_07_Order] -  -------------------------- PASSED -------------------------- 
[19-02-2024 21:27:12.846 INFO com.nopcommerce.user.User_07_Order] - Order_06: Step 45: Verify 'Payment Method' oder infor
[19-02-2024 21:27:12.957 INFO com.nopcommerce.user.User_07_Order] -  -------------------------- PASSED -------------------------- 
[19-02-2024 21:27:12.993 INFO com.nopcommerce.user.User_07_Order] -  -------------------------- PASSED -------------------------- 
[19-02-2024 21:27:12.993 INFO com.nopcommerce.user.User_07_Order] - Order_06: Step 46: Verify 'Shipping Method' oder infor
[19-02-2024 21:27:13.095 INFO com.nopcommerce.user.User_07_Order] -  -------------------------- PASSED -------------------------- 
[19-02-2024 21:27:13.183 INFO com.nopcommerce.user.User_07_Order] -  -------------------------- PASSED -------------------------- 
[19-02-2024 21:27:13.183 INFO com.nopcommerce.user.User_07_Order] - Order_06: Step 47: Verify The product order infor
[19-02-2024 21:27:13.310 INFO com.nopcommerce.user.User_07_Order] -  -------------------------- PASSED -------------------------- 
[19-02-2024 21:27:13.420 INFO com.nopcommerce.user.User_07_Order] -  -------------------------- PASSED -------------------------- 
[19-02-2024 21:27:13.544 INFO com.nopcommerce.user.User_07_Order] -  -------------------------- PASSED -------------------------- 
[19-02-2024 21:27:13.628 INFO com.nopcommerce.user.User_07_Order] -  -------------------------- PASSED -------------------------- 
[19-02-2024 21:27:13.737 INFO com.nopcommerce.user.User_07_Order] -  -------------------------- PASSED -------------------------- 
[19-02-2024 21:27:13.737 INFO com.nopcommerce.user.User_07_Order] - Order_06: Step 48: Verify The sumary price order list
[19-02-2024 21:27:13.857 INFO com.nopcommerce.user.User_07_Order] -  -------------------------- PASSED -------------------------- 
[19-02-2024 21:27:13.965 INFO com.nopcommerce.user.User_07_Order] -  -------------------------- PASSED -------------------------- 
[19-02-2024 21:27:14.079 INFO com.nopcommerce.user.User_07_Order] -  -------------------------- PASSED -------------------------- 
[19-02-2024 21:27:14.219 INFO com.nopcommerce.user.User_07_Order] -  -------------------------- PASSED -------------------------- 
[19-02-2024 21:27:14.229 INFO com.nopcommerce.user.User_07_Order] - Order_07: Step 01: Navigate to Homepage
[19-02-2024 21:27:14.607 INFO com.nopcommerce.user.User_07_Order] - Order_07: Step 02: Click to 'My Account' link
[19-02-2024 21:27:15.028 INFO com.nopcommerce.user.User_07_Order] - Order_07: Step 03: Navigate to 'Orders' area at My Account page
[19-02-2024 21:27:15.418 INFO com.nopcommerce.user.User_07_Order] - Order_07: Step 04: Verify text 'Order Number: 1119' displayed
[19-02-2024 21:27:15.499 INFO com.nopcommerce.user.User_07_Order] - Order_07: Step 05: Click to 'Details' button
[19-02-2024 21:27:15.912 INFO com.nopcommerce.user.User_07_Order] - Order_07: Step 06: Click to 'Re-order' button
[19-02-2024 21:27:16.632 INFO com.nopcommerce.user.User_07_Order] - Order_07: Step 07: Update product quantity is '10'
[19-02-2024 21:27:16.763 INFO com.nopcommerce.user.User_07_Order] - Order_07: Step 08: Click to 'Update shopping cart' button
[19-02-2024 21:27:17.219 INFO com.nopcommerce.user.User_07_Order] - Order_07: Step 09: Select item in 'Gift wrapping' dropdown is 'No'
[19-02-2024 21:27:17.347 INFO com.nopcommerce.user.User_07_Order] - Order_07: Step 10: Check to 'Terms of Service' checkbox
[19-02-2024 21:27:17.570 INFO com.nopcommerce.user.User_07_Order] - Order_07: Step 11: Click to 'Checkout' button
[19-02-2024 21:27:18.533 INFO com.nopcommerce.user.User_07_Order] - Order_07: Step 12: Uncheck to 'ShipToSameAddress' checkbox
[19-02-2024 21:27:18.683 INFO com.nopcommerce.user.User_07_Order] - Order_07: Step 13: Click to 'Edit' button
[19-02-2024 21:27:18.861 INFO com.nopcommerce.user.User_07_Order] - Order_07: Step 14: Input to 'Billing address' form
[19-02-2024 21:27:21.176 INFO com.nopcommerce.user.User_07_Order] - Order_07: Step 15: Click to 'Continue' button at billing
[19-02-2024 21:27:21.299 INFO com.nopcommerce.user.User_07_Order] - Order_07: Step 16: Select 'Shipping address' method
[19-02-2024 21:27:21.768 INFO com.nopcommerce.user.User_07_Order] - Order_07: Step 17: Input to 'Shipping address' form
[19-02-2024 21:27:24.003 INFO com.nopcommerce.user.User_07_Order] - Order_07: Step 18: Click to 'Continue' button at Shipping address
[19-02-2024 21:27:24.147 INFO com.nopcommerce.user.User_07_Order] - Order_07: Step 19: Check to Radio button in 'Shipping method' with label is 'Next Day Air ($0.00)'
[19-02-2024 21:27:24.565 INFO com.nopcommerce.user.User_07_Order] - Order_07: Step 20: Click to 'Continue' button at Shipping address
[19-02-2024 21:27:24.663 INFO com.nopcommerce.user.User_07_Order] - Order_07: Step 21: Check to Radio button in 'Payment method' with label is 'Credit Card'
[19-02-2024 21:27:25.179 INFO com.nopcommerce.user.User_07_Order] - Order_07: Step 22: Click to 'Continue' button at Payment method
[19-02-2024 21:27:25.288 INFO com.nopcommerce.user.User_07_Order] - Order_07: Step 23: Select credit card type
[19-02-2024 21:27:25.695 INFO com.nopcommerce.user.User_07_Order] - Order_07: Step 24: Select credit card type
[19-02-2024 21:27:25.913 INFO com.nopcommerce.user.User_07_Order] - Order_07: Step 25: Input into Cardholder name textbox with value is 'AUTOMATION FC'
[19-02-2024 21:27:26.214 INFO com.nopcommerce.user.User_07_Order] - Order_07: Step 26: Input into Card number textbox with value is '374245455400126'
[19-02-2024 21:27:26.360 INFO com.nopcommerce.user.User_07_Order] - Order_07: Step 27: Input into Card code textbox with value is '123'
[19-02-2024 21:27:26.607 INFO com.nopcommerce.user.User_07_Order] - Order_07: Step 28: Select item in Expire Month dropdown with value is '05'
[19-02-2024 21:27:26.806 INFO com.nopcommerce.user.User_07_Order] - Order_07: Step 29: Select item in Expire Year dropdown with value is '2025'
[19-02-2024 21:27:27.036 INFO com.nopcommerce.user.User_07_Order] - Order_07: Step 30: Input into Card code textbox with value is '123'
[19-02-2024 21:27:27.277 INFO com.nopcommerce.user.User_07_Order] - Order_07: Step31: Click to 'Continue' button at Payment information
[19-02-2024 21:27:27.402 INFO com.nopcommerce.user.User_07_Order] - Order_07: Step 32: Verify 'Billing Address' order infor
[19-02-2024 21:27:27.791 INFO com.nopcommerce.user.User_07_Order] -  -------------------------- PASSED -------------------------- 
[19-02-2024 21:27:27.904 INFO com.nopcommerce.user.User_07_Order] -  -------------------------- PASSED -------------------------- 
[19-02-2024 21:27:28.015 INFO com.nopcommerce.user.User_07_Order] -  -------------------------- PASSED -------------------------- 
[19-02-2024 21:27:28.125 INFO com.nopcommerce.user.User_07_Order] -  -------------------------- PASSED -------------------------- 
[19-02-2024 21:27:28.236 INFO com.nopcommerce.user.User_07_Order] -  -------------------------- PASSED -------------------------- 
[19-02-2024 21:27:28.347 INFO com.nopcommerce.user.User_07_Order] -  -------------------------- PASSED -------------------------- 
[19-02-2024 21:27:28.457 INFO com.nopcommerce.user.User_07_Order] -  -------------------------- PASSED -------------------------- 
[19-02-2024 21:27:28.457 INFO com.nopcommerce.user.User_07_Order] - Order_07: Step 33: Verify 'Shipping Address' order infor
[19-02-2024 21:27:28.570 INFO com.nopcommerce.user.User_07_Order] -  -------------------------- PASSED -------------------------- 
[19-02-2024 21:27:28.631 INFO com.nopcommerce.user.User_07_Order] -  -------------------------- PASSED -------------------------- 
[19-02-2024 21:27:28.714 INFO com.nopcommerce.user.User_07_Order] -  -------------------------- PASSED -------------------------- 
[19-02-2024 21:27:28.824 INFO com.nopcommerce.user.User_07_Order] -  -------------------------- PASSED -------------------------- 
[19-02-2024 21:27:28.936 INFO com.nopcommerce.user.User_07_Order] -  -------------------------- PASSED -------------------------- 
[19-02-2024 21:27:29.060 INFO com.nopcommerce.user.User_07_Order] -  -------------------------- PASSED -------------------------- 
[19-02-2024 21:27:29.178 INFO com.nopcommerce.user.User_07_Order] -  -------------------------- PASSED -------------------------- 
[19-02-2024 21:27:29.178 INFO com.nopcommerce.user.User_07_Order] - Order_07: Step 34: Verify 'Payment Method' oder infor
[19-02-2024 21:27:29.251 INFO com.nopcommerce.user.User_07_Order] -  -------------------------- PASSED -------------------------- 
[19-02-2024 21:27:29.251 INFO com.nopcommerce.user.User_07_Order] - Order_07: Step 35: Verify 'Shipping Method' oder infor
[19-02-2024 21:27:29.298 INFO com.nopcommerce.user.User_07_Order] -  -------------------------- PASSED -------------------------- 
[19-02-2024 21:27:29.298 INFO com.nopcommerce.user.User_07_Order] - Order_07: Step 36: Verify The product order infor
[19-02-2024 21:27:29.450 INFO com.nopcommerce.user.User_07_Order] -  -------------------------- PASSED -------------------------- 
[19-02-2024 21:27:29.564 INFO com.nopcommerce.user.User_07_Order] -  -------------------------- PASSED -------------------------- 
[19-02-2024 21:27:29.664 INFO com.nopcommerce.user.User_07_Order] -  -------------------------- PASSED -------------------------- 
[19-02-2024 21:27:29.788 INFO com.nopcommerce.user.User_07_Order] -  -------------------------- PASSED -------------------------- 
[19-02-2024 21:27:29.903 INFO com.nopcommerce.user.User_07_Order] -  -------------------------- PASSED -------------------------- 
[19-02-2024 21:27:29.903 INFO com.nopcommerce.user.User_07_Order] - Order_07:  Step 37: Verify The sumary price order list
[19-02-2024 21:27:30.018 INFO com.nopcommerce.user.User_07_Order] -  -------------------------- PASSED -------------------------- 
[19-02-2024 21:27:30.097 INFO com.nopcommerce.user.User_07_Order] -  -------------------------- PASSED -------------------------- 
[19-02-2024 21:27:30.203 INFO com.nopcommerce.user.User_07_Order] -  -------------------------- PASSED -------------------------- 
[19-02-2024 21:27:30.283 INFO com.nopcommerce.user.User_07_Order] -  -------------------------- PASSED -------------------------- 
[19-02-2024 21:27:38.298 INFO com.nopcommerce.user.User_07_Order] - Order_07: Step 38: Click to 'Confirm' button
[19-02-2024 21:27:38.520 INFO com.nopcommerce.user.User_07_Order] - Order_07: Step 39: Verify Product order completed infor
[19-02-2024 21:27:41.653 INFO com.nopcommerce.user.User_07_Order] -  -------------------------- PASSED -------------------------- 
[19-02-2024 21:27:41.791 INFO com.nopcommerce.user.User_07_Order] -  -------------------------- PASSED -------------------------- 
[19-02-2024 21:27:42.018 INFO com.nopcommerce.user.User_07_Order] -  -------------------------- PASSED -------------------------- 
[19-02-2024 21:27:42.018 INFO com.nopcommerce.user.User_07_Order] - Order_07: Step 40: Click to Oder Completed 'Continue' button
[19-02-2024 21:27: