[23-11-2023 22:35:50.463 INFO com.wordpress.admin.Post_01_Create_Read_Update_Delete_Search] - Pre-Condition - Step 01: Open browser and admin url
[23-11-2023 22:35:52.903 INFO com.wordpress.admin.Post_01_Create_Read_Update_Delete_Search] - Pre-Condition - Step 02: Enter to Username textbox with value: automationfc
[23-11-2023 22:35:53.068 INFO com.wordpress.admin.Post_01_Create_Read_Update_Delete_Search] - Pre-Condition - Step 03: Enter to Password textbox with value: automationfc
[23-11-2023 22:35:53.169 INFO com.wordpress.admin.Post_01_Create_Read_Update_Delete_Search] - Pre-Condition - Step 04: Click to Login button
[23-11-2023 22:35:54.429 INFO com.wordpress.admin.Post_01_Create_Read_Update_Delete_Search] - Create_Post - Step 01: Click to 'Posts' menu link
[23-11-2023 22:35:55.219 INFO com.wordpress.admin.Post_01_Create_Read_Update_Delete_Search] - Create_Post - Step 02: Get 'Search Posts' page Url
[23-11-2023 22:35:55.223 INFO com.wordpress.admin.Post_01_Create_Read_Update_Delete_Search] - Create_Post - Step 03: Click to 'Add New' button
[23-11-2023 22:35:56.602 INFO com.wordpress.admin.Post_01_Create_Read_Update_Delete_Search] - Create_Post - Step 04: Enter to post title
[23-11-2023 22:35:56.884 INFO com.wordpress.admin.Post_01_Create_Read_Update_Delete_Search] - Create_Post - Step 05: Enter to post body
[23-11-2023 22:35:57.407 INFO com.wordpress.admin.Post_01_Create_Read_Update_Delete_Search] - Create_Post - Step 06: Click to 'Publish' button
[23-11-2023 22:35:57.755 INFO com.wordpress.admin.Post_01_Create_Read_Update_Delete_Search] - Create_Post - Step 07: Click to 'Pre Publish' button
[23-11-2023 22:35:57.847 INFO com.wordpress.admin.Post_01_Create_Read_Update_Delete_Search] - Create_Post - Step 08: Verify 'Post published.' message is displayed
[23-11-2023 22:35:59.259 INFO com.wordpress.admin.Post_01_Create_Read_Update_Delete_Search] -  -------------------------- PASSED -------------------------- 
[23-11-2023 22:35:59.306 INFO com.wordpress.admin.Post_01_Create_Read_Update_Delete_Search] - Search_Post - Step 01: Open 'Search Post' page
[23-11-2023 22:35:59.947 INFO com.wordpress.admin.Post_01_Create_Read_Update_Delete_Search] - Search_Post - Step 02: Enter to Search textbox
[23-11-2023 22:36:00.082 INFO com.wordpress.admin.Post_01_Create_Read_Update_Delete_Search] - Search_Post - Step 03: Click to 'Search Posts' button
[23-11-2023 22:36:01.231 INFO com.wordpress.admin.Post_01_Create_Read_Update_Delete_Search] - Search_Post - Step 04: Verify Search table contains 'Live Coding Title 8892'
[23-11-2023 22:36:01.309 INFO com.wordpress.admin.Post_01_Create_Read_Update_Delete_Search] -  -------------------------- PASSED -------------------------- 
[23-11-2023 22:36:01.309 INFO com.wordpress.admin.Post_01_Create_Read_Update_Delete_Search] - Search_Post - Step 05: Verify Search table contains 'Automation Admin'
[23-11-2023 22:36:01.385 INFO com.wordpress.admin.Post_01_Create_Read_Update_Delete_Search] -  -------------------------- PASSED -------------------------- 
[23-11-2023 22:36:01.386 INFO com.wordpress.admin.Post_01_Create_Read_Update_Delete_Search] - Search_Post - Step 06: Open End User site
[23-11-2023 22:36:02.041 INFO com.wordpress.admin.Post_01_Create_Read_Update_Delete_Search] - Search_Post - Step 07: Verify Post infor displayed at Home page
[23-11-2023 22:36:02.103 INFO com.wordpress.admin.Post_01_Create_Read_Update_Delete_Search] -  -------------------------- PASSED -------------------------- 
[23-11-2023 22:36:02.166 INFO com.wordpress.admin.Post_01_Create_Read_Update_Delete_Search] -  -------------------------- PASSED -------------------------- 
[23-11-2023 22:36:02.228 INFO com.wordpress.admin.Post_01_Create_Read_Update_Delete_Search] -  -------------------------- PASSED -------------------------- 
[23-11-2023 22:36:02.291 INFO com.wordpress.admin.Post_01_Create_Read_Update_Delete_Search] -  -------------------------- PASSED -------------------------- 
[23-11-2023 22:36:02.291 INFO com.wordpress.admin.Post_01_Create_Read_Update_Delete_Search] - Search_Post - Step 08: Click to Post title
[23-11-2023 22:36:02.851 INFO com.wordpress.admin.Post_01_Create_Read_Update_Delete_Search] - Search_Post - Step 09: Verify Post infor displayed at Post detail page
[23-11-2023 22:36:02.917 INFO com.wordpress.admin.Post_01_Create_Read_Update_Delete_Search] -  -------------------------- PASSED -------------------------- 
[23-11-2023 22:36:02.982 INFO com.wordpress.admin.Post_01_Create_Read_Update_Delete_Search] -  -------------------------- PASSED -------------------------- 
[23-11-2023 22:36:03.042 INFO com.wordpress.admin.Post_01_Create_Read_Update_Delete_Search] -  -------------------------- PASSED -------------------------- 
[23-11-2023 22:36:03.124 INFO com.wordpress.admin.Post_01_Create_Read_Update_Delete_Search] -  -------------------------- PASSED -------------------------- 
[23-11-2023 22:36:03.129 INFO com.wordpress.admin.Post_01_Create_Read_Update_Delete_Search] - Edit_Post - Step 01: Open Admin site
[23-11-2023 22:36:03.785 INFO com.wordpress.admin.Post_01_Create_Read_Update_Delete_Search] - Edit_Post - Step 02: Click to 'Posts' menu link
[23-11-2023 22:36:04.475 INFO com.wordpress.admin.Post_01_Create_Read_Update_Delete_Search] - Edit_Post - Step 03: Enter to Search textbox
[23-11-2023 22:36:04.611 INFO com.wordpress.admin.Post_01_Create_Read_Update_Delete_Search] - Edit_Post - Step 04: Click to 'Search Posts' button
[23-11-2023 22:36:05.729 INFO com.wordpress.admin.Post_01_Create_Read_Update_Delete_Search] - Edit_Post - Step 05: Click to Post title link and navigate to Edit Post page
[23-11-2023 22:36:06.843 INFO com.wordpress.admin.Post_01_Create_Read_Update_Delete_Search] - Edit_Post - Step 06: Enter to post title
[23-11-2023 22:36:07.076 INFO com.wordpress.admin.Post_01_Create_Read_Update_Delete_Search] - Edit_Post - Step 07: Enter to post body
[23-11-2023 22:36:07.502 INFO com.wordpress.admin.Post_01_Create_Read_Update_Delete_Search] - Edit_Post - Step 08: Click to 'Update' button
[23-11-2023 22:36:07.658 INFO com.wordpress.admin.Post_01_Create_Read_Update_Delete_Search] - Edit_Post - Step 09: Verify 'Post updated.' message is displayed
[23-11-2023 22:36:08.423 INFO com.wordpress.admin.Post_01_Create_Read_Update_Delete_Search] -  -------------------------- PASSED -------------------------- 
[23-11-2023 22:36:08.423 INFO com.wordpress.admin.Post_01_Create_Read_Update_Delete_Search] - Edit_Post - Step 10: Open 'Search Post' page
[23-11-2023 22:36:10.043 INFO com.wordpress.admin.Post_01_Create_Read_Update_Delete_Search] - Edit_Post - Step 11: Enter to Search textbox
[23-11-2023 22:36:10.168 INFO com.wordpress.admin.Post_01_Create_Read_Update_Delete_Search] - Edit_Post - Step 12: Click to 'Search Posts' button
[23-11-2023 22:36:11.346 INFO com.wordpress.admin.Post_01_Create_Read_Update_Delete_Search] - Edit_Post - Step 13: Verify Search table contains 'Edit title 8892'
[23-11-2023 22:36:11.419 INFO com.wordpress.admin.Post_01_Create_Read_Update_Delete_Search] -  -------------------------- PASSED -------------------------- 
[23-11-2023 22:36:11.419 INFO com.wordpress.admin.Post_01_Create_Read_Update_Delete_Search] - Edit_Post - Step 14: Verify Search table contains 'Automation Admin'
[23-11-2023 22:36:11.498 INFO com.wordpress.admin.Post_01_Create_Read_Update_Delete_Search] -  -------------------------- PASSED -------------------------- 
[23-11-2023 22:36:11.498 INFO com.wordpress.admin.Post_01_Create_Read_Update_Delete_Search] - Edit_Post - Step 15: Open End User site
[23-11-2023 22:36:12.057 INFO com.wordpress.admin.Post_01_Create_Read_Update_Delete_Search] - Edit_Post - Step 16: Verify Post infor displayed at Home page
[23-11-2023 22:36:12.123 INFO com.wordpress.admin.Post_01_Create_Read_Update_Delete_Search] -  -------------------------- PASSED -------------------------- 
[23-11-2023 22:36:12.188 INFO com.wordpress.admin.Post_01_Create_Read_Update_Delete_Search] -  -------------------------- PASSED -------------------------- 
[23-11-2023 22:36:12.247 INFO com.wordpress.admin.Post_01_Create_Read_Update_Delete_Search] -  -------------------------- PASSED ---------------